2013-08-19T00:23:53+09:00 ALERT (1): exception 'SmartyException' with message 'Unable to load template file 'admin/classdownload.tpl'' in /Users/Erlkonig/Documents/Workspace/ArenaofGenelogy/library/smarty/sysplugins/smarty_internal_templatebase.php:127
Stack trace:
#0 /Users/Erlkonig/Documents/Workspace/ArenaofGenelogy/library/smarty/Zend_View_Smarty.php(184): Smarty_Internal_TemplateBase->fetch('admin/classdown...')
#1 /Users/Erlkonig/Documents/Workspace/ArenaOfGenelogy/library/Zend/Controller/Action/Helper/ViewRenderer.php(901): Zend_View_Smarty->render('admin/classdown...')
#2 /Users/Erlkonig/Documents/Workspace/ArenaOfGenelogy/library/Zend/Controller/Action/Helper/ViewRenderer.php(922): Zend_Controller_Action_Helper_ViewRenderer->renderScript('admin/classdown...', NULL)
#3 /Users/Erlkonig/Documents/Workspace/ArenaOfGenelogy/library/Zend/Controller/Action/Helper/ViewRenderer.php(961): Zend_Controller_Action_Helper_ViewRenderer->render()
#4 /Users/Erlkonig/Documents/Workspace/ArenaOfGenelogy/library/Zend/Controller/Action/HelperBroker.php(277): Zend_Controller_Action_Helper_ViewRenderer->postDispatch()
#5 /Users/Erlkonig/Documents/Workspace/ArenaOfGenelogy/library/Zend/Controller/Action.php(527): Zend_Controller_Action_HelperBroker->notifyPostDispatch()
#6 /Users/Erlkonig/Documents/Workspace/ArenaOfGenelogy/library/Zend/Controller/Dispatcher/Standard.php(295): Zend_Controller_Action->dispatch('classdownloadAc...')
#7 /Users/Erlkonig/Documents/Workspace/ArenaOfGenelogy/library/Zend/Controller/Front.php(954): Zend_Controller_Dispatcher_Standard->dispatch(Object(Zend_Controller_Request_Http), Object(Zend_Controller_Response_Http))
#8 /Users/Erlkonig/Documents/Workspace/ArenaOfGenelogy/index.php(62): Zend_Controller_Front->dispatch()
#9 {main}
2013-08-19T00:25:21+09:00 ALERT (1): exception 'SmartyException' with message 'Unable to load template file 'admin/classdownload.tpl'' in /Users/Erlkonig/Documents/Workspace/ArenaofGenelogy/library/smarty/sysplugins/smarty_internal_templatebase.php:127
Stack trace:
#0 /Users/Erlkonig/Documents/Workspace/ArenaofGenelogy/library/smarty/Zend_View_Smarty.php(184): Smarty_Internal_TemplateBase->fetch('admin/classdown...')
#1 /Users/Erlkonig/Documents/Workspace/ArenaOfGenelogy/library/Zend/Controller/Action/Helper/ViewRenderer.php(901): Zend_View_Smarty->render('admin/classdown...')
#2 /Users/Erlkonig/Documents/Workspace/ArenaOfGenelogy/library/Zend/Controller/Action/Helper/ViewRenderer.php(922): Zend_Controller_Action_Helper_ViewRenderer->renderScript('admin/classdown...', NULL)
#3 /Users/Erlkonig/Documents/Workspace/ArenaOfGenelogy/library/Zend/Controller/Action/Helper/ViewRenderer.php(961): Zend_Controller_Action_Helper_ViewRenderer->render()
#4 /Users/Erlkonig/Documents/Workspace/ArenaOfGenelogy/library/Zend/Controller/Action/HelperBroker.php(277): Zend_Controller_Action_Helper_ViewRenderer->postDispatch()
#5 /Users/Erlkonig/Documents/Workspace/ArenaOfGenelogy/library/Zend/Controller/Action.php(527): Zend_Controller_Action_HelperBroker->notifyPostDispatch()
#6 /Users/Erlkonig/Documents/Workspace/ArenaOfGenelogy/library/Zend/Controller/Dispatcher/Standard.php(295): Zend_Controller_Action->dispatch('classdownloadAc...')
#7 /Users/Erlkonig/Documents/Workspace/ArenaOfGenelogy/library/Zend/Controller/Front.php(954): Zend_Controller_Dispatcher_Standard->dispatch(Object(Zend_Controller_Request_Http), Object(Zend_Controller_Response_Http))
#8 /Users/Erlkonig/Documents/Workspace/ArenaOfGenelogy/index.php(62): Zend_Controller_Front->dispatch()
#9 {main}
2013-08-19T00:25:28+09:00 ALERT (1): exception 'SmartyException' with message 'Unable to load template file 'admin/classdownload.tpl'' in /Users/Erlkonig/Documents/Workspace/ArenaofGenelogy/library/smarty/sysplugins/smarty_internal_templatebase.php:127
Stack trace:
#0 /Users/Erlkonig/Documents/Workspace/ArenaofGenelogy/library/smarty/Zend_View_Smarty.php(184): Smarty_Internal_TemplateBase->fetch('admin/classdown...')
#1 /Users/Erlkonig/Documents/Workspace/ArenaOfGenelogy/library/Zend/Controller/Action/Helper/ViewRenderer.php(901): Zend_View_Smarty->render('admin/classdown...')
#2 /Users/Erlkonig/Documents/Workspace/ArenaOfGenelogy/library/Zend/Controller/Action/Helper/ViewRenderer.php(922): Zend_Controller_Action_Helper_ViewRenderer->renderScript('admin/classdown...', NULL)
#3 /Users/Erlkonig/Documents/Workspace/ArenaOfGenelogy/library/Zend/Controller/Action/Helper/ViewRenderer.php(961): Zend_Controller_Action_Helper_ViewRenderer->render()
#4 /Users/Erlkonig/Documents/Workspace/ArenaOfGenelogy/library/Zend/Controller/Action/HelperBroker.php(277): Zend_Controller_Action_Helper_ViewRenderer->postDispatch()
#5 /Users/Erlkonig/Documents/Workspace/ArenaOfGenelogy/library/Zend/Controller/Action.php(527): Zend_Controller_Action_HelperBroker->notifyPostDispatch()
#6 /Users/Erlkonig/Documents/Workspace/ArenaOfGenelogy/library/Zend/Controller/Dispatcher/Standard.php(295): Zend_Controller_Action->dispatch('classdownloadAc...')
#7 /Users/Erlkonig/Documents/Workspace/ArenaOfGenelogy/library/Zend/Controller/Front.php(954): Zend_Controller_Dispatcher_Standard->dispatch(Object(Zend_Controller_Request_Http), Object(Zend_Controller_Response_Http))
#8 /Users/Erlkonig/Documents/Workspace/ArenaOfGenelogy/index.php(62): Zend_Controller_Front->dispatch()
#9 {main}
2013-08-19T01:21:48+09:00 ALERT (1): exception 'Zend_Controller_Dispatcher_Exception' with message 'Invalid controller specified (themes)' in /Users/Erlkonig/Documents/Workspace/ArenaOfGenelogy/library/Zend/Controller/Dispatcher/Standard.php:248
Stack trace:
#0 /Users/Erlkonig/Documents/Workspace/ArenaOfGenelogy/library/Zend/Controller/Front.php(954): Zend_Controller_Dispatcher_Standard->dispatch(Object(Zend_Controller_Request_Http), Object(Zend_Controller_Response_Http))
#1 /Users/Erlkonig/Documents/Workspace/ArenaOfGenelogy/index.php(62): Zend_Controller_Front->dispatch()
#2 {main}
