2013-08-14T12:30:13+09:00 ALERT (1): exception 'Zend_Controller_Dispatcher_Exception' with message 'Invalid controller specified (themes)' in /Users/Erlkonig/Documents/Workspace/ArenaOfGenelogy/library/Zend/Controller/Dispatcher/Standard.php:248
Stack trace:
#0 /Users/Erlkonig/Documents/Workspace/ArenaOfGenelogy/library/Zend/Controller/Front.php(954): Zend_Controller_Dispatcher_Standard->dispatch(Object(Zend_Controller_Request_Http), Object(Zend_Controller_Response_Http))
#1 /Users/Erlkonig/Documents/Workspace/ArenaOfGenelogy/index.php(62): Zend_Controller_Front->dispatch()
#2 {main}
2013-08-14T12:46:53+09:00 ALERT (1): exception 'Zend_Controller_Dispatcher_Exception' with message 'Invalid controller specified (themes)' in /Users/Erlkonig/Documents/Workspace/ArenaOfGenelogy/library/Zend/Controller/Dispatcher/Standard.php:248
Stack trace:
#0 /Users/Erlkonig/Documents/Workspace/ArenaOfGenelogy/library/Zend/Controller/Front.php(954): Zend_Controller_Dispatcher_Standard->dispatch(Object(Zend_Controller_Request_Http), Object(Zend_Controller_Response_Http))
#1 /Users/Erlkonig/Documents/Workspace/ArenaOfGenelogy/index.php(62): Zend_Controller_Front->dispatch()
#2 {main}
2013-08-14T12:52:11+09:00 ALERT (1): exception 'Zend_Controller_Action_Exception' with message 'Action "adminlist" does not exist and was not trapped in __call()' in /Users/Erlkonig/Documents/Workspace/ArenaOfGenelogy/library/Zend/Controller/Action.php:485
Stack trace:
#0 /Users/Erlkonig/Documents/Workspace/ArenaOfGenelogy/library/Zend/Controller/Action.php(518): Zend_Controller_Action->__call('adminlistAction', Array)
#1 /Users/Erlkonig/Documents/Workspace/ArenaOfGenelogy/library/Zend/Controller/Dispatcher/Standard.php(295): Zend_Controller_Action->dispatch('adminlistAction')
#2 /Users/Erlkonig/Documents/Workspace/ArenaOfGenelogy/library/Zend/Controller/Front.php(954): Zend_Controller_Dispatcher_Standard->dispatch(Object(Zend_Controller_Request_Http), Object(Zend_Controller_Response_Http))
#3 /Users/Erlkonig/Documents/Workspace/ArenaOfGenelogy/index.php(62): Zend_Controller_Front->dispatch()
#4 {main}
2013-08-14T12:55:35+09:00 ALERT (1): exception 'Zend_Controller_Dispatcher_Exception' with message 'Invalid controller specified (themes)' in /Users/Erlkonig/Documents/Workspace/ArenaOfGenelogy/library/Zend/Controller/Dispatcher/Standard.php:248
Stack trace:
#0 /Users/Erlkonig/Documents/Workspace/ArenaOfGenelogy/library/Zend/Controller/Front.php(954): Zend_Controller_Dispatcher_Standard->dispatch(Object(Zend_Controller_Request_Http), Object(Zend_Controller_Response_Http))
#1 /Users/Erlkonig/Documents/Workspace/ArenaOfGenelogy/index.php(62): Zend_Controller_Front->dispatch()
#2 {main}
2013-08-14T13:26:40+09:00 ALERT (1): exception 'SmartyCompilerException' with message 'Syntax Error in template &quot;/Users/Erlkonig/Documents/Workspace/ArenaofGenelogy/application/views/admin/userlist.tpl&quot;  on line 32 &quot;&amp;lt;td&amp;gt;{$item.email|truncate:}&amp;lt;/td&amp;gt;&quot;  - Unexpected &quot;}&quot;' in /Users/Erlkonig/Documents/Workspace/ArenaofGenelogy/library/smarty/sysplugins/smarty_internal_templatecompilerbase.php:665
Stack trace:
#0 /Users/Erlkonig/Documents/Workspace/ArenaofGenelogy/library/smarty/sysplugins/smarty_internal_templateparser.php(3144): Smarty_Internal_TemplateCompilerBase->trigger_template_error()
#1 /Users/Erlkonig/Documents/Workspace/ArenaofGenelogy/library/smarty/sysplugins/smarty_internal_templateparser.php(3209): Smarty_Internal_Templateparser->yy_syntax_error(17, '}')
#2 /Users/Erlkonig/Documents/Workspace/ArenaofGenelogy/library/smarty/sysplugins/smarty_internal_smartytemplatecompiler.php(105): Smarty_Internal_Templateparser->doParse(17, '}')
#3 /Users/Erlkonig/Documents/Workspace/ArenaofGenelogy/library/smarty/sysplugins/smarty_internal_templatecompilerbase.php(200): Smarty_Internal_SmartyTemplateCompiler->doCompile('{include file=$...')
#4 /Users/Erlkonig/Documents/Workspace/ArenaofGenelogy/library/smarty/sysplugins/smarty_internal_template.php(187): Smarty_Internal_TemplateCompilerBase->compileTemplate(Object(Smarty_Internal_Template))
#5 /Users/Erlkonig/Documents/Workspace/ArenaofGenelogy/library/smarty/sysplugins/smarty_internal_templatebase.php(164): Smarty_Internal_Template->compileTemplateSource()
#6 /Users/Erlkonig/Documents/Workspace/ArenaofGenelogy/library/smarty/Zend_View_Smarty.php(184): Smarty_Internal_TemplateBase->fetch('admin/userlist....')
#7 /Users/Erlkonig/Documents/Workspace/ArenaOfGenelogy/library/Zend/Controller/Action/Helper/ViewRenderer.php(901): Zend_View_Smarty->render('admin/userlist....')
#8 /Users/Erlkonig/Documents/Workspace/ArenaOfGenelogy/library/Zend/Controller/Action/Helper/ViewRenderer.php(922): Zend_Controller_Action_Helper_ViewRenderer->renderScript('admin/userlist....', NULL)
#9 /Users/Erlkonig/Documents/Workspace/ArenaOfGenelogy/library/Zend/Controller/Action/Helper/ViewRenderer.php(961): Zend_Controller_Action_Helper_ViewRenderer->render()
#10 /Users/Erlkonig/Documents/Workspace/ArenaOfGenelogy/library/Zend/Controller/Action/HelperBroker.php(277): Zend_Controller_Action_Helper_ViewRenderer->postDispatch()
#11 /Users/Erlkonig/Documents/Workspace/ArenaOfGenelogy/library/Zend/Controller/Action.php(527): Zend_Controller_Action_HelperBroker->notifyPostDispatch()
#12 /Users/Erlkonig/Documents/Workspace/ArenaOfGenelogy/library/Zend/Controller/Dispatcher/Standard.php(295): Zend_Controller_Action->dispatch('userlistAction')
#13 /Users/Erlkonig/Documents/Workspace/ArenaOfGenelogy/library/Zend/Controller/Front.php(954): Zend_Controller_Dispatcher_Standard->dispatch(Object(Zend_Controller_Request_Http), Object(Zend_Controller_Response_Http))
#14 /Users/Erlkonig/Documents/Workspace/ArenaOfGenelogy/index.php(62): Zend_Controller_Front->dispatch()
#15 {main}
2013-08-14T13:27:47+09:00 ALERT (1): exception 'Zend_Controller_Dispatcher_Exception' with message 'Invalid controller specified (themes)' in /Users/Erlkonig/Documents/Workspace/ArenaOfGenelogy/library/Zend/Controller/Dispatcher/Standard.php:248
Stack trace:
#0 /Users/Erlkonig/Documents/Workspace/ArenaOfGenelogy/library/Zend/Controller/Front.php(954): Zend_Controller_Dispatcher_Standard->dispatch(Object(Zend_Controller_Request_Http), Object(Zend_Controller_Response_Http))
#1 /Users/Erlkonig/Documents/Workspace/ArenaOfGenelogy/index.php(62): Zend_Controller_Front->dispatch()
#2 {main}
2013-08-14T13:29:07+09:00 ALERT (1): exception 'Zend_Controller_Dispatcher_Exception' with message 'Invalid controller specified (themes)' in /Users/Erlkonig/Documents/Workspace/ArenaOfGenelogy/library/Zend/Controller/Dispatcher/Standard.php:248
Stack trace:
#0 /Users/Erlkonig/Documents/Workspace/ArenaOfGenelogy/library/Zend/Controller/Front.php(954): Zend_Controller_Dispatcher_Standard->dispatch(Object(Zend_Controller_Request_Http), Object(Zend_Controller_Response_Http))
#1 /Users/Erlkonig/Documents/Workspace/ArenaOfGenelogy/index.php(62): Zend_Controller_Front->dispatch()
#2 {main}
2013-08-14T13:31:09+09:00 ALERT (1): exception 'Zend_Controller_Dispatcher_Exception' with message 'Invalid controller specified (themes)' in /Users/Erlkonig/Documents/Workspace/ArenaOfGenelogy/library/Zend/Controller/Dispatcher/Standard.php:248
Stack trace:
#0 /Users/Erlkonig/Documents/Workspace/ArenaOfGenelogy/library/Zend/Controller/Front.php(954): Zend_Controller_Dispatcher_Standard->dispatch(Object(Zend_Controller_Request_Http), Object(Zend_Controller_Response_Http))
#1 /Users/Erlkonig/Documents/Workspace/ArenaOfGenelogy/index.php(62): Zend_Controller_Front->dispatch()
#2 {main}
2013-08-14T13:46:41+09:00 ALERT (1): exception 'Zend_Controller_Dispatcher_Exception' with message 'Invalid controller specified (themes)' in /Users/Erlkonig/Documents/Workspace/ArenaOfGenelogy/library/Zend/Controller/Dispatcher/Standard.php:248
Stack trace:
#0 /Users/Erlkonig/Documents/Workspace/ArenaOfGenelogy/library/Zend/Controller/Front.php(954): Zend_Controller_Dispatcher_Standard->dispatch(Object(Zend_Controller_Request_Http), Object(Zend_Controller_Response_Http))
#1 /Users/Erlkonig/Documents/Workspace/ArenaOfGenelogy/index.php(62): Zend_Controller_Front->dispatch()
#2 {main}
2013-08-14T13:46:50+09:00 ALERT (1): exception 'Zend_Controller_Dispatcher_Exception' with message 'Invalid controller specified (themes)' in /Users/Erlkonig/Documents/Workspace/ArenaOfGenelogy/library/Zend/Controller/Dispatcher/Standard.php:248
Stack trace:
#0 /Users/Erlkonig/Documents/Workspace/ArenaOfGenelogy/library/Zend/Controller/Front.php(954): Zend_Controller_Dispatcher_Standard->dispatch(Object(Zend_Controller_Request_Http), Object(Zend_Controller_Response_Http))
#1 /Users/Erlkonig/Documents/Workspace/ArenaOfGenelogy/index.php(62): Zend_Controller_Front->dispatch()
#2 {main}
2013-08-14T14:02:00+09:00 ALERT (1): exception 'Zend_Controller_Dispatcher_Exception' with message 'Invalid controller specified (themes)' in /Users/Erlkonig/Documents/Workspace/ArenaOfGenelogy/library/Zend/Controller/Dispatcher/Standard.php:248
Stack trace:
#0 /Users/Erlkonig/Documents/Workspace/ArenaOfGenelogy/library/Zend/Controller/Front.php(954): Zend_Controller_Dispatcher_Standard->dispatch(Object(Zend_Controller_Request_Http), Object(Zend_Controller_Response_Http))
#1 /Users/Erlkonig/Documents/Workspace/ArenaOfGenelogy/index.php(62): Zend_Controller_Front->dispatch()
#2 {main}
2013-08-14T14:45:12+09:00 ALERT (1): exception 'SmartyException' with message 'Missing template name' in /Users/Erlkonig/Documents/Workspace/ArenaofGenelogy/library/smarty/sysplugins/smarty_internal_template.php:634
Stack trace:
#0 /Users/Erlkonig/Documents/Workspace/ArenaofGenelogy/library/smarty/sysplugins/smarty_internal_templatebase.php(117): Smarty_Internal_Template->__get('source')
#1 /Users/Erlkonig/Documents/Workspace/ArenaofGenelogy/library/smarty/sysplugins/smarty_internal_template.php(286): Smarty_Internal_TemplateBase->fetch(NULL, NULL, NULL, NULL, false, false, true)
#2 /Users/Erlkonig/Documents/Workspace/ArenaofGenelogy/cache/templates_c/15f507ebc66a59376058960fbdafceaf338d520b.file.adminlist.tpl.php(45): Smarty_Internal_Template->getSubTemplate(NULL, NULL, NULL, NULL, NULL, Array, 0)
#3 /Users/Erlkonig/Documents/Workspace/ArenaofGenelogy/library/smarty/sysplugins/smarty_internal_templatebase.php(180): content_520b1968490cd6_88813451(Object(Smarty_Internal_Template))
#4 /Users/Erlkonig/Documents/Workspace/ArenaofGenelogy/library/smarty/Zend_View_Smarty.php(184): Smarty_Internal_TemplateBase->fetch('admin/adminlist...')
#5 /Users/Erlkonig/Documents/Workspace/ArenaOfGenelogy/library/Zend/Controller/Action/Helper/ViewRenderer.php(901): Zend_View_Smarty->render('admin/adminlist...')
#6 /Users/Erlkonig/Documents/Workspace/ArenaOfGenelogy/library/Zend/Controller/Action/Helper/ViewRenderer.php(922): Zend_Controller_Action_Helper_ViewRenderer->renderScript('admin/adminlist...', NULL)
#7 /Users/Erlkonig/Documents/Workspace/ArenaOfGenelogy/library/Zend/Controller/Action/Helper/ViewRenderer.php(961): Zend_Controller_Action_Helper_ViewRenderer->render()
#8 /Users/Erlkonig/Documents/Workspace/ArenaOfGenelogy/library/Zend/Controller/Action/HelperBroker.php(277): Zend_Controller_Action_Helper_ViewRenderer->postDispatch()
#9 /Users/Erlkonig/Documents/Workspace/ArenaOfGenelogy/library/Zend/Controller/Action.php(527): Zend_Controller_Action_HelperBroker->notifyPostDispatch()
#10 /Users/Erlkonig/Documents/Workspace/ArenaOfGenelogy/library/Zend/Controller/Dispatcher/Standard.php(295): Zend_Controller_Action->dispatch('adminlistAction')
#11 /Users/Erlkonig/Documents/Workspace/ArenaOfGenelogy/library/Zend/Controller/Front.php(954): Zend_Controller_Dispatcher_Standard->dispatch(Object(Zend_Controller_Request_Http), Object(Zend_Controller_Response_Http))
#12 /Users/Erlkonig/Documents/Workspace/ArenaOfGenelogy/index.php(62): Zend_Controller_Front->dispatch()
#13 {main}
2013-08-14T14:46:32+09:00 ALERT (1): exception 'SmartyException' with message 'Missing template name' in /Users/Erlkonig/Documents/Workspace/ArenaofGenelogy/library/smarty/sysplugins/smarty_internal_template.php:634
Stack trace:
#0 /Users/Erlkonig/Documents/Workspace/ArenaofGenelogy/library/smarty/sysplugins/smarty_internal_templatebase.php(117): Smarty_Internal_Template->__get('source')
#1 /Users/Erlkonig/Documents/Workspace/ArenaofGenelogy/library/smarty/sysplugins/smarty_internal_template.php(286): Smarty_Internal_TemplateBase->fetch(NULL, NULL, NULL, NULL, false, false, true)
#2 /Users/Erlkonig/Documents/Workspace/ArenaofGenelogy/cache/templates_c/15f507ebc66a59376058960fbdafceaf338d520b.file.adminlist.tpl.php(45): Smarty_Internal_Template->getSubTemplate(NULL, NULL, NULL, NULL, NULL, Array, 0)
#3 /Users/Erlkonig/Documents/Workspace/ArenaofGenelogy/library/smarty/sysplugins/smarty_internal_templatebase.php(180): content_520b1968490cd6_88813451(Object(Smarty_Internal_Template))
#4 /Users/Erlkonig/Documents/Workspace/ArenaofGenelogy/library/smarty/Zend_View_Smarty.php(184): Smarty_Internal_TemplateBase->fetch('admin/adminlist...')
#5 /Users/Erlkonig/Documents/Workspace/ArenaOfGenelogy/library/Zend/Controller/Action/Helper/ViewRenderer.php(901): Zend_View_Smarty->render('admin/adminlist...')
#6 /Users/Erlkonig/Documents/Workspace/ArenaOfGenelogy/library/Zend/Controller/Action/Helper/ViewRenderer.php(922): Zend_Controller_Action_Helper_ViewRenderer->renderScript('admin/adminlist...', NULL)
#7 /Users/Erlkonig/Documents/Workspace/ArenaOfGenelogy/library/Zend/Controller/Action/Helper/ViewRenderer.php(961): Zend_Controller_Action_Helper_ViewRenderer->render()
#8 /Users/Erlkonig/Documents/Workspace/ArenaOfGenelogy/library/Zend/Controller/Action/HelperBroker.php(277): Zend_Controller_Action_Helper_ViewRenderer->postDispatch()
#9 /Users/Erlkonig/Documents/Workspace/ArenaOfGenelogy/library/Zend/Controller/Action.php(527): Zend_Controller_Action_HelperBroker->notifyPostDispatch()
#10 /Users/Erlkonig/Documents/Workspace/ArenaOfGenelogy/library/Zend/Controller/Dispatcher/Standard.php(295): Zend_Controller_Action->dispatch('adminlistAction')
#11 /Users/Erlkonig/Documents/Workspace/ArenaOfGenelogy/library/Zend/Controller/Front.php(954): Zend_Controller_Dispatcher_Standard->dispatch(Object(Zend_Controller_Request_Http), Object(Zend_Controller_Response_Http))
#12 /Users/Erlkonig/Documents/Workspace/ArenaOfGenelogy/index.php(62): Zend_Controller_Front->dispatch()
#13 {main}
2013-08-14T14:47:42+09:00 ALERT (1): exception 'SmartyException' with message 'Missing template name' in /Users/Erlkonig/Documents/Workspace/ArenaofGenelogy/library/smarty/sysplugins/smarty_internal_template.php:634
Stack trace:
#0 /Users/Erlkonig/Documents/Workspace/ArenaofGenelogy/library/smarty/sysplugins/smarty_internal_templatebase.php(117): Smarty_Internal_Template->__get('source')
#1 /Users/Erlkonig/Documents/Workspace/ArenaofGenelogy/library/smarty/sysplugins/smarty_internal_template.php(286): Smarty_Internal_TemplateBase->fetch(NULL, NULL, NULL, NULL, false, false, true)
#2 /Users/Erlkonig/Documents/Workspace/ArenaofGenelogy/cache/templates_c/15f507ebc66a59376058960fbdafceaf338d520b.file.adminlist.tpl.php(45): Smarty_Internal_Template->getSubTemplate(NULL, NULL, NULL, NULL, NULL, Array, 0)
#3 /Users/Erlkonig/Documents/Workspace/ArenaofGenelogy/library/smarty/sysplugins/smarty_internal_templatebase.php(180): content_520b1968490cd6_88813451(Object(Smarty_Internal_Template))
#4 /Users/Erlkonig/Documents/Workspace/ArenaofGenelogy/library/smarty/Zend_View_Smarty.php(184): Smarty_Internal_TemplateBase->fetch('admin/adminlist...')
#5 /Users/Erlkonig/Documents/Workspace/ArenaOfGenelogy/library/Zend/Controller/Action/Helper/ViewRenderer.php(901): Zend_View_Smarty->render('admin/adminlist...')
#6 /Users/Erlkonig/Documents/Workspace/ArenaOfGenelogy/library/Zend/Controller/Action/Helper/ViewRenderer.php(922): Zend_Controller_Action_Helper_ViewRenderer->renderScript('admin/adminlist...', NULL)
#7 /Users/Erlkonig/Documents/Workspace/ArenaOfGenelogy/library/Zend/Controller/Action/Helper/ViewRenderer.php(961): Zend_Controller_Action_Helper_ViewRenderer->render()
#8 /Users/Erlkonig/Documents/Workspace/ArenaOfGenelogy/library/Zend/Controller/Action/HelperBroker.php(277): Zend_Controller_Action_Helper_ViewRenderer->postDispatch()
#9 /Users/Erlkonig/Documents/Workspace/ArenaOfGenelogy/library/Zend/Controller/Action.php(527): Zend_Controller_Action_HelperBroker->notifyPostDispatch()
#10 /Users/Erlkonig/Documents/Workspace/ArenaOfGenelogy/library/Zend/Controller/Dispatcher/Standard.php(295): Zend_Controller_Action->dispatch('adminlistAction')
#11 /Users/Erlkonig/Documents/Workspace/ArenaOfGenelogy/library/Zend/Controller/Front.php(954): Zend_Controller_Dispatcher_Standard->dispatch(Object(Zend_Controller_Request_Http), Object(Zend_Controller_Response_Http))
#12 /Users/Erlkonig/Documents/Workspace/ArenaOfGenelogy/index.php(62): Zend_Controller_Front->dispatch()
#13 {main}
2013-08-14T14:47:47+09:00 ALERT (1): exception 'SmartyException' with message 'Missing template name' in /Users/Erlkonig/Documents/Workspace/ArenaofGenelogy/library/smarty/sysplugins/smarty_internal_template.php:634
Stack trace:
#0 /Users/Erlkonig/Documents/Workspace/ArenaofGenelogy/library/smarty/sysplugins/smarty_internal_templatebase.php(117): Smarty_Internal_Template->__get('source')
#1 /Users/Erlkonig/Documents/Workspace/ArenaofGenelogy/library/smarty/sysplugins/smarty_internal_template.php(286): Smarty_Internal_TemplateBase->fetch(NULL, NULL, NULL, NULL, false, false, true)
#2 /Users/Erlkonig/Documents/Workspace/ArenaofGenelogy/cache/templates_c/15f507ebc66a59376058960fbdafceaf338d520b.file.adminlist.tpl.php(45): Smarty_Internal_Template->getSubTemplate(NULL, NULL, NULL, NULL, NULL, Array, 0)
#3 /Users/Erlkonig/Documents/Workspace/ArenaofGenelogy/library/smarty/sysplugins/smarty_internal_templatebase.php(180): content_520b1968490cd6_88813451(Object(Smarty_Internal_Template))
#4 /Users/Erlkonig/Documents/Workspace/ArenaofGenelogy/library/smarty/Zend_View_Smarty.php(184): Smarty_Internal_TemplateBase->fetch('admin/adminlist...')
#5 /Users/Erlkonig/Documents/Workspace/ArenaOfGenelogy/library/Zend/Controller/Action/Helper/ViewRenderer.php(901): Zend_View_Smarty->render('admin/adminlist...')
#6 /Users/Erlkonig/Documents/Workspace/ArenaOfGenelogy/library/Zend/Controller/Action/Helper/ViewRenderer.php(922): Zend_Controller_Action_Helper_ViewRenderer->renderScript('admin/adminlist...', NULL)
#7 /Users/Erlkonig/Documents/Workspace/ArenaOfGenelogy/library/Zend/Controller/Action/Helper/ViewRenderer.php(961): Zend_Controller_Action_Helper_ViewRenderer->render()
#8 /Users/Erlkonig/Documents/Workspace/ArenaOfGenelogy/library/Zend/Controller/Action/HelperBroker.php(277): Zend_Controller_Action_Helper_ViewRenderer->postDispatch()
#9 /Users/Erlkonig/Documents/Workspace/ArenaOfGenelogy/library/Zend/Controller/Action.php(527): Zend_Controller_Action_HelperBroker->notifyPostDispatch()
#10 /Users/Erlkonig/Documents/Workspace/ArenaOfGenelogy/library/Zend/Controller/Dispatcher/Standard.php(295): Zend_Controller_Action->dispatch('adminlistAction')
#11 /Users/Erlkonig/Documents/Workspace/ArenaOfGenelogy/library/Zend/Controller/Front.php(954): Zend_Controller_Dispatcher_Standard->dispatch(Object(Zend_Controller_Request_Http), Object(Zend_Controller_Response_Http))
#12 /Users/Erlkonig/Documents/Workspace/ArenaOfGenelogy/index.php(62): Zend_Controller_Front->dispatch()
#13 {main}
2013-08-14T14:53:26+09:00 ALERT (1): exception 'SmartyException' with message 'Missing template name' in /Users/Erlkonig/Documents/Workspace/ArenaofGenelogy/library/smarty/sysplugins/smarty_internal_template.php:634
Stack trace:
#0 /Users/Erlkonig/Documents/Workspace/ArenaofGenelogy/library/smarty/sysplugins/smarty_internal_templatebase.php(117): Smarty_Internal_Template->__get('source')
#1 /Users/Erlkonig/Documents/Workspace/ArenaofGenelogy/library/smarty/sysplugins/smarty_internal_template.php(286): Smarty_Internal_TemplateBase->fetch(NULL, NULL, NULL, NULL, false, false, true)
#2 /Users/Erlkonig/Documents/Workspace/ArenaofGenelogy/cache/templates_c/15f507ebc66a59376058960fbdafceaf338d520b.file.adminlist.tpl.php(45): Smarty_Internal_Template->getSubTemplate(NULL, NULL, NULL, NULL, NULL, Array, 0)
#3 /Users/Erlkonig/Documents/Workspace/ArenaofGenelogy/library/smarty/sysplugins/smarty_internal_templatebase.php(180): content_520b1968490cd6_88813451(Object(Smarty_Internal_Template))
#4 /Users/Erlkonig/Documents/Workspace/ArenaofGenelogy/library/smarty/Zend_View_Smarty.php(184): Smarty_Internal_TemplateBase->fetch('admin/adminlist...')
#5 /Users/Erlkonig/Documents/Workspace/ArenaOfGenelogy/library/Zend/Controller/Action/Helper/ViewRenderer.php(901): Zend_View_Smarty->render('admin/adminlist...')
#6 /Users/Erlkonig/Documents/Workspace/ArenaOfGenelogy/library/Zend/Controller/Action/Helper/ViewRenderer.php(922): Zend_Controller_Action_Helper_ViewRenderer->renderScript('admin/adminlist...', NULL)
#7 /Users/Erlkonig/Documents/Workspace/ArenaOfGenelogy/library/Zend/Controller/Action/Helper/ViewRenderer.php(961): Zend_Controller_Action_Helper_ViewRenderer->render()
#8 /Users/Erlkonig/Documents/Workspace/ArenaOfGenelogy/library/Zend/Controller/Action/HelperBroker.php(277): Zend_Controller_Action_Helper_ViewRenderer->postDispatch()
#9 /Users/Erlkonig/Documents/Workspace/ArenaOfGenelogy/library/Zend/Controller/Action.php(527): Zend_Controller_Action_HelperBroker->notifyPostDispatch()
#10 /Users/Erlkonig/Documents/Workspace/ArenaOfGenelogy/library/Zend/Controller/Dispatcher/Standard.php(295): Zend_Controller_Action->dispatch('adminlistAction')
#11 /Users/Erlkonig/Documents/Workspace/ArenaOfGenelogy/library/Zend/Controller/Front.php(954): Zend_Controller_Dispatcher_Standard->dispatch(Object(Zend_Controller_Request_Http), Object(Zend_Controller_Response_Http))
#12 /Users/Erlkonig/Documents/Workspace/ArenaOfGenelogy/index.php(62): Zend_Controller_Front->dispatch()
#13 {main}
2013-08-14T15:03:36+09:00 ALERT (1): exception 'SmartyException' with message 'Missing template name' in /Users/Erlkonig/Documents/Workspace/ArenaofGenelogy/library/smarty/sysplugins/smarty_internal_template.php:634
Stack trace:
#0 /Users/Erlkonig/Documents/Workspace/ArenaofGenelogy/library/smarty/sysplugins/smarty_internal_templatebase.php(117): Smarty_Internal_Template->__get('source')
#1 /Users/Erlkonig/Documents/Workspace/ArenaofGenelogy/library/smarty/sysplugins/smarty_internal_template.php(286): Smarty_Internal_TemplateBase->fetch(NULL, NULL, NULL, NULL, false, false, true)
#2 /Users/Erlkonig/Documents/Workspace/ArenaofGenelogy/cache/templates_c/15f507ebc66a59376058960fbdafceaf338d520b.file.adminlist.tpl.php(47): Smarty_Internal_Template->getSubTemplate(NULL, NULL, NULL, NULL, NULL, Array, 0)
#3 /Users/Erlkonig/Documents/Workspace/ArenaofGenelogy/library/smarty/sysplugins/smarty_internal_templatebase.php(180): content_520b1968490cd6_88813451(Object(Smarty_Internal_Template))
#4 /Users/Erlkonig/Documents/Workspace/ArenaofGenelogy/library/smarty/Zend_View_Smarty.php(184): Smarty_Internal_TemplateBase->fetch('admin/adminlist...')
#5 /Users/Erlkonig/Documents/Workspace/ArenaOfGenelogy/library/Zend/Controller/Action/Helper/ViewRenderer.php(901): Zend_View_Smarty->render('admin/adminlist...')
#6 /Users/Erlkonig/Documents/Workspace/ArenaOfGenelogy/library/Zend/Controller/Action/Helper/ViewRenderer.php(922): Zend_Controller_Action_Helper_ViewRenderer->renderScript('admin/adminlist...', NULL)
#7 /Users/Erlkonig/Documents/Workspace/ArenaOfGenelogy/library/Zend/Controller/Action/Helper/ViewRenderer.php(961): Zend_Controller_Action_Helper_ViewRenderer->render()
#8 /Users/Erlkonig/Documents/Workspace/ArenaOfGenelogy/library/Zend/Controller/Action/HelperBroker.php(277): Zend_Controller_Action_Helper_ViewRenderer->postDispatch()
#9 /Users/Erlkonig/Documents/Workspace/ArenaOfGenelogy/library/Zend/Controller/Action.php(527): Zend_Controller_Action_HelperBroker->notifyPostDispatch()
#10 /Users/Erlkonig/Documents/Workspace/ArenaOfGenelogy/library/Zend/Controller/Dispatcher/Standard.php(295): Zend_Controller_Action->dispatch('adminlistAction')
#11 /Users/Erlkonig/Documents/Workspace/ArenaOfGenelogy/library/Zend/Controller/Front.php(954): Zend_Controller_Dispatcher_Standard->dispatch(Object(Zend_Controller_Request_Http), Object(Zend_Controller_Response_Http))
#12 /Users/Erlkonig/Documents/Workspace/ArenaOfGenelogy/index.php(62): Zend_Controller_Front->dispatch()
#13 {main}
2013-08-14T15:04:14+09:00 ALERT (1): exception 'SmartyException' with message 'Missing template name' in /Users/Erlkonig/Documents/Workspace/ArenaofGenelogy/library/smarty/sysplugins/smarty_internal_template.php:634
Stack trace:
#0 /Users/Erlkonig/Documents/Workspace/ArenaofGenelogy/library/smarty/sysplugins/smarty_internal_templatebase.php(117): Smarty_Internal_Template->__get('source')
#1 /Users/Erlkonig/Documents/Workspace/ArenaofGenelogy/library/smarty/sysplugins/smarty_internal_template.php(286): Smarty_Internal_TemplateBase->fetch(NULL, NULL, NULL, NULL, false, false, true)
#2 /Users/Erlkonig/Documents/Workspace/ArenaofGenelogy/cache/templates_c/15f507ebc66a59376058960fbdafceaf338d520b.file.adminlist.tpl.php(47): Smarty_Internal_Template->getSubTemplate(NULL, NULL, NULL, NULL, NULL, Array, 0)
#3 /Users/Erlkonig/Documents/Workspace/ArenaofGenelogy/library/smarty/sysplugins/smarty_internal_templatebase.php(180): content_520b1968490cd6_88813451(Object(Smarty_Internal_Template))
#4 /Users/Erlkonig/Documents/Workspace/ArenaofGenelogy/library/smarty/Zend_View_Smarty.php(184): Smarty_Internal_TemplateBase->fetch('admin/adminlist...')
#5 /Users/Erlkonig/Documents/Workspace/ArenaOfGenelogy/library/Zend/Controller/Action/Helper/ViewRenderer.php(901): Zend_View_Smarty->render('admin/adminlist...')
#6 /Users/Erlkonig/Documents/Workspace/ArenaOfGenelogy/library/Zend/Controller/Action/Helper/ViewRenderer.php(922): Zend_Controller_Action_Helper_ViewRenderer->renderScript('admin/adminlist...', NULL)
#7 /Users/Erlkonig/Documents/Workspace/ArenaOfGenelogy/library/Zend/Controller/Action/Helper/ViewRenderer.php(961): Zend_Controller_Action_Helper_ViewRenderer->render()
#8 /Users/Erlkonig/Documents/Workspace/ArenaOfGenelogy/library/Zend/Controller/Action/HelperBroker.php(277): Zend_Controller_Action_Helper_ViewRenderer->postDispatch()
#9 /Users/Erlkonig/Documents/Workspace/ArenaOfGenelogy/library/Zend/Controller/Action.php(527): Zend_Controller_Action_HelperBroker->notifyPostDispatch()
#10 /Users/Erlkonig/Documents/Workspace/ArenaOfGenelogy/library/Zend/Controller/Dispatcher/Standard.php(295): Zend_Controller_Action->dispatch('adminlistAction')
#11 /Users/Erlkonig/Documents/Workspace/ArenaOfGenelogy/library/Zend/Controller/Front.php(954): Zend_Controller_Dispatcher_Standard->dispatch(Object(Zend_Controller_Request_Http), Object(Zend_Controller_Response_Http))
#12 /Users/Erlkonig/Documents/Workspace/ArenaOfGenelogy/index.php(62): Zend_Controller_Front->dispatch()
#13 {main}
2013-08-14T15:11:32+09:00 ALERT (1): exception 'PDOException' with message 'SQLSTATE[42000]: Syntax error or access violation: 1064 You have an error in your SQL syntax; check the manual that corresponds to your MySQL server version for the right syntax to use near ') AND (delete_flag = 0)' at line 1' in /Users/Erlkonig/Documents/Workspace/ArenaOfGenelogy/library/Zend/Db/Statement/Pdo.php:228
Stack trace:
#0 /Users/Erlkonig/Documents/Workspace/ArenaOfGenelogy/library/Zend/Db/Statement/Pdo.php(228): PDOStatement->execute(Array)
#1 /Users/Erlkonig/Documents/Workspace/ArenaOfGenelogy/library/Zend/Db/Statement.php(300): Zend_Db_Statement_Pdo->_execute(Array)
#2 /Users/Erlkonig/Documents/Workspace/ArenaOfGenelogy/library/Zend/Db/Adapter/Abstract.php(479): Zend_Db_Statement->execute(Array)
#3 /Users/Erlkonig/Documents/Workspace/ArenaOfGenelogy/library/Zend/Db/Adapter/Pdo/Abstract.php(238): Zend_Db_Adapter_Abstract->query(Object(Zend_Db_Select), Array)
#4 /Users/Erlkonig/Documents/Workspace/ArenaOfGenelogy/library/Zend/Db/Adapter/Abstract.php(736): Zend_Db_Adapter_Pdo_Abstract->query(Object(Zend_Db_Select), Array)
#5 /Users/Erlkonig/Documents/Workspace/ArenaofGenelogy/application/models/AdminModel.php(151): Zend_Db_Adapter_Abstract->fetchAll(Object(Zend_Db_Select))
#6 /Users/Erlkonig/Documents/Workspace/ArenaofGenelogy/application/controllers/AdminController.php(249): AdminModel->getAdminSearch('admin_id = ')
#7 /Users/Erlkonig/Documents/Workspace/ArenaOfGenelogy/library/Zend/Controller/Action.php(516): AdminController->adminlistAction()
#8 /Users/Erlkonig/Documents/Workspace/ArenaOfGenelogy/library/Zend/Controller/Dispatcher/Standard.php(295): Zend_Controller_Action->dispatch('adminlistAction')
#9 /Users/Erlkonig/Documents/Workspace/ArenaOfGenelogy/library/Zend/Controller/Front.php(954): Zend_Controller_Dispatcher_Standard->dispatch(Object(Zend_Controller_Request_Http), Object(Zend_Controller_Response_Http))
#10 /Users/Erlkonig/Documents/Workspace/ArenaOfGenelogy/index.php(62): Zend_Controller_Front->dispatch()
#11 {main}

Next exception 'Zend_Db_Statement_Exception' with message 'SQLSTATE[42000]: Syntax error or access violation: 1064 You have an error in your SQL syntax; check the manual that corresponds to your MySQL server version for the right syntax to use near ') AND (delete_flag = 0)' at line 1' in /Users/Erlkonig/Documents/Workspace/ArenaOfGenelogy/library/Zend/Db/Statement/Pdo.php:234
Stack trace:
#0 /Users/Erlkonig/Documents/Workspace/ArenaOfGenelogy/library/Zend/Db/Statement.php(300): Zend_Db_Statement_Pdo->_execute(Array)
#1 /Users/Erlkonig/Documents/Workspace/ArenaOfGenelogy/library/Zend/Db/Adapter/Abstract.php(479): Zend_Db_Statement->execute(Array)
#2 /Users/Erlkonig/Documents/Workspace/ArenaOfGenelogy/library/Zend/Db/Adapter/Pdo/Abstract.php(238): Zend_Db_Adapter_Abstract->query(Object(Zend_Db_Select), Array)
#3 /Users/Erlkonig/Documents/Workspace/ArenaOfGenelogy/library/Zend/Db/Adapter/Abstract.php(736): Zend_Db_Adapter_Pdo_Abstract->query(Object(Zend_Db_Select), Array)
#4 /Users/Erlkonig/Documents/Workspace/ArenaofGenelogy/application/models/AdminModel.php(151): Zend_Db_Adapter_Abstract->fetchAll(Object(Zend_Db_Select))
#5 /Users/Erlkonig/Documents/Workspace/ArenaofGenelogy/application/controllers/AdminController.php(249): AdminModel->getAdminSearch('admin_id = ')
#6 /Users/Erlkonig/Documents/Workspace/ArenaOfGenelogy/library/Zend/Controller/Action.php(516): AdminController->adminlistAction()
#7 /Users/Erlkonig/Documents/Workspace/ArenaOfGenelogy/library/Zend/Controller/Dispatcher/Standard.php(295): Zend_Controller_Action->dispatch('adminlistAction')
#8 /Users/Erlkonig/Documents/Workspace/ArenaOfGenelogy/library/Zend/Controller/Front.php(954): Zend_Controller_Dispatcher_Standard->dispatch(Object(Zend_Controller_Request_Http), Object(Zend_Controller_Response_Http))
#9 /Users/Erlkonig/Documents/Workspace/ArenaOfGenelogy/index.php(62): Zend_Controller_Front->dispatch()
#10 {main}
2013-08-14T15:15:59+09:00 ALERT (1): exception 'PDOException' with message 'SQLSTATE[42000]: Syntax error or access violation: 1064 You have an error in your SQL syntax; check the manual that corresponds to your MySQL server version for the right syntax to use near ') AND (delete_flag = 0)' at line 1' in /Users/Erlkonig/Documents/Workspace/ArenaOfGenelogy/library/Zend/Db/Statement/Pdo.php:228
Stack trace:
#0 /Users/Erlkonig/Documents/Workspace/ArenaOfGenelogy/library/Zend/Db/Statement/Pdo.php(228): PDOStatement->execute(Array)
#1 /Users/Erlkonig/Documents/Workspace/ArenaOfGenelogy/library/Zend/Db/Statement.php(300): Zend_Db_Statement_Pdo->_execute(Array)
#2 /Users/Erlkonig/Documents/Workspace/ArenaOfGenelogy/library/Zend/Db/Adapter/Abstract.php(479): Zend_Db_Statement->execute(Array)
#3 /Users/Erlkonig/Documents/Workspace/ArenaOfGenelogy/library/Zend/Db/Adapter/Pdo/Abstract.php(238): Zend_Db_Adapter_Abstract->query(Object(Zend_Db_Select), Array)
#4 /Users/Erlkonig/Documents/Workspace/ArenaOfGenelogy/library/Zend/Db/Adapter/Abstract.php(736): Zend_Db_Adapter_Pdo_Abstract->query(Object(Zend_Db_Select), Array)
#5 /Users/Erlkonig/Documents/Workspace/ArenaofGenelogy/application/models/AdminModel.php(151): Zend_Db_Adapter_Abstract->fetchAll(Object(Zend_Db_Select))
#6 /Users/Erlkonig/Documents/Workspace/ArenaofGenelogy/application/controllers/AdminController.php(249): AdminModel->getAdminSearch('admin_id = ')
#7 /Users/Erlkonig/Documents/Workspace/ArenaOfGenelogy/library/Zend/Controller/Action.php(516): AdminController->adminlistAction()
#8 /Users/Erlkonig/Documents/Workspace/ArenaOfGenelogy/library/Zend/Controller/Dispatcher/Standard.php(295): Zend_Controller_Action->dispatch('adminlistAction')
#9 /Users/Erlkonig/Documents/Workspace/ArenaOfGenelogy/library/Zend/Controller/Front.php(954): Zend_Controller_Dispatcher_Standard->dispatch(Object(Zend_Controller_Request_Http), Object(Zend_Controller_Response_Http))
#10 /Users/Erlkonig/Documents/Workspace/ArenaOfGenelogy/index.php(62): Zend_Controller_Front->dispatch()
#11 {main}

Next exception 'Zend_Db_Statement_Exception' with message 'SQLSTATE[42000]: Syntax error or access violation: 1064 You have an error in your SQL syntax; check the manual that corresponds to your MySQL server version for the right syntax to use near ') AND (delete_flag = 0)' at line 1' in /Users/Erlkonig/Documents/Workspace/ArenaOfGenelogy/library/Zend/Db/Statement/Pdo.php:234
Stack trace:
#0 /Users/Erlkonig/Documents/Workspace/ArenaOfGenelogy/library/Zend/Db/Statement.php(300): Zend_Db_Statement_Pdo->_execute(Array)
#1 /Users/Erlkonig/Documents/Workspace/ArenaOfGenelogy/library/Zend/Db/Adapter/Abstract.php(479): Zend_Db_Statement->execute(Array)
#2 /Users/Erlkonig/Documents/Workspace/ArenaOfGenelogy/library/Zend/Db/Adapter/Pdo/Abstract.php(238): Zend_Db_Adapter_Abstract->query(Object(Zend_Db_Select), Array)
#3 /Users/Erlkonig/Documents/Workspace/ArenaOfGenelogy/library/Zend/Db/Adapter/Abstract.php(736): Zend_Db_Adapter_Pdo_Abstract->query(Object(Zend_Db_Select), Array)
#4 /Users/Erlkonig/Documents/Workspace/ArenaofGenelogy/application/models/AdminModel.php(151): Zend_Db_Adapter_Abstract->fetchAll(Object(Zend_Db_Select))
#5 /Users/Erlkonig/Documents/Workspace/ArenaofGenelogy/application/controllers/AdminController.php(249): AdminModel->getAdminSearch('admin_id = ')
#6 /Users/Erlkonig/Documents/Workspace/ArenaOfGenelogy/library/Zend/Controller/Action.php(516): AdminController->adminlistAction()
#7 /Users/Erlkonig/Documents/Workspace/ArenaOfGenelogy/library/Zend/Controller/Dispatcher/Standard.php(295): Zend_Controller_Action->dispatch('adminlistAction')
#8 /Users/Erlkonig/Documents/Workspace/ArenaOfGenelogy/library/Zend/Controller/Front.php(954): Zend_Controller_Dispatcher_Standard->dispatch(Object(Zend_Controller_Request_Http), Object(Zend_Controller_Response_Http))
#9 /Users/Erlkonig/Documents/Workspace/ArenaOfGenelogy/index.php(62): Zend_Controller_Front->dispatch()
#10 {main}
2013-08-14T15:17:03+09:00 ALERT (1): exception 'Zend_Controller_Dispatcher_Exception' with message 'Invalid controller specified (themes)' in /Users/Erlkonig/Documents/Workspace/ArenaOfGenelogy/library/Zend/Controller/Dispatcher/Standard.php:248
Stack trace:
#0 /Users/Erlkonig/Documents/Workspace/ArenaOfGenelogy/library/Zend/Controller/Front.php(954): Zend_Controller_Dispatcher_Standard->dispatch(Object(Zend_Controller_Request_Http), Object(Zend_Controller_Response_Http))
#1 /Users/Erlkonig/Documents/Workspace/ArenaOfGenelogy/index.php(62): Zend_Controller_Front->dispatch()
#2 {main}
2013-08-14T15:27:20+09:00 ALERT (1): exception 'Zend_Controller_Action_Exception' with message 'Action "admindeleted" does not exist and was not trapped in __call()' in /Users/Erlkonig/Documents/Workspace/ArenaOfGenelogy/library/Zend/Controller/Action.php:485
Stack trace:
#0 /Users/Erlkonig/Documents/Workspace/ArenaOfGenelogy/library/Zend/Controller/Action.php(518): Zend_Controller_Action->__call('admindeletedAct...', Array)
#1 /Users/Erlkonig/Documents/Workspace/ArenaOfGenelogy/library/Zend/Controller/Dispatcher/Standard.php(295): Zend_Controller_Action->dispatch('admindeletedAct...')
#2 /Users/Erlkonig/Documents/Workspace/ArenaOfGenelogy/library/Zend/Controller/Front.php(954): Zend_Controller_Dispatcher_Standard->dispatch(Object(Zend_Controller_Request_Http), Object(Zend_Controller_Response_Http))
#3 /Users/Erlkonig/Documents/Workspace/ArenaOfGenelogy/index.php(62): Zend_Controller_Front->dispatch()
#4 {main}
2013-08-14T15:36:48+09:00 ALERT (1): exception 'Zend_Controller_Action_Exception' with message 'Action "dminlist" does not exist and was not trapped in __call()' in /Users/Erlkonig/Documents/Workspace/ArenaOfGenelogy/library/Zend/Controller/Action.php:485
Stack trace:
#0 /Users/Erlkonig/Documents/Workspace/ArenaOfGenelogy/library/Zend/Controller/Action.php(518): Zend_Controller_Action->__call('dminlistAction', Array)
#1 /Users/Erlkonig/Documents/Workspace/ArenaOfGenelogy/library/Zend/Controller/Dispatcher/Standard.php(295): Zend_Controller_Action->dispatch('dminlistAction')
#2 /Users/Erlkonig/Documents/Workspace/ArenaOfGenelogy/library/Zend/Controller/Front.php(954): Zend_Controller_Dispatcher_Standard->dispatch(Object(Zend_Controller_Request_Http), Object(Zend_Controller_Response_Http))
#3 /Users/Erlkonig/Documents/Workspace/ArenaOfGenelogy/index.php(62): Zend_Controller_Front->dispatch()
#4 {main}
2013-08-14T15:37:19+09:00 ALERT (1): exception 'Zend_Controller_Dispatcher_Exception' with message 'Invalid controller specified (themes)' in /Users/Erlkonig/Documents/Workspace/ArenaOfGenelogy/library/Zend/Controller/Dispatcher/Standard.php:248
Stack trace:
#0 /Users/Erlkonig/Documents/Workspace/ArenaOfGenelogy/library/Zend/Controller/Front.php(954): Zend_Controller_Dispatcher_Standard->dispatch(Object(Zend_Controller_Request_Http), Object(Zend_Controller_Response_Http))
#1 /Users/Erlkonig/Documents/Workspace/ArenaOfGenelogy/index.php(62): Zend_Controller_Front->dispatch()
#2 {main}
2013-08-14T15:37:29+09:00 ALERT (1): exception 'PDOException' with message 'SQLSTATE[42S22]: Column not found: 1054 Unknown column 'admin_name' in 'field list'' in /Users/Erlkonig/Documents/Workspace/ArenaOfGenelogy/library/Zend/Db/Statement/Pdo.php:228
Stack trace:
#0 /Users/Erlkonig/Documents/Workspace/ArenaOfGenelogy/library/Zend/Db/Statement/Pdo.php(228): PDOStatement->execute(Array)
#1 /Users/Erlkonig/Documents/Workspace/ArenaOfGenelogy/library/Zend/Db/Statement.php(300): Zend_Db_Statement_Pdo->_execute(Array)
#2 /Users/Erlkonig/Documents/Workspace/ArenaOfGenelogy/library/Zend/Db/Adapter/Abstract.php(479): Zend_Db_Statement->execute(Array)
#3 /Users/Erlkonig/Documents/Workspace/ArenaOfGenelogy/library/Zend/Db/Adapter/Pdo/Abstract.php(238): Zend_Db_Adapter_Abstract->query('INSERT INTO `us...', Array)
#4 /Users/Erlkonig/Documents/Workspace/ArenaOfGenelogy/library/Zend/Db/Adapter/Abstract.php(575): Zend_Db_Adapter_Pdo_Abstract->query('INSERT INTO `us...', Array)
#5 /Users/Erlkonig/Documents/Workspace/ArenaofGenelogy/application/models/AdminModel.php(118): Zend_Db_Adapter_Abstract->insert('user', Array)
#6 /Users/Erlkonig/Documents/Workspace/ArenaofGenelogy/application/controllers/AdminController.php(406): AdminModel->userinsert(Array)
#7 /Users/Erlkonig/Documents/Workspace/ArenaOfGenelogy/library/Zend/Controller/Action.php(516): AdminController->admininsertAction()
#8 /Users/Erlkonig/Documents/Workspace/ArenaOfGenelogy/library/Zend/Controller/Dispatcher/Standard.php(295): Zend_Controller_Action->dispatch('admininsertActi...')
#9 /Users/Erlkonig/Documents/Workspace/ArenaOfGenelogy/library/Zend/Controller/Front.php(954): Zend_Controller_Dispatcher_Standard->dispatch(Object(Zend_Controller_Request_Http), Object(Zend_Controller_Response_Http))
#10 /Users/Erlkonig/Documents/Workspace/ArenaOfGenelogy/index.php(62): Zend_Controller_Front->dispatch()
#11 {main}

Next exception 'Zend_Db_Statement_Exception' with message 'SQLSTATE[42S22]: Column not found: 1054 Unknown column 'admin_name' in 'field list'' in /Users/Erlkonig/Documents/Workspace/ArenaOfGenelogy/library/Zend/Db/Statement/Pdo.php:234
Stack trace:
#0 /Users/Erlkonig/Documents/Workspace/ArenaOfGenelogy/library/Zend/Db/Statement.php(300): Zend_Db_Statement_Pdo->_execute(Array)
#1 /Users/Erlkonig/Documents/Workspace/ArenaOfGenelogy/library/Zend/Db/Adapter/Abstract.php(479): Zend_Db_Statement->execute(Array)
#2 /Users/Erlkonig/Documents/Workspace/ArenaOfGenelogy/library/Zend/Db/Adapter/Pdo/Abstract.php(238): Zend_Db_Adapter_Abstract->query('INSERT INTO `us...', Array)
#3 /Users/Erlkonig/Documents/Workspace/ArenaOfGenelogy/library/Zend/Db/Adapter/Abstract.php(575): Zend_Db_Adapter_Pdo_Abstract->query('INSERT INTO `us...', Array)
#4 /Users/Erlkonig/Documents/Workspace/ArenaofGenelogy/application/models/AdminModel.php(118): Zend_Db_Adapter_Abstract->insert('user', Array)
#5 /Users/Erlkonig/Documents/Workspace/ArenaofGenelogy/application/controllers/AdminController.php(406): AdminModel->userinsert(Array)
#6 /Users/Erlkonig/Documents/Workspace/ArenaOfGenelogy/library/Zend/Controller/Action.php(516): AdminController->admininsertAction()
#7 /Users/Erlkonig/Documents/Workspace/ArenaOfGenelogy/library/Zend/Controller/Dispatcher/Standard.php(295): Zend_Controller_Action->dispatch('admininsertActi...')
#8 /Users/Erlkonig/Documents/Workspace/ArenaOfGenelogy/library/Zend/Controller/Front.php(954): Zend_Controller_Dispatcher_Standard->dispatch(Object(Zend_Controller_Request_Http), Object(Zend_Controller_Response_Http))
#9 /Users/Erlkonig/Documents/Workspace/ArenaOfGenelogy/index.php(62): Zend_Controller_Front->dispatch()
#10 {main}
2013-08-14T15:38:38+09:00 ALERT (1): exception 'PDOException' with message 'SQLSTATE[42S22]: Column not found: 1054 Unknown column 'admin_name' in 'field list'' in /Users/Erlkonig/Documents/Workspace/ArenaOfGenelogy/library/Zend/Db/Statement/Pdo.php:228
Stack trace:
#0 /Users/Erlkonig/Documents/Workspace/ArenaOfGenelogy/library/Zend/Db/Statement/Pdo.php(228): PDOStatement->execute(Array)
#1 /Users/Erlkonig/Documents/Workspace/ArenaOfGenelogy/library/Zend/Db/Statement.php(300): Zend_Db_Statement_Pdo->_execute(Array)
#2 /Users/Erlkonig/Documents/Workspace/ArenaOfGenelogy/library/Zend/Db/Adapter/Abstract.php(479): Zend_Db_Statement->execute(Array)
#3 /Users/Erlkonig/Documents/Workspace/ArenaOfGenelogy/library/Zend/Db/Adapter/Pdo/Abstract.php(238): Zend_Db_Adapter_Abstract->query('INSERT INTO `us...', Array)
#4 /Users/Erlkonig/Documents/Workspace/ArenaOfGenelogy/library/Zend/Db/Adapter/Abstract.php(575): Zend_Db_Adapter_Pdo_Abstract->query('INSERT INTO `us...', Array)
#5 /Users/Erlkonig/Documents/Workspace/ArenaofGenelogy/application/models/AdminModel.php(118): Zend_Db_Adapter_Abstract->insert('user', Array)
#6 /Users/Erlkonig/Documents/Workspace/ArenaofGenelogy/application/controllers/AdminController.php(406): AdminModel->userinsert(Array)
#7 /Users/Erlkonig/Documents/Workspace/ArenaOfGenelogy/library/Zend/Controller/Action.php(516): AdminController->admininsertAction()
#8 /Users/Erlkonig/Documents/Workspace/ArenaOfGenelogy/library/Zend/Controller/Dispatcher/Standard.php(295): Zend_Controller_Action->dispatch('admininsertActi...')
#9 /Users/Erlkonig/Documents/Workspace/ArenaOfGenelogy/library/Zend/Controller/Front.php(954): Zend_Controller_Dispatcher_Standard->dispatch(Object(Zend_Controller_Request_Http), Object(Zend_Controller_Response_Http))
#10 /Users/Erlkonig/Documents/Workspace/ArenaOfGenelogy/index.php(62): Zend_Controller_Front->dispatch()
#11 {main}

Next exception 'Zend_Db_Statement_Exception' with message 'SQLSTATE[42S22]: Column not found: 1054 Unknown column 'admin_name' in 'field list'' in /Users/Erlkonig/Documents/Workspace/ArenaOfGenelogy/library/Zend/Db/Statement/Pdo.php:234
Stack trace:
#0 /Users/Erlkonig/Documents/Workspace/ArenaOfGenelogy/library/Zend/Db/Statement.php(300): Zend_Db_Statement_Pdo->_execute(Array)
#1 /Users/Erlkonig/Documents/Workspace/ArenaOfGenelogy/library/Zend/Db/Adapter/Abstract.php(479): Zend_Db_Statement->execute(Array)
#2 /Users/Erlkonig/Documents/Workspace/ArenaOfGenelogy/library/Zend/Db/Adapter/Pdo/Abstract.php(238): Zend_Db_Adapter_Abstract->query('INSERT INTO `us...', Array)
#3 /Users/Erlkonig/Documents/Workspace/ArenaOfGenelogy/library/Zend/Db/Adapter/Abstract.php(575): Zend_Db_Adapter_Pdo_Abstract->query('INSERT INTO `us...', Array)
#4 /Users/Erlkonig/Documents/Workspace/ArenaofGenelogy/application/models/AdminModel.php(118): Zend_Db_Adapter_Abstract->insert('user', Array)
#5 /Users/Erlkonig/Documents/Workspace/ArenaofGenelogy/application/controllers/AdminController.php(406): AdminModel->userinsert(Array)
#6 /Users/Erlkonig/Documents/Workspace/ArenaOfGenelogy/library/Zend/Controller/Action.php(516): AdminController->admininsertAction()
#7 /Users/Erlkonig/Documents/Workspace/ArenaOfGenelogy/library/Zend/Controller/Dispatcher/Standard.php(295): Zend_Controller_Action->dispatch('admininsertActi...')
#8 /Users/Erlkonig/Documents/Workspace/ArenaOfGenelogy/library/Zend/Controller/Front.php(954): Zend_Controller_Dispatcher_Standard->dispatch(Object(Zend_Controller_Request_Http), Object(Zend_Controller_Response_Http))
#9 /Users/Erlkonig/Documents/Workspace/ArenaOfGenelogy/index.php(62): Zend_Controller_Front->dispatch()
#10 {main}
2013-08-14T15:38:44+09:00 ALERT (1): exception 'Zend_Controller_Dispatcher_Exception' with message 'Invalid controller specified (themes)' in /Users/Erlkonig/Documents/Workspace/ArenaOfGenelogy/library/Zend/Controller/Dispatcher/Standard.php:248
Stack trace:
#0 /Users/Erlkonig/Documents/Workspace/ArenaOfGenelogy/library/Zend/Controller/Front.php(954): Zend_Controller_Dispatcher_Standard->dispatch(Object(Zend_Controller_Request_Http), Object(Zend_Controller_Response_Http))
#1 /Users/Erlkonig/Documents/Workspace/ArenaOfGenelogy/index.php(62): Zend_Controller_Front->dispatch()
#2 {main}
2013-08-14T15:38:50+09:00 ALERT (1): exception 'PDOException' with message 'SQLSTATE[42S22]: Column not found: 1054 Unknown column 'admin_name' in 'field list'' in /Users/Erlkonig/Documents/Workspace/ArenaOfGenelogy/library/Zend/Db/Statement/Pdo.php:228
Stack trace:
#0 /Users/Erlkonig/Documents/Workspace/ArenaOfGenelogy/library/Zend/Db/Statement/Pdo.php(228): PDOStatement->execute(Array)
#1 /Users/Erlkonig/Documents/Workspace/ArenaOfGenelogy/library/Zend/Db/Statement.php(300): Zend_Db_Statement_Pdo->_execute(Array)
#2 /Users/Erlkonig/Documents/Workspace/ArenaOfGenelogy/library/Zend/Db/Adapter/Abstract.php(479): Zend_Db_Statement->execute(Array)
#3 /Users/Erlkonig/Documents/Workspace/ArenaOfGenelogy/library/Zend/Db/Adapter/Pdo/Abstract.php(238): Zend_Db_Adapter_Abstract->query('INSERT INTO `us...', Array)
#4 /Users/Erlkonig/Documents/Workspace/ArenaOfGenelogy/library/Zend/Db/Adapter/Abstract.php(575): Zend_Db_Adapter_Pdo_Abstract->query('INSERT INTO `us...', Array)
#5 /Users/Erlkonig/Documents/Workspace/ArenaofGenelogy/application/models/AdminModel.php(118): Zend_Db_Adapter_Abstract->insert('user', Array)
#6 /Users/Erlkonig/Documents/Workspace/ArenaofGenelogy/application/controllers/AdminController.php(406): AdminModel->userinsert(Array)
#7 /Users/Erlkonig/Documents/Workspace/ArenaOfGenelogy/library/Zend/Controller/Action.php(516): AdminController->admininsertAction()
#8 /Users/Erlkonig/Documents/Workspace/ArenaOfGenelogy/library/Zend/Controller/Dispatcher/Standard.php(295): Zend_Controller_Action->dispatch('admininsertActi...')
#9 /Users/Erlkonig/Documents/Workspace/ArenaOfGenelogy/library/Zend/Controller/Front.php(954): Zend_Controller_Dispatcher_Standard->dispatch(Object(Zend_Controller_Request_Http), Object(Zend_Controller_Response_Http))
#10 /Users/Erlkonig/Documents/Workspace/ArenaOfGenelogy/index.php(62): Zend_Controller_Front->dispatch()
#11 {main}

Next exception 'Zend_Db_Statement_Exception' with message 'SQLSTATE[42S22]: Column not found: 1054 Unknown column 'admin_name' in 'field list'' in /Users/Erlkonig/Documents/Workspace/ArenaOfGenelogy/library/Zend/Db/Statement/Pdo.php:234
Stack trace:
#0 /Users/Erlkonig/Documents/Workspace/ArenaOfGenelogy/library/Zend/Db/Statement.php(300): Zend_Db_Statement_Pdo->_execute(Array)
#1 /Users/Erlkonig/Documents/Workspace/ArenaOfGenelogy/library/Zend/Db/Adapter/Abstract.php(479): Zend_Db_Statement->execute(Array)
#2 /Users/Erlkonig/Documents/Workspace/ArenaOfGenelogy/library/Zend/Db/Adapter/Pdo/Abstract.php(238): Zend_Db_Adapter_Abstract->query('INSERT INTO `us...', Array)
#3 /Users/Erlkonig/Documents/Workspace/ArenaOfGenelogy/library/Zend/Db/Adapter/Abstract.php(575): Zend_Db_Adapter_Pdo_Abstract->query('INSERT INTO `us...', Array)
#4 /Users/Erlkonig/Documents/Workspace/ArenaofGenelogy/application/models/AdminModel.php(118): Zend_Db_Adapter_Abstract->insert('user', Array)
#5 /Users/Erlkonig/Documents/Workspace/ArenaofGenelogy/application/controllers/AdminController.php(406): AdminModel->userinsert(Array)
#6 /Users/Erlkonig/Documents/Workspace/ArenaOfGenelogy/library/Zend/Controller/Action.php(516): AdminController->admininsertAction()
#7 /Users/Erlkonig/Documents/Workspace/ArenaOfGenelogy/library/Zend/Controller/Dispatcher/Standard.php(295): Zend_Controller_Action->dispatch('admininsertActi...')
#8 /Users/Erlkonig/Documents/Workspace/ArenaOfGenelogy/library/Zend/Controller/Front.php(954): Zend_Controller_Dispatcher_Standard->dispatch(Object(Zend_Controller_Request_Http), Object(Zend_Controller_Response_Http))
#9 /Users/Erlkonig/Documents/Workspace/ArenaOfGenelogy/index.php(62): Zend_Controller_Front->dispatch()
#10 {main}
2013-08-14T15:39:56+09:00 ALERT (1): exception 'PDOException' with message 'SQLSTATE[42S22]: Column not found: 1054 Unknown column 'password' in 'field list'' in /Users/Erlkonig/Documents/Workspace/ArenaOfGenelogy/library/Zend/Db/Statement/Pdo.php:228
Stack trace:
#0 /Users/Erlkonig/Documents/Workspace/ArenaOfGenelogy/library/Zend/Db/Statement/Pdo.php(228): PDOStatement->execute(Array)
#1 /Users/Erlkonig/Documents/Workspace/ArenaOfGenelogy/library/Zend/Db/Statement.php(300): Zend_Db_Statement_Pdo->_execute(Array)
#2 /Users/Erlkonig/Documents/Workspace/ArenaOfGenelogy/library/Zend/Db/Adapter/Abstract.php(479): Zend_Db_Statement->execute(Array)
#3 /Users/Erlkonig/Documents/Workspace/ArenaOfGenelogy/library/Zend/Db/Adapter/Pdo/Abstract.php(238): Zend_Db_Adapter_Abstract->query('INSERT INTO `ad...', Array)
#4 /Users/Erlkonig/Documents/Workspace/ArenaOfGenelogy/library/Zend/Db/Adapter/Abstract.php(575): Zend_Db_Adapter_Pdo_Abstract->query('INSERT INTO `ad...', Array)
#5 /Users/Erlkonig/Documents/Workspace/ArenaofGenelogy/application/models/AdminModel.php(128): Zend_Db_Adapter_Abstract->insert('admin', Array)
#6 /Users/Erlkonig/Documents/Workspace/ArenaofGenelogy/application/controllers/AdminController.php(406): AdminModel->admininsert(Array)
#7 /Users/Erlkonig/Documents/Workspace/ArenaOfGenelogy/library/Zend/Controller/Action.php(516): AdminController->admininsertAction()
#8 /Users/Erlkonig/Documents/Workspace/ArenaOfGenelogy/library/Zend/Controller/Dispatcher/Standard.php(295): Zend_Controller_Action->dispatch('admininsertActi...')
#9 /Users/Erlkonig/Documents/Workspace/ArenaOfGenelogy/library/Zend/Controller/Front.php(954): Zend_Controller_Dispatcher_Standard->dispatch(Object(Zend_Controller_Request_Http), Object(Zend_Controller_Response_Http))
#10 /Users/Erlkonig/Documents/Workspace/ArenaOfGenelogy/index.php(62): Zend_Controller_Front->dispatch()
#11 {main}

Next exception 'Zend_Db_Statement_Exception' with message 'SQLSTATE[42S22]: Column not found: 1054 Unknown column 'password' in 'field list'' in /Users/Erlkonig/Documents/Workspace/ArenaOfGenelogy/library/Zend/Db/Statement/Pdo.php:234
Stack trace:
#0 /Users/Erlkonig/Documents/Workspace/ArenaOfGenelogy/library/Zend/Db/Statement.php(300): Zend_Db_Statement_Pdo->_execute(Array)
#1 /Users/Erlkonig/Documents/Workspace/ArenaOfGenelogy/library/Zend/Db/Adapter/Abstract.php(479): Zend_Db_Statement->execute(Array)
#2 /Users/Erlkonig/Documents/Workspace/ArenaOfGenelogy/library/Zend/Db/Adapter/Pdo/Abstract.php(238): Zend_Db_Adapter_Abstract->query('INSERT INTO `ad...', Array)
#3 /Users/Erlkonig/Documents/Workspace/ArenaOfGenelogy/library/Zend/Db/Adapter/Abstract.php(575): Zend_Db_Adapter_Pdo_Abstract->query('INSERT INTO `ad...', Array)
#4 /Users/Erlkonig/Documents/Workspace/ArenaofGenelogy/application/models/AdminModel.php(128): Zend_Db_Adapter_Abstract->insert('admin', Array)
#5 /Users/Erlkonig/Documents/Workspace/ArenaofGenelogy/application/controllers/AdminController.php(406): AdminModel->admininsert(Array)
#6 /Users/Erlkonig/Documents/Workspace/ArenaOfGenelogy/library/Zend/Controller/Action.php(516): AdminController->admininsertAction()
#7 /Users/Erlkonig/Documents/Workspace/ArenaOfGenelogy/library/Zend/Controller/Dispatcher/Standard.php(295): Zend_Controller_Action->dispatch('admininsertActi...')
#8 /Users/Erlkonig/Documents/Workspace/ArenaOfGenelogy/library/Zend/Controller/Front.php(954): Zend_Controller_Dispatcher_Standard->dispatch(Object(Zend_Controller_Request_Http), Object(Zend_Controller_Response_Http))
#9 /Users/Erlkonig/Documents/Workspace/ArenaOfGenelogy/index.php(62): Zend_Controller_Front->dispatch()
#10 {main}
2013-08-14T15:39:59+09:00 ALERT (1): exception 'Zend_Controller_Dispatcher_Exception' with message 'Invalid controller specified (themes)' in /Users/Erlkonig/Documents/Workspace/ArenaOfGenelogy/library/Zend/Controller/Dispatcher/Standard.php:248
Stack trace:
#0 /Users/Erlkonig/Documents/Workspace/ArenaOfGenelogy/library/Zend/Controller/Front.php(954): Zend_Controller_Dispatcher_Standard->dispatch(Object(Zend_Controller_Request_Http), Object(Zend_Controller_Response_Http))
#1 /Users/Erlkonig/Documents/Workspace/ArenaOfGenelogy/index.php(62): Zend_Controller_Front->dispatch()
#2 {main}
2013-08-14T15:40:04+09:00 ALERT (1): exception 'PDOException' with message 'SQLSTATE[42S22]: Column not found: 1054 Unknown column 'password' in 'field list'' in /Users/Erlkonig/Documents/Workspace/ArenaOfGenelogy/library/Zend/Db/Statement/Pdo.php:228
Stack trace:
#0 /Users/Erlkonig/Documents/Workspace/ArenaOfGenelogy/library/Zend/Db/Statement/Pdo.php(228): PDOStatement->execute(Array)
#1 /Users/Erlkonig/Documents/Workspace/ArenaOfGenelogy/library/Zend/Db/Statement.php(300): Zend_Db_Statement_Pdo->_execute(Array)
#2 /Users/Erlkonig/Documents/Workspace/ArenaOfGenelogy/library/Zend/Db/Adapter/Abstract.php(479): Zend_Db_Statement->execute(Array)
#3 /Users/Erlkonig/Documents/Workspace/ArenaOfGenelogy/library/Zend/Db/Adapter/Pdo/Abstract.php(238): Zend_Db_Adapter_Abstract->query('INSERT INTO `ad...', Array)
#4 /Users/Erlkonig/Documents/Workspace/ArenaOfGenelogy/library/Zend/Db/Adapter/Abstract.php(575): Zend_Db_Adapter_Pdo_Abstract->query('INSERT INTO `ad...', Array)
#5 /Users/Erlkonig/Documents/Workspace/ArenaofGenelogy/application/models/AdminModel.php(128): Zend_Db_Adapter_Abstract->insert('admin', Array)
#6 /Users/Erlkonig/Documents/Workspace/ArenaofGenelogy/application/controllers/AdminController.php(406): AdminModel->admininsert(Array)
#7 /Users/Erlkonig/Documents/Workspace/ArenaOfGenelogy/library/Zend/Controller/Action.php(516): AdminController->admininsertAction()
#8 /Users/Erlkonig/Documents/Workspace/ArenaOfGenelogy/library/Zend/Controller/Dispatcher/Standard.php(295): Zend_Controller_Action->dispatch('admininsertActi...')
#9 /Users/Erlkonig/Documents/Workspace/ArenaOfGenelogy/library/Zend/Controller/Front.php(954): Zend_Controller_Dispatcher_Standard->dispatch(Object(Zend_Controller_Request_Http), Object(Zend_Controller_Response_Http))
#10 /Users/Erlkonig/Documents/Workspace/ArenaOfGenelogy/index.php(62): Zend_Controller_Front->dispatch()
#11 {main}

Next exception 'Zend_Db_Statement_Exception' with message 'SQLSTATE[42S22]: Column not found: 1054 Unknown column 'password' in 'field list'' in /Users/Erlkonig/Documents/Workspace/ArenaOfGenelogy/library/Zend/Db/Statement/Pdo.php:234
Stack trace:
#0 /Users/Erlkonig/Documents/Workspace/ArenaOfGenelogy/library/Zend/Db/Statement.php(300): Zend_Db_Statement_Pdo->_execute(Array)
#1 /Users/Erlkonig/Documents/Workspace/ArenaOfGenelogy/library/Zend/Db/Adapter/Abstract.php(479): Zend_Db_Statement->execute(Array)
#2 /Users/Erlkonig/Documents/Workspace/ArenaOfGenelogy/library/Zend/Db/Adapter/Pdo/Abstract.php(238): Zend_Db_Adapter_Abstract->query('INSERT INTO `ad...', Array)
#3 /Users/Erlkonig/Documents/Workspace/ArenaOfGenelogy/library/Zend/Db/Adapter/Abstract.php(575): Zend_Db_Adapter_Pdo_Abstract->query('INSERT INTO `ad...', Array)
#4 /Users/Erlkonig/Documents/Workspace/ArenaofGenelogy/application/models/AdminModel.php(128): Zend_Db_Adapter_Abstract->insert('admin', Array)
#5 /Users/Erlkonig/Documents/Workspace/ArenaofGenelogy/application/controllers/AdminController.php(406): AdminModel->admininsert(Array)
#6 /Users/Erlkonig/Documents/Workspace/ArenaOfGenelogy/library/Zend/Controller/Action.php(516): AdminController->admininsertAction()
#7 /Users/Erlkonig/Documents/Workspace/ArenaOfGenelogy/library/Zend/Controller/Dispatcher/Standard.php(295): Zend_Controller_Action->dispatch('admininsertActi...')
#8 /Users/Erlkonig/Documents/Workspace/ArenaOfGenelogy/library/Zend/Controller/Front.php(954): Zend_Controller_Dispatcher_Standard->dispatch(Object(Zend_Controller_Request_Http), Object(Zend_Controller_Response_Http))
#9 /Users/Erlkonig/Documents/Workspace/ArenaOfGenelogy/index.php(62): Zend_Controller_Front->dispatch()
#10 {main}
2013-08-14T15:41:13+09:00 ALERT (1): exception 'Zend_Controller_Dispatcher_Exception' with message 'Invalid controller specified (themes)' in /Users/Erlkonig/Documents/Workspace/ArenaOfGenelogy/library/Zend/Controller/Dispatcher/Standard.php:248
Stack trace:
#0 /Users/Erlkonig/Documents/Workspace/ArenaOfGenelogy/library/Zend/Controller/Front.php(954): Zend_Controller_Dispatcher_Standard->dispatch(Object(Zend_Controller_Request_Http), Object(Zend_Controller_Response_Http))
#1 /Users/Erlkonig/Documents/Workspace/ArenaOfGenelogy/index.php(62): Zend_Controller_Front->dispatch()
#2 {main}
2013-08-14T15:45:33+09:00 ALERT (1): exception 'Zend_Controller_Dispatcher_Exception' with message 'Invalid controller specified (themes)' in /Users/Erlkonig/Documents/Workspace/ArenaOfGenelogy/library/Zend/Controller/Dispatcher/Standard.php:248
Stack trace:
#0 /Users/Erlkonig/Documents/Workspace/ArenaOfGenelogy/library/Zend/Controller/Front.php(954): Zend_Controller_Dispatcher_Standard->dispatch(Object(Zend_Controller_Request_Http), Object(Zend_Controller_Response_Http))
#1 /Users/Erlkonig/Documents/Workspace/ArenaOfGenelogy/index.php(62): Zend_Controller_Front->dispatch()
#2 {main}
2013-08-14T15:48:04+09:00 ALERT (1): exception 'Zend_Controller_Dispatcher_Exception' with message 'Invalid controller specified (themes)' in /Users/Erlkonig/Documents/Workspace/ArenaOfGenelogy/library/Zend/Controller/Dispatcher/Standard.php:248
Stack trace:
#0 /Users/Erlkonig/Documents/Workspace/ArenaOfGenelogy/library/Zend/Controller/Front.php(954): Zend_Controller_Dispatcher_Standard->dispatch(Object(Zend_Controller_Request_Http), Object(Zend_Controller_Response_Http))
#1 /Users/Erlkonig/Documents/Workspace/ArenaOfGenelogy/index.php(62): Zend_Controller_Front->dispatch()
#2 {main}
2013-08-14T15:48:32+09:00 ALERT (1): exception 'Zend_Controller_Dispatcher_Exception' with message 'Invalid controller specified (themes)' in /Users/Erlkonig/Documents/Workspace/ArenaOfGenelogy/library/Zend/Controller/Dispatcher/Standard.php:248
Stack trace:
#0 /Users/Erlkonig/Documents/Workspace/ArenaOfGenelogy/library/Zend/Controller/Front.php(954): Zend_Controller_Dispatcher_Standard->dispatch(Object(Zend_Controller_Request_Http), Object(Zend_Controller_Response_Http))
#1 /Users/Erlkonig/Documents/Workspace/ArenaOfGenelogy/index.php(62): Zend_Controller_Front->dispatch()
#2 {main}
2013-08-14T15:54:21+09:00 ALERT (1): exception 'Zend_Controller_Dispatcher_Exception' with message 'Invalid controller specified (themes)' in /Users/Erlkonig/Documents/Workspace/ArenaOfGenelogy/library/Zend/Controller/Dispatcher/Standard.php:248
Stack trace:
#0 /Users/Erlkonig/Documents/Workspace/ArenaOfGenelogy/library/Zend/Controller/Front.php(954): Zend_Controller_Dispatcher_Standard->dispatch(Object(Zend_Controller_Request_Http), Object(Zend_Controller_Response_Http))
#1 /Users/Erlkonig/Documents/Workspace/ArenaOfGenelogy/index.php(62): Zend_Controller_Front->dispatch()
#2 {main}
2013-08-14T16:00:57+09:00 ALERT (1): exception 'Zend_Controller_Dispatcher_Exception' with message 'Invalid controller specified (themes)' in /Users/Erlkonig/Documents/Workspace/ArenaOfGenelogy/library/Zend/Controller/Dispatcher/Standard.php:248
Stack trace:
#0 /Users/Erlkonig/Documents/Workspace/ArenaOfGenelogy/library/Zend/Controller/Front.php(954): Zend_Controller_Dispatcher_Standard->dispatch(Object(Zend_Controller_Request_Http), Object(Zend_Controller_Response_Http))
#1 /Users/Erlkonig/Documents/Workspace/ArenaOfGenelogy/index.php(62): Zend_Controller_Front->dispatch()
#2 {main}
2013-08-14T16:02:42+09:00 ALERT (1): exception 'Zend_Controller_Dispatcher_Exception' with message 'Invalid controller specified (themes)' in /Users/Erlkonig/Documents/Workspace/ArenaOfGenelogy/library/Zend/Controller/Dispatcher/Standard.php:248
Stack trace:
#0 /Users/Erlkonig/Documents/Workspace/ArenaOfGenelogy/library/Zend/Controller/Front.php(954): Zend_Controller_Dispatcher_Standard->dispatch(Object(Zend_Controller_Request_Http), Object(Zend_Controller_Response_Http))
#1 /Users/Erlkonig/Documents/Workspace/ArenaOfGenelogy/index.php(62): Zend_Controller_Front->dispatch()
#2 {main}
2013-08-14T16:03:09+09:00 ALERT (1): exception 'Zend_Controller_Dispatcher_Exception' with message 'Invalid controller specified (themes)' in /Users/Erlkonig/Documents/Workspace/ArenaOfGenelogy/library/Zend/Controller/Dispatcher/Standard.php:248
Stack trace:
#0 /Users/Erlkonig/Documents/Workspace/ArenaOfGenelogy/library/Zend/Controller/Front.php(954): Zend_Controller_Dispatcher_Standard->dispatch(Object(Zend_Controller_Request_Http), Object(Zend_Controller_Response_Http))
#1 /Users/Erlkonig/Documents/Workspace/ArenaOfGenelogy/index.php(62): Zend_Controller_Front->dispatch()
#2 {main}
2013-08-14T16:03:16+09:00 ALERT (1): exception 'PDOException' with message 'SQLSTATE[42S22]: Column not found: 1054 Unknown column 'password' in 'field list'' in /Users/Erlkonig/Documents/Workspace/ArenaOfGenelogy/library/Zend/Db/Statement/Pdo.php:228
Stack trace:
#0 /Users/Erlkonig/Documents/Workspace/ArenaOfGenelogy/library/Zend/Db/Statement/Pdo.php(228): PDOStatement->execute(Array)
#1 /Users/Erlkonig/Documents/Workspace/ArenaOfGenelogy/library/Zend/Db/Statement.php(300): Zend_Db_Statement_Pdo->_execute(Array)
#2 /Users/Erlkonig/Documents/Workspace/ArenaOfGenelogy/library/Zend/Db/Adapter/Abstract.php(479): Zend_Db_Statement->execute(Array)
#3 /Users/Erlkonig/Documents/Workspace/ArenaOfGenelogy/library/Zend/Db/Adapter/Pdo/Abstract.php(238): Zend_Db_Adapter_Abstract->query('UPDATE `admin` ...', Array)
#4 /Users/Erlkonig/Documents/Workspace/ArenaOfGenelogy/library/Zend/Db/Adapter/Abstract.php(634): Zend_Db_Adapter_Pdo_Abstract->query('UPDATE `admin` ...', Array)
#5 /Users/Erlkonig/Documents/Workspace/ArenaofGenelogy/application/models/AdminModel.php(108): Zend_Db_Adapter_Abstract->update('admin', Array, 'admin_id = 4')
#6 /Users/Erlkonig/Documents/Workspace/ArenaofGenelogy/application/controllers/AdminController.php(383): AdminModel->adminupdate(Array)
#7 /Users/Erlkonig/Documents/Workspace/ArenaOfGenelogy/library/Zend/Controller/Action.php(516): AdminController->adminupdateAction()
#8 /Users/Erlkonig/Documents/Workspace/ArenaOfGenelogy/library/Zend/Controller/Dispatcher/Standard.php(295): Zend_Controller_Action->dispatch('adminupdateActi...')
#9 /Users/Erlkonig/Documents/Workspace/ArenaOfGenelogy/library/Zend/Controller/Front.php(954): Zend_Controller_Dispatcher_Standard->dispatch(Object(Zend_Controller_Request_Http), Object(Zend_Controller_Response_Http))
#10 /Users/Erlkonig/Documents/Workspace/ArenaOfGenelogy/index.php(62): Zend_Controller_Front->dispatch()
#11 {main}

Next exception 'Zend_Db_Statement_Exception' with message 'SQLSTATE[42S22]: Column not found: 1054 Unknown column 'password' in 'field list'' in /Users/Erlkonig/Documents/Workspace/ArenaOfGenelogy/library/Zend/Db/Statement/Pdo.php:234
Stack trace:
#0 /Users/Erlkonig/Documents/Workspace/ArenaOfGenelogy/library/Zend/Db/Statement.php(300): Zend_Db_Statement_Pdo->_execute(Array)
#1 /Users/Erlkonig/Documents/Workspace/ArenaOfGenelogy/library/Zend/Db/Adapter/Abstract.php(479): Zend_Db_Statement->execute(Array)
#2 /Users/Erlkonig/Documents/Workspace/ArenaOfGenelogy/library/Zend/Db/Adapter/Pdo/Abstract.php(238): Zend_Db_Adapter_Abstract->query('UPDATE `admin` ...', Array)
#3 /Users/Erlkonig/Documents/Workspace/ArenaOfGenelogy/library/Zend/Db/Adapter/Abstract.php(634): Zend_Db_Adapter_Pdo_Abstract->query('UPDATE `admin` ...', Array)
#4 /Users/Erlkonig/Documents/Workspace/ArenaofGenelogy/application/models/AdminModel.php(108): Zend_Db_Adapter_Abstract->update('admin', Array, 'admin_id = 4')
#5 /Users/Erlkonig/Documents/Workspace/ArenaofGenelogy/application/controllers/AdminController.php(383): AdminModel->adminupdate(Array)
#6 /Users/Erlkonig/Documents/Workspace/ArenaOfGenelogy/library/Zend/Controller/Action.php(516): AdminController->adminupdateAction()
#7 /Users/Erlkonig/Documents/Workspace/ArenaOfGenelogy/library/Zend/Controller/Dispatcher/Standard.php(295): Zend_Controller_Action->dispatch('adminupdateActi...')
#8 /Users/Erlkonig/Documents/Workspace/ArenaOfGenelogy/library/Zend/Controller/Front.php(954): Zend_Controller_Dispatcher_Standard->dispatch(Object(Zend_Controller_Request_Http), Object(Zend_Controller_Response_Http))
#9 /Users/Erlkonig/Documents/Workspace/ArenaOfGenelogy/index.php(62): Zend_Controller_Front->dispatch()
#10 {main}
2013-08-14T16:03:35+09:00 ALERT (1): exception 'Zend_Controller_Dispatcher_Exception' with message 'Invalid controller specified (themes)' in /Users/Erlkonig/Documents/Workspace/ArenaOfGenelogy/library/Zend/Controller/Dispatcher/Standard.php:248
Stack trace:
#0 /Users/Erlkonig/Documents/Workspace/ArenaOfGenelogy/library/Zend/Controller/Front.php(954): Zend_Controller_Dispatcher_Standard->dispatch(Object(Zend_Controller_Request_Http), Object(Zend_Controller_Response_Http))
#1 /Users/Erlkonig/Documents/Workspace/ArenaOfGenelogy/index.php(62): Zend_Controller_Front->dispatch()
#2 {main}
2013-08-14T16:03:39+09:00 ALERT (1): exception 'PDOException' with message 'SQLSTATE[42S22]: Column not found: 1054 Unknown column 'password' in 'field list'' in /Users/Erlkonig/Documents/Workspace/ArenaOfGenelogy/library/Zend/Db/Statement/Pdo.php:228
Stack trace:
#0 /Users/Erlkonig/Documents/Workspace/ArenaOfGenelogy/library/Zend/Db/Statement/Pdo.php(228): PDOStatement->execute(Array)
#1 /Users/Erlkonig/Documents/Workspace/ArenaOfGenelogy/library/Zend/Db/Statement.php(300): Zend_Db_Statement_Pdo->_execute(Array)
#2 /Users/Erlkonig/Documents/Workspace/ArenaOfGenelogy/library/Zend/Db/Adapter/Abstract.php(479): Zend_Db_Statement->execute(Array)
#3 /Users/Erlkonig/Documents/Workspace/ArenaOfGenelogy/library/Zend/Db/Adapter/Pdo/Abstract.php(238): Zend_Db_Adapter_Abstract->query('UPDATE `admin` ...', Array)
#4 /Users/Erlkonig/Documents/Workspace/ArenaOfGenelogy/library/Zend/Db/Adapter/Abstract.php(634): Zend_Db_Adapter_Pdo_Abstract->query('UPDATE `admin` ...', Array)
#5 /Users/Erlkonig/Documents/Workspace/ArenaofGenelogy/application/models/AdminModel.php(108): Zend_Db_Adapter_Abstract->update('admin', Array, 'admin_id = 4')
#6 /Users/Erlkonig/Documents/Workspace/ArenaofGenelogy/application/controllers/AdminController.php(383): AdminModel->adminupdate(Array)
#7 /Users/Erlkonig/Documents/Workspace/ArenaOfGenelogy/library/Zend/Controller/Action.php(516): AdminController->adminupdateAction()
#8 /Users/Erlkonig/Documents/Workspace/ArenaOfGenelogy/library/Zend/Controller/Dispatcher/Standard.php(295): Zend_Controller_Action->dispatch('adminupdateActi...')
#9 /Users/Erlkonig/Documents/Workspace/ArenaOfGenelogy/library/Zend/Controller/Front.php(954): Zend_Controller_Dispatcher_Standard->dispatch(Object(Zend_Controller_Request_Http), Object(Zend_Controller_Response_Http))
#10 /Users/Erlkonig/Documents/Workspace/ArenaOfGenelogy/index.php(62): Zend_Controller_Front->dispatch()
#11 {main}

Next exception 'Zend_Db_Statement_Exception' with message 'SQLSTATE[42S22]: Column not found: 1054 Unknown column 'password' in 'field list'' in /Users/Erlkonig/Documents/Workspace/ArenaOfGenelogy/library/Zend/Db/Statement/Pdo.php:234
Stack trace:
#0 /Users/Erlkonig/Documents/Workspace/ArenaOfGenelogy/library/Zend/Db/Statement.php(300): Zend_Db_Statement_Pdo->_execute(Array)
#1 /Users/Erlkonig/Documents/Workspace/ArenaOfGenelogy/library/Zend/Db/Adapter/Abstract.php(479): Zend_Db_Statement->execute(Array)
#2 /Users/Erlkonig/Documents/Workspace/ArenaOfGenelogy/library/Zend/Db/Adapter/Pdo/Abstract.php(238): Zend_Db_Adapter_Abstract->query('UPDATE `admin` ...', Array)
#3 /Users/Erlkonig/Documents/Workspace/ArenaOfGenelogy/library/Zend/Db/Adapter/Abstract.php(634): Zend_Db_Adapter_Pdo_Abstract->query('UPDATE `admin` ...', Array)
#4 /Users/Erlkonig/Documents/Workspace/ArenaofGenelogy/application/models/AdminModel.php(108): Zend_Db_Adapter_Abstract->update('admin', Array, 'admin_id = 4')
#5 /Users/Erlkonig/Documents/Workspace/ArenaofGenelogy/application/controllers/AdminController.php(383): AdminModel->adminupdate(Array)
#6 /Users/Erlkonig/Documents/Workspace/ArenaOfGenelogy/library/Zend/Controller/Action.php(516): AdminController->adminupdateAction()
#7 /Users/Erlkonig/Documents/Workspace/ArenaOfGenelogy/library/Zend/Controller/Dispatcher/Standard.php(295): Zend_Controller_Action->dispatch('adminupdateActi...')
#8 /Users/Erlkonig/Documents/Workspace/ArenaOfGenelogy/library/Zend/Controller/Front.php(954): Zend_Controller_Dispatcher_Standard->dispatch(Object(Zend_Controller_Request_Http), Object(Zend_Controller_Response_Http))
#9 /Users/Erlkonig/Documents/Workspace/ArenaOfGenelogy/index.php(62): Zend_Controller_Front->dispatch()
#10 {main}
2013-08-14T16:03:54+09:00 ALERT (1): exception 'Zend_Controller_Dispatcher_Exception' with message 'Invalid controller specified (themes)' in /Users/Erlkonig/Documents/Workspace/ArenaOfGenelogy/library/Zend/Controller/Dispatcher/Standard.php:248
Stack trace:
#0 /Users/Erlkonig/Documents/Workspace/ArenaOfGenelogy/library/Zend/Controller/Front.php(954): Zend_Controller_Dispatcher_Standard->dispatch(Object(Zend_Controller_Request_Http), Object(Zend_Controller_Response_Http))
#1 /Users/Erlkonig/Documents/Workspace/ArenaOfGenelogy/index.php(62): Zend_Controller_Front->dispatch()
#2 {main}
2013-08-14T16:03:58+09:00 ALERT (1): exception 'SmartyException' with message 'Unable to load template file 'admin/adminupdate.tpl'' in /Users/Erlkonig/Documents/Workspace/ArenaofGenelogy/library/smarty/sysplugins/smarty_internal_templatebase.php:127
Stack trace:
#0 /Users/Erlkonig/Documents/Workspace/ArenaofGenelogy/library/smarty/Zend_View_Smarty.php(184): Smarty_Internal_TemplateBase->fetch('admin/adminupda...')
#1 /Users/Erlkonig/Documents/Workspace/ArenaOfGenelogy/library/Zend/Controller/Action/Helper/ViewRenderer.php(901): Zend_View_Smarty->render('admin/adminupda...')
#2 /Users/Erlkonig/Documents/Workspace/ArenaOfGenelogy/library/Zend/Controller/Action/Helper/ViewRenderer.php(922): Zend_Controller_Action_Helper_ViewRenderer->renderScript('admin/adminupda...', NULL)
#3 /Users/Erlkonig/Documents/Workspace/ArenaOfGenelogy/library/Zend/Controller/Action/Helper/ViewRenderer.php(961): Zend_Controller_Action_Helper_ViewRenderer->render()
#4 /Users/Erlkonig/Documents/Workspace/ArenaOfGenelogy/library/Zend/Controller/Action/HelperBroker.php(277): Zend_Controller_Action_Helper_ViewRenderer->postDispatch()
#5 /Users/Erlkonig/Documents/Workspace/ArenaOfGenelogy/library/Zend/Controller/Action.php(527): Zend_Controller_Action_HelperBroker->notifyPostDispatch()
#6 /Users/Erlkonig/Documents/Workspace/ArenaOfGenelogy/library/Zend/Controller/Dispatcher/Standard.php(295): Zend_Controller_Action->dispatch('adminupdateActi...')
#7 /Users/Erlkonig/Documents/Workspace/ArenaOfGenelogy/library/Zend/Controller/Front.php(954): Zend_Controller_Dispatcher_Standard->dispatch(Object(Zend_Controller_Request_Http), Object(Zend_Controller_Response_Http))
#8 /Users/Erlkonig/Documents/Workspace/ArenaOfGenelogy/index.php(62): Zend_Controller_Front->dispatch()
#9 {main}
2013-08-14T16:04:28+09:00 ALERT (1): exception 'Zend_Controller_Dispatcher_Exception' with message 'Invalid controller specified (themes)' in /Users/Erlkonig/Documents/Workspace/ArenaOfGenelogy/library/Zend/Controller/Dispatcher/Standard.php:248
Stack trace:
#0 /Users/Erlkonig/Documents/Workspace/ArenaOfGenelogy/library/Zend/Controller/Front.php(954): Zend_Controller_Dispatcher_Standard->dispatch(Object(Zend_Controller_Request_Http), Object(Zend_Controller_Response_Http))
#1 /Users/Erlkonig/Documents/Workspace/ArenaOfGenelogy/index.php(62): Zend_Controller_Front->dispatch()
#2 {main}
2013-08-14T16:04:33+09:00 ALERT (1): exception 'SmartyException' with message 'Unable to load template file 'admin/adminupdate.tpl'' in /Users/Erlkonig/Documents/Workspace/ArenaofGenelogy/library/smarty/sysplugins/smarty_internal_templatebase.php:127
Stack trace:
#0 /Users/Erlkonig/Documents/Workspace/ArenaofGenelogy/library/smarty/Zend_View_Smarty.php(184): Smarty_Internal_TemplateBase->fetch('admin/adminupda...')
#1 /Users/Erlkonig/Documents/Workspace/ArenaOfGenelogy/library/Zend/Controller/Action/Helper/ViewRenderer.php(901): Zend_View_Smarty->render('admin/adminupda...')
#2 /Users/Erlkonig/Documents/Workspace/ArenaOfGenelogy/library/Zend/Controller/Action/Helper/ViewRenderer.php(922): Zend_Controller_Action_Helper_ViewRenderer->renderScript('admin/adminupda...', NULL)
#3 /Users/Erlkonig/Documents/Workspace/ArenaOfGenelogy/library/Zend/Controller/Action/Helper/ViewRenderer.php(961): Zend_Controller_Action_Helper_ViewRenderer->render()
#4 /Users/Erlkonig/Documents/Workspace/ArenaOfGenelogy/library/Zend/Controller/Action/HelperBroker.php(277): Zend_Controller_Action_Helper_ViewRenderer->postDispatch()
#5 /Users/Erlkonig/Documents/Workspace/ArenaOfGenelogy/library/Zend/Controller/Action.php(527): Zend_Controller_Action_HelperBroker->notifyPostDispatch()
#6 /Users/Erlkonig/Documents/Workspace/ArenaOfGenelogy/library/Zend/Controller/Dispatcher/Standard.php(295): Zend_Controller_Action->dispatch('adminupdateActi...')
#7 /Users/Erlkonig/Documents/Workspace/ArenaOfGenelogy/library/Zend/Controller/Front.php(954): Zend_Controller_Dispatcher_Standard->dispatch(Object(Zend_Controller_Request_Http), Object(Zend_Controller_Response_Http))
#8 /Users/Erlkonig/Documents/Workspace/ArenaOfGenelogy/index.php(62): Zend_Controller_Front->dispatch()
#9 {main}
2013-08-14T16:12:59+09:00 ALERT (1): exception 'Zend_Controller_Dispatcher_Exception' with message 'Invalid controller specified (themes)' in /Users/Erlkonig/Documents/Workspace/ArenaOfGenelogy/library/Zend/Controller/Dispatcher/Standard.php:248
Stack trace:
#0 /Users/Erlkonig/Documents/Workspace/ArenaOfGenelogy/library/Zend/Controller/Front.php(954): Zend_Controller_Dispatcher_Standard->dispatch(Object(Zend_Controller_Request_Http), Object(Zend_Controller_Response_Http))
#1 /Users/Erlkonig/Documents/Workspace/ArenaOfGenelogy/index.php(62): Zend_Controller_Front->dispatch()
#2 {main}
2013-08-14T16:13:33+09:00 ALERT (1): exception 'Zend_Controller_Dispatcher_Exception' with message 'Invalid controller specified (themes)' in /Users/Erlkonig/Documents/Workspace/ArenaOfGenelogy/library/Zend/Controller/Dispatcher/Standard.php:248
Stack trace:
#0 /Users/Erlkonig/Documents/Workspace/ArenaOfGenelogy/library/Zend/Controller/Front.php(954): Zend_Controller_Dispatcher_Standard->dispatch(Object(Zend_Controller_Request_Http), Object(Zend_Controller_Response_Http))
#1 /Users/Erlkonig/Documents/Workspace/ArenaOfGenelogy/index.php(62): Zend_Controller_Front->dispatch()
#2 {main}
2013-08-14T16:14:31+09:00 ALERT (1): exception 'Zend_Controller_Dispatcher_Exception' with message 'Invalid controller specified (themes)' in /Users/Erlkonig/Documents/Workspace/ArenaOfGenelogy/library/Zend/Controller/Dispatcher/Standard.php:248
Stack trace:
#0 /Users/Erlkonig/Documents/Workspace/ArenaOfGenelogy/library/Zend/Controller/Front.php(954): Zend_Controller_Dispatcher_Standard->dispatch(Object(Zend_Controller_Request_Http), Object(Zend_Controller_Response_Http))
#1 /Users/Erlkonig/Documents/Workspace/ArenaOfGenelogy/index.php(62): Zend_Controller_Front->dispatch()
#2 {main}
2013-08-14T16:15:11+09:00 ALERT (1): exception 'Zend_Controller_Dispatcher_Exception' with message 'Invalid controller specified (themes)' in /Users/Erlkonig/Documents/Workspace/ArenaOfGenelogy/library/Zend/Controller/Dispatcher/Standard.php:248
Stack trace:
#0 /Users/Erlkonig/Documents/Workspace/ArenaOfGenelogy/library/Zend/Controller/Front.php(954): Zend_Controller_Dispatcher_Standard->dispatch(Object(Zend_Controller_Request_Http), Object(Zend_Controller_Response_Http))
#1 /Users/Erlkonig/Documents/Workspace/ArenaOfGenelogy/index.php(62): Zend_Controller_Front->dispatch()
#2 {main}
2013-08-14T16:16:19+09:00 ALERT (1): exception 'Zend_Controller_Dispatcher_Exception' with message 'Invalid controller specified (themes)' in /Users/Erlkonig/Documents/Workspace/ArenaOfGenelogy/library/Zend/Controller/Dispatcher/Standard.php:248
Stack trace:
#0 /Users/Erlkonig/Documents/Workspace/ArenaOfGenelogy/library/Zend/Controller/Front.php(954): Zend_Controller_Dispatcher_Standard->dispatch(Object(Zend_Controller_Request_Http), Object(Zend_Controller_Response_Http))
#1 /Users/Erlkonig/Documents/Workspace/ArenaOfGenelogy/index.php(62): Zend_Controller_Front->dispatch()
#2 {main}
2013-08-14T16:16:21+09:00 ALERT (1): exception 'PDOException' with message 'SQLSTATE[42000]: Syntax error or access violation: 1064 You have an error in your SQL syntax; check the manual that corresponds to your MySQL server version for the right syntax to use near ')' at line 1' in /Users/Erlkonig/Documents/Workspace/ArenaOfGenelogy/library/Zend/Db/Statement/Pdo.php:228
Stack trace:
#0 /Users/Erlkonig/Documents/Workspace/ArenaOfGenelogy/library/Zend/Db/Statement/Pdo.php(228): PDOStatement->execute(Array)
#1 /Users/Erlkonig/Documents/Workspace/ArenaOfGenelogy/library/Zend/Db/Statement.php(300): Zend_Db_Statement_Pdo->_execute(Array)
#2 /Users/Erlkonig/Documents/Workspace/ArenaOfGenelogy/library/Zend/Db/Adapter/Abstract.php(479): Zend_Db_Statement->execute(Array)
#3 /Users/Erlkonig/Documents/Workspace/ArenaOfGenelogy/library/Zend/Db/Adapter/Pdo/Abstract.php(238): Zend_Db_Adapter_Abstract->query('UPDATE `user` S...', Array)
#4 /Users/Erlkonig/Documents/Workspace/ArenaOfGenelogy/library/Zend/Db/Adapter/Abstract.php(634): Zend_Db_Adapter_Pdo_Abstract->query('UPDATE `user` S...', Array)
#5 /Users/Erlkonig/Documents/Workspace/ArenaofGenelogy/application/models/AdminModel.php(97): Zend_Db_Adapter_Abstract->update('user', Array, 'user_id = ')
#6 /Users/Erlkonig/Documents/Workspace/ArenaofGenelogy/application/controllers/AdminController.php(293): AdminModel->userupdate(Array)
#7 /Users/Erlkonig/Documents/Workspace/ArenaOfGenelogy/library/Zend/Controller/Action.php(516): AdminController->userupdateAction()
#8 /Users/Erlkonig/Documents/Workspace/ArenaOfGenelogy/library/Zend/Controller/Dispatcher/Standard.php(295): Zend_Controller_Action->dispatch('userupdateActio...')
#9 /Users/Erlkonig/Documents/Workspace/ArenaOfGenelogy/library/Zend/Controller/Front.php(954): Zend_Controller_Dispatcher_Standard->dispatch(Object(Zend_Controller_Request_Http), Object(Zend_Controller_Response_Http))
#10 /Users/Erlkonig/Documents/Workspace/ArenaOfGenelogy/index.php(62): Zend_Controller_Front->dispatch()
#11 {main}

Next exception 'Zend_Db_Statement_Exception' with message 'SQLSTATE[42000]: Syntax error or access violation: 1064 You have an error in your SQL syntax; check the manual that corresponds to your MySQL server version for the right syntax to use near ')' at line 1' in /Users/Erlkonig/Documents/Workspace/ArenaOfGenelogy/library/Zend/Db/Statement/Pdo.php:234
Stack trace:
#0 /Users/Erlkonig/Documents/Workspace/ArenaOfGenelogy/library/Zend/Db/Statement.php(300): Zend_Db_Statement_Pdo->_execute(Array)
#1 /Users/Erlkonig/Documents/Workspace/ArenaOfGenelogy/library/Zend/Db/Adapter/Abstract.php(479): Zend_Db_Statement->execute(Array)
#2 /Users/Erlkonig/Documents/Workspace/ArenaOfGenelogy/library/Zend/Db/Adapter/Pdo/Abstract.php(238): Zend_Db_Adapter_Abstract->query('UPDATE `user` S...', Array)
#3 /Users/Erlkonig/Documents/Workspace/ArenaOfGenelogy/library/Zend/Db/Adapter/Abstract.php(634): Zend_Db_Adapter_Pdo_Abstract->query('UPDATE `user` S...', Array)
#4 /Users/Erlkonig/Documents/Workspace/ArenaofGenelogy/application/models/AdminModel.php(97): Zend_Db_Adapter_Abstract->update('user', Array, 'user_id = ')
#5 /Users/Erlkonig/Documents/Workspace/ArenaofGenelogy/application/controllers/AdminController.php(293): AdminModel->userupdate(Array)
#6 /Users/Erlkonig/Documents/Workspace/ArenaOfGenelogy/library/Zend/Controller/Action.php(516): AdminController->userupdateAction()
#7 /Users/Erlkonig/Documents/Workspace/ArenaOfGenelogy/library/Zend/Controller/Dispatcher/Standard.php(295): Zend_Controller_Action->dispatch('userupdateActio...')
#8 /Users/Erlkonig/Documents/Workspace/ArenaOfGenelogy/library/Zend/Controller/Front.php(954): Zend_Controller_Dispatcher_Standard->dispatch(Object(Zend_Controller_Request_Http), Object(Zend_Controller_Response_Http))
#9 /Users/Erlkonig/Documents/Workspace/ArenaOfGenelogy/index.php(62): Zend_Controller_Front->dispatch()
#10 {main}
2013-08-14T16:20:36+09:00 ALERT (1): exception 'Zend_Controller_Dispatcher_Exception' with message 'Invalid controller specified (themes)' in /Users/Erlkonig/Documents/Workspace/ArenaOfGenelogy/library/Zend/Controller/Dispatcher/Standard.php:248
Stack trace:
#0 /Users/Erlkonig/Documents/Workspace/ArenaOfGenelogy/library/Zend/Controller/Front.php(954): Zend_Controller_Dispatcher_Standard->dispatch(Object(Zend_Controller_Request_Http), Object(Zend_Controller_Response_Http))
#1 /Users/Erlkonig/Documents/Workspace/ArenaOfGenelogy/index.php(62): Zend_Controller_Front->dispatch()
#2 {main}
2013-08-14T16:20:38+09:00 ALERT (1): exception 'PDOException' with message 'SQLSTATE[42000]: Syntax error or access violation: 1064 You have an error in your SQL syntax; check the manual that corresponds to your MySQL server version for the right syntax to use near ')' at line 1' in /Users/Erlkonig/Documents/Workspace/ArenaOfGenelogy/library/Zend/Db/Statement/Pdo.php:228
Stack trace:
#0 /Users/Erlkonig/Documents/Workspace/ArenaOfGenelogy/library/Zend/Db/Statement/Pdo.php(228): PDOStatement->execute(Array)
#1 /Users/Erlkonig/Documents/Workspace/ArenaOfGenelogy/library/Zend/Db/Statement.php(300): Zend_Db_Statement_Pdo->_execute(Array)
#2 /Users/Erlkonig/Documents/Workspace/ArenaOfGenelogy/library/Zend/Db/Adapter/Abstract.php(479): Zend_Db_Statement->execute(Array)
#3 /Users/Erlkonig/Documents/Workspace/ArenaOfGenelogy/library/Zend/Db/Adapter/Pdo/Abstract.php(238): Zend_Db_Adapter_Abstract->query('UPDATE `user` S...', Array)
#4 /Users/Erlkonig/Documents/Workspace/ArenaOfGenelogy/library/Zend/Db/Adapter/Abstract.php(634): Zend_Db_Adapter_Pdo_Abstract->query('UPDATE `user` S...', Array)
#5 /Users/Erlkonig/Documents/Workspace/ArenaofGenelogy/application/models/AdminModel.php(97): Zend_Db_Adapter_Abstract->update('user', Array, 'user_id = ')
#6 /Users/Erlkonig/Documents/Workspace/ArenaofGenelogy/application/controllers/AdminController.php(293): AdminModel->userupdate(Array)
#7 /Users/Erlkonig/Documents/Workspace/ArenaOfGenelogy/library/Zend/Controller/Action.php(516): AdminController->userupdateAction()
#8 /Users/Erlkonig/Documents/Workspace/ArenaOfGenelogy/library/Zend/Controller/Dispatcher/Standard.php(295): Zend_Controller_Action->dispatch('userupdateActio...')
#9 /Users/Erlkonig/Documents/Workspace/ArenaOfGenelogy/library/Zend/Controller/Front.php(954): Zend_Controller_Dispatcher_Standard->dispatch(Object(Zend_Controller_Request_Http), Object(Zend_Controller_Response_Http))
#10 /Users/Erlkonig/Documents/Workspace/ArenaOfGenelogy/index.php(62): Zend_Controller_Front->dispatch()
#11 {main}

Next exception 'Zend_Db_Statement_Exception' with message 'SQLSTATE[42000]: Syntax error or access violation: 1064 You have an error in your SQL syntax; check the manual that corresponds to your MySQL server version for the right syntax to use near ')' at line 1' in /Users/Erlkonig/Documents/Workspace/ArenaOfGenelogy/library/Zend/Db/Statement/Pdo.php:234
Stack trace:
#0 /Users/Erlkonig/Documents/Workspace/ArenaOfGenelogy/library/Zend/Db/Statement.php(300): Zend_Db_Statement_Pdo->_execute(Array)
#1 /Users/Erlkonig/Documents/Workspace/ArenaOfGenelogy/library/Zend/Db/Adapter/Abstract.php(479): Zend_Db_Statement->execute(Array)
#2 /Users/Erlkonig/Documents/Workspace/ArenaOfGenelogy/library/Zend/Db/Adapter/Pdo/Abstract.php(238): Zend_Db_Adapter_Abstract->query('UPDATE `user` S...', Array)
#3 /Users/Erlkonig/Documents/Workspace/ArenaOfGenelogy/library/Zend/Db/Adapter/Abstract.php(634): Zend_Db_Adapter_Pdo_Abstract->query('UPDATE `user` S...', Array)
#4 /Users/Erlkonig/Documents/Workspace/ArenaofGenelogy/application/models/AdminModel.php(97): Zend_Db_Adapter_Abstract->update('user', Array, 'user_id = ')
#5 /Users/Erlkonig/Documents/Workspace/ArenaofGenelogy/application/controllers/AdminController.php(293): AdminModel->userupdate(Array)
#6 /Users/Erlkonig/Documents/Workspace/ArenaOfGenelogy/library/Zend/Controller/Action.php(516): AdminController->userupdateAction()
#7 /Users/Erlkonig/Documents/Workspace/ArenaOfGenelogy/library/Zend/Controller/Dispatcher/Standard.php(295): Zend_Controller_Action->dispatch('userupdateActio...')
#8 /Users/Erlkonig/Documents/Workspace/ArenaOfGenelogy/library/Zend/Controller/Front.php(954): Zend_Controller_Dispatcher_Standard->dispatch(Object(Zend_Controller_Request_Http), Object(Zend_Controller_Response_Http))
#9 /Users/Erlkonig/Documents/Workspace/ArenaOfGenelogy/index.php(62): Zend_Controller_Front->dispatch()
#10 {main}
2013-08-14T16:22:14+09:00 ALERT (1): exception 'Zend_Controller_Dispatcher_Exception' with message 'Invalid controller specified (themes)' in /Users/Erlkonig/Documents/Workspace/ArenaOfGenelogy/library/Zend/Controller/Dispatcher/Standard.php:248
Stack trace:
#0 /Users/Erlkonig/Documents/Workspace/ArenaOfGenelogy/library/Zend/Controller/Front.php(954): Zend_Controller_Dispatcher_Standard->dispatch(Object(Zend_Controller_Request_Http), Object(Zend_Controller_Response_Http))
#1 /Users/Erlkonig/Documents/Workspace/ArenaOfGenelogy/index.php(62): Zend_Controller_Front->dispatch()
#2 {main}
2013-08-14T16:22:19+09:00 ALERT (1): exception 'PDOException' with message 'SQLSTATE[42000]: Syntax error or access violation: 1064 You have an error in your SQL syntax; check the manual that corresponds to your MySQL server version for the right syntax to use near ')' at line 1' in /Users/Erlkonig/Documents/Workspace/ArenaOfGenelogy/library/Zend/Db/Statement/Pdo.php:228
Stack trace:
#0 /Users/Erlkonig/Documents/Workspace/ArenaOfGenelogy/library/Zend/Db/Statement/Pdo.php(228): PDOStatement->execute(Array)
#1 /Users/Erlkonig/Documents/Workspace/ArenaOfGenelogy/library/Zend/Db/Statement.php(300): Zend_Db_Statement_Pdo->_execute(Array)
#2 /Users/Erlkonig/Documents/Workspace/ArenaOfGenelogy/library/Zend/Db/Adapter/Abstract.php(479): Zend_Db_Statement->execute(Array)
#3 /Users/Erlkonig/Documents/Workspace/ArenaOfGenelogy/library/Zend/Db/Adapter/Pdo/Abstract.php(238): Zend_Db_Adapter_Abstract->query('UPDATE `user` S...', Array)
#4 /Users/Erlkonig/Documents/Workspace/ArenaOfGenelogy/library/Zend/Db/Adapter/Abstract.php(634): Zend_Db_Adapter_Pdo_Abstract->query('UPDATE `user` S...', Array)
#5 /Users/Erlkonig/Documents/Workspace/ArenaofGenelogy/application/models/AdminModel.php(97): Zend_Db_Adapter_Abstract->update('user', Array, 'user_id = ')
#6 /Users/Erlkonig/Documents/Workspace/ArenaofGenelogy/application/controllers/AdminController.php(446): AdminModel->userupdate(Array)
#7 /Users/Erlkonig/Documents/Workspace/ArenaOfGenelogy/library/Zend/Controller/Action.php(516): AdminController->adminrevertAction()
#8 /Users/Erlkonig/Documents/Workspace/ArenaOfGenelogy/library/Zend/Controller/Dispatcher/Standard.php(295): Zend_Controller_Action->dispatch('adminrevertActi...')
#9 /Users/Erlkonig/Documents/Workspace/ArenaOfGenelogy/library/Zend/Controller/Front.php(954): Zend_Controller_Dispatcher_Standard->dispatch(Object(Zend_Controller_Request_Http), Object(Zend_Controller_Response_Http))
#10 /Users/Erlkonig/Documents/Workspace/ArenaOfGenelogy/index.php(62): Zend_Controller_Front->dispatch()
#11 {main}

Next exception 'Zend_Db_Statement_Exception' with message 'SQLSTATE[42000]: Syntax error or access violation: 1064 You have an error in your SQL syntax; check the manual that corresponds to your MySQL server version for the right syntax to use near ')' at line 1' in /Users/Erlkonig/Documents/Workspace/ArenaOfGenelogy/library/Zend/Db/Statement/Pdo.php:234
Stack trace:
#0 /Users/Erlkonig/Documents/Workspace/ArenaOfGenelogy/library/Zend/Db/Statement.php(300): Zend_Db_Statement_Pdo->_execute(Array)
#1 /Users/Erlkonig/Documents/Workspace/ArenaOfGenelogy/library/Zend/Db/Adapter/Abstract.php(479): Zend_Db_Statement->execute(Array)
#2 /Users/Erlkonig/Documents/Workspace/ArenaOfGenelogy/library/Zend/Db/Adapter/Pdo/Abstract.php(238): Zend_Db_Adapter_Abstract->query('UPDATE `user` S...', Array)
#3 /Users/Erlkonig/Documents/Workspace/ArenaOfGenelogy/library/Zend/Db/Adapter/Abstract.php(634): Zend_Db_Adapter_Pdo_Abstract->query('UPDATE `user` S...', Array)
#4 /Users/Erlkonig/Documents/Workspace/ArenaofGenelogy/application/models/AdminModel.php(97): Zend_Db_Adapter_Abstract->update('user', Array, 'user_id = ')
#5 /Users/Erlkonig/Documents/Workspace/ArenaofGenelogy/application/controllers/AdminController.php(446): AdminModel->userupdate(Array)
#6 /Users/Erlkonig/Documents/Workspace/ArenaOfGenelogy/library/Zend/Controller/Action.php(516): AdminController->adminrevertAction()
#7 /Users/Erlkonig/Documents/Workspace/ArenaOfGenelogy/library/Zend/Controller/Dispatcher/Standard.php(295): Zend_Controller_Action->dispatch('adminrevertActi...')
#8 /Users/Erlkonig/Documents/Workspace/ArenaOfGenelogy/library/Zend/Controller/Front.php(954): Zend_Controller_Dispatcher_Standard->dispatch(Object(Zend_Controller_Request_Http), Object(Zend_Controller_Response_Http))
#9 /Users/Erlkonig/Documents/Workspace/ArenaOfGenelogy/index.php(62): Zend_Controller_Front->dispatch()
#10 {main}
2013-08-14T16:25:00+09:00 ALERT (1): exception 'Zend_Controller_Dispatcher_Exception' with message 'Invalid controller specified (themes)' in /Users/Erlkonig/Documents/Workspace/ArenaOfGenelogy/library/Zend/Controller/Dispatcher/Standard.php:248
Stack trace:
#0 /Users/Erlkonig/Documents/Workspace/ArenaOfGenelogy/library/Zend/Controller/Front.php(954): Zend_Controller_Dispatcher_Standard->dispatch(Object(Zend_Controller_Request_Http), Object(Zend_Controller_Response_Http))
#1 /Users/Erlkonig/Documents/Workspace/ArenaOfGenelogy/index.php(62): Zend_Controller_Front->dispatch()
#2 {main}
2013-08-14T16:25:14+09:00 ALERT (1): exception 'Zend_Controller_Dispatcher_Exception' with message 'Invalid controller specified (themes)' in /Users/Erlkonig/Documents/Workspace/ArenaOfGenelogy/library/Zend/Controller/Dispatcher/Standard.php:248
Stack trace:
#0 /Users/Erlkonig/Documents/Workspace/ArenaOfGenelogy/library/Zend/Controller/Front.php(954): Zend_Controller_Dispatcher_Standard->dispatch(Object(Zend_Controller_Request_Http), Object(Zend_Controller_Response_Http))
#1 /Users/Erlkonig/Documents/Workspace/ArenaOfGenelogy/index.php(62): Zend_Controller_Front->dispatch()
#2 {main}
2013-08-14T16:26:23+09:00 ALERT (1): exception 'Zend_Controller_Dispatcher_Exception' with message 'Invalid controller specified (themes)' in /Users/Erlkonig/Documents/Workspace/ArenaOfGenelogy/library/Zend/Controller/Dispatcher/Standard.php:248
Stack trace:
#0 /Users/Erlkonig/Documents/Workspace/ArenaOfGenelogy/library/Zend/Controller/Front.php(954): Zend_Controller_Dispatcher_Standard->dispatch(Object(Zend_Controller_Request_Http), Object(Zend_Controller_Response_Http))
#1 /Users/Erlkonig/Documents/Workspace/ArenaOfGenelogy/index.php(62): Zend_Controller_Front->dispatch()
#2 {main}
2013-08-14T16:26:36+09:00 ALERT (1): exception 'Zend_Controller_Dispatcher_Exception' with message 'Invalid controller specified (themes)' in /Users/Erlkonig/Documents/Workspace/ArenaOfGenelogy/library/Zend/Controller/Dispatcher/Standard.php:248
Stack trace:
#0 /Users/Erlkonig/Documents/Workspace/ArenaOfGenelogy/library/Zend/Controller/Front.php(954): Zend_Controller_Dispatcher_Standard->dispatch(Object(Zend_Controller_Request_Http), Object(Zend_Controller_Response_Http))
#1 /Users/Erlkonig/Documents/Workspace/ArenaOfGenelogy/index.php(62): Zend_Controller_Front->dispatch()
#2 {main}
2013-08-14T16:26:54+09:00 ALERT (1): exception 'PDOException' with message 'SQLSTATE[42000]: Syntax error or access violation: 1064 You have an error in your SQL syntax; check the manual that corresponds to your MySQL server version for the right syntax to use near ')' at line 1' in /Users/Erlkonig/Documents/Workspace/ArenaOfGenelogy/library/Zend/Db/Statement/Pdo.php:228
Stack trace:
#0 /Users/Erlkonig/Documents/Workspace/ArenaOfGenelogy/library/Zend/Db/Statement/Pdo.php(228): PDOStatement->execute(Array)
#1 /Users/Erlkonig/Documents/Workspace/ArenaOfGenelogy/library/Zend/Db/Statement.php(300): Zend_Db_Statement_Pdo->_execute(Array)
#2 /Users/Erlkonig/Documents/Workspace/ArenaOfGenelogy/library/Zend/Db/Adapter/Abstract.php(479): Zend_Db_Statement->execute(Array)
#3 /Users/Erlkonig/Documents/Workspace/ArenaOfGenelogy/library/Zend/Db/Adapter/Pdo/Abstract.php(238): Zend_Db_Adapter_Abstract->query('UPDATE `user` S...', Array)
#4 /Users/Erlkonig/Documents/Workspace/ArenaOfGenelogy/library/Zend/Db/Adapter/Abstract.php(634): Zend_Db_Adapter_Pdo_Abstract->query('UPDATE `user` S...', Array)
#5 /Users/Erlkonig/Documents/Workspace/ArenaofGenelogy/application/models/AdminModel.php(97): Zend_Db_Adapter_Abstract->update('user', Array, 'user_id = ')
#6 /Users/Erlkonig/Documents/Workspace/ArenaofGenelogy/application/controllers/AdminController.php(446): AdminModel->userupdate(Array)
#7 /Users/Erlkonig/Documents/Workspace/ArenaOfGenelogy/library/Zend/Controller/Action.php(516): AdminController->adminrevertAction()
#8 /Users/Erlkonig/Documents/Workspace/ArenaOfGenelogy/library/Zend/Controller/Dispatcher/Standard.php(295): Zend_Controller_Action->dispatch('adminrevertActi...')
#9 /Users/Erlkonig/Documents/Workspace/ArenaOfGenelogy/library/Zend/Controller/Front.php(954): Zend_Controller_Dispatcher_Standard->dispatch(Object(Zend_Controller_Request_Http), Object(Zend_Controller_Response_Http))
#10 /Users/Erlkonig/Documents/Workspace/ArenaOfGenelogy/index.php(62): Zend_Controller_Front->dispatch()
#11 {main}

Next exception 'Zend_Db_Statement_Exception' with message 'SQLSTATE[42000]: Syntax error or access violation: 1064 You have an error in your SQL syntax; check the manual that corresponds to your MySQL server version for the right syntax to use near ')' at line 1' in /Users/Erlkonig/Documents/Workspace/ArenaOfGenelogy/library/Zend/Db/Statement/Pdo.php:234
Stack trace:
#0 /Users/Erlkonig/Documents/Workspace/ArenaOfGenelogy/library/Zend/Db/Statement.php(300): Zend_Db_Statement_Pdo->_execute(Array)
#1 /Users/Erlkonig/Documents/Workspace/ArenaOfGenelogy/library/Zend/Db/Adapter/Abstract.php(479): Zend_Db_Statement->execute(Array)
#2 /Users/Erlkonig/Documents/Workspace/ArenaOfGenelogy/library/Zend/Db/Adapter/Pdo/Abstract.php(238): Zend_Db_Adapter_Abstract->query('UPDATE `user` S...', Array)
#3 /Users/Erlkonig/Documents/Workspace/ArenaOfGenelogy/library/Zend/Db/Adapter/Abstract.php(634): Zend_Db_Adapter_Pdo_Abstract->query('UPDATE `user` S...', Array)
#4 /Users/Erlkonig/Documents/Workspace/ArenaofGenelogy/application/models/AdminModel.php(97): Zend_Db_Adapter_Abstract->update('user', Array, 'user_id = ')
#5 /Users/Erlkonig/Documents/Workspace/ArenaofGenelogy/application/controllers/AdminController.php(446): AdminModel->userupdate(Array)
#6 /Users/Erlkonig/Documents/Workspace/ArenaOfGenelogy/library/Zend/Controller/Action.php(516): AdminController->adminrevertAction()
#7 /Users/Erlkonig/Documents/Workspace/ArenaOfGenelogy/library/Zend/Controller/Dispatcher/Standard.php(295): Zend_Controller_Action->dispatch('adminrevertActi...')
#8 /Users/Erlkonig/Documents/Workspace/ArenaOfGenelogy/library/Zend/Controller/Front.php(954): Zend_Controller_Dispatcher_Standard->dispatch(Object(Zend_Controller_Request_Http), Object(Zend_Controller_Response_Http))
#9 /Users/Erlkonig/Documents/Workspace/ArenaOfGenelogy/index.php(62): Zend_Controller_Front->dispatch()
#10 {main}
