2013-04-20T01:47:01+09:00 ALERT (1): exception 'SmartyException' with message 'Unable to load template file '../themes/layout/header.tpl' in 'index/index.tpl'' in D:\workspaces\ArenaOfGenelogy\library\Smarty\sysplugins\smarty_internal_templatebase.php:127
Stack trace:
#0 D:\workspaces\ArenaOfGenelogy\library\Smarty\sysplugins\smarty_internal_template.php(286): Smarty_Internal_TemplateBase->fetch(NULL, NULL, NULL, NULL, false, false, true)
#1 D:\workspaces\ArenaOfGenelogy\cache\templates_c\f163a631c4710b5f95d0e36c869b8fc374f44b63.file.index.tpl.php(29): Smarty_Internal_Template->getSubTemplate('../themes/layou...', NULL, NULL, NULL, NULL, Array, 0)
#2 D:\workspaces\ArenaOfGenelogy\library\Smarty\sysplugins\smarty_internal_templatebase.php(180): content_516bf3170d7557_84704292(Object(Smarty_Internal_Template))
#3 D:\workspaces\ArenaOfGenelogy\library\Smarty\Zend_View_Smarty.php(184): Smarty_Internal_TemplateBase->fetch('index/index.tpl')
#4 D:\workspaces\ArenaOfGenelogy\library\Zend\Controller\Action\Helper\ViewRenderer.php(901): Zend_View_Smarty->render('index/index.tpl')
#5 D:\workspaces\ArenaOfGenelogy\library\Zend\Controller\Action\Helper\ViewRenderer.php(922): Zend_Controller_Action_Helper_ViewRenderer->renderScript('index/index.tpl', NULL)
#6 D:\workspaces\ArenaOfGenelogy\library\Zend\Controller\Action\Helper\ViewRenderer.php(961): Zend_Controller_Action_Helper_ViewRenderer->render()
#7 D:\workspaces\ArenaOfGenelogy\library\Zend\Controller\Action\HelperBroker.php(277): Zend_Controller_Action_Helper_ViewRenderer->postDispatch()
#8 D:\workspaces\ArenaOfGenelogy\library\Zend\Controller\Action.php(527): Zend_Controller_Action_HelperBroker->notifyPostDispatch()
#9 D:\workspaces\ArenaOfGenelogy\library\Zend\Controller\Dispatcher\Standard.php(295): Zend_Controller_Action->dispatch('indexAction')
#10 D:\workspaces\ArenaOfGenelogy\library\Zend\Controller\Front.php(954): Zend_Controller_Dispatcher_Standard->dispatch(Object(Zend_Controller_Request_Http), Object(Zend_Controller_Response_Http))
#11 D:\workspaces\ArenaOfGenelogy\index.php(62): Zend_Controller_Front->dispatch()
#12 {main}
2013-04-20T01:52:54+09:00 ALERT (1): exception 'SmartyCompilerException' with message 'Syntax Error in template &quot;D:\workspaces\ArenaofGenelogy\application\views\index\index.tpl&quot;  on line 2 &quot;{include file=$header.'header.tpl' title='Main Page'}&quot;  - Unexpected &quot;'header.tpl'&quot;, expected one of: &quot;{&quot; , &quot;$&quot; , &quot;identifier&quot; , INTEGER' in D:\workspaces\ArenaOfGenelogy\library\Smarty\sysplugins\smarty_internal_templatecompilerbase.php:665
Stack trace:
#0 D:\workspaces\ArenaOfGenelogy\library\Smarty\sysplugins\smarty_internal_templateparser.php(3144): Smarty_Internal_TemplateCompilerBase->trigger_template_error()
#1 D:\workspaces\ArenaOfGenelogy\library\Smarty\sysplugins\smarty_internal_templateparser.php(3209): Smarty_Internal_Templateparser->yy_syntax_error(60, ''header.tpl'')
#2 D:\workspaces\ArenaOfGenelogy\library\Smarty\sysplugins\smarty_internal_smartytemplatecompiler.php(105): Smarty_Internal_Templateparser->doParse(60, ''header.tpl'')
#3 D:\workspaces\ArenaOfGenelogy\library\Smarty\sysplugins\smarty_internal_templatecompilerbase.php(200): Smarty_Internal_SmartyTemplateCompiler->doCompile('{$header|var_du...')
#4 D:\workspaces\ArenaOfGenelogy\library\Smarty\sysplugins\smarty_internal_template.php(187): Smarty_Internal_TemplateCompilerBase->compileTemplate(Object(Smarty_Internal_Template))
#5 D:\workspaces\ArenaOfGenelogy\library\Smarty\sysplugins\smarty_internal_templatebase.php(164): Smarty_Internal_Template->compileTemplateSource()
#6 D:\workspaces\ArenaOfGenelogy\library\Smarty\Zend_View_Smarty.php(184): Smarty_Internal_TemplateBase->fetch('index/index.tpl')
#7 D:\workspaces\ArenaOfGenelogy\library\Zend\Controller\Action\Helper\ViewRenderer.php(901): Zend_View_Smarty->render('index/index.tpl')
#8 D:\workspaces\ArenaOfGenelogy\library\Zend\Controller\Action\Helper\ViewRenderer.php(922): Zend_Controller_Action_Helper_ViewRenderer->renderScript('index/index.tpl', NULL)
#9 D:\workspaces\ArenaOfGenelogy\library\Zend\Controller\Action\Helper\ViewRenderer.php(961): Zend_Controller_Action_Helper_ViewRenderer->render()
#10 D:\workspaces\ArenaOfGenelogy\library\Zend\Controller\Action\HelperBroker.php(277): Zend_Controller_Action_Helper_ViewRenderer->postDispatch()
#11 D:\workspaces\ArenaOfGenelogy\library\Zend\Controller\Action.php(527): Zend_Controller_Action_HelperBroker->notifyPostDispatch()
#12 D:\workspaces\ArenaOfGenelogy\library\Zend\Controller\Dispatcher\Standard.php(295): Zend_Controller_Action->dispatch('indexAction')
#13 D:\workspaces\ArenaOfGenelogy\library\Zend\Controller\Front.php(954): Zend_Controller_Dispatcher_Standard->dispatch(Object(Zend_Controller_Request_Http), Object(Zend_Controller_Response_Http))
#14 D:\workspaces\ArenaOfGenelogy\index.php(62): Zend_Controller_Front->dispatch()
#15 {main}
2013-04-20T01:53:17+09:00 ALERT (1): exception 'SmartyCompilerException' with message 'Syntax Error in template &quot;D:\workspaces\ArenaofGenelogy\application\views\index\index.tpl&quot;  on line 1 &quot;{var_dump|$header}&quot;  - Unexpected &quot;$&quot;, expected one of: &quot;identifier&quot; , &quot;@&quot;' in D:\workspaces\ArenaOfGenelogy\library\Smarty\sysplugins\smarty_internal_templatecompilerbase.php:665
Stack trace:
#0 D:\workspaces\ArenaOfGenelogy\library\Smarty\sysplugins\smarty_internal_templateparser.php(3144): Smarty_Internal_TemplateCompilerBase->trigger_template_error()
#1 D:\workspaces\ArenaOfGenelogy\library\Smarty\sysplugins\smarty_internal_templateparser.php(3209): Smarty_Internal_Templateparser->yy_syntax_error(18, '$')
#2 D:\workspaces\ArenaOfGenelogy\library\Smarty\sysplugins\smarty_internal_smartytemplatecompiler.php(105): Smarty_Internal_Templateparser->doParse(18, '$')
#3 D:\workspaces\ArenaOfGenelogy\library\Smarty\sysplugins\smarty_internal_templatecompilerbase.php(200): Smarty_Internal_SmartyTemplateCompiler->doCompile('{var_dump|$head...')
#4 D:\workspaces\ArenaOfGenelogy\library\Smarty\sysplugins\smarty_internal_template.php(187): Smarty_Internal_TemplateCompilerBase->compileTemplate(Object(Smarty_Internal_Template))
#5 D:\workspaces\ArenaOfGenelogy\library\Smarty\sysplugins\smarty_internal_templatebase.php(164): Smarty_Internal_Template->compileTemplateSource()
#6 D:\workspaces\ArenaOfGenelogy\library\Smarty\Zend_View_Smarty.php(184): Smarty_Internal_TemplateBase->fetch('index/index.tpl')
#7 D:\workspaces\ArenaOfGenelogy\library\Zend\Controller\Action\Helper\ViewRenderer.php(901): Zend_View_Smarty->render('index/index.tpl')
#8 D:\workspaces\ArenaOfGenelogy\library\Zend\Controller\Action\Helper\ViewRenderer.php(922): Zend_Controller_Action_Helper_ViewRenderer->renderScript('index/index.tpl', NULL)
#9 D:\workspaces\ArenaOfGenelogy\library\Zend\Controller\Action\Helper\ViewRenderer.php(961): Zend_Controller_Action_Helper_ViewRenderer->render()
#10 D:\workspaces\ArenaOfGenelogy\library\Zend\Controller\Action\HelperBroker.php(277): Zend_Controller_Action_Helper_ViewRenderer->postDispatch()
#11 D:\workspaces\ArenaOfGenelogy\library\Zend\Controller\Action.php(527): Zend_Controller_Action_HelperBroker->notifyPostDispatch()
#12 D:\workspaces\ArenaOfGenelogy\library\Zend\Controller\Dispatcher\Standard.php(295): Zend_Controller_Action->dispatch('indexAction')
#13 D:\workspaces\ArenaOfGenelogy\library\Zend\Controller\Front.php(954): Zend_Controller_Dispatcher_Standard->dispatch(Object(Zend_Controller_Request_Http), Object(Zend_Controller_Response_Http))
#14 D:\workspaces\ArenaOfGenelogy\index.php(62): Zend_Controller_Front->dispatch()
#15 {main}
2013-04-20T02:03:30+09:00 ALERT (1): exception 'SmartyCompilerException' with message 'Syntax Error in template &quot;D:\workspaces\ArenaofGenelogy\application\views\index\index.tpl&quot;  on line 2 &quot;{include file=$header.'header.tpl' title='Main Page'}&quot;  - Unexpected &quot;'header.tpl'&quot;, expected one of: &quot;{&quot; , &quot;$&quot; , &quot;identifier&quot; , INTEGER' in D:\workspaces\ArenaOfGenelogy\library\Smarty\sysplugins\smarty_internal_templatecompilerbase.php:665
Stack trace:
#0 D:\workspaces\ArenaOfGenelogy\library\Smarty\sysplugins\smarty_internal_templateparser.php(3144): Smarty_Internal_TemplateCompilerBase->trigger_template_error()
#1 D:\workspaces\ArenaOfGenelogy\library\Smarty\sysplugins\smarty_internal_templateparser.php(3209): Smarty_Internal_Templateparser->yy_syntax_error(60, ''header.tpl'')
#2 D:\workspaces\ArenaOfGenelogy\library\Smarty\sysplugins\smarty_internal_smartytemplatecompiler.php(105): Smarty_Internal_Templateparser->doParse(60, ''header.tpl'')
#3 D:\workspaces\ArenaOfGenelogy\library\Smarty\sysplugins\smarty_internal_templatecompilerbase.php(200): Smarty_Internal_SmartyTemplateCompiler->doCompile('{$header|@var_d...')
#4 D:\workspaces\ArenaOfGenelogy\library\Smarty\sysplugins\smarty_internal_template.php(187): Smarty_Internal_TemplateCompilerBase->compileTemplate(Object(Smarty_Internal_Template))
#5 D:\workspaces\ArenaOfGenelogy\library\Smarty\sysplugins\smarty_internal_templatebase.php(164): Smarty_Internal_Template->compileTemplateSource()
#6 D:\workspaces\ArenaOfGenelogy\library\Smarty\Zend_View_Smarty.php(184): Smarty_Internal_TemplateBase->fetch('index/index.tpl')
#7 D:\workspaces\ArenaOfGenelogy\library\Zend\Controller\Action\Helper\ViewRenderer.php(901): Zend_View_Smarty->render('index/index.tpl')
#8 D:\workspaces\ArenaOfGenelogy\library\Zend\Controller\Action\Helper\ViewRenderer.php(922): Zend_Controller_Action_Helper_ViewRenderer->renderScript('index/index.tpl', NULL)
#9 D:\workspaces\ArenaOfGenelogy\library\Zend\Controller\Action\Helper\ViewRenderer.php(961): Zend_Controller_Action_Helper_ViewRenderer->render()
#10 D:\workspaces\ArenaOfGenelogy\library\Zend\Controller\Action\HelperBroker.php(277): Zend_Controller_Action_Helper_ViewRenderer->postDispatch()
#11 D:\workspaces\ArenaOfGenelogy\library\Zend\Controller\Action.php(527): Zend_Controller_Action_HelperBroker->notifyPostDispatch()
#12 D:\workspaces\ArenaOfGenelogy\library\Zend\Controller\Dispatcher\Standard.php(295): Zend_Controller_Action->dispatch('indexAction')
#13 D:\workspaces\ArenaOfGenelogy\library\Zend\Controller\Front.php(954): Zend_Controller_Dispatcher_Standard->dispatch(Object(Zend_Controller_Request_Http), Object(Zend_Controller_Response_Http))
#14 D:\workspaces\ArenaOfGenelogy\index.php(62): Zend_Controller_Front->dispatch()
#15 {main}
2013-04-20T02:03:32+09:00 ALERT (1): exception 'SmartyCompilerException' with message 'Syntax Error in template &quot;D:\workspaces\ArenaofGenelogy\application\views\index\index.tpl&quot;  on line 2 &quot;{include file=$header.'header.tpl' title='Main Page'}&quot;  - Unexpected &quot;'header.tpl'&quot;, expected one of: &quot;{&quot; , &quot;$&quot; , &quot;identifier&quot; , INTEGER' in D:\workspaces\ArenaOfGenelogy\library\Smarty\sysplugins\smarty_internal_templatecompilerbase.php:665
Stack trace:
#0 D:\workspaces\ArenaOfGenelogy\library\Smarty\sysplugins\smarty_internal_templateparser.php(3144): Smarty_Internal_TemplateCompilerBase->trigger_template_error()
#1 D:\workspaces\ArenaOfGenelogy\library\Smarty\sysplugins\smarty_internal_templateparser.php(3209): Smarty_Internal_Templateparser->yy_syntax_error(60, ''header.tpl'')
#2 D:\workspaces\ArenaOfGenelogy\library\Smarty\sysplugins\smarty_internal_smartytemplatecompiler.php(105): Smarty_Internal_Templateparser->doParse(60, ''header.tpl'')
#3 D:\workspaces\ArenaOfGenelogy\library\Smarty\sysplugins\smarty_internal_templatecompilerbase.php(200): Smarty_Internal_SmartyTemplateCompiler->doCompile('{$header|@var_d...')
#4 D:\workspaces\ArenaOfGenelogy\library\Smarty\sysplugins\smarty_internal_template.php(187): Smarty_Internal_TemplateCompilerBase->compileTemplate(Object(Smarty_Internal_Template))
#5 D:\workspaces\ArenaOfGenelogy\library\Smarty\sysplugins\smarty_internal_templatebase.php(164): Smarty_Internal_Template->compileTemplateSource()
#6 D:\workspaces\ArenaOfGenelogy\library\Smarty\Zend_View_Smarty.php(184): Smarty_Internal_TemplateBase->fetch('index/index.tpl')
#7 D:\workspaces\ArenaOfGenelogy\library\Zend\Controller\Action\Helper\ViewRenderer.php(901): Zend_View_Smarty->render('index/index.tpl')
#8 D:\workspaces\ArenaOfGenelogy\library\Zend\Controller\Action\Helper\ViewRenderer.php(922): Zend_Controller_Action_Helper_ViewRenderer->renderScript('index/index.tpl', NULL)
#9 D:\workspaces\ArenaOfGenelogy\library\Zend\Controller\Action\Helper\ViewRenderer.php(961): Zend_Controller_Action_Helper_ViewRenderer->render()
#10 D:\workspaces\ArenaOfGenelogy\library\Zend\Controller\Action\HelperBroker.php(277): Zend_Controller_Action_Helper_ViewRenderer->postDispatch()
#11 D:\workspaces\ArenaOfGenelogy\library\Zend\Controller\Action.php(527): Zend_Controller_Action_HelperBroker->notifyPostDispatch()
#12 D:\workspaces\ArenaOfGenelogy\library\Zend\Controller\Dispatcher\Standard.php(295): Zend_Controller_Action->dispatch('indexAction')
#13 D:\workspaces\ArenaOfGenelogy\library\Zend\Controller\Front.php(954): Zend_Controller_Dispatcher_Standard->dispatch(Object(Zend_Controller_Request_Http), Object(Zend_Controller_Response_Http))
#14 D:\workspaces\ArenaOfGenelogy\index.php(62): Zend_Controller_Front->dispatch()
#15 {main}
2013-04-20T02:04:04+09:00 ALERT (1): exception 'SmartyCompilerException' with message 'Syntax Error in template &quot;D:\workspaces\ArenaofGenelogy\application\views\index\index.tpl&quot;  on line 2 &quot;{--{include file=$header.'header.tpl' title='Main Page'}&quot;  - Unexpected &quot;--&quot;' in D:\workspaces\ArenaOfGenelogy\library\Smarty\sysplugins\smarty_internal_templatecompilerbase.php:665
Stack trace:
#0 D:\workspaces\ArenaOfGenelogy\library\Smarty\sysplugins\smarty_internal_templateparser.php(3144): Smarty_Internal_TemplateCompilerBase->trigger_template_error()
#1 D:\workspaces\ArenaOfGenelogy\library\Smarty\sysplugins\smarty_internal_templateparser.php(3209): Smarty_Internal_Templateparser->yy_syntax_error(25, '--')
#2 D:\workspaces\ArenaOfGenelogy\library\Smarty\sysplugins\smarty_internal_smartytemplatecompiler.php(105): Smarty_Internal_Templateparser->doParse(25, '--')
#3 D:\workspaces\ArenaOfGenelogy\library\Smarty\sysplugins\smarty_internal_templatecompilerbase.php(200): Smarty_Internal_SmartyTemplateCompiler->doCompile('{$header|@var_d...')
#4 D:\workspaces\ArenaOfGenelogy\library\Smarty\sysplugins\smarty_internal_template.php(187): Smarty_Internal_TemplateCompilerBase->compileTemplate(Object(Smarty_Internal_Template))
#5 D:\workspaces\ArenaOfGenelogy\library\Smarty\sysplugins\smarty_internal_templatebase.php(164): Smarty_Internal_Template->compileTemplateSource()
#6 D:\workspaces\ArenaOfGenelogy\library\Smarty\Zend_View_Smarty.php(184): Smarty_Internal_TemplateBase->fetch('index/index.tpl')
#7 D:\workspaces\ArenaOfGenelogy\library\Zend\Controller\Action\Helper\ViewRenderer.php(901): Zend_View_Smarty->render('index/index.tpl')
#8 D:\workspaces\ArenaOfGenelogy\library\Zend\Controller\Action\Helper\ViewRenderer.php(922): Zend_Controller_Action_Helper_ViewRenderer->renderScript('index/index.tpl', NULL)
#9 D:\workspaces\ArenaOfGenelogy\library\Zend\Controller\Action\Helper\ViewRenderer.php(961): Zend_Controller_Action_Helper_ViewRenderer->render()
#10 D:\workspaces\ArenaOfGenelogy\library\Zend\Controller\Action\HelperBroker.php(277): Zend_Controller_Action_Helper_ViewRenderer->postDispatch()
#11 D:\workspaces\ArenaOfGenelogy\library\Zend\Controller\Action.php(527): Zend_Controller_Action_HelperBroker->notifyPostDispatch()
#12 D:\workspaces\ArenaOfGenelogy\library\Zend\Controller\Dispatcher\Standard.php(295): Zend_Controller_Action->dispatch('indexAction')
#13 D:\workspaces\ArenaOfGenelogy\library\Zend\Controller\Front.php(954): Zend_Controller_Dispatcher_Standard->dispatch(Object(Zend_Controller_Request_Http), Object(Zend_Controller_Response_Http))
#14 D:\workspaces\ArenaOfGenelogy\index.php(62): Zend_Controller_Front->dispatch()
#15 {main}
2013-04-20T02:04:35+09:00 ALERT (1): exception 'SmartyCompilerException' with message 'Syntax Error in template &quot;D:\workspaces\ArenaofGenelogy\application\views\index\index.tpl&quot;  on line 2 &quot;{--{include file=$header.'header.tpl' title='Main Page'}&quot;  - Unexpected &quot;--&quot;' in D:\workspaces\ArenaOfGenelogy\library\Smarty\sysplugins\smarty_internal_templatecompilerbase.php:665
Stack trace:
#0 D:\workspaces\ArenaOfGenelogy\library\Smarty\sysplugins\smarty_internal_templateparser.php(3144): Smarty_Internal_TemplateCompilerBase->trigger_template_error()
#1 D:\workspaces\ArenaOfGenelogy\library\Smarty\sysplugins\smarty_internal_templateparser.php(3209): Smarty_Internal_Templateparser->yy_syntax_error(25, '--')
#2 D:\workspaces\ArenaOfGenelogy\library\Smarty\sysplugins\smarty_internal_smartytemplatecompiler.php(105): Smarty_Internal_Templateparser->doParse(25, '--')
#3 D:\workspaces\ArenaOfGenelogy\library\Smarty\sysplugins\smarty_internal_templatecompilerbase.php(200): Smarty_Internal_SmartyTemplateCompiler->doCompile('{$header|var_du...')
#4 D:\workspaces\ArenaOfGenelogy\library\Smarty\sysplugins\smarty_internal_template.php(187): Smarty_Internal_TemplateCompilerBase->compileTemplate(Object(Smarty_Internal_Template))
#5 D:\workspaces\ArenaOfGenelogy\library\Smarty\sysplugins\smarty_internal_templatebase.php(164): Smarty_Internal_Template->compileTemplateSource()
#6 D:\workspaces\ArenaOfGenelogy\library\Smarty\Zend_View_Smarty.php(184): Smarty_Internal_TemplateBase->fetch('index/index.tpl')
#7 D:\workspaces\ArenaOfGenelogy\library\Zend\Controller\Action\Helper\ViewRenderer.php(901): Zend_View_Smarty->render('index/index.tpl')
#8 D:\workspaces\ArenaOfGenelogy\library\Zend\Controller\Action\Helper\ViewRenderer.php(922): Zend_Controller_Action_Helper_ViewRenderer->renderScript('index/index.tpl', NULL)
#9 D:\workspaces\ArenaOfGenelogy\library\Zend\Controller\Action\Helper\ViewRenderer.php(961): Zend_Controller_Action_Helper_ViewRenderer->render()
#10 D:\workspaces\ArenaOfGenelogy\library\Zend\Controller\Action\HelperBroker.php(277): Zend_Controller_Action_Helper_ViewRenderer->postDispatch()
#11 D:\workspaces\ArenaOfGenelogy\library\Zend\Controller\Action.php(527): Zend_Controller_Action_HelperBroker->notifyPostDispatch()
#12 D:\workspaces\ArenaOfGenelogy\library\Zend\Controller\Dispatcher\Standard.php(295): Zend_Controller_Action->dispatch('indexAction')
#13 D:\workspaces\ArenaOfGenelogy\library\Zend\Controller\Front.php(954): Zend_Controller_Dispatcher_Standard->dispatch(Object(Zend_Controller_Request_Http), Object(Zend_Controller_Response_Http))
#14 D:\workspaces\ArenaOfGenelogy\index.php(62): Zend_Controller_Front->dispatch()
#15 {main}
2013-04-20T02:04:51+09:00 ALERT (1): exception 'SmartyCompilerException' with message 'Syntax Error in template &quot;D:\workspaces\ArenaofGenelogy\application\views\index\index.tpl&quot;  on line 2 &quot;{--{include file=$header.'header.tpl' title='Main Page'}&quot;  - Unexpected &quot;--&quot;' in D:\workspaces\ArenaOfGenelogy\library\Smarty\sysplugins\smarty_internal_templatecompilerbase.php:665
Stack trace:
#0 D:\workspaces\ArenaOfGenelogy\library\Smarty\sysplugins\smarty_internal_templateparser.php(3144): Smarty_Internal_TemplateCompilerBase->trigger_template_error()
#1 D:\workspaces\ArenaOfGenelogy\library\Smarty\sysplugins\smarty_internal_templateparser.php(3209): Smarty_Internal_Templateparser->yy_syntax_error(25, '--')
#2 D:\workspaces\ArenaOfGenelogy\library\Smarty\sysplugins\smarty_internal_smartytemplatecompiler.php(105): Smarty_Internal_Templateparser->doParse(25, '--')
#3 D:\workspaces\ArenaOfGenelogy\library\Smarty\sysplugins\smarty_internal_templatecompilerbase.php(200): Smarty_Internal_SmartyTemplateCompiler->doCompile('{$header}??{--{...')
#4 D:\workspaces\ArenaOfGenelogy\library\Smarty\sysplugins\smarty_internal_template.php(187): Smarty_Internal_TemplateCompilerBase->compileTemplate(Object(Smarty_Internal_Template))
#5 D:\workspaces\ArenaOfGenelogy\library\Smarty\sysplugins\smarty_internal_templatebase.php(164): Smarty_Internal_Template->compileTemplateSource()
#6 D:\workspaces\ArenaOfGenelogy\library\Smarty\Zend_View_Smarty.php(184): Smarty_Internal_TemplateBase->fetch('index/index.tpl')
#7 D:\workspaces\ArenaOfGenelogy\library\Zend\Controller\Action\Helper\ViewRenderer.php(901): Zend_View_Smarty->render('index/index.tpl')
#8 D:\workspaces\ArenaOfGenelogy\library\Zend\Controller\Action\Helper\ViewRenderer.php(922): Zend_Controller_Action_Helper_ViewRenderer->renderScript('index/index.tpl', NULL)
#9 D:\workspaces\ArenaOfGenelogy\library\Zend\Controller\Action\Helper\ViewRenderer.php(961): Zend_Controller_Action_Helper_ViewRenderer->render()
#10 D:\workspaces\ArenaOfGenelogy\library\Zend\Controller\Action\HelperBroker.php(277): Zend_Controller_Action_Helper_ViewRenderer->postDispatch()
#11 D:\workspaces\ArenaOfGenelogy\library\Zend\Controller\Action.php(527): Zend_Controller_Action_HelperBroker->notifyPostDispatch()
#12 D:\workspaces\ArenaOfGenelogy\library\Zend\Controller\Dispatcher\Standard.php(295): Zend_Controller_Action->dispatch('indexAction')
#13 D:\workspaces\ArenaOfGenelogy\library\Zend\Controller\Front.php(954): Zend_Controller_Dispatcher_Standard->dispatch(Object(Zend_Controller_Request_Http), Object(Zend_Controller_Response_Http))
#14 D:\workspaces\ArenaOfGenelogy\index.php(62): Zend_Controller_Front->dispatch()
#15 {main}
2013-04-20T02:05:26+09:00 ALERT (1): exception 'SmartyCompilerException' with message 'Syntax Error in template &quot;D:\workspaces\ArenaofGenelogy\application\views\index\index.tpl&quot;  on line 2 &quot;{--{include file=$header.'header.tpl' title='Main Page'}&quot;  - Unexpected &quot;--&quot;' in D:\workspaces\ArenaOfGenelogy\library\Smarty\sysplugins\smarty_internal_templatecompilerbase.php:665
Stack trace:
#0 D:\workspaces\ArenaOfGenelogy\library\Smarty\sysplugins\smarty_internal_templateparser.php(3144): Smarty_Internal_TemplateCompilerBase->trigger_template_error()
#1 D:\workspaces\ArenaOfGenelogy\library\Smarty\sysplugins\smarty_internal_templateparser.php(3209): Smarty_Internal_Templateparser->yy_syntax_error(25, '--')
#2 D:\workspaces\ArenaOfGenelogy\library\Smarty\sysplugins\smarty_internal_smartytemplatecompiler.php(105): Smarty_Internal_Templateparser->doParse(25, '--')
#3 D:\workspaces\ArenaOfGenelogy\library\Smarty\sysplugins\smarty_internal_templatecompilerbase.php(200): Smarty_Internal_SmartyTemplateCompiler->doCompile('{$header|@var_d...')
#4 D:\workspaces\ArenaOfGenelogy\library\Smarty\sysplugins\smarty_internal_template.php(187): Smarty_Internal_TemplateCompilerBase->compileTemplate(Object(Smarty_Internal_Template))
#5 D:\workspaces\ArenaOfGenelogy\library\Smarty\sysplugins\smarty_internal_templatebase.php(164): Smarty_Internal_Template->compileTemplateSource()
#6 D:\workspaces\ArenaOfGenelogy\library\Smarty\Zend_View_Smarty.php(184): Smarty_Internal_TemplateBase->fetch('index/index.tpl')
#7 D:\workspaces\ArenaOfGenelogy\library\Zend\Controller\Action\Helper\ViewRenderer.php(901): Zend_View_Smarty->render('index/index.tpl')
#8 D:\workspaces\ArenaOfGenelogy\library\Zend\Controller\Action\Helper\ViewRenderer.php(922): Zend_Controller_Action_Helper_ViewRenderer->renderScript('index/index.tpl', NULL)
#9 D:\workspaces\ArenaOfGenelogy\library\Zend\Controller\Action\Helper\ViewRenderer.php(961): Zend_Controller_Action_Helper_ViewRenderer->render()
#10 D:\workspaces\ArenaOfGenelogy\library\Zend\Controller\Action\HelperBroker.php(277): Zend_Controller_Action_Helper_ViewRenderer->postDispatch()
#11 D:\workspaces\ArenaOfGenelogy\library\Zend\Controller\Action.php(527): Zend_Controller_Action_HelperBroker->notifyPostDispatch()
#12 D:\workspaces\ArenaOfGenelogy\library\Zend\Controller\Dispatcher\Standard.php(295): Zend_Controller_Action->dispatch('indexAction')
#13 D:\workspaces\ArenaOfGenelogy\library\Zend\Controller\Front.php(954): Zend_Controller_Dispatcher_Standard->dispatch(Object(Zend_Controller_Request_Http), Object(Zend_Controller_Response_Http))
#14 D:\workspaces\ArenaOfGenelogy\index.php(62): Zend_Controller_Front->dispatch()
#15 {main}
2013-04-20T02:05:27+09:00 ALERT (1): exception 'SmartyCompilerException' with message 'Syntax Error in template &quot;D:\workspaces\ArenaofGenelogy\application\views\index\index.tpl&quot;  on line 2 &quot;{--{include file=$header.'header.tpl' title='Main Page'}&quot;  - Unexpected &quot;--&quot;' in D:\workspaces\ArenaOfGenelogy\library\Smarty\sysplugins\smarty_internal_templatecompilerbase.php:665
Stack trace:
#0 D:\workspaces\ArenaOfGenelogy\library\Smarty\sysplugins\smarty_internal_templateparser.php(3144): Smarty_Internal_TemplateCompilerBase->trigger_template_error()
#1 D:\workspaces\ArenaOfGenelogy\library\Smarty\sysplugins\smarty_internal_templateparser.php(3209): Smarty_Internal_Templateparser->yy_syntax_error(25, '--')
#2 D:\workspaces\ArenaOfGenelogy\library\Smarty\sysplugins\smarty_internal_smartytemplatecompiler.php(105): Smarty_Internal_Templateparser->doParse(25, '--')
#3 D:\workspaces\ArenaOfGenelogy\library\Smarty\sysplugins\smarty_internal_templatecompilerbase.php(200): Smarty_Internal_SmartyTemplateCompiler->doCompile('{$header|@var_d...')
#4 D:\workspaces\ArenaOfGenelogy\library\Smarty\sysplugins\smarty_internal_template.php(187): Smarty_Internal_TemplateCompilerBase->compileTemplate(Object(Smarty_Internal_Template))
#5 D:\workspaces\ArenaOfGenelogy\library\Smarty\sysplugins\smarty_internal_templatebase.php(164): Smarty_Internal_Template->compileTemplateSource()
#6 D:\workspaces\ArenaOfGenelogy\library\Smarty\Zend_View_Smarty.php(184): Smarty_Internal_TemplateBase->fetch('index/index.tpl')
#7 D:\workspaces\ArenaOfGenelogy\library\Zend\Controller\Action\Helper\ViewRenderer.php(901): Zend_View_Smarty->render('index/index.tpl')
#8 D:\workspaces\ArenaOfGenelogy\library\Zend\Controller\Action\Helper\ViewRenderer.php(922): Zend_Controller_Action_Helper_ViewRenderer->renderScript('index/index.tpl', NULL)
#9 D:\workspaces\ArenaOfGenelogy\library\Zend\Controller\Action\Helper\ViewRenderer.php(961): Zend_Controller_Action_Helper_ViewRenderer->render()
#10 D:\workspaces\ArenaOfGenelogy\library\Zend\Controller\Action\HelperBroker.php(277): Zend_Controller_Action_Helper_ViewRenderer->postDispatch()
#11 D:\workspaces\ArenaOfGenelogy\library\Zend\Controller\Action.php(527): Zend_Controller_Action_HelperBroker->notifyPostDispatch()
#12 D:\workspaces\ArenaOfGenelogy\library\Zend\Controller\Dispatcher\Standard.php(295): Zend_Controller_Action->dispatch('indexAction')
#13 D:\workspaces\ArenaOfGenelogy\library\Zend\Controller\Front.php(954): Zend_Controller_Dispatcher_Standard->dispatch(Object(Zend_Controller_Request_Http), Object(Zend_Controller_Response_Http))
#14 D:\workspaces\ArenaOfGenelogy\index.php(62): Zend_Controller_Front->dispatch()
#15 {main}
2013-04-20T14:37:50+09:00 ALERT (1): exception 'SmartyCompilerException' with message 'Syntax Error in template &quot;D:\workspaces\ArenaofGenelogy\application\views\index\index.tpl&quot;  on line 2 &quot;{!--{include file=$header.'header.tpl' title='Main Page'}&quot;  - Unexpected &quot;--&quot;' in D:\workspaces\ArenaOfGenelogy\library\Smarty\sysplugins\smarty_internal_templatecompilerbase.php:665
Stack trace:
#0 D:\workspaces\ArenaOfGenelogy\library\Smarty\sysplugins\smarty_internal_templateparser.php(3144): Smarty_Internal_TemplateCompilerBase->trigger_template_error()
#1 D:\workspaces\ArenaOfGenelogy\library\Smarty\sysplugins\smarty_internal_templateparser.php(3209): Smarty_Internal_Templateparser->yy_syntax_error(25, '--')
#2 D:\workspaces\ArenaOfGenelogy\library\Smarty\sysplugins\smarty_internal_smartytemplatecompiler.php(105): Smarty_Internal_Templateparser->doParse(25, '--')
#3 D:\workspaces\ArenaOfGenelogy\library\Smarty\sysplugins\smarty_internal_templatecompilerbase.php(200): Smarty_Internal_SmartyTemplateCompiler->doCompile('{$header|@var_d...')
#4 D:\workspaces\ArenaOfGenelogy\library\Smarty\sysplugins\smarty_internal_template.php(187): Smarty_Internal_TemplateCompilerBase->compileTemplate(Object(Smarty_Internal_Template))
#5 D:\workspaces\ArenaOfGenelogy\library\Smarty\sysplugins\smarty_internal_templatebase.php(164): Smarty_Internal_Template->compileTemplateSource()
#6 D:\workspaces\ArenaOfGenelogy\library\Smarty\Zend_View_Smarty.php(184): Smarty_Internal_TemplateBase->fetch('index/index.tpl')
#7 D:\workspaces\ArenaOfGenelogy\library\Zend\Controller\Action\Helper\ViewRenderer.php(901): Zend_View_Smarty->render('index/index.tpl')
#8 D:\workspaces\ArenaOfGenelogy\library\Zend\Controller\Action\Helper\ViewRenderer.php(922): Zend_Controller_Action_Helper_ViewRenderer->renderScript('index/index.tpl', NULL)
#9 D:\workspaces\ArenaOfGenelogy\library\Zend\Controller\Action\Helper\ViewRenderer.php(961): Zend_Controller_Action_Helper_ViewRenderer->render()
#10 D:\workspaces\ArenaOfGenelogy\library\Zend\Controller\Action\HelperBroker.php(277): Zend_Controller_Action_Helper_ViewRenderer->postDispatch()
#11 D:\workspaces\ArenaOfGenelogy\library\Zend\Controller\Action.php(527): Zend_Controller_Action_HelperBroker->notifyPostDispatch()
#12 D:\workspaces\ArenaOfGenelogy\library\Zend\Controller\Dispatcher\Standard.php(295): Zend_Controller_Action->dispatch('indexAction')
#13 D:\workspaces\ArenaOfGenelogy\library\Zend\Controller\Front.php(954): Zend_Controller_Dispatcher_Standard->dispatch(Object(Zend_Controller_Request_Http), Object(Zend_Controller_Response_Http))
#14 D:\workspaces\ArenaOfGenelogy\index.php(62): Zend_Controller_Front->dispatch()
#15 {main}
