2013-08-23T23:11:33+09:00 ALERT (1): exception 'PDOException' with message 'SQLSTATE[42000]: Syntax error or access violation: 1064 You have an error in your SQL syntax; check the manual that corresponds to your MySQL server version for the right syntax to use near '= 0)' at line 2' in /Users/Erlkonig/Documents/Workspace/ArenaOfGenelogy/library/Zend/Db/Statement/Pdo.php:228
Stack trace:
#0 /Users/Erlkonig/Documents/Workspace/ArenaOfGenelogy/library/Zend/Db/Statement/Pdo.php(228): PDOStatement->execute(Array)
#1 /Users/Erlkonig/Documents/Workspace/ArenaOfGenelogy/library/Zend/Db/Statement.php(300): Zend_Db_Statement_Pdo->_execute(Array)
#2 /Users/Erlkonig/Documents/Workspace/ArenaOfGenelogy/library/Zend/Db/Adapter/Abstract.php(479): Zend_Db_Statement->execute(Array)
#3 /Users/Erlkonig/Documents/Workspace/ArenaOfGenelogy/library/Zend/Db/Adapter/Pdo/Abstract.php(238): Zend_Db_Adapter_Abstract->query(Object(Zend_Db_Select), Array)
#4 /Users/Erlkonig/Documents/Workspace/ArenaOfGenelogy/library/Zend/Db/Adapter/Abstract.php(736): Zend_Db_Adapter_Pdo_Abstract->query(Object(Zend_Db_Select), Array)
#5 /Users/Erlkonig/Documents/Workspace/ArenaofGenelogy/application/models/AdminModel.php(258): Zend_Db_Adapter_Abstract->fetchAll(Object(Zend_Db_Select))
#6 /Users/Erlkonig/Documents/Workspace/ArenaofGenelogy/application/controllers/AdminController.php(116): AdminModel->JoinList('user', Array, 'delete_flag', 0)
#7 /Users/Erlkonig/Documents/Workspace/ArenaOfGenelogy/library/Zend/Controller/Action.php(516): AdminController->userlistAction()
#8 /Users/Erlkonig/Documents/Workspace/ArenaOfGenelogy/library/Zend/Controller/Dispatcher/Standard.php(295): Zend_Controller_Action->dispatch('userlistAction')
#9 /Users/Erlkonig/Documents/Workspace/ArenaOfGenelogy/library/Zend/Controller/Front.php(954): Zend_Controller_Dispatcher_Standard->dispatch(Object(Zend_Controller_Request_Http), Object(Zend_Controller_Response_Http))
#10 /Users/Erlkonig/Documents/Workspace/ArenaOfGenelogy/index.php(62): Zend_Controller_Front->dispatch()
#11 {main}

Next exception 'Zend_Db_Statement_Exception' with message 'SQLSTATE[42000]: Syntax error or access violation: 1064 You have an error in your SQL syntax; check the manual that corresponds to your MySQL server version for the right syntax to use near '= 0)' at line 2' in /Users/Erlkonig/Documents/Workspace/ArenaOfGenelogy/library/Zend/Db/Statement/Pdo.php:234
Stack trace:
#0 /Users/Erlkonig/Documents/Workspace/ArenaOfGenelogy/library/Zend/Db/Statement.php(300): Zend_Db_Statement_Pdo->_execute(Array)
#1 /Users/Erlkonig/Documents/Workspace/ArenaOfGenelogy/library/Zend/Db/Adapter/Abstract.php(479): Zend_Db_Statement->execute(Array)
#2 /Users/Erlkonig/Documents/Workspace/ArenaOfGenelogy/library/Zend/Db/Adapter/Pdo/Abstract.php(238): Zend_Db_Adapter_Abstract->query(Object(Zend_Db_Select), Array)
#3 /Users/Erlkonig/Documents/Workspace/ArenaOfGenelogy/library/Zend/Db/Adapter/Abstract.php(736): Zend_Db_Adapter_Pdo_Abstract->query(Object(Zend_Db_Select), Array)
#4 /Users/Erlkonig/Documents/Workspace/ArenaofGenelogy/application/models/AdminModel.php(258): Zend_Db_Adapter_Abstract->fetchAll(Object(Zend_Db_Select))
#5 /Users/Erlkonig/Documents/Workspace/ArenaofGenelogy/application/controllers/AdminController.php(116): AdminModel->JoinList('user', Array, 'delete_flag', 0)
#6 /Users/Erlkonig/Documents/Workspace/ArenaOfGenelogy/library/Zend/Controller/Action.php(516): AdminController->userlistAction()
#7 /Users/Erlkonig/Documents/Workspace/ArenaOfGenelogy/library/Zend/Controller/Dispatcher/Standard.php(295): Zend_Controller_Action->dispatch('userlistAction')
#8 /Users/Erlkonig/Documents/Workspace/ArenaOfGenelogy/library/Zend/Controller/Front.php(954): Zend_Controller_Dispatcher_Standard->dispatch(Object(Zend_Controller_Request_Http), Object(Zend_Controller_Response_Http))
#9 /Users/Erlkonig/Documents/Workspace/ArenaOfGenelogy/index.php(62): Zend_Controller_Front->dispatch()
#10 {main}
2013-08-23T23:12:43+09:00 ALERT (1): exception 'Zend_Paginator_Exception' with message 'No adapter for type NULL' in /Users/Erlkonig/Documents/Workspace/ArenaOfGenelogy/library/Zend/Paginator.php:295
Stack trace:
#0 /Users/Erlkonig/Documents/Workspace/ArenaofGenelogy/application/controllers/AdminController.php(117): Zend_Paginator::factory(NULL)
#1 /Users/Erlkonig/Documents/Workspace/ArenaOfGenelogy/library/Zend/Controller/Action.php(516): AdminController->userlistAction()
#2 /Users/Erlkonig/Documents/Workspace/ArenaOfGenelogy/library/Zend/Controller/Dispatcher/Standard.php(295): Zend_Controller_Action->dispatch('userlistAction')
#3 /Users/Erlkonig/Documents/Workspace/ArenaOfGenelogy/library/Zend/Controller/Front.php(954): Zend_Controller_Dispatcher_Standard->dispatch(Object(Zend_Controller_Request_Http), Object(Zend_Controller_Response_Http))
#4 /Users/Erlkonig/Documents/Workspace/ArenaOfGenelogy/index.php(62): Zend_Controller_Front->dispatch()
#5 {main}
2013-08-23T23:14:51+09:00 ALERT (1): exception 'Zend_Paginator_Exception' with message 'No adapter for type NULL' in /Users/Erlkonig/Documents/Workspace/ArenaOfGenelogy/library/Zend/Paginator.php:295
Stack trace:
#0 /Users/Erlkonig/Documents/Workspace/ArenaofGenelogy/application/controllers/AdminController.php(117): Zend_Paginator::factory(NULL)
#1 /Users/Erlkonig/Documents/Workspace/ArenaOfGenelogy/library/Zend/Controller/Action.php(516): AdminController->userlistAction()
#2 /Users/Erlkonig/Documents/Workspace/ArenaOfGenelogy/library/Zend/Controller/Dispatcher/Standard.php(295): Zend_Controller_Action->dispatch('userlistAction')
#3 /Users/Erlkonig/Documents/Workspace/ArenaOfGenelogy/library/Zend/Controller/Front.php(954): Zend_Controller_Dispatcher_Standard->dispatch(Object(Zend_Controller_Request_Http), Object(Zend_Controller_Response_Http))
#4 /Users/Erlkonig/Documents/Workspace/ArenaOfGenelogy/index.php(62): Zend_Controller_Front->dispatch()
#5 {main}
2013-08-23T23:16:14+09:00 ALERT (1): exception 'PDOException' with message 'SQLSTATE[42S22]: Column not found: 1054 Unknown column 'join.user_data_id' in 'on clause'' in /Users/Erlkonig/Documents/Workspace/ArenaOfGenelogy/library/Zend/Db/Statement/Pdo.php:228
Stack trace:
#0 /Users/Erlkonig/Documents/Workspace/ArenaOfGenelogy/library/Zend/Db/Statement/Pdo.php(228): PDOStatement->execute(Array)
#1 /Users/Erlkonig/Documents/Workspace/ArenaOfGenelogy/library/Zend/Db/Statement.php(300): Zend_Db_Statement_Pdo->_execute(Array)
#2 /Users/Erlkonig/Documents/Workspace/ArenaOfGenelogy/library/Zend/Db/Adapter/Abstract.php(479): Zend_Db_Statement->execute(Array)
#3 /Users/Erlkonig/Documents/Workspace/ArenaOfGenelogy/library/Zend/Db/Adapter/Pdo/Abstract.php(238): Zend_Db_Adapter_Abstract->query(Object(Zend_Db_Select), Array)
#4 /Users/Erlkonig/Documents/Workspace/ArenaOfGenelogy/library/Zend/Db/Adapter/Abstract.php(736): Zend_Db_Adapter_Pdo_Abstract->query(Object(Zend_Db_Select), Array)
#5 /Users/Erlkonig/Documents/Workspace/ArenaofGenelogy/application/models/AdminModel.php(259): Zend_Db_Adapter_Abstract->fetchAll(Object(Zend_Db_Select))
#6 /Users/Erlkonig/Documents/Workspace/ArenaofGenelogy/application/controllers/AdminController.php(116): AdminModel->JoinList('user', Array, 'delete_flag', 0)
#7 /Users/Erlkonig/Documents/Workspace/ArenaOfGenelogy/library/Zend/Controller/Action.php(516): AdminController->userlistAction()
#8 /Users/Erlkonig/Documents/Workspace/ArenaOfGenelogy/library/Zend/Controller/Dispatcher/Standard.php(295): Zend_Controller_Action->dispatch('userlistAction')
#9 /Users/Erlkonig/Documents/Workspace/ArenaOfGenelogy/library/Zend/Controller/Front.php(954): Zend_Controller_Dispatcher_Standard->dispatch(Object(Zend_Controller_Request_Http), Object(Zend_Controller_Response_Http))
#10 /Users/Erlkonig/Documents/Workspace/ArenaOfGenelogy/index.php(62): Zend_Controller_Front->dispatch()
#11 {main}

Next exception 'Zend_Db_Statement_Exception' with message 'SQLSTATE[42S22]: Column not found: 1054 Unknown column 'join.user_data_id' in 'on clause'' in /Users/Erlkonig/Documents/Workspace/ArenaOfGenelogy/library/Zend/Db/Statement/Pdo.php:234
Stack trace:
#0 /Users/Erlkonig/Documents/Workspace/ArenaOfGenelogy/library/Zend/Db/Statement.php(300): Zend_Db_Statement_Pdo->_execute(Array)
#1 /Users/Erlkonig/Documents/Workspace/ArenaOfGenelogy/library/Zend/Db/Adapter/Abstract.php(479): Zend_Db_Statement->execute(Array)
#2 /Users/Erlkonig/Documents/Workspace/ArenaOfGenelogy/library/Zend/Db/Adapter/Pdo/Abstract.php(238): Zend_Db_Adapter_Abstract->query(Object(Zend_Db_Select), Array)
#3 /Users/Erlkonig/Documents/Workspace/ArenaOfGenelogy/library/Zend/Db/Adapter/Abstract.php(736): Zend_Db_Adapter_Pdo_Abstract->query(Object(Zend_Db_Select), Array)
#4 /Users/Erlkonig/Documents/Workspace/ArenaofGenelogy/application/models/AdminModel.php(259): Zend_Db_Adapter_Abstract->fetchAll(Object(Zend_Db_Select))
#5 /Users/Erlkonig/Documents/Workspace/ArenaofGenelogy/application/controllers/AdminController.php(116): AdminModel->JoinList('user', Array, 'delete_flag', 0)
#6 /Users/Erlkonig/Documents/Workspace/ArenaOfGenelogy/library/Zend/Controller/Action.php(516): AdminController->userlistAction()
#7 /Users/Erlkonig/Documents/Workspace/ArenaOfGenelogy/library/Zend/Controller/Dispatcher/Standard.php(295): Zend_Controller_Action->dispatch('userlistAction')
#8 /Users/Erlkonig/Documents/Workspace/ArenaOfGenelogy/library/Zend/Controller/Front.php(954): Zend_Controller_Dispatcher_Standard->dispatch(Object(Zend_Controller_Request_Http), Object(Zend_Controller_Response_Http))
#9 /Users/Erlkonig/Documents/Workspace/ArenaOfGenelogy/index.php(62): Zend_Controller_Front->dispatch()
#10 {main}
2013-08-23T23:18:03+09:00 ALERT (1): exception 'PDOException' with message 'SQLSTATE[42S22]: Column not found: 1054 Unknown column 'join.0user_data_id' in 'on clause'' in /Users/Erlkonig/Documents/Workspace/ArenaOfGenelogy/library/Zend/Db/Statement/Pdo.php:228
Stack trace:
#0 /Users/Erlkonig/Documents/Workspace/ArenaOfGenelogy/library/Zend/Db/Statement/Pdo.php(228): PDOStatement->execute(Array)
#1 /Users/Erlkonig/Documents/Workspace/ArenaOfGenelogy/library/Zend/Db/Statement.php(300): Zend_Db_Statement_Pdo->_execute(Array)
#2 /Users/Erlkonig/Documents/Workspace/ArenaOfGenelogy/library/Zend/Db/Adapter/Abstract.php(479): Zend_Db_Statement->execute(Array)
#3 /Users/Erlkonig/Documents/Workspace/ArenaOfGenelogy/library/Zend/Db/Adapter/Pdo/Abstract.php(238): Zend_Db_Adapter_Abstract->query(Object(Zend_Db_Select), Array)
#4 /Users/Erlkonig/Documents/Workspace/ArenaOfGenelogy/library/Zend/Db/Adapter/Abstract.php(736): Zend_Db_Adapter_Pdo_Abstract->query(Object(Zend_Db_Select), Array)
#5 /Users/Erlkonig/Documents/Workspace/ArenaofGenelogy/application/models/AdminModel.php(259): Zend_Db_Adapter_Abstract->fetchAll(Object(Zend_Db_Select))
#6 /Users/Erlkonig/Documents/Workspace/ArenaofGenelogy/application/controllers/AdminController.php(116): AdminModel->JoinList('user', Array, 'delete_flag', 0)
#7 /Users/Erlkonig/Documents/Workspace/ArenaOfGenelogy/library/Zend/Controller/Action.php(516): AdminController->userlistAction()
#8 /Users/Erlkonig/Documents/Workspace/ArenaOfGenelogy/library/Zend/Controller/Dispatcher/Standard.php(295): Zend_Controller_Action->dispatch('userlistAction')
#9 /Users/Erlkonig/Documents/Workspace/ArenaOfGenelogy/library/Zend/Controller/Front.php(954): Zend_Controller_Dispatcher_Standard->dispatch(Object(Zend_Controller_Request_Http), Object(Zend_Controller_Response_Http))
#10 /Users/Erlkonig/Documents/Workspace/ArenaOfGenelogy/index.php(62): Zend_Controller_Front->dispatch()
#11 {main}

Next exception 'Zend_Db_Statement_Exception' with message 'SQLSTATE[42S22]: Column not found: 1054 Unknown column 'join.0user_data_id' in 'on clause'' in /Users/Erlkonig/Documents/Workspace/ArenaOfGenelogy/library/Zend/Db/Statement/Pdo.php:234
Stack trace:
#0 /Users/Erlkonig/Documents/Workspace/ArenaOfGenelogy/library/Zend/Db/Statement.php(300): Zend_Db_Statement_Pdo->_execute(Array)
#1 /Users/Erlkonig/Documents/Workspace/ArenaOfGenelogy/library/Zend/Db/Adapter/Abstract.php(479): Zend_Db_Statement->execute(Array)
#2 /Users/Erlkonig/Documents/Workspace/ArenaOfGenelogy/library/Zend/Db/Adapter/Pdo/Abstract.php(238): Zend_Db_Adapter_Abstract->query(Object(Zend_Db_Select), Array)
#3 /Users/Erlkonig/Documents/Workspace/ArenaOfGenelogy/library/Zend/Db/Adapter/Abstract.php(736): Zend_Db_Adapter_Pdo_Abstract->query(Object(Zend_Db_Select), Array)
#4 /Users/Erlkonig/Documents/Workspace/ArenaofGenelogy/application/models/AdminModel.php(259): Zend_Db_Adapter_Abstract->fetchAll(Object(Zend_Db_Select))
#5 /Users/Erlkonig/Documents/Workspace/ArenaofGenelogy/application/controllers/AdminController.php(116): AdminModel->JoinList('user', Array, 'delete_flag', 0)
#6 /Users/Erlkonig/Documents/Workspace/ArenaOfGenelogy/library/Zend/Controller/Action.php(516): AdminController->userlistAction()
#7 /Users/Erlkonig/Documents/Workspace/ArenaOfGenelogy/library/Zend/Controller/Dispatcher/Standard.php(295): Zend_Controller_Action->dispatch('userlistAction')
#8 /Users/Erlkonig/Documents/Workspace/ArenaOfGenelogy/library/Zend/Controller/Front.php(954): Zend_Controller_Dispatcher_Standard->dispatch(Object(Zend_Controller_Request_Http), Object(Zend_Controller_Response_Http))
#9 /Users/Erlkonig/Documents/Workspace/ArenaOfGenelogy/index.php(62): Zend_Controller_Front->dispatch()
#10 {main}
2013-08-23T23:18:18+09:00 ALERT (1): exception 'PDOException' with message 'SQLSTATE[42S22]: Column not found: 1054 Unknown column 'module.user_data_id' in 'on clause'' in /Users/Erlkonig/Documents/Workspace/ArenaOfGenelogy/library/Zend/Db/Statement/Pdo.php:228
Stack trace:
#0 /Users/Erlkonig/Documents/Workspace/ArenaOfGenelogy/library/Zend/Db/Statement/Pdo.php(228): PDOStatement->execute(Array)
#1 /Users/Erlkonig/Documents/Workspace/ArenaOfGenelogy/library/Zend/Db/Statement.php(300): Zend_Db_Statement_Pdo->_execute(Array)
#2 /Users/Erlkonig/Documents/Workspace/ArenaOfGenelogy/library/Zend/Db/Adapter/Abstract.php(479): Zend_Db_Statement->execute(Array)
#3 /Users/Erlkonig/Documents/Workspace/ArenaOfGenelogy/library/Zend/Db/Adapter/Pdo/Abstract.php(238): Zend_Db_Adapter_Abstract->query(Object(Zend_Db_Select), Array)
#4 /Users/Erlkonig/Documents/Workspace/ArenaOfGenelogy/library/Zend/Db/Adapter/Abstract.php(736): Zend_Db_Adapter_Pdo_Abstract->query(Object(Zend_Db_Select), Array)
#5 /Users/Erlkonig/Documents/Workspace/ArenaofGenelogy/application/models/AdminModel.php(259): Zend_Db_Adapter_Abstract->fetchAll(Object(Zend_Db_Select))
#6 /Users/Erlkonig/Documents/Workspace/ArenaofGenelogy/application/controllers/AdminController.php(116): AdminModel->JoinList('user', Array, 'delete_flag', 0)
#7 /Users/Erlkonig/Documents/Workspace/ArenaOfGenelogy/library/Zend/Controller/Action.php(516): AdminController->userlistAction()
#8 /Users/Erlkonig/Documents/Workspace/ArenaOfGenelogy/library/Zend/Controller/Dispatcher/Standard.php(295): Zend_Controller_Action->dispatch('userlistAction')
#9 /Users/Erlkonig/Documents/Workspace/ArenaOfGenelogy/library/Zend/Controller/Front.php(954): Zend_Controller_Dispatcher_Standard->dispatch(Object(Zend_Controller_Request_Http), Object(Zend_Controller_Response_Http))
#10 /Users/Erlkonig/Documents/Workspace/ArenaOfGenelogy/index.php(62): Zend_Controller_Front->dispatch()
#11 {main}

Next exception 'Zend_Db_Statement_Exception' with message 'SQLSTATE[42S22]: Column not found: 1054 Unknown column 'module.user_data_id' in 'on clause'' in /Users/Erlkonig/Documents/Workspace/ArenaOfGenelogy/library/Zend/Db/Statement/Pdo.php:234
Stack trace:
#0 /Users/Erlkonig/Documents/Workspace/ArenaOfGenelogy/library/Zend/Db/Statement.php(300): Zend_Db_Statement_Pdo->_execute(Array)
#1 /Users/Erlkonig/Documents/Workspace/ArenaOfGenelogy/library/Zend/Db/Adapter/Abstract.php(479): Zend_Db_Statement->execute(Array)
#2 /Users/Erlkonig/Documents/Workspace/ArenaOfGenelogy/library/Zend/Db/Adapter/Pdo/Abstract.php(238): Zend_Db_Adapter_Abstract->query(Object(Zend_Db_Select), Array)
#3 /Users/Erlkonig/Documents/Workspace/ArenaOfGenelogy/library/Zend/Db/Adapter/Abstract.php(736): Zend_Db_Adapter_Pdo_Abstract->query(Object(Zend_Db_Select), Array)
#4 /Users/Erlkonig/Documents/Workspace/ArenaofGenelogy/application/models/AdminModel.php(259): Zend_Db_Adapter_Abstract->fetchAll(Object(Zend_Db_Select))
#5 /Users/Erlkonig/Documents/Workspace/ArenaofGenelogy/application/controllers/AdminController.php(116): AdminModel->JoinList('user', Array, 'delete_flag', 0)
#6 /Users/Erlkonig/Documents/Workspace/ArenaOfGenelogy/library/Zend/Controller/Action.php(516): AdminController->userlistAction()
#7 /Users/Erlkonig/Documents/Workspace/ArenaOfGenelogy/library/Zend/Controller/Dispatcher/Standard.php(295): Zend_Controller_Action->dispatch('userlistAction')
#8 /Users/Erlkonig/Documents/Workspace/ArenaOfGenelogy/library/Zend/Controller/Front.php(954): Zend_Controller_Dispatcher_Standard->dispatch(Object(Zend_Controller_Request_Http), Object(Zend_Controller_Response_Http))
#9 /Users/Erlkonig/Documents/Workspace/ArenaOfGenelogy/index.php(62): Zend_Controller_Front->dispatch()
#10 {main}
2013-08-23T23:39:03+09:00 ALERT (1): exception 'PDOException' with message 'SQLSTATE[42S22]: Column not found: 1054 Unknown column 'module.user_id' in 'on clause'' in /Users/Erlkonig/Documents/Workspace/ArenaOfGenelogy/library/Zend/Db/Statement/Pdo.php:228
Stack trace:
#0 /Users/Erlkonig/Documents/Workspace/ArenaOfGenelogy/library/Zend/Db/Statement/Pdo.php(228): PDOStatement->execute(Array)
#1 /Users/Erlkonig/Documents/Workspace/ArenaOfGenelogy/library/Zend/Db/Statement.php(300): Zend_Db_Statement_Pdo->_execute(Array)
#2 /Users/Erlkonig/Documents/Workspace/ArenaOfGenelogy/library/Zend/Db/Adapter/Abstract.php(479): Zend_Db_Statement->execute(Array)
#3 /Users/Erlkonig/Documents/Workspace/ArenaOfGenelogy/library/Zend/Db/Adapter/Pdo/Abstract.php(238): Zend_Db_Adapter_Abstract->query(Object(Zend_Db_Select), Array)
#4 /Users/Erlkonig/Documents/Workspace/ArenaOfGenelogy/library/Zend/Db/Adapter/Abstract.php(736): Zend_Db_Adapter_Pdo_Abstract->query(Object(Zend_Db_Select), Array)
#5 /Users/Erlkonig/Documents/Workspace/ArenaofGenelogy/application/models/AdminModel.php(259): Zend_Db_Adapter_Abstract->fetchAll(Object(Zend_Db_Select))
#6 /Users/Erlkonig/Documents/Workspace/ArenaofGenelogy/application/controllers/AdminController.php(116): AdminModel->JoinList('user', Array, 'delete_flag', 0)
#7 /Users/Erlkonig/Documents/Workspace/ArenaOfGenelogy/library/Zend/Controller/Action.php(516): AdminController->userlistAction()
#8 /Users/Erlkonig/Documents/Workspace/ArenaOfGenelogy/library/Zend/Controller/Dispatcher/Standard.php(295): Zend_Controller_Action->dispatch('userlistAction')
#9 /Users/Erlkonig/Documents/Workspace/ArenaOfGenelogy/library/Zend/Controller/Front.php(954): Zend_Controller_Dispatcher_Standard->dispatch(Object(Zend_Controller_Request_Http), Object(Zend_Controller_Response_Http))
#10 /Users/Erlkonig/Documents/Workspace/ArenaOfGenelogy/index.php(62): Zend_Controller_Front->dispatch()
#11 {main}

Next exception 'Zend_Db_Statement_Exception' with message 'SQLSTATE[42S22]: Column not found: 1054 Unknown column 'module.user_id' in 'on clause'' in /Users/Erlkonig/Documents/Workspace/ArenaOfGenelogy/library/Zend/Db/Statement/Pdo.php:234
Stack trace:
#0 /Users/Erlkonig/Documents/Workspace/ArenaOfGenelogy/library/Zend/Db/Statement.php(300): Zend_Db_Statement_Pdo->_execute(Array)
#1 /Users/Erlkonig/Documents/Workspace/ArenaOfGenelogy/library/Zend/Db/Adapter/Abstract.php(479): Zend_Db_Statement->execute(Array)
#2 /Users/Erlkonig/Documents/Workspace/ArenaOfGenelogy/library/Zend/Db/Adapter/Pdo/Abstract.php(238): Zend_Db_Adapter_Abstract->query(Object(Zend_Db_Select), Array)
#3 /Users/Erlkonig/Documents/Workspace/ArenaOfGenelogy/library/Zend/Db/Adapter/Abstract.php(736): Zend_Db_Adapter_Pdo_Abstract->query(Object(Zend_Db_Select), Array)
#4 /Users/Erlkonig/Documents/Workspace/ArenaofGenelogy/application/models/AdminModel.php(259): Zend_Db_Adapter_Abstract->fetchAll(Object(Zend_Db_Select))
#5 /Users/Erlkonig/Documents/Workspace/ArenaofGenelogy/application/controllers/AdminController.php(116): AdminModel->JoinList('user', Array, 'delete_flag', 0)
#6 /Users/Erlkonig/Documents/Workspace/ArenaOfGenelogy/library/Zend/Controller/Action.php(516): AdminController->userlistAction()
#7 /Users/Erlkonig/Documents/Workspace/ArenaOfGenelogy/library/Zend/Controller/Dispatcher/Standard.php(295): Zend_Controller_Action->dispatch('userlistAction')
#8 /Users/Erlkonig/Documents/Workspace/ArenaOfGenelogy/library/Zend/Controller/Front.php(954): Zend_Controller_Dispatcher_Standard->dispatch(Object(Zend_Controller_Request_Http), Object(Zend_Controller_Response_Http))
#9 /Users/Erlkonig/Documents/Workspace/ArenaOfGenelogy/index.php(62): Zend_Controller_Front->dispatch()
#10 {main}
2013-08-23T23:41:08+09:00 ALERT (1): exception 'PDOException' with message 'SQLSTATE[42S02]: Base table or view not found: 1146 Table 'data.useras user' doesn't exist' in /Users/Erlkonig/Documents/Workspace/ArenaOfGenelogy/library/Zend/Db/Statement/Pdo.php:228
Stack trace:
#0 /Users/Erlkonig/Documents/Workspace/ArenaOfGenelogy/library/Zend/Db/Statement/Pdo.php(228): PDOStatement->execute(Array)
#1 /Users/Erlkonig/Documents/Workspace/ArenaOfGenelogy/library/Zend/Db/Statement.php(300): Zend_Db_Statement_Pdo->_execute(Array)
#2 /Users/Erlkonig/Documents/Workspace/ArenaOfGenelogy/library/Zend/Db/Adapter/Abstract.php(479): Zend_Db_Statement->execute(Array)
#3 /Users/Erlkonig/Documents/Workspace/ArenaOfGenelogy/library/Zend/Db/Adapter/Pdo/Abstract.php(238): Zend_Db_Adapter_Abstract->query(Object(Zend_Db_Select), Array)
#4 /Users/Erlkonig/Documents/Workspace/ArenaOfGenelogy/library/Zend/Db/Adapter/Abstract.php(736): Zend_Db_Adapter_Pdo_Abstract->query(Object(Zend_Db_Select), Array)
#5 /Users/Erlkonig/Documents/Workspace/ArenaofGenelogy/application/models/AdminModel.php(259): Zend_Db_Adapter_Abstract->fetchAll(Object(Zend_Db_Select))
#6 /Users/Erlkonig/Documents/Workspace/ArenaofGenelogy/application/controllers/AdminController.php(116): AdminModel->JoinList('user', Array, 'delete_flag', 0)
#7 /Users/Erlkonig/Documents/Workspace/ArenaOfGenelogy/library/Zend/Controller/Action.php(516): AdminController->userlistAction()
#8 /Users/Erlkonig/Documents/Workspace/ArenaOfGenelogy/library/Zend/Controller/Dispatcher/Standard.php(295): Zend_Controller_Action->dispatch('userlistAction')
#9 /Users/Erlkonig/Documents/Workspace/ArenaOfGenelogy/library/Zend/Controller/Front.php(954): Zend_Controller_Dispatcher_Standard->dispatch(Object(Zend_Controller_Request_Http), Object(Zend_Controller_Response_Http))
#10 /Users/Erlkonig/Documents/Workspace/ArenaOfGenelogy/index.php(62): Zend_Controller_Front->dispatch()
#11 {main}

Next exception 'Zend_Db_Statement_Exception' with message 'SQLSTATE[42S02]: Base table or view not found: 1146 Table 'data.useras user' doesn't exist' in /Users/Erlkonig/Documents/Workspace/ArenaOfGenelogy/library/Zend/Db/Statement/Pdo.php:234
Stack trace:
#0 /Users/Erlkonig/Documents/Workspace/ArenaOfGenelogy/library/Zend/Db/Statement.php(300): Zend_Db_Statement_Pdo->_execute(Array)
#1 /Users/Erlkonig/Documents/Workspace/ArenaOfGenelogy/library/Zend/Db/Adapter/Abstract.php(479): Zend_Db_Statement->execute(Array)
#2 /Users/Erlkonig/Documents/Workspace/ArenaOfGenelogy/library/Zend/Db/Adapter/Pdo/Abstract.php(238): Zend_Db_Adapter_Abstract->query(Object(Zend_Db_Select), Array)
#3 /Users/Erlkonig/Documents/Workspace/ArenaOfGenelogy/library/Zend/Db/Adapter/Abstract.php(736): Zend_Db_Adapter_Pdo_Abstract->query(Object(Zend_Db_Select), Array)
#4 /Users/Erlkonig/Documents/Workspace/ArenaofGenelogy/application/models/AdminModel.php(259): Zend_Db_Adapter_Abstract->fetchAll(Object(Zend_Db_Select))
#5 /Users/Erlkonig/Documents/Workspace/ArenaofGenelogy/application/controllers/AdminController.php(116): AdminModel->JoinList('user', Array, 'delete_flag', 0)
#6 /Users/Erlkonig/Documents/Workspace/ArenaOfGenelogy/library/Zend/Controller/Action.php(516): AdminController->userlistAction()
#7 /Users/Erlkonig/Documents/Workspace/ArenaOfGenelogy/library/Zend/Controller/Dispatcher/Standard.php(295): Zend_Controller_Action->dispatch('userlistAction')
#8 /Users/Erlkonig/Documents/Workspace/ArenaOfGenelogy/library/Zend/Controller/Front.php(954): Zend_Controller_Dispatcher_Standard->dispatch(Object(Zend_Controller_Request_Http), Object(Zend_Controller_Response_Http))
#9 /Users/Erlkonig/Documents/Workspace/ArenaOfGenelogy/index.php(62): Zend_Controller_Front->dispatch()
#10 {main}
2013-08-23T23:41:20+09:00 ALERT (1): exception 'PDOException' with message 'SQLSTATE[42S22]: Column not found: 1054 Unknown column 'module.user_id' in 'on clause'' in /Users/Erlkonig/Documents/Workspace/ArenaOfGenelogy/library/Zend/Db/Statement/Pdo.php:228
Stack trace:
#0 /Users/Erlkonig/Documents/Workspace/ArenaOfGenelogy/library/Zend/Db/Statement/Pdo.php(228): PDOStatement->execute(Array)
#1 /Users/Erlkonig/Documents/Workspace/ArenaOfGenelogy/library/Zend/Db/Statement.php(300): Zend_Db_Statement_Pdo->_execute(Array)
#2 /Users/Erlkonig/Documents/Workspace/ArenaOfGenelogy/library/Zend/Db/Adapter/Abstract.php(479): Zend_Db_Statement->execute(Array)
#3 /Users/Erlkonig/Documents/Workspace/ArenaOfGenelogy/library/Zend/Db/Adapter/Pdo/Abstract.php(238): Zend_Db_Adapter_Abstract->query(Object(Zend_Db_Select), Array)
#4 /Users/Erlkonig/Documents/Workspace/ArenaOfGenelogy/library/Zend/Db/Adapter/Abstract.php(736): Zend_Db_Adapter_Pdo_Abstract->query(Object(Zend_Db_Select), Array)
#5 /Users/Erlkonig/Documents/Workspace/ArenaofGenelogy/application/models/AdminModel.php(259): Zend_Db_Adapter_Abstract->fetchAll(Object(Zend_Db_Select))
#6 /Users/Erlkonig/Documents/Workspace/ArenaofGenelogy/application/controllers/AdminController.php(116): AdminModel->JoinList('user', Array, 'delete_flag', 0)
#7 /Users/Erlkonig/Documents/Workspace/ArenaOfGenelogy/library/Zend/Controller/Action.php(516): AdminController->userlistAction()
#8 /Users/Erlkonig/Documents/Workspace/ArenaOfGenelogy/library/Zend/Controller/Dispatcher/Standard.php(295): Zend_Controller_Action->dispatch('userlistAction')
#9 /Users/Erlkonig/Documents/Workspace/ArenaOfGenelogy/library/Zend/Controller/Front.php(954): Zend_Controller_Dispatcher_Standard->dispatch(Object(Zend_Controller_Request_Http), Object(Zend_Controller_Response_Http))
#10 /Users/Erlkonig/Documents/Workspace/ArenaOfGenelogy/index.php(62): Zend_Controller_Front->dispatch()
#11 {main}

Next exception 'Zend_Db_Statement_Exception' with message 'SQLSTATE[42S22]: Column not found: 1054 Unknown column 'module.user_id' in 'on clause'' in /Users/Erlkonig/Documents/Workspace/ArenaOfGenelogy/library/Zend/Db/Statement/Pdo.php:234
Stack trace:
#0 /Users/Erlkonig/Documents/Workspace/ArenaOfGenelogy/library/Zend/Db/Statement.php(300): Zend_Db_Statement_Pdo->_execute(Array)
#1 /Users/Erlkonig/Documents/Workspace/ArenaOfGenelogy/library/Zend/Db/Adapter/Abstract.php(479): Zend_Db_Statement->execute(Array)
#2 /Users/Erlkonig/Documents/Workspace/ArenaOfGenelogy/library/Zend/Db/Adapter/Pdo/Abstract.php(238): Zend_Db_Adapter_Abstract->query(Object(Zend_Db_Select), Array)
#3 /Users/Erlkonig/Documents/Workspace/ArenaOfGenelogy/library/Zend/Db/Adapter/Abstract.php(736): Zend_Db_Adapter_Pdo_Abstract->query(Object(Zend_Db_Select), Array)
#4 /Users/Erlkonig/Documents/Workspace/ArenaofGenelogy/application/models/AdminModel.php(259): Zend_Db_Adapter_Abstract->fetchAll(Object(Zend_Db_Select))
#5 /Users/Erlkonig/Documents/Workspace/ArenaofGenelogy/application/controllers/AdminController.php(116): AdminModel->JoinList('user', Array, 'delete_flag', 0)
#6 /Users/Erlkonig/Documents/Workspace/ArenaOfGenelogy/library/Zend/Controller/Action.php(516): AdminController->userlistAction()
#7 /Users/Erlkonig/Documents/Workspace/ArenaOfGenelogy/library/Zend/Controller/Dispatcher/Standard.php(295): Zend_Controller_Action->dispatch('userlistAction')
#8 /Users/Erlkonig/Documents/Workspace/ArenaOfGenelogy/library/Zend/Controller/Front.php(954): Zend_Controller_Dispatcher_Standard->dispatch(Object(Zend_Controller_Request_Http), Object(Zend_Controller_Response_Http))
#9 /Users/Erlkonig/Documents/Workspace/ArenaOfGenelogy/index.php(62): Zend_Controller_Front->dispatch()
#10 {main}
2013-08-23T23:50:32+09:00 ALERT (1): exception 'SmartyCompilerException' with message 'Syntax Error in template &quot;/Users/Erlkonig/Documents/Workspace/ArenaofGenelogy/application/views/admin/userlist.tpl&quot;  on line 97 &quot;{/if}&quot; unclosed {foreach} tag' in /Users/Erlkonig/Documents/Workspace/ArenaofGenelogy/library/smarty/sysplugins/smarty_internal_templatecompilerbase.php:665
Stack trace:
#0 /Users/Erlkonig/Documents/Workspace/ArenaofGenelogy/library/smarty/sysplugins/smarty_internal_compilebase.php(166): Smarty_Internal_TemplateCompilerBase->trigger_template_error('unclosed {forea...')
#1 /Users/Erlkonig/Documents/Workspace/ArenaofGenelogy/library/smarty/sysplugins/smarty_internal_compile_if.php(85): Smarty_Internal_CompileBase->closeTag(Object(Smarty_Internal_SmartyTemplateCompiler), Array)
#2 /Users/Erlkonig/Documents/Workspace/ArenaofGenelogy/library/smarty/sysplugins/smarty_internal_templatecompilerbase.php(473): Smarty_Internal_Compile_Else->compile(Array, Object(Smarty_Internal_SmartyTemplateCompiler), Array, NULL, NULL)
#3 /Users/Erlkonig/Documents/Workspace/ArenaofGenelogy/library/smarty/sysplugins/smarty_internal_templatecompilerbase.php(257): Smarty_Internal_TemplateCompilerBase->callTagCompiler('else', Array, Array)
#4 /Users/Erlkonig/Documents/Workspace/ArenaofGenelogy/library/smarty/sysplugins/smarty_internal_templateparser.php(2393): Smarty_Internal_TemplateCompilerBase->compileTag('else', Array)
#5 /Users/Erlkonig/Documents/Workspace/ArenaofGenelogy/library/smarty/sysplugins/smarty_internal_templateparser.php(3101): Smarty_Internal_Templateparser->yy_r37()
#6 /Users/Erlkonig/Documents/Workspace/ArenaofGenelogy/library/smarty/sysplugins/smarty_internal_templateparser.php(3201): Smarty_Internal_Templateparser->yy_reduce(37)
#7 /Users/Erlkonig/Documents/Workspace/ArenaofGenelogy/library/smarty/sysplugins/smarty_internal_smartytemplatecompiler.php(105): Smarty_Internal_Templateparser->doParse(10, '?        there ...')
#8 /Users/Erlkonig/Documents/Workspace/ArenaofGenelogy/library/smarty/sysplugins/smarty_internal_templatecompilerbase.php(200): Smarty_Internal_SmartyTemplateCompiler->doCompile('{include file=$...')
#9 /Users/Erlkonig/Documents/Workspace/ArenaofGenelogy/library/smarty/sysplugins/smarty_internal_template.php(187): Smarty_Internal_TemplateCompilerBase->compileTemplate(Object(Smarty_Internal_Template))
#10 /Users/Erlkonig/Documents/Workspace/ArenaofGenelogy/library/smarty/sysplugins/smarty_internal_templatebase.php(164): Smarty_Internal_Template->compileTemplateSource()
#11 /Users/Erlkonig/Documents/Workspace/ArenaofGenelogy/library/smarty/Zend_View_Smarty.php(184): Smarty_Internal_TemplateBase->fetch('admin/userlist....')
#12 /Users/Erlkonig/Documents/Workspace/ArenaOfGenelogy/library/Zend/Controller/Action/Helper/ViewRenderer.php(901): Zend_View_Smarty->render('admin/userlist....')
#13 /Users/Erlkonig/Documents/Workspace/ArenaOfGenelogy/library/Zend/Controller/Action/Helper/ViewRenderer.php(922): Zend_Controller_Action_Helper_ViewRenderer->renderScript('admin/userlist....', NULL)
#14 /Users/Erlkonig/Documents/Workspace/ArenaOfGenelogy/library/Zend/Controller/Action/Helper/ViewRenderer.php(961): Zend_Controller_Action_Helper_ViewRenderer->render()
#15 /Users/Erlkonig/Documents/Workspace/ArenaOfGenelogy/library/Zend/Controller/Action/HelperBroker.php(277): Zend_Controller_Action_Helper_ViewRenderer->postDispatch()
#16 /Users/Erlkonig/Documents/Workspace/ArenaOfGenelogy/library/Zend/Controller/Action.php(527): Zend_Controller_Action_HelperBroker->notifyPostDispatch()
#17 /Users/Erlkonig/Documents/Workspace/ArenaOfGenelogy/library/Zend/Controller/Dispatcher/Standard.php(295): Zend_Controller_Action->dispatch('userlistAction')
#18 /Users/Erlkonig/Documents/Workspace/ArenaOfGenelogy/library/Zend/Controller/Front.php(954): Zend_Controller_Dispatcher_Standard->dispatch(Object(Zend_Controller_Request_Http), Object(Zend_Controller_Response_Http))
#19 /Users/Erlkonig/Documents/Workspace/ArenaOfGenelogy/index.php(62): Zend_Controller_Front->dispatch()
#20 {main}
