2013-04-27T00:21:01+09:00 ALERT (1): exception 'Zend_Controller_Action_Exception' with message 'Action "admin" does not exist and was not trapped in __call()' in D:\workspaces\ArenaOfGenelogy\library\Zend\Controller\Action.php:485
Stack trace:
#0 D:\workspaces\ArenaOfGenelogy\library\Zend\Controller\Action.php(518): Zend_Controller_Action->__call('adminAction', Array)
#1 D:\workspaces\ArenaOfGenelogy\library\Zend\Controller\Dispatcher\Standard.php(295): Zend_Controller_Action->dispatch('adminAction')
#2 D:\workspaces\ArenaOfGenelogy\library\Zend\Controller\Front.php(954): Zend_Controller_Dispatcher_Standard->dispatch(Object(Zend_Controller_Request_Http), Object(Zend_Controller_Response_Http))
#3 D:\workspaces\ArenaOfGenelogy\index.php(62): Zend_Controller_Front->dispatch()
#4 {main}
2013-04-27T00:21:57+09:00 ALERT (1): exception 'Zend_Controller_Action_Exception' with message 'Method "displayError" does not exist and was not trapped in __call()' in D:\workspaces\ArenaOfGenelogy\library\Zend\Controller\Action.php:488
Stack trace:
#0 D:\workspaces\ArenaOfGenelogy\application\controllers\AdminController.php(73): Zend_Controller_Action->__call('displayError', Array)
#1 D:\workspaces\ArenaOfGenelogy\application\controllers\AdminController.php(73): AdminController->displayError(Object(Zend_Auth_Adapter_Exception))
#2 D:\workspaces\ArenaOfGenelogy\library\Zend\Controller\Action.php(516): AdminController->authAction()
#3 D:\workspaces\ArenaOfGenelogy\library\Zend\Controller\Dispatcher\Standard.php(295): Zend_Controller_Action->dispatch('authAction')
#4 D:\workspaces\ArenaOfGenelogy\library\Zend\Controller\Front.php(954): Zend_Controller_Dispatcher_Standard->dispatch(Object(Zend_Controller_Request_Http), Object(Zend_Controller_Response_Http))
#5 D:\workspaces\ArenaOfGenelogy\index.php(62): Zend_Controller_Front->dispatch()
#6 {main}
2013-04-27T02:40:13+09:00 ALERT (1): exception 'Zend_Controller_Dispatcher_Exception' with message 'Invalid controller class ("UserController")' in D:\workspaces\ArenaOfGenelogy\library\Zend\Controller\Dispatcher\Standard.php:352
Stack trace:
#0 D:\workspaces\ArenaOfGenelogy\library\Zend\Controller\Dispatcher\Standard.php(262): Zend_Controller_Dispatcher_Standard->loadClass('UserController')
#1 D:\workspaces\ArenaOfGenelogy\library\Zend\Controller\Front.php(954): Zend_Controller_Dispatcher_Standard->dispatch(Object(Zend_Controller_Request_Http), Object(Zend_Controller_Response_Http))
#2 D:\workspaces\ArenaOfGenelogy\index.php(62): Zend_Controller_Front->dispatch()
#3 {main}
2013-04-27T02:40:18+09:00 ALERT (1): exception 'Zend_Controller_Dispatcher_Exception' with message 'Invalid controller class ("UserController")' in D:\workspaces\ArenaOfGenelogy\library\Zend\Controller\Dispatcher\Standard.php:352
Stack trace:
#0 D:\workspaces\ArenaOfGenelogy\library\Zend\Controller\Dispatcher\Standard.php(262): Zend_Controller_Dispatcher_Standard->loadClass('UserController')
#1 D:\workspaces\ArenaOfGenelogy\library\Zend\Controller\Front.php(954): Zend_Controller_Dispatcher_Standard->dispatch(Object(Zend_Controller_Request_Http), Object(Zend_Controller_Response_Http))
#2 D:\workspaces\ArenaOfGenelogy\index.php(62): Zend_Controller_Front->dispatch()
#3 {main}
2013-04-27T02:41:19+09:00 ALERT (1): exception 'Zend_Controller_Action_Exception' with message 'Method "displayError" does not exist and was not trapped in __call()' in D:\workspaces\ArenaOfGenelogy\library\Zend\Controller\Action.php:488
Stack trace:
#0 D:\workspaces\ArenaOfGenelogy\application\controllers\AdminController.php(89): Zend_Controller_Action->__call('displayError', Array)
#1 D:\workspaces\ArenaOfGenelogy\application\controllers\AdminController.php(89): AdminController->displayError(Object(Zend_Auth_Adapter_Exception))
#2 D:\workspaces\ArenaOfGenelogy\library\Zend\Controller\Action.php(516): AdminController->authAction()
#3 D:\workspaces\ArenaOfGenelogy\library\Zend\Controller\Dispatcher\Standard.php(295): Zend_Controller_Action->dispatch('authAction')
#4 D:\workspaces\ArenaOfGenelogy\library\Zend\Controller\Front.php(954): Zend_Controller_Dispatcher_Standard->dispatch(Object(Zend_Controller_Request_Http), Object(Zend_Controller_Response_Http))
#5 D:\workspaces\ArenaOfGenelogy\index.php(62): Zend_Controller_Front->dispatch()
#6 {main}
2013-04-27T02:47:49+09:00 ALERT (1): exception 'Zend_Controller_Action_Exception' with message 'Method "displayError" does not exist and was not trapped in __call()' in D:\workspaces\ArenaOfGenelogy\library\Zend\Controller\Action.php:488
Stack trace:
#0 D:\workspaces\ArenaOfGenelogy\application\controllers\AdminController.php(100): Zend_Controller_Action->__call('displayError', Array)
#1 D:\workspaces\ArenaOfGenelogy\application\controllers\AdminController.php(100): AdminController->displayError(Object(Zend_Auth_Adapter_Exception))
#2 D:\workspaces\ArenaOfGenelogy\library\Zend\Controller\Action.php(516): AdminController->authAction()
#3 D:\workspaces\ArenaOfGenelogy\library\Zend\Controller\Dispatcher\Standard.php(295): Zend_Controller_Action->dispatch('authAction')
#4 D:\workspaces\ArenaOfGenelogy\library\Zend\Controller\Front.php(954): Zend_Controller_Dispatcher_Standard->dispatch(Object(Zend_Controller_Request_Http), Object(Zend_Controller_Response_Http))
#5 D:\workspaces\ArenaOfGenelogy\index.php(62): Zend_Controller_Front->dispatch()
#6 {main}
2013-04-27T02:48:21+09:00 ALERT (1): exception 'Zend_Controller_Action_Exception' with message 'Method "displayError" does not exist and was not trapped in __call()' in D:\workspaces\ArenaOfGenelogy\library\Zend\Controller\Action.php:488
Stack trace:
#0 D:\workspaces\ArenaOfGenelogy\application\controllers\UserController.php(73): Zend_Controller_Action->__call('displayError', Array)
#1 D:\workspaces\ArenaOfGenelogy\application\controllers\UserController.php(73): UserController->displayError(Object(Zend_Auth_Adapter_Exception))
#2 D:\workspaces\ArenaOfGenelogy\library\Zend\Controller\Action.php(516): UserController->authAction()
#3 D:\workspaces\ArenaOfGenelogy\library\Zend\Controller\Dispatcher\Standard.php(295): Zend_Controller_Action->dispatch('authAction')
#4 D:\workspaces\ArenaOfGenelogy\library\Zend\Controller\Front.php(954): Zend_Controller_Dispatcher_Standard->dispatch(Object(Zend_Controller_Request_Http), Object(Zend_Controller_Response_Http))
#5 D:\workspaces\ArenaOfGenelogy\index.php(62): Zend_Controller_Front->dispatch()
#6 {main}
2013-04-27T03:19:31+09:00 ALERT (1): exception 'Zend_Acl_Exception' with message 'Resource 'login' not found' in D:\workspaces\ArenaOfGenelogy\library\Zend\Acl.php:365
Stack trace:
#0 D:\workspaces\ArenaOfGenelogy\library\Zend\Acl.php(645): Zend_Acl->get('login')
#1 D:\workspaces\ArenaOfGenelogy\library\Zend\Acl.php(508): Zend_Acl->setRule('OP_ADD', 'TYPE_ALLOW', 'guest', 'login', 'view', NULL)
#2 D:\workspaces\ArenaOfGenelogy\application\controllers\AdminController.php(24): Zend_Acl->allow('guest', 'login', 'view')
#3 D:\workspaces\ArenaOfGenelogy\library\Zend\Controller\Action.php(133): AdminController->init()
#4 D:\workspaces\ArenaOfGenelogy\library\Zend\Controller\Dispatcher\Standard.php(268): Zend_Controller_Action->__construct(Object(Zend_Controller_Request_Http), Object(Zend_Controller_Response_Http), Array)
#5 D:\workspaces\ArenaOfGenelogy\library\Zend\Controller\Front.php(954): Zend_Controller_Dispatcher_Standard->dispatch(Object(Zend_Controller_Request_Http), Object(Zend_Controller_Response_Http))
#6 D:\workspaces\ArenaOfGenelogy\index.php(62): Zend_Controller_Front->dispatch()
#7 {main}
2013-04-27T03:19:39+09:00 ALERT (1): exception 'Zend_Acl_Exception' with message 'Resource 'login' not found' in D:\workspaces\ArenaOfGenelogy\library\Zend\Acl.php:365
Stack trace:
#0 D:\workspaces\ArenaOfGenelogy\library\Zend\Acl.php(645): Zend_Acl->get('login')
#1 D:\workspaces\ArenaOfGenelogy\library\Zend\Acl.php(508): Zend_Acl->setRule('OP_ADD', 'TYPE_ALLOW', 'guest', 'login', 'view', NULL)
#2 D:\workspaces\ArenaOfGenelogy\application\controllers\AdminController.php(24): Zend_Acl->allow('guest', 'login', 'view')
#3 D:\workspaces\ArenaOfGenelogy\library\Zend\Controller\Action.php(133): AdminController->init()
#4 D:\workspaces\ArenaOfGenelogy\library\Zend\Controller\Dispatcher\Standard.php(268): Zend_Controller_Action->__construct(Object(Zend_Controller_Request_Http), Object(Zend_Controller_Response_Http), Array)
#5 D:\workspaces\ArenaOfGenelogy\library\Zend\Controller\Front.php(954): Zend_Controller_Dispatcher_Standard->dispatch(Object(Zend_Controller_Request_Http), Object(Zend_Controller_Response_Http))
#6 D:\workspaces\ArenaOfGenelogy\index.php(62): Zend_Controller_Front->dispatch()
#7 {main}
2013-04-27T03:19:44+09:00 ALERT (1): exception 'Zend_Acl_Exception' with message 'Resource 'login' not found' in D:\workspaces\ArenaOfGenelogy\library\Zend\Acl.php:365
Stack trace:
#0 D:\workspaces\ArenaOfGenelogy\library\Zend\Acl.php(645): Zend_Acl->get('login')
#1 D:\workspaces\ArenaOfGenelogy\library\Zend\Acl.php(508): Zend_Acl->setRule('OP_ADD', 'TYPE_ALLOW', 'guest', 'login', 'view', NULL)
#2 D:\workspaces\ArenaOfGenelogy\application\controllers\AdminController.php(24): Zend_Acl->allow('guest', 'login', 'view')
#3 D:\workspaces\ArenaOfGenelogy\library\Zend\Controller\Action.php(133): AdminController->init()
#4 D:\workspaces\ArenaOfGenelogy\library\Zend\Controller\Dispatcher\Standard.php(268): Zend_Controller_Action->__construct(Object(Zend_Controller_Request_Http), Object(Zend_Controller_Response_Http), Array)
#5 D:\workspaces\ArenaOfGenelogy\library\Zend\Controller\Front.php(954): Zend_Controller_Dispatcher_Standard->dispatch(Object(Zend_Controller_Request_Http), Object(Zend_Controller_Response_Http))
#6 D:\workspaces\ArenaOfGenelogy\index.php(62): Zend_Controller_Front->dispatch()
#7 {main}
2013-04-27T03:23:16+09:00 ALERT (1): exception 'Zend_Controller_Action_Exception' with message 'Method "AccessControl" does not exist and was not trapped in __call()' in D:\workspaces\ArenaOfGenelogy\library\Zend\Controller\Action.php:488
Stack trace:
#0 D:\workspaces\ArenaOfGenelogy\application\controllers\AdminController.php(8): Zend_Controller_Action->__call('AccessControl', Array)
#1 D:\workspaces\ArenaOfGenelogy\application\controllers\AdminController.php(8): AdminController->AccessControl()
#2 D:\workspaces\ArenaOfGenelogy\library\Zend\Controller\Action.php(133): AdminController->init()
#3 D:\workspaces\ArenaOfGenelogy\library\Zend\Controller\Dispatcher\Standard.php(268): Zend_Controller_Action->__construct(Object(Zend_Controller_Request_Http), Object(Zend_Controller_Response_Http), Array)
#4 D:\workspaces\ArenaOfGenelogy\library\Zend\Controller\Front.php(954): Zend_Controller_Dispatcher_Standard->dispatch(Object(Zend_Controller_Request_Http), Object(Zend_Controller_Response_Http))
#5 D:\workspaces\ArenaOfGenelogy\index.php(62): Zend_Controller_Front->dispatch()
#6 {main}
2013-04-27T03:24:33+09:00 ALERT (1): exception 'Zend_Controller_Action_Exception' with message 'Method "AccessControl" does not exist and was not trapped in __call()' in D:\workspaces\ArenaOfGenelogy\library\Zend\Controller\Action.php:488
Stack trace:
#0 D:\workspaces\ArenaOfGenelogy\application\controllers\AdminController.php(7): Zend_Controller_Action->__call('AccessControl', Array)
#1 D:\workspaces\ArenaOfGenelogy\application\controllers\AdminController.php(7): AdminController->AccessControl()
#2 D:\workspaces\ArenaOfGenelogy\library\Zend\Controller\Action.php(133): AdminController->init()
#3 D:\workspaces\ArenaOfGenelogy\library\Zend\Controller\Dispatcher\Standard.php(268): Zend_Controller_Action->__construct(Object(Zend_Controller_Request_Http), Object(Zend_Controller_Response_Http), Array)
#4 D:\workspaces\ArenaOfGenelogy\library\Zend\Controller\Front.php(954): Zend_Controller_Dispatcher_Standard->dispatch(Object(Zend_Controller_Request_Http), Object(Zend_Controller_Response_Http))
#5 D:\workspaces\ArenaOfGenelogy\index.php(62): Zend_Controller_Front->dispatch()
#6 {main}
2013-04-27T03:24:34+09:00 ALERT (1): exception 'Zend_Controller_Action_Exception' with message 'Method "AccessControl" does not exist and was not trapped in __call()' in D:\workspaces\ArenaOfGenelogy\library\Zend\Controller\Action.php:488
Stack trace:
#0 D:\workspaces\ArenaOfGenelogy\application\controllers\AdminController.php(7): Zend_Controller_Action->__call('AccessControl', Array)
#1 D:\workspaces\ArenaOfGenelogy\application\controllers\AdminController.php(7): AdminController->AccessControl()
#2 D:\workspaces\ArenaOfGenelogy\library\Zend\Controller\Action.php(133): AdminController->init()
#3 D:\workspaces\ArenaOfGenelogy\library\Zend\Controller\Dispatcher\Standard.php(268): Zend_Controller_Action->__construct(Object(Zend_Controller_Request_Http), Object(Zend_Controller_Response_Http), Array)
#4 D:\workspaces\ArenaOfGenelogy\library\Zend\Controller\Front.php(954): Zend_Controller_Dispatcher_Standard->dispatch(Object(Zend_Controller_Request_Http), Object(Zend_Controller_Response_Http))
#5 D:\workspaces\ArenaOfGenelogy\index.php(62): Zend_Controller_Front->dispatch()
#6 {main}
2013-04-27T03:26:25+09:00 ALERT (1): exception 'Zend_Controller_Action_Exception' with message 'Method "displayError" does not exist and was not trapped in __call()' in D:\workspaces\ArenaOfGenelogy\library\Zend\Controller\Action.php:488
Stack trace:
#0 D:\workspaces\ArenaOfGenelogy\application\controllers\AdminController.php(70): Zend_Controller_Action->__call('displayError', Array)
#1 D:\workspaces\ArenaOfGenelogy\application\controllers\AdminController.php(70): AdminController->displayError(Object(Zend_Auth_Adapter_Exception))
#2 D:\workspaces\ArenaOfGenelogy\library\Zend\Controller\Action.php(516): AdminController->authAction()
#3 D:\workspaces\ArenaOfGenelogy\library\Zend\Controller\Dispatcher\Standard.php(295): Zend_Controller_Action->dispatch('authAction')
#4 D:\workspaces\ArenaOfGenelogy\library\Zend\Controller\Front.php(954): Zend_Controller_Dispatcher_Standard->dispatch(Object(Zend_Controller_Request_Http), Object(Zend_Controller_Response_Http))
#5 D:\workspaces\ArenaOfGenelogy\index.php(62): Zend_Controller_Front->dispatch()
#6 {main}
2013-04-27T04:25:30+09:00 ALERT (1): exception 'Zend_Controller_Action_Exception' with message 'Action "logof" does not exist and was not trapped in __call()' in D:\workspaces\ArenaOfGenelogy\library\Zend\Controller\Action.php:485
Stack trace:
#0 D:\workspaces\ArenaOfGenelogy\library\Zend\Controller\Action.php(518): Zend_Controller_Action->__call('logofAction', Array)
#1 D:\workspaces\ArenaOfGenelogy\library\Zend\Controller\Dispatcher\Standard.php(295): Zend_Controller_Action->dispatch('logofAction')
#2 D:\workspaces\ArenaOfGenelogy\library\Zend\Controller\Front.php(954): Zend_Controller_Dispatcher_Standard->dispatch(Object(Zend_Controller_Request_Http), Object(Zend_Controller_Response_Http))
#3 D:\workspaces\ArenaOfGenelogy\index.php(62): Zend_Controller_Front->dispatch()
#4 {main}
2013-04-27T04:28:46+09:00 ALERT (1): exception 'Zend_Exception' with message 'CANNOT ACCESS!' in D:\workspaces\ArenaOfGenelogy\application\controllers\AdminController.php:42
Stack trace:
#0 D:\workspaces\ArenaOfGenelogy\library\Zend\Controller\Action.php(516): AdminController->indexAction()
#1 D:\workspaces\ArenaOfGenelogy\library\Zend\Controller\Dispatcher\Standard.php(295): Zend_Controller_Action->dispatch('indexAction')
#2 D:\workspaces\ArenaOfGenelogy\library\Zend\Controller\Front.php(954): Zend_Controller_Dispatcher_Standard->dispatch(Object(Zend_Controller_Request_Http), Object(Zend_Controller_Response_Http))
#3 D:\workspaces\ArenaOfGenelogy\index.php(62): Zend_Controller_Front->dispatch()
#4 {main}
2013-04-27T04:29:39+09:00 ALERT (1): exception 'Zend_Exception' with message 'CANNOT ACCESS!' in D:\workspaces\ArenaOfGenelogy\application\controllers\AdminController.php:42
Stack trace:
#0 D:\workspaces\ArenaOfGenelogy\library\Zend\Controller\Action.php(516): AdminController->indexAction()
#1 D:\workspaces\ArenaOfGenelogy\library\Zend\Controller\Dispatcher\Standard.php(295): Zend_Controller_Action->dispatch('indexAction')
#2 D:\workspaces\ArenaOfGenelogy\library\Zend\Controller\Front.php(954): Zend_Controller_Dispatcher_Standard->dispatch(Object(Zend_Controller_Request_Http), Object(Zend_Controller_Response_Http))
#3 D:\workspaces\ArenaOfGenelogy\index.php(62): Zend_Controller_Front->dispatch()
#4 {main}
2013-04-27T04:43:08+09:00 ALERT (1): exception 'Zend_Controller_Action_Exception' with message 'Method "displayError" does not exist and was not trapped in __call()' in D:\workspaces\ArenaOfGenelogy\library\Zend\Controller\Action.php:488
Stack trace:
#0 D:\workspaces\ArenaOfGenelogy\application\controllers\UserController.php(73): Zend_Controller_Action->__call('displayError', Array)
#1 D:\workspaces\ArenaOfGenelogy\application\controllers\UserController.php(73): UserController->displayError(Object(Zend_Auth_Adapter_Exception))
#2 D:\workspaces\ArenaOfGenelogy\library\Zend\Controller\Action.php(516): UserController->authAction()
#3 D:\workspaces\ArenaOfGenelogy\library\Zend\Controller\Dispatcher\Standard.php(295): Zend_Controller_Action->dispatch('authAction')
#4 D:\workspaces\ArenaOfGenelogy\library\Zend\Controller\Front.php(954): Zend_Controller_Dispatcher_Standard->dispatch(Object(Zend_Controller_Request_Http), Object(Zend_Controller_Response_Http))
#5 D:\workspaces\ArenaOfGenelogy\index.php(62): Zend_Controller_Front->dispatch()
#6 {main}
2013-04-27T05:03:04+09:00 ALERT (1): exception 'Zend_Controller_Action_Exception' with message 'Action "logih" does not exist and was not trapped in __call()' in D:\workspaces\ArenaOfGenelogy\library\Zend\Controller\Action.php:485
Stack trace:
#0 D:\workspaces\ArenaOfGenelogy\library\Zend\Controller\Action.php(518): Zend_Controller_Action->__call('logihAction', Array)
#1 D:\workspaces\ArenaOfGenelogy\library\Zend\Controller\Dispatcher\Standard.php(295): Zend_Controller_Action->dispatch('logihAction')
#2 D:\workspaces\ArenaOfGenelogy\library\Zend\Controller\Front.php(954): Zend_Controller_Dispatcher_Standard->dispatch(Object(Zend_Controller_Request_Http), Object(Zend_Controller_Response_Http))
#3 D:\workspaces\ArenaOfGenelogy\index.php(62): Zend_Controller_Front->dispatch()
#4 {main}
2013-04-27T05:03:28+09:00 ALERT (1): exception 'Zend_Controller_Action_Exception' with message 'Action "l" does not exist and was not trapped in __call()' in D:\workspaces\ArenaOfGenelogy\library\Zend\Controller\Action.php:485
Stack trace:
#0 D:\workspaces\ArenaOfGenelogy\library\Zend\Controller\Action.php(518): Zend_Controller_Action->__call('lAction', Array)
#1 D:\workspaces\ArenaOfGenelogy\library\Zend\Controller\Dispatcher\Standard.php(295): Zend_Controller_Action->dispatch('lAction')
#2 D:\workspaces\ArenaOfGenelogy\library\Zend\Controller\Front.php(954): Zend_Controller_Dispatcher_Standard->dispatch(Object(Zend_Controller_Request_Http), Object(Zend_Controller_Response_Http))
#3 D:\workspaces\ArenaOfGenelogy\index.php(62): Zend_Controller_Front->dispatch()
#4 {main}
