2013-04-10T03:01:32+09:00 ALERT (1): exception 'SmartyException' with message 'Unable to load template file 'index.tpl'' in D:\workspaces\ArenaOfGenelogy\library\Smarty\libs\sysplugins\smarty_internal_templatebase.php:127
Stack trace:
#0 D:\workspaces\ArenaOfGenelogy\library\Smarty\libs\Zend_View_Smarty.php(185): Smarty_Internal_TemplateBase->fetch('index.tpl')
#1 D:\workspaces\ArenaOfGenelogy\application\controllers\IndexController.php(33): Zend_View_Smarty->render('index.tpl')
#2 D:\workspaces\ArenaOfGenelogy\library\Zend\Controller\Action.php(516): IndexController->indexAction()
#3 D:\workspaces\ArenaOfGenelogy\library\Zend\Controller\Dispatcher\Standard.php(295): Zend_Controller_Action->dispatch('indexAction')
#4 D:\workspaces\ArenaOfGenelogy\library\Zend\Controller\Front.php(954): Zend_Controller_Dispatcher_Standard->dispatch(Object(Zend_Controller_Request_Http), Object(Zend_Controller_Response_Http))
#5 D:\workspaces\ArenaOfGenelogy\index.php(46): Zend_Controller_Front->dispatch()
#6 {main}
2013-04-10T03:01:34+09:00 ALERT (1): exception 'SmartyException' with message 'Unable to load template file 'index.tpl'' in D:\workspaces\ArenaOfGenelogy\library\Smarty\libs\sysplugins\smarty_internal_templatebase.php:127
Stack trace:
#0 D:\workspaces\ArenaOfGenelogy\library\Smarty\libs\Zend_View_Smarty.php(185): Smarty_Internal_TemplateBase->fetch('index.tpl')
#1 D:\workspaces\ArenaOfGenelogy\application\controllers\IndexController.php(33): Zend_View_Smarty->render('index.tpl')
#2 D:\workspaces\ArenaOfGenelogy\library\Zend\Controller\Action.php(516): IndexController->indexAction()
#3 D:\workspaces\ArenaOfGenelogy\library\Zend\Controller\Dispatcher\Standard.php(295): Zend_Controller_Action->dispatch('indexAction')
#4 D:\workspaces\ArenaOfGenelogy\library\Zend\Controller\Front.php(954): Zend_Controller_Dispatcher_Standard->dispatch(Object(Zend_Controller_Request_Http), Object(Zend_Controller_Response_Http))
#5 D:\workspaces\ArenaOfGenelogy\index.php(46): Zend_Controller_Front->dispatch()
#6 {main}
2013-04-10T03:02:32+09:00 ALERT (1): exception 'SmartyException' with message 'Unable to load template file 'index.tpl'' in D:\workspaces\ArenaOfGenelogy\library\Smarty\libs\sysplugins\smarty_internal_templatebase.php:127
Stack trace:
#0 D:\workspaces\ArenaOfGenelogy\library\Smarty\libs\Zend_View_Smarty.php(185): Smarty_Internal_TemplateBase->fetch('index.tpl')
#1 D:\workspaces\ArenaOfGenelogy\application\controllers\IndexController.php(33): Zend_View_Smarty->render('index.tpl')
#2 D:\workspaces\ArenaOfGenelogy\library\Zend\Controller\Action.php(516): IndexController->indexAction()
#3 D:\workspaces\ArenaOfGenelogy\library\Zend\Controller\Dispatcher\Standard.php(295): Zend_Controller_Action->dispatch('indexAction')
#4 D:\workspaces\ArenaOfGenelogy\library\Zend\Controller\Front.php(954): Zend_Controller_Dispatcher_Standard->dispatch(Object(Zend_Controller_Request_Http), Object(Zend_Controller_Response_Http))
#5 D:\workspaces\ArenaOfGenelogy\index.php(46): Zend_Controller_Front->dispatch()
#6 {main}
2013-04-10T03:02:32+09:00 ALERT (1): exception 'SmartyException' with message 'Unable to load template file 'index.tpl'' in D:\workspaces\ArenaOfGenelogy\library\Smarty\libs\sysplugins\smarty_internal_templatebase.php:127
Stack trace:
#0 D:\workspaces\ArenaOfGenelogy\library\Smarty\libs\Zend_View_Smarty.php(185): Smarty_Internal_TemplateBase->fetch('index.tpl')
#1 D:\workspaces\ArenaOfGenelogy\application\controllers\IndexController.php(33): Zend_View_Smarty->render('index.tpl')
#2 D:\workspaces\ArenaOfGenelogy\library\Zend\Controller\Action.php(516): IndexController->indexAction()
#3 D:\workspaces\ArenaOfGenelogy\library\Zend\Controller\Dispatcher\Standard.php(295): Zend_Controller_Action->dispatch('indexAction')
#4 D:\workspaces\ArenaOfGenelogy\library\Zend\Controller\Front.php(954): Zend_Controller_Dispatcher_Standard->dispatch(Object(Zend_Controller_Request_Http), Object(Zend_Controller_Response_Http))
#5 D:\workspaces\ArenaOfGenelogy\index.php(46): Zend_Controller_Front->dispatch()
#6 {main}
2013-04-10T03:02:32+09:00 ALERT (1): exception 'SmartyException' with message 'Unable to load template file 'index.tpl'' in D:\workspaces\ArenaOfGenelogy\library\Smarty\libs\sysplugins\smarty_internal_templatebase.php:127
Stack trace:
#0 D:\workspaces\ArenaOfGenelogy\library\Smarty\libs\Zend_View_Smarty.php(185): Smarty_Internal_TemplateBase->fetch('index.tpl')
#1 D:\workspaces\ArenaOfGenelogy\application\controllers\IndexController.php(33): Zend_View_Smarty->render('index.tpl')
#2 D:\workspaces\ArenaOfGenelogy\library\Zend\Controller\Action.php(516): IndexController->indexAction()
#3 D:\workspaces\ArenaOfGenelogy\library\Zend\Controller\Dispatcher\Standard.php(295): Zend_Controller_Action->dispatch('indexAction')
#4 D:\workspaces\ArenaOfGenelogy\library\Zend\Controller\Front.php(954): Zend_Controller_Dispatcher_Standard->dispatch(Object(Zend_Controller_Request_Http), Object(Zend_Controller_Response_Http))
#5 D:\workspaces\ArenaOfGenelogy\index.php(46): Zend_Controller_Front->dispatch()
#6 {main}
2013-04-10T03:02:32+09:00 ALERT (1): exception 'SmartyException' with message 'Unable to load template file 'index.tpl'' in D:\workspaces\ArenaOfGenelogy\library\Smarty\libs\sysplugins\smarty_internal_templatebase.php:127
Stack trace:
#0 D:\workspaces\ArenaOfGenelogy\library\Smarty\libs\Zend_View_Smarty.php(185): Smarty_Internal_TemplateBase->fetch('index.tpl')
#1 D:\workspaces\ArenaOfGenelogy\application\controllers\IndexController.php(33): Zend_View_Smarty->render('index.tpl')
#2 D:\workspaces\ArenaOfGenelogy\library\Zend\Controller\Action.php(516): IndexController->indexAction()
#3 D:\workspaces\ArenaOfGenelogy\library\Zend\Controller\Dispatcher\Standard.php(295): Zend_Controller_Action->dispatch('indexAction')
#4 D:\workspaces\ArenaOfGenelogy\library\Zend\Controller\Front.php(954): Zend_Controller_Dispatcher_Standard->dispatch(Object(Zend_Controller_Request_Http), Object(Zend_Controller_Response_Http))
#5 D:\workspaces\ArenaOfGenelogy\index.php(46): Zend_Controller_Front->dispatch()
#6 {main}
2013-04-10T03:02:32+09:00 ALERT (1): exception 'SmartyException' with message 'Unable to load template file 'index.tpl'' in D:\workspaces\ArenaOfGenelogy\library\Smarty\libs\sysplugins\smarty_internal_templatebase.php:127
Stack trace:
#0 D:\workspaces\ArenaOfGenelogy\library\Smarty\libs\Zend_View_Smarty.php(185): Smarty_Internal_TemplateBase->fetch('index.tpl')
#1 D:\workspaces\ArenaOfGenelogy\application\controllers\IndexController.php(33): Zend_View_Smarty->render('index.tpl')
#2 D:\workspaces\ArenaOfGenelogy\library\Zend\Controller\Action.php(516): IndexController->indexAction()
#3 D:\workspaces\ArenaOfGenelogy\library\Zend\Controller\Dispatcher\Standard.php(295): Zend_Controller_Action->dispatch('indexAction')
#4 D:\workspaces\ArenaOfGenelogy\library\Zend\Controller\Front.php(954): Zend_Controller_Dispatcher_Standard->dispatch(Object(Zend_Controller_Request_Http), Object(Zend_Controller_Response_Http))
#5 D:\workspaces\ArenaOfGenelogy\index.php(46): Zend_Controller_Front->dispatch()
#6 {main}
2013-04-10T03:02:33+09:00 ALERT (1): exception 'SmartyException' with message 'Unable to load template file 'index.tpl'' in D:\workspaces\ArenaOfGenelogy\library\Smarty\libs\sysplugins\smarty_internal_templatebase.php:127
Stack trace:
#0 D:\workspaces\ArenaOfGenelogy\library\Smarty\libs\Zend_View_Smarty.php(185): Smarty_Internal_TemplateBase->fetch('index.tpl')
#1 D:\workspaces\ArenaOfGenelogy\application\controllers\IndexController.php(33): Zend_View_Smarty->render('index.tpl')
#2 D:\workspaces\ArenaOfGenelogy\library\Zend\Controller\Action.php(516): IndexController->indexAction()
#3 D:\workspaces\ArenaOfGenelogy\library\Zend\Controller\Dispatcher\Standard.php(295): Zend_Controller_Action->dispatch('indexAction')
#4 D:\workspaces\ArenaOfGenelogy\library\Zend\Controller\Front.php(954): Zend_Controller_Dispatcher_Standard->dispatch(Object(Zend_Controller_Request_Http), Object(Zend_Controller_Response_Http))
#5 D:\workspaces\ArenaOfGenelogy\index.php(46): Zend_Controller_Front->dispatch()
#6 {main}
2013-04-10T03:02:36+09:00 ALERT (1): exception 'SmartyException' with message 'Unable to load template file 'index.tpl'' in D:\workspaces\ArenaOfGenelogy\library\Smarty\libs\sysplugins\smarty_internal_templatebase.php:127
Stack trace:
#0 D:\workspaces\ArenaOfGenelogy\library\Smarty\libs\Zend_View_Smarty.php(185): Smarty_Internal_TemplateBase->fetch('index.tpl')
#1 D:\workspaces\ArenaOfGenelogy\application\controllers\IndexController.php(33): Zend_View_Smarty->render('index.tpl')
#2 D:\workspaces\ArenaOfGenelogy\library\Zend\Controller\Action.php(516): IndexController->indexAction()
#3 D:\workspaces\ArenaOfGenelogy\library\Zend\Controller\Dispatcher\Standard.php(295): Zend_Controller_Action->dispatch('indexAction')
#4 D:\workspaces\ArenaOfGenelogy\library\Zend\Controller\Front.php(954): Zend_Controller_Dispatcher_Standard->dispatch(Object(Zend_Controller_Request_Http), Object(Zend_Controller_Response_Http))
#5 D:\workspaces\ArenaOfGenelogy\index.php(46): Zend_Controller_Front->dispatch()
#6 {main}
2013-04-10T03:02:36+09:00 ALERT (1): exception 'SmartyException' with message 'Unable to load template file 'index.tpl'' in D:\workspaces\ArenaOfGenelogy\library\Smarty\libs\sysplugins\smarty_internal_templatebase.php:127
Stack trace:
#0 D:\workspaces\ArenaOfGenelogy\library\Smarty\libs\Zend_View_Smarty.php(185): Smarty_Internal_TemplateBase->fetch('index.tpl')
#1 D:\workspaces\ArenaOfGenelogy\application\controllers\IndexController.php(33): Zend_View_Smarty->render('index.tpl')
#2 D:\workspaces\ArenaOfGenelogy\library\Zend\Controller\Action.php(516): IndexController->indexAction()
#3 D:\workspaces\ArenaOfGenelogy\library\Zend\Controller\Dispatcher\Standard.php(295): Zend_Controller_Action->dispatch('indexAction')
#4 D:\workspaces\ArenaOfGenelogy\library\Zend\Controller\Front.php(954): Zend_Controller_Dispatcher_Standard->dispatch(Object(Zend_Controller_Request_Http), Object(Zend_Controller_Response_Http))
#5 D:\workspaces\ArenaOfGenelogy\index.php(46): Zend_Controller_Front->dispatch()
#6 {main}
2013-04-10T03:02:36+09:00 ALERT (1): exception 'SmartyException' with message 'Unable to load template file 'index.tpl'' in D:\workspaces\ArenaOfGenelogy\library\Smarty\libs\sysplugins\smarty_internal_templatebase.php:127
Stack trace:
#0 D:\workspaces\ArenaOfGenelogy\library\Smarty\libs\Zend_View_Smarty.php(185): Smarty_Internal_TemplateBase->fetch('index.tpl')
#1 D:\workspaces\ArenaOfGenelogy\application\controllers\IndexController.php(33): Zend_View_Smarty->render('index.tpl')
#2 D:\workspaces\ArenaOfGenelogy\library\Zend\Controller\Action.php(516): IndexController->indexAction()
#3 D:\workspaces\ArenaOfGenelogy\library\Zend\Controller\Dispatcher\Standard.php(295): Zend_Controller_Action->dispatch('indexAction')
#4 D:\workspaces\ArenaOfGenelogy\library\Zend\Controller\Front.php(954): Zend_Controller_Dispatcher_Standard->dispatch(Object(Zend_Controller_Request_Http), Object(Zend_Controller_Response_Http))
#5 D:\workspaces\ArenaOfGenelogy\index.php(46): Zend_Controller_Front->dispatch()
#6 {main}
2013-04-10T03:02:36+09:00 ALERT (1): exception 'SmartyException' with message 'Unable to load template file 'index.tpl'' in D:\workspaces\ArenaOfGenelogy\library\Smarty\libs\sysplugins\smarty_internal_templatebase.php:127
Stack trace:
#0 D:\workspaces\ArenaOfGenelogy\library\Smarty\libs\Zend_View_Smarty.php(185): Smarty_Internal_TemplateBase->fetch('index.tpl')
#1 D:\workspaces\ArenaOfGenelogy\application\controllers\IndexController.php(33): Zend_View_Smarty->render('index.tpl')
#2 D:\workspaces\ArenaOfGenelogy\library\Zend\Controller\Action.php(516): IndexController->indexAction()
#3 D:\workspaces\ArenaOfGenelogy\library\Zend\Controller\Dispatcher\Standard.php(295): Zend_Controller_Action->dispatch('indexAction')
#4 D:\workspaces\ArenaOfGenelogy\library\Zend\Controller\Front.php(954): Zend_Controller_Dispatcher_Standard->dispatch(Object(Zend_Controller_Request_Http), Object(Zend_Controller_Response_Http))
#5 D:\workspaces\ArenaOfGenelogy\index.php(46): Zend_Controller_Front->dispatch()
#6 {main}
2013-04-10T03:02:45+09:00 ALERT (1): exception 'SmartyException' with message 'Unable to load template file 'index.tpl'' in D:\workspaces\ArenaOfGenelogy\library\Smarty\libs\sysplugins\smarty_internal_templatebase.php:127
Stack trace:
#0 D:\workspaces\ArenaOfGenelogy\library\Smarty\libs\Zend_View_Smarty.php(185): Smarty_Internal_TemplateBase->fetch('index.tpl')
#1 D:\workspaces\ArenaOfGenelogy\application\controllers\IndexController.php(33): Zend_View_Smarty->render('index.tpl')
#2 D:\workspaces\ArenaOfGenelogy\library\Zend\Controller\Action.php(516): IndexController->indexAction()
#3 D:\workspaces\ArenaOfGenelogy\library\Zend\Controller\Dispatcher\Standard.php(295): Zend_Controller_Action->dispatch('indexAction')
#4 D:\workspaces\ArenaOfGenelogy\library\Zend\Controller\Front.php(954): Zend_Controller_Dispatcher_Standard->dispatch(Object(Zend_Controller_Request_Http), Object(Zend_Controller_Response_Http))
#5 D:\workspaces\ArenaOfGenelogy\index.php(46): Zend_Controller_Front->dispatch()
#6 {main}
2013-04-10T03:04:05+09:00 ALERT (1): exception 'Exception' with message '無効なパスが指定されました' in D:\workspaces\ArenaOfGenelogy\library\Smarty\libs\Zend_View_Smarty.php:54
Stack trace:
#0 D:\workspaces\ArenaOfGenelogy\library\Smarty\libs\Zend_View_Smarty.php(22): Zend_View_Smarty->setScriptPath('D:\workspaces/A...')
#1 D:\workspaces\ArenaOfGenelogy\index.php(35): Zend_View_Smarty->__construct('D:\workspaces/A...', Array)
#2 {main}
2013-04-10T03:04:33+09:00 ALERT (1): exception 'Exception' with message '無効なパスが指定されました' in D:\workspaces\ArenaOfGenelogy\library\Smarty\libs\Zend_View_Smarty.php:54
Stack trace:
#0 D:\workspaces\ArenaOfGenelogy\library\Smarty\libs\Zend_View_Smarty.php(22): Zend_View_Smarty->setScriptPath('D:\workspaces/A...')
#1 D:\workspaces\ArenaOfGenelogy\index.php(35): Zend_View_Smarty->__construct('D:\workspaces/A...', Array)
#2 {main}
2013-04-10T03:04:34+09:00 ALERT (1): exception 'Exception' with message '無効なパスが指定されました' in D:\workspaces\ArenaOfGenelogy\library\Smarty\libs\Zend_View_Smarty.php:54
Stack trace:
#0 D:\workspaces\ArenaOfGenelogy\library\Smarty\libs\Zend_View_Smarty.php(22): Zend_View_Smarty->setScriptPath('D:\workspaces/A...')
#1 D:\workspaces\ArenaOfGenelogy\index.php(35): Zend_View_Smarty->__construct('D:\workspaces/A...', Array)
#2 {main}
2013-04-10T03:04:35+09:00 ALERT (1): exception 'Exception' with message '無効なパスが指定されました' in D:\workspaces\ArenaOfGenelogy\library\Smarty\libs\Zend_View_Smarty.php:54
Stack trace:
#0 D:\workspaces\ArenaOfGenelogy\library\Smarty\libs\Zend_View_Smarty.php(22): Zend_View_Smarty->setScriptPath('D:\workspaces/A...')
#1 D:\workspaces\ArenaOfGenelogy\index.php(35): Zend_View_Smarty->__construct('D:\workspaces/A...', Array)
#2 {main}
2013-04-10T03:04:36+09:00 ALERT (1): exception 'Exception' with message '無効なパスが指定されました' in D:\workspaces\ArenaOfGenelogy\library\Smarty\libs\Zend_View_Smarty.php:54
Stack trace:
#0 D:\workspaces\ArenaOfGenelogy\library\Smarty\libs\Zend_View_Smarty.php(22): Zend_View_Smarty->setScriptPath('D:\workspaces/A...')
#1 D:\workspaces\ArenaOfGenelogy\index.php(35): Zend_View_Smarty->__construct('D:\workspaces/A...', Array)
#2 {main}
2013-04-10T03:05:13+09:00 ALERT (1): exception 'Exception' with message '無効なパスが指定されました' in D:\workspaces\ArenaOfGenelogy\library\Smarty\libs\Zend_View_Smarty.php:54
Stack trace:
#0 D:\workspaces\ArenaOfGenelogy\library\Smarty\libs\Zend_View_Smarty.php(22): Zend_View_Smarty->setScriptPath('D:\workspaces/A...')
#1 D:\workspaces\ArenaOfGenelogy\index.php(36): Zend_View_Smarty->__construct('D:\workspaces/A...', Array)
#2 {main}
2013-04-10T03:07:23+09:00 ALERT (1): exception 'SmartyException' with message 'Unable to load template file 'index.tpl'' in D:\workspaces\ArenaOfGenelogy\library\Smarty\libs\sysplugins\smarty_internal_templatebase.php:127
Stack trace:
#0 D:\workspaces\ArenaOfGenelogy\library\Smarty\libs\Zend_View_Smarty.php(185): Smarty_Internal_TemplateBase->fetch('index.tpl')
#1 D:\workspaces\ArenaOfGenelogy\application\controllers\IndexController.php(33): Zend_View_Smarty->render('index.tpl')
#2 D:\workspaces\ArenaOfGenelogy\library\Zend\Controller\Action.php(516): IndexController->indexAction()
#3 D:\workspaces\ArenaOfGenelogy\library\Zend\Controller\Dispatcher\Standard.php(295): Zend_Controller_Action->dispatch('indexAction')
#4 D:\workspaces\ArenaOfGenelogy\library\Zend\Controller\Front.php(954): Zend_Controller_Dispatcher_Standard->dispatch(Object(Zend_Controller_Request_Http), Object(Zend_Controller_Response_Http))
#5 D:\workspaces\ArenaOfGenelogy\index.php(47): Zend_Controller_Front->dispatch()
#6 {main}
2013-04-10T03:12:52+09:00 ALERT (1): exception 'SmartyException' with message 'Unable to load template file 'index.tpl'' in D:\workspaces\ArenaOfGenelogy\library\Smarty\libs\sysplugins\smarty_internal_templatebase.php:127
Stack trace:
#0 D:\workspaces\ArenaOfGenelogy\library\Smarty\libs\Zend_View_Smarty.php(185): Smarty_Internal_TemplateBase->fetch('index.tpl')
#1 D:\workspaces\ArenaOfGenelogy\application\controllers\IndexController.php(33): Zend_View_Smarty->render('index.tpl')
#2 D:\workspaces\ArenaOfGenelogy\library\Zend\Controller\Action.php(516): IndexController->indexAction()
#3 D:\workspaces\ArenaOfGenelogy\library\Zend\Controller\Dispatcher\Standard.php(295): Zend_Controller_Action->dispatch('indexAction')
#4 D:\workspaces\ArenaOfGenelogy\library\Zend\Controller\Front.php(954): Zend_Controller_Dispatcher_Standard->dispatch(Object(Zend_Controller_Request_Http), Object(Zend_Controller_Response_Http))
#5 D:\workspaces\ArenaOfGenelogy\index.php(47): Zend_Controller_Front->dispatch()
#6 {main}
2013-04-10T03:13:22+09:00 ALERT (1): exception 'SmartyException' with message 'Unable to load template file 'index.tpl'' in D:\workspaces\ArenaOfGenelogy\library\Smarty\libs\sysplugins\smarty_internal_templatebase.php:127
Stack trace:
#0 D:\workspaces\ArenaOfGenelogy\library\Smarty\libs\Zend_View_Smarty.php(185): Smarty_Internal_TemplateBase->fetch('index.tpl')
#1 D:\workspaces\ArenaOfGenelogy\application\controllers\IndexController.php(33): Zend_View_Smarty->render('index.tpl')
#2 D:\workspaces\ArenaOfGenelogy\library\Zend\Controller\Action.php(516): IndexController->indexAction()
#3 D:\workspaces\ArenaOfGenelogy\library\Zend\Controller\Dispatcher\Standard.php(295): Zend_Controller_Action->dispatch('indexAction')
#4 D:\workspaces\ArenaOfGenelogy\library\Zend\Controller\Front.php(954): Zend_Controller_Dispatcher_Standard->dispatch(Object(Zend_Controller_Request_Http), Object(Zend_Controller_Response_Http))
#5 D:\workspaces\ArenaOfGenelogy\index.php(46): Zend_Controller_Front->dispatch()
#6 {main}
2013-04-10T03:15:21+09:00 ALERT (1): exception 'SmartyException' with message 'Unable to load template file 'index.tpl'' in D:\workspaces\ArenaOfGenelogy\library\Smarty\libs\sysplugins\smarty_internal_templatebase.php:127
Stack trace:
#0 D:\workspaces\ArenaOfGenelogy\library\Smarty\libs\Zend_View_Smarty.php(185): Smarty_Internal_TemplateBase->fetch('index.tpl')
#1 D:\workspaces\ArenaOfGenelogy\application\controllers\IndexController.php(33): Zend_View_Smarty->render('index.tpl')
#2 D:\workspaces\ArenaOfGenelogy\library\Zend\Controller\Action.php(516): IndexController->indexAction()
#3 D:\workspaces\ArenaOfGenelogy\library\Zend\Controller\Dispatcher\Standard.php(295): Zend_Controller_Action->dispatch('indexAction')
#4 D:\workspaces\ArenaOfGenelogy\library\Zend\Controller\Front.php(954): Zend_Controller_Dispatcher_Standard->dispatch(Object(Zend_Controller_Request_Http), Object(Zend_Controller_Response_Http))
#5 D:\workspaces\ArenaOfGenelogy\index.php(46): Zend_Controller_Front->dispatch()
#6 {main}
2013-04-10T03:21:49+09:00 ALERT (1): exception 'SmartyException' with message 'Unable to load template file 'index.tpl'' in D:\workspaces\ArenaOfGenelogy\library\Smarty\libs\sysplugins\smarty_internal_templatebase.php:127
Stack trace:
#0 D:\workspaces\ArenaOfGenelogy\library\Smarty\libs\Zend_View_Smarty.php(186): Smarty_Internal_TemplateBase->fetch('index.tpl')
#1 D:\workspaces\ArenaOfGenelogy\application\controllers\IndexController.php(33): Zend_View_Smarty->render('index.tpl')
#2 D:\workspaces\ArenaOfGenelogy\library\Zend\Controller\Action.php(516): IndexController->indexAction()
#3 D:\workspaces\ArenaOfGenelogy\library\Zend\Controller\Dispatcher\Standard.php(295): Zend_Controller_Action->dispatch('indexAction')
#4 D:\workspaces\ArenaOfGenelogy\library\Zend\Controller\Front.php(954): Zend_Controller_Dispatcher_Standard->dispatch(Object(Zend_Controller_Request_Http), Object(Zend_Controller_Response_Http))
#5 D:\workspaces\ArenaOfGenelogy\index.php(46): Zend_Controller_Front->dispatch()
#6 {main}
2013-04-10T03:23:44+09:00 ALERT (1): exception 'SmartyException' with message 'Unable to load template file 'index.tpl'' in D:\workspaces\ArenaOfGenelogy\library\Smarty\libs\sysplugins\smarty_internal_templatebase.php:127
Stack trace:
#0 D:\workspaces\ArenaOfGenelogy\library\Smarty\libs\Zend_View_Smarty.php(187): Smarty_Internal_TemplateBase->fetch('index.tpl')
#1 D:\workspaces\ArenaOfGenelogy\application\controllers\IndexController.php(33): Zend_View_Smarty->render('index.tpl')
#2 D:\workspaces\ArenaOfGenelogy\library\Zend\Controller\Action.php(516): IndexController->indexAction()
#3 D:\workspaces\ArenaOfGenelogy\library\Zend\Controller\Dispatcher\Standard.php(295): Zend_Controller_Action->dispatch('indexAction')
#4 D:\workspaces\ArenaOfGenelogy\library\Zend\Controller\Front.php(954): Zend_Controller_Dispatcher_Standard->dispatch(Object(Zend_Controller_Request_Http), Object(Zend_Controller_Response_Http))
#5 D:\workspaces\ArenaOfGenelogy\index.php(46): Zend_Controller_Front->dispatch()
#6 {main}
2013-04-10T03:29:21+09:00 ALERT (1): exception 'Exception' with message '無効なパスが指定されました' in D:\workspaces\ArenaOfGenelogy\library\Smarty\libs\Zend_View_Smarty.php:55
Stack trace:
#0 D:\workspaces\ArenaOfGenelogy\library\Smarty\libs\Zend_View_Smarty.php(22): Zend_View_Smarty->setScriptPath('D:\workspaces/A...')
#1 D:\workspaces\ArenaOfGenelogy\index.php(35): Zend_View_Smarty->__construct('D:\workspaces/A...', Array)
#2 {main}
2013-04-10T03:30:11+09:00 ALERT (1): exception 'Exception' with message '無効なパスが指定されました' in D:\workspaces\ArenaOfGenelogy\library\Smarty\libs\Zend_View_Smarty.php:55
Stack trace:
#0 D:\workspaces\ArenaOfGenelogy\library\Smarty\libs\Zend_View_Smarty.php(22): Zend_View_Smarty->setScriptPath('D:\workspaces/A...')
#1 D:\workspaces\ArenaOfGenelogy\index.php(35): Zend_View_Smarty->__construct('D:\workspaces/A...', Array)
#2 {main}
2013-04-10T03:31:39+09:00 ALERT (1): exception 'SmartyException' with message 'Unable to load template file 'index.tpl'' in D:\workspaces\ArenaOfGenelogy\library\Smarty\libs\sysplugins\smarty_internal_templatebase.php:127
Stack trace:
#0 D:\workspaces\ArenaOfGenelogy\library\Smarty\libs\Zend_View_Smarty.php(186): Smarty_Internal_TemplateBase->fetch('index.tpl')
#1 D:\workspaces\ArenaOfGenelogy\application\controllers\IndexController.php(33): Zend_View_Smarty->render('index.tpl')
#2 D:\workspaces\ArenaOfGenelogy\library\Zend\Controller\Action.php(516): IndexController->indexAction()
#3 D:\workspaces\ArenaOfGenelogy\library\Zend\Controller\Dispatcher\Standard.php(295): Zend_Controller_Action->dispatch('indexAction')
#4 D:\workspaces\ArenaOfGenelogy\library\Zend\Controller\Front.php(954): Zend_Controller_Dispatcher_Standard->dispatch(Object(Zend_Controller_Request_Http), Object(Zend_Controller_Response_Http))
#5 D:\workspaces\ArenaOfGenelogy\index.php(46): Zend_Controller_Front->dispatch()
#6 {main}
2013-04-10T03:54:39+09:00 ALERT (1): exception 'SmartyException' with message 'Unable to load template file 'index.tpl'' in D:\workspaces\ArenaOfGenelogy\library\Smarty\libs\sysplugins\smarty_internal_templatebase.php:127
Stack trace:
#0 D:\workspaces\ArenaOfGenelogy\library\Smarty\libs\Zend_View_Smarty.php(186): Smarty_Internal_TemplateBase->fetch('index.tpl')
#1 D:\workspaces\ArenaOfGenelogy\application\controllers\IndexController.php(33): Zend_View_Smarty->render('index.tpl')
#2 D:\workspaces\ArenaOfGenelogy\library\Zend\Controller\Action.php(516): IndexController->indexAction()
#3 D:\workspaces\ArenaOfGenelogy\library\Zend\Controller\Dispatcher\Standard.php(295): Zend_Controller_Action->dispatch('indexAction')
#4 D:\workspaces\ArenaOfGenelogy\library\Zend\Controller\Front.php(954): Zend_Controller_Dispatcher_Standard->dispatch(Object(Zend_Controller_Request_Http), Object(Zend_Controller_Response_Http))
#5 D:\workspaces\ArenaOfGenelogy\index.php(46): Zend_Controller_Front->dispatch()
#6 {main}
2013-04-10T03:54:41+09:00 ALERT (1): exception 'SmartyException' with message 'Unable to load template file 'index.tpl'' in D:\workspaces\ArenaOfGenelogy\library\Smarty\libs\sysplugins\smarty_internal_templatebase.php:127
Stack trace:
#0 D:\workspaces\ArenaOfGenelogy\library\Smarty\libs\Zend_View_Smarty.php(186): Smarty_Internal_TemplateBase->fetch('index.tpl')
#1 D:\workspaces\ArenaOfGenelogy\application\controllers\IndexController.php(33): Zend_View_Smarty->render('index.tpl')
#2 D:\workspaces\ArenaOfGenelogy\library\Zend\Controller\Action.php(516): IndexController->indexAction()
#3 D:\workspaces\ArenaOfGenelogy\library\Zend\Controller\Dispatcher\Standard.php(295): Zend_Controller_Action->dispatch('indexAction')
#4 D:\workspaces\ArenaOfGenelogy\library\Zend\Controller\Front.php(954): Zend_Controller_Dispatcher_Standard->dispatch(Object(Zend_Controller_Request_Http), Object(Zend_Controller_Response_Http))
#5 D:\workspaces\ArenaOfGenelogy\index.php(46): Zend_Controller_Front->dispatch()
#6 {main}
2013-04-10T05:13:41+09:00 ALERT (1): exception 'SmartyException' with message 'Unable to load template file 'index.tpl'' in D:\workspaces\ArenaOfGenelogy\library\Smarty\libs\sysplugins\smarty_internal_templatebase.php:127
Stack trace:
#0 D:\workspaces\ArenaOfGenelogy\library\Smarty\libs\Zend_View_Smarty.php(185): Smarty_Internal_TemplateBase->fetch('index.tpl')
#1 D:\workspaces\ArenaOfGenelogy\application\controllers\IndexController.php(33): Zend_View_Smarty->render('index.tpl')
#2 D:\workspaces\ArenaOfGenelogy\library\Zend\Controller\Action.php(516): IndexController->indexAction()
#3 D:\workspaces\ArenaOfGenelogy\library\Zend\Controller\Dispatcher\Standard.php(295): Zend_Controller_Action->dispatch('indexAction')
#4 D:\workspaces\ArenaOfGenelogy\library\Zend\Controller\Front.php(954): Zend_Controller_Dispatcher_Standard->dispatch(Object(Zend_Controller_Request_Http), Object(Zend_Controller_Response_Http))
#5 D:\workspaces\ArenaOfGenelogy\index.php(46): Zend_Controller_Front->dispatch()
#6 {main}
2013-04-10T05:13:44+09:00 ALERT (1): exception 'SmartyException' with message 'Unable to load template file 'index.tpl'' in D:\workspaces\ArenaOfGenelogy\library\Smarty\libs\sysplugins\smarty_internal_templatebase.php:127
Stack trace:
#0 D:\workspaces\ArenaOfGenelogy\library\Smarty\libs\Zend_View_Smarty.php(185): Smarty_Internal_TemplateBase->fetch('index.tpl')
#1 D:\workspaces\ArenaOfGenelogy\application\controllers\IndexController.php(33): Zend_View_Smarty->render('index.tpl')
#2 D:\workspaces\ArenaOfGenelogy\library\Zend\Controller\Action.php(516): IndexController->indexAction()
#3 D:\workspaces\ArenaOfGenelogy\library\Zend\Controller\Dispatcher\Standard.php(295): Zend_Controller_Action->dispatch('indexAction')
#4 D:\workspaces\ArenaOfGenelogy\library\Zend\Controller\Front.php(954): Zend_Controller_Dispatcher_Standard->dispatch(Object(Zend_Controller_Request_Http), Object(Zend_Controller_Response_Http))
#5 D:\workspaces\ArenaOfGenelogy\index.php(46): Zend_Controller_Front->dispatch()
#6 {main}
2013-04-10T05:13:44+09:00 ALERT (1): exception 'SmartyException' with message 'Unable to load template file 'index.tpl'' in D:\workspaces\ArenaOfGenelogy\library\Smarty\libs\sysplugins\smarty_internal_templatebase.php:127
Stack trace:
#0 D:\workspaces\ArenaOfGenelogy\library\Smarty\libs\Zend_View_Smarty.php(185): Smarty_Internal_TemplateBase->fetch('index.tpl')
#1 D:\workspaces\ArenaOfGenelogy\application\controllers\IndexController.php(33): Zend_View_Smarty->render('index.tpl')
#2 D:\workspaces\ArenaOfGenelogy\library\Zend\Controller\Action.php(516): IndexController->indexAction()
#3 D:\workspaces\ArenaOfGenelogy\library\Zend\Controller\Dispatcher\Standard.php(295): Zend_Controller_Action->dispatch('indexAction')
#4 D:\workspaces\ArenaOfGenelogy\library\Zend\Controller\Front.php(954): Zend_Controller_Dispatcher_Standard->dispatch(Object(Zend_Controller_Request_Http), Object(Zend_Controller_Response_Http))
#5 D:\workspaces\ArenaOfGenelogy\index.php(46): Zend_Controller_Front->dispatch()
#6 {main}
2013-04-10T05:13:44+09:00 ALERT (1): exception 'SmartyException' with message 'Unable to load template file 'index.tpl'' in D:\workspaces\ArenaOfGenelogy\library\Smarty\libs\sysplugins\smarty_internal_templatebase.php:127
Stack trace:
#0 D:\workspaces\ArenaOfGenelogy\library\Smarty\libs\Zend_View_Smarty.php(185): Smarty_Internal_TemplateBase->fetch('index.tpl')
#1 D:\workspaces\ArenaOfGenelogy\application\controllers\IndexController.php(33): Zend_View_Smarty->render('index.tpl')
#2 D:\workspaces\ArenaOfGenelogy\library\Zend\Controller\Action.php(516): IndexController->indexAction()
#3 D:\workspaces\ArenaOfGenelogy\library\Zend\Controller\Dispatcher\Standard.php(295): Zend_Controller_Action->dispatch('indexAction')
#4 D:\workspaces\ArenaOfGenelogy\library\Zend\Controller\Front.php(954): Zend_Controller_Dispatcher_Standard->dispatch(Object(Zend_Controller_Request_Http), Object(Zend_Controller_Response_Http))
#5 D:\workspaces\ArenaOfGenelogy\index.php(46): Zend_Controller_Front->dispatch()
#6 {main}
2013-04-10T05:13:44+09:00 ALERT (1): exception 'SmartyException' with message 'Unable to load template file 'index.tpl'' in D:\workspaces\ArenaOfGenelogy\library\Smarty\libs\sysplugins\smarty_internal_templatebase.php:127
Stack trace:
#0 D:\workspaces\ArenaOfGenelogy\library\Smarty\libs\Zend_View_Smarty.php(185): Smarty_Internal_TemplateBase->fetch('index.tpl')
#1 D:\workspaces\ArenaOfGenelogy\application\controllers\IndexController.php(33): Zend_View_Smarty->render('index.tpl')
#2 D:\workspaces\ArenaOfGenelogy\library\Zend\Controller\Action.php(516): IndexController->indexAction()
#3 D:\workspaces\ArenaOfGenelogy\library\Zend\Controller\Dispatcher\Standard.php(295): Zend_Controller_Action->dispatch('indexAction')
#4 D:\workspaces\ArenaOfGenelogy\library\Zend\Controller\Front.php(954): Zend_Controller_Dispatcher_Standard->dispatch(Object(Zend_Controller_Request_Http), Object(Zend_Controller_Response_Http))
#5 D:\workspaces\ArenaOfGenelogy\index.php(46): Zend_Controller_Front->dispatch()
#6 {main}
2013-04-10T05:16:34+09:00 ALERT (1): exception 'SmartyException' with message 'Unable to load template file 'index.tpl'' in D:\workspaces\ArenaOfGenelogy\library\Smarty\libs\sysplugins\smarty_internal_templatebase.php:127
Stack trace:
#0 D:\workspaces\ArenaOfGenelogy\library\Smarty\libs\Zend_View_Smarty.php(185): Smarty_Internal_TemplateBase->fetch('index.tpl')
#1 D:\workspaces\ArenaOfGenelogy\application\controllers\IndexController.php(33): Zend_View_Smarty->render('index.tpl')
#2 D:\workspaces\ArenaOfGenelogy\library\Zend\Controller\Action.php(516): IndexController->indexAction()
#3 D:\workspaces\ArenaOfGenelogy\library\Zend\Controller\Dispatcher\Standard.php(295): Zend_Controller_Action->dispatch('indexAction')
#4 D:\workspaces\ArenaOfGenelogy\library\Zend\Controller\Front.php(954): Zend_Controller_Dispatcher_Standard->dispatch(Object(Zend_Controller_Request_Http), Object(Zend_Controller_Response_Http))
#5 D:\workspaces\ArenaOfGenelogy\index.php(46): Zend_Controller_Front->dispatch()
#6 {main}
2013-04-10T05:16:47+09:00 ALERT (1): exception 'SmartyException' with message 'Unable to load template file 'index.tpl'' in D:\workspaces\ArenaOfGenelogy\library\Smarty\libs\sysplugins\smarty_internal_templatebase.php:127
Stack trace:
#0 D:\workspaces\ArenaOfGenelogy\library\Smarty\libs\Zend_View_Smarty.php(185): Smarty_Internal_TemplateBase->fetch('index.tpl')
#1 D:\workspaces\ArenaOfGenelogy\application\controllers\IndexController.php(33): Zend_View_Smarty->render('index.tpl')
#2 D:\workspaces\ArenaOfGenelogy\library\Zend\Controller\Action.php(516): IndexController->indexAction()
#3 D:\workspaces\ArenaOfGenelogy\library\Zend\Controller\Dispatcher\Standard.php(295): Zend_Controller_Action->dispatch('indexAction')
#4 D:\workspaces\ArenaOfGenelogy\library\Zend\Controller\Front.php(954): Zend_Controller_Dispatcher_Standard->dispatch(Object(Zend_Controller_Request_Http), Object(Zend_Controller_Response_Http))
#5 D:\workspaces\ArenaOfGenelogy\index.php(46): Zend_Controller_Front->dispatch()
#6 {main}
2013-04-10T05:18:26+09:00 ALERT (1): exception 'SmartyException' with message 'Unable to load template file 'index.tpl'' in D:\workspaces\ArenaOfGenelogy\library\Smarty\libs\sysplugins\smarty_internal_templatebase.php:127
Stack trace:
#0 D:\workspaces\ArenaOfGenelogy\library\Smarty\libs\Zend_View_Smarty.php(185): Smarty_Internal_TemplateBase->fetch('index.tpl')
#1 D:\workspaces\ArenaOfGenelogy\application\controllers\IndexController.php(33): Zend_View_Smarty->render('index.tpl')
#2 D:\workspaces\ArenaOfGenelogy\library\Zend\Controller\Action.php(516): IndexController->indexAction()
#3 D:\workspaces\ArenaOfGenelogy\library\Zend\Controller\Dispatcher\Standard.php(295): Zend_Controller_Action->dispatch('indexAction')
#4 D:\workspaces\ArenaOfGenelogy\library\Zend\Controller\Front.php(954): Zend_Controller_Dispatcher_Standard->dispatch(Object(Zend_Controller_Request_Http), Object(Zend_Controller_Response_Http))
#5 D:\workspaces\ArenaOfGenelogy\index.php(46): Zend_Controller_Front->dispatch()
#6 {main}
2013-04-10T05:47:54+09:00 ALERT (1): exception 'SmartyException' with message 'Unable to load template file 'index.tpl'' in D:\workspaces\ArenaOfGenelogy\library\Smarty\libs\sysplugins\smarty_internal_templatebase.php:127
Stack trace:
#0 D:\workspaces\ArenaOfGenelogy\library\Smarty\libs\Zend_View_Smarty.php(185): Smarty_Internal_TemplateBase->fetch('index.tpl')
#1 D:\workspaces\ArenaOfGenelogy\application\controllers\IndexController.php(35): Zend_View_Smarty->render('index.tpl')
#2 D:\workspaces\ArenaOfGenelogy\library\Zend\Controller\Action.php(516): IndexController->indexAction()
#3 D:\workspaces\ArenaOfGenelogy\library\Zend\Controller\Dispatcher\Standard.php(295): Zend_Controller_Action->dispatch('indexAction')
#4 D:\workspaces\ArenaOfGenelogy\library\Zend\Controller\Front.php(954): Zend_Controller_Dispatcher_Standard->dispatch(Object(Zend_Controller_Request_Http), Object(Zend_Controller_Response_Http))
#5 D:\workspaces\ArenaOfGenelogy\index.php(46): Zend_Controller_Front->dispatch()
#6 {main}
2013-04-10T05:50:12+09:00 ALERT (1): exception 'SmartyException' with message 'Unable to load template file 'index.tpl'' in D:\workspaces\ArenaOfGenelogy\library\Smarty\libs\sysplugins\smarty_internal_templatebase.php:127
Stack trace:
#0 D:\workspaces\ArenaOfGenelogy\library\Smarty\libs\Zend_View_Smarty.php(185): Smarty_Internal_TemplateBase->fetch('index.tpl')
#1 D:\workspaces\ArenaOfGenelogy\application\controllers\IndexController.php(35): Zend_View_Smarty->render('index.tpl')
#2 D:\workspaces\ArenaOfGenelogy\library\Zend\Controller\Action.php(516): IndexController->indexAction()
#3 D:\workspaces\ArenaOfGenelogy\library\Zend\Controller\Dispatcher\Standard.php(295): Zend_Controller_Action->dispatch('indexAction')
#4 D:\workspaces\ArenaOfGenelogy\library\Zend\Controller\Front.php(954): Zend_Controller_Dispatcher_Standard->dispatch(Object(Zend_Controller_Request_Http), Object(Zend_Controller_Response_Http))
#5 D:\workspaces\ArenaOfGenelogy\index.php(47): Zend_Controller_Front->dispatch()
#6 {main}
2013-04-10T05:50:39+09:00 ALERT (1): exception 'SmartyException' with message 'Unable to load template file 'index.tpl'' in D:\workspaces\ArenaOfGenelogy\library\Smarty\libs\sysplugins\smarty_internal_templatebase.php:127
Stack trace:
#0 D:\workspaces\ArenaOfGenelogy\library\Smarty\libs\Zend_View_Smarty.php(185): Smarty_Internal_TemplateBase->fetch('index.tpl')
#1 D:\workspaces\ArenaOfGenelogy\application\controllers\IndexController.php(35): Zend_View_Smarty->render('index.tpl')
#2 D:\workspaces\ArenaOfGenelogy\library\Zend\Controller\Action.php(516): IndexController->indexAction()
#3 D:\workspaces\ArenaOfGenelogy\library\Zend\Controller\Dispatcher\Standard.php(295): Zend_Controller_Action->dispatch('indexAction')
#4 D:\workspaces\ArenaOfGenelogy\library\Zend\Controller\Front.php(954): Zend_Controller_Dispatcher_Standard->dispatch(Object(Zend_Controller_Request_Http), Object(Zend_Controller_Response_Http))
#5 D:\workspaces\ArenaOfGenelogy\index.php(47): Zend_Controller_Front->dispatch()
#6 {main}
2013-04-10T05:58:25+09:00 ALERT (1): exception 'Zend_Controller_Action_Exception' with message 'Action "test" does not exist and was not trapped in __call()' in D:\workspaces\ArenaOfGenelogy\library\Zend\Controller\Action.php:485
Stack trace:
#0 D:\workspaces\ArenaOfGenelogy\library\Zend\Controller\Action.php(518): Zend_Controller_Action->__call('testAction', Array)
#1 D:\workspaces\ArenaOfGenelogy\library\Zend\Controller\Dispatcher\Standard.php(295): Zend_Controller_Action->dispatch('testAction')
#2 D:\workspaces\ArenaOfGenelogy\library\Zend\Controller\Front.php(954): Zend_Controller_Dispatcher_Standard->dispatch(Object(Zend_Controller_Request_Http), Object(Zend_Controller_Response_Http))
#3 D:\workspaces\ArenaOfGenelogy\index.php(47): Zend_Controller_Front->dispatch()
#4 {main}
2013-04-10T06:16:08+09:00 ALERT (1): exception 'Zend_Controller_Action_Exception' with message 'Action "test" does not exist and was not trapped in __call()' in D:\workspaces\ArenaOfGenelogy\library\Zend\Controller\Action.php:485
Stack trace:
#0 D:\workspaces\ArenaOfGenelogy\library\Zend\Controller\Action.php(518): Zend_Controller_Action->__call('testAction', Array)
#1 D:\workspaces\ArenaOfGenelogy\library\Zend\Controller\Dispatcher\Standard.php(295): Zend_Controller_Action->dispatch('testAction')
#2 D:\workspaces\ArenaOfGenelogy\library\Zend\Controller\Front.php(954): Zend_Controller_Dispatcher_Standard->dispatch(Object(Zend_Controller_Request_Http), Object(Zend_Controller_Response_Http))
#3 D:\workspaces\ArenaOfGenelogy\index.php(47): Zend_Controller_Front->dispatch()
#4 {main}
2013-04-10T06:30:53+09:00 ALERT (1): exception 'Zend_Controller_Action_Exception' with message 'Action "aaa" does not exist and was not trapped in __call()' in D:\workspaces\ArenaOfGenelogy\library\Zend\Controller\Action.php:485
Stack trace:
#0 D:\workspaces\ArenaOfGenelogy\library\Zend\Controller\Action.php(518): Zend_Controller_Action->__call('aaaAction', Array)
#1 D:\workspaces\ArenaOfGenelogy\library\Zend\Controller\Dispatcher\Standard.php(295): Zend_Controller_Action->dispatch('aaaAction')
#2 D:\workspaces\ArenaOfGenelogy\library\Zend\Controller\Front.php(954): Zend_Controller_Dispatcher_Standard->dispatch(Object(Zend_Controller_Request_Http), Object(Zend_Controller_Response_Http))
#3 D:\workspaces\ArenaOfGenelogy\index.php(47): Zend_Controller_Front->dispatch()
#4 {main}
2013-04-10T07:37:40+09:00 ALERT (1): exception 'Zend_Controller_Action_Exception' with message 'Action "q43" does not exist and was not trapped in __call()' in D:\workspaces\ArenaOfGenelogy\library\Zend\Controller\Action.php:485
Stack trace:
#0 D:\workspaces\ArenaOfGenelogy\library\Zend\Controller\Action.php(518): Zend_Controller_Action->__call('q43Action', Array)
#1 D:\workspaces\ArenaOfGenelogy\library\Zend\Controller\Dispatcher\Standard.php(295): Zend_Controller_Action->dispatch('q43Action')
#2 D:\workspaces\ArenaOfGenelogy\library\Zend\Controller\Front.php(954): Zend_Controller_Dispatcher_Standard->dispatch(Object(Zend_Controller_Request_Http), Object(Zend_Controller_Response_Http))
#3 D:\workspaces\ArenaOfGenelogy\index.php(47): Zend_Controller_Front->dispatch()
#4 {main}
