2013-04-15T15:27:57+09:00 ALERT (1): exception 'Zend_Controller_Dispatcher_Exception' with message 'Invalid controller specified (agaga)' in D:\workspaces\ArenaOfGenelogy\library\Zend\Controller\Dispatcher\Standard.php:248
Stack trace:
#0 D:\workspaces\ArenaOfGenelogy\library\Zend\Controller\Front.php(954): Zend_Controller_Dispatcher_Standard->dispatch(Object(Zend_Controller_Request_Http), Object(Zend_Controller_Response_Http))
#1 D:\workspaces\ArenaOfGenelogy\index.php(47): Zend_Controller_Front->dispatch()
#2 {main}
2013-04-15T15:30:17+09:00 ALERT (1): exception 'Zend_Controller_Dispatcher_Exception' with message 'Invalid controller specified (agaga)' in D:\workspaces\ArenaOfGenelogy\library\Zend\Controller\Dispatcher\Standard.php:248
Stack trace:
#0 D:\workspaces\ArenaOfGenelogy\library\Zend\Controller\Front.php(954): Zend_Controller_Dispatcher_Standard->dispatch(Object(Zend_Controller_Request_Http), Object(Zend_Controller_Response_Http))
#1 D:\workspaces\ArenaOfGenelogy\index.php(47): Zend_Controller_Front->dispatch()
#2 {main}
2013-04-15T15:30:44+09:00 ALERT (1): exception 'Zend_Controller_Dispatcher_Exception' with message 'Invalid controller specified (agaga)' in D:\workspaces\ArenaOfGenelogy\library\Zend\Controller\Dispatcher\Standard.php:248
Stack trace:
#0 D:\workspaces\ArenaOfGenelogy\library\Zend\Controller\Front.php(954): Zend_Controller_Dispatcher_Standard->dispatch(Object(Zend_Controller_Request_Http), Object(Zend_Controller_Response_Http))
#1 D:\workspaces\ArenaOfGenelogy\index.php(47): Zend_Controller_Front->dispatch()
#2 {main}
2013-04-15T15:35:07+09:00 ALERT (1): exception 'Zend_Controller_Dispatcher_Exception' with message 'Invalid controller specified (agaga)' in D:\workspaces\ArenaOfGenelogy\library\Zend\Controller\Dispatcher\Standard.php:248
Stack trace:
#0 D:\workspaces\ArenaOfGenelogy\library\Zend\Controller\Front.php(954): Zend_Controller_Dispatcher_Standard->dispatch(Object(Zend_Controller_Request_Http), Object(Zend_Controller_Response_Http))
#1 D:\workspaces\ArenaOfGenelogy\index.php(47): Zend_Controller_Front->dispatch()
#2 {main}
2013-04-15T17:15:39+09:00 ALERT (1): exception 'Zend_Db_Exception' with message 'Adapter name must be specified in a string' in D:\workspaces\ArenaOfGenelogy\library\Zend\Db.php:239
Stack trace:
#0 D:\workspaces\ArenaOfGenelogy\application\controllers\IndexController.php(30): Zend_Db::factory()
#1 D:\workspaces\ArenaOfGenelogy\library\Zend\Controller\Action.php(516): IndexController->indexAction()
#2 D:\workspaces\ArenaOfGenelogy\library\Zend\Controller\Dispatcher\Standard.php(295): Zend_Controller_Action->dispatch('indexAction')
#3 D:\workspaces\ArenaOfGenelogy\library\Zend\Controller\Front.php(954): Zend_Controller_Dispatcher_Standard->dispatch(Object(Zend_Controller_Request_Http), Object(Zend_Controller_Response_Http))
#4 D:\workspaces\ArenaOfGenelogy\index.php(52): Zend_Controller_Front->dispatch()
#5 {main}
2013-04-15T17:16:22+09:00 ALERT (1): exception 'Zend_Exception' with message 'File "Zend\Db\Adapter\Adaptor.php" does not exist or class "Zend_Db_Adapter_Adaptor" was not found in the file' in D:\workspaces\ArenaOfGenelogy\library\Zend\Loader.php:99
Stack trace:
#0 D:\workspaces\ArenaOfGenelogy\library\Zend\Db.php(263): Zend_Loader::loadClass('Zend_Db_Adapter...')
#1 D:\workspaces\ArenaOfGenelogy\application\controllers\IndexController.php(30): Zend_Db::factory('adaptor')
#2 D:\workspaces\ArenaOfGenelogy\library\Zend\Controller\Action.php(516): IndexController->indexAction()
#3 D:\workspaces\ArenaOfGenelogy\library\Zend\Controller\Dispatcher\Standard.php(295): Zend_Controller_Action->dispatch('indexAction')
#4 D:\workspaces\ArenaOfGenelogy\library\Zend\Controller\Front.php(954): Zend_Controller_Dispatcher_Standard->dispatch(Object(Zend_Controller_Request_Http), Object(Zend_Controller_Response_Http))
#5 D:\workspaces\ArenaOfGenelogy\index.php(52): Zend_Controller_Front->dispatch()
#6 {main}
2013-04-15T17:22:02+09:00 ALERT (1): exception 'Zend_Exception' with message 'File "Zend\Db\Adapter\Adaptor.php" does not exist or class "Zend_Db_Adapter_Adaptor" was not found in the file' in D:\workspaces\ArenaOfGenelogy\library\Zend\Loader.php:99
Stack trace:
#0 D:\workspaces\ArenaOfGenelogy\library\Zend\Db.php(263): Zend_Loader::loadClass('Zend_Db_Adapter...')
#1 D:\workspaces\ArenaOfGenelogy\application\controllers\IndexController.php(30): Zend_Db::factory('adaptor')
#2 D:\workspaces\ArenaOfGenelogy\library\Zend\Controller\Action.php(516): IndexController->indexAction()
#3 D:\workspaces\ArenaOfGenelogy\library\Zend\Controller\Dispatcher\Standard.php(295): Zend_Controller_Action->dispatch('indexAction')
#4 D:\workspaces\ArenaOfGenelogy\library\Zend\Controller\Front.php(954): Zend_Controller_Dispatcher_Standard->dispatch(Object(Zend_Controller_Request_Http), Object(Zend_Controller_Response_Http))
#5 D:\workspaces\ArenaOfGenelogy\index.php(52): Zend_Controller_Front->dispatch()
#6 {main}
2013-04-15T17:22:05+09:00 ALERT (1): exception 'Zend_Exception' with message 'File "Zend\Db\Adapter\Adaptor.php" does not exist or class "Zend_Db_Adapter_Adaptor" was not found in the file' in D:\workspaces\ArenaOfGenelogy\library\Zend\Loader.php:99
Stack trace:
#0 D:\workspaces\ArenaOfGenelogy\library\Zend\Db.php(263): Zend_Loader::loadClass('Zend_Db_Adapter...')
#1 D:\workspaces\ArenaOfGenelogy\application\controllers\IndexController.php(30): Zend_Db::factory('adaptor')
#2 D:\workspaces\ArenaOfGenelogy\library\Zend\Controller\Action.php(516): IndexController->indexAction()
#3 D:\workspaces\ArenaOfGenelogy\library\Zend\Controller\Dispatcher\Standard.php(295): Zend_Controller_Action->dispatch('indexAction')
#4 D:\workspaces\ArenaOfGenelogy\library\Zend\Controller\Front.php(954): Zend_Controller_Dispatcher_Standard->dispatch(Object(Zend_Controller_Request_Http), Object(Zend_Controller_Response_Http))
#5 D:\workspaces\ArenaOfGenelogy\index.php(52): Zend_Controller_Front->dispatch()
#6 {main}
2013-04-15T17:24:49+09:00 ALERT (1): exception 'Zend_Db_Exception' with message 'Adapter name must be specified in a string' in D:\workspaces\ArenaOfGenelogy\library\Zend\Db.php:239
Stack trace:
#0 D:\workspaces\ArenaOfGenelogy\application\controllers\IndexController.php(30): Zend_Db::factory()
#1 D:\workspaces\ArenaOfGenelogy\library\Zend\Controller\Action.php(516): IndexController->indexAction()
#2 D:\workspaces\ArenaOfGenelogy\library\Zend\Controller\Dispatcher\Standard.php(295): Zend_Controller_Action->dispatch('indexAction')
#3 D:\workspaces\ArenaOfGenelogy\library\Zend\Controller\Front.php(954): Zend_Controller_Dispatcher_Standard->dispatch(Object(Zend_Controller_Request_Http), Object(Zend_Controller_Response_Http))
#4 D:\workspaces\ArenaOfGenelogy\index.php(50): Zend_Controller_Front->dispatch()
#5 {main}
2013-04-15T17:46:42+09:00 ALERT (1): exception 'Zend_Config_Exception' with message 'parse_ini_file(config.ini): failed to open stream: No such file or directory' in D:\workspaces\ArenaOfGenelogy\library\Zend\Config\Ini.php:182
Stack trace:
#0 D:\workspaces\ArenaOfGenelogy\library\Zend\Config\Ini.php(202): Zend_Config_Ini->_parseIniFile('config.ini')
#1 D:\workspaces\ArenaOfGenelogy\library\Zend\Config\Ini.php(126): Zend_Config_Ini->_loadIniFile('config.ini')
#2 D:\workspaces\ArenaOfGenelogy\configmanager.php(12): Zend_Config_Ini->__construct('config.ini', 'database')
#3 D:\workspaces\ArenaOfGenelogy\application\controllers\IndexController.php(13): ConfigManager->getConfig('database')
#4 D:\workspaces\ArenaOfGenelogy\library\Zend\Controller\Action.php(133): IndexController->init()
#5 D:\workspaces\ArenaOfGenelogy\library\Zend\Controller\Dispatcher\Standard.php(268): Zend_Controller_Action->__construct(Object(Zend_Controller_Request_Http), Object(Zend_Controller_Response_Http), Array)
#6 D:\workspaces\ArenaOfGenelogy\library\Zend\Controller\Front.php(954): Zend_Controller_Dispatcher_Standard->dispatch(Object(Zend_Controller_Request_Http), Object(Zend_Controller_Response_Http))
#7 D:\workspaces\ArenaOfGenelogy\index.php(50): Zend_Controller_Front->dispatch()
#8 {main}
2013-04-15T18:20:27+09:00 ALERT (1): exception 'Zend_Controller_Dispatcher_Exception' with message 'Invalid controller specified (aaa)' in D:\workspaces\ArenaOfGenelogy\library\Zend\Controller\Dispatcher\Standard.php:248
Stack trace:
#0 D:\workspaces\ArenaOfGenelogy\library\Zend\Controller\Front.php(954): Zend_Controller_Dispatcher_Standard->dispatch(Object(Zend_Controller_Request_Http), Object(Zend_Controller_Response_Http))
#1 D:\workspaces\ArenaOfGenelogy\index.php(50): Zend_Controller_Front->dispatch()
#2 {main}
2013-04-15T18:27:02+09:00 ALERT (1): exception 'Zend_Controller_Dispatcher_Exception' with message 'Invalid controller specified (aaa)' in D:\workspaces\ArenaOfGenelogy\library\Zend\Controller\Dispatcher\Standard.php:248
Stack trace:
#0 D:\workspaces\ArenaOfGenelogy\library\Zend\Controller\Front.php(954): Zend_Controller_Dispatcher_Standard->dispatch(Object(Zend_Controller_Request_Http), Object(Zend_Controller_Response_Http))
#1 D:\workspaces\ArenaOfGenelogy\index.php(55): Zend_Controller_Front->dispatch()
#2 {main}
2013-04-15T19:11:41+09:00 ALERT (1): exception 'Zend_Db_Exception' with message 'Adapter name must be specified in a string' in D:\workspaces\ArenaOfGenelogy\library\Zend\Db.php:239
Stack trace:
#0 D:\workspaces\ArenaOfGenelogy\application\models\IndexModel.php(12): Zend_Db::factory(NULL)
#1 D:\workspaces\ArenaOfGenelogy\application\controllers\IndexController.php(22): IndexModel->getIndexInfo()
#2 D:\workspaces\ArenaOfGenelogy\library\Zend\Controller\Action.php(516): IndexController->indexAction()
#3 D:\workspaces\ArenaOfGenelogy\library\Zend\Controller\Dispatcher\Standard.php(295): Zend_Controller_Action->dispatch('indexAction')
#4 D:\workspaces\ArenaOfGenelogy\library\Zend\Controller\Front.php(954): Zend_Controller_Dispatcher_Standard->dispatch(Object(Zend_Controller_Request_Http), Object(Zend_Controller_Response_Http))
#5 D:\workspaces\ArenaOfGenelogy\index.php(55): Zend_Controller_Front->dispatch()
#6 {main}
2013-04-15T19:11:58+09:00 ALERT (1): exception 'Zend_Db_Exception' with message 'Adapter name must be specified in a string' in D:\workspaces\ArenaOfGenelogy\library\Zend\Db.php:239
Stack trace:
#0 D:\workspaces\ArenaOfGenelogy\application\models\IndexModel.php(12): Zend_Db::factory(NULL)
#1 D:\workspaces\ArenaOfGenelogy\application\controllers\IndexController.php(22): IndexModel->getIndexInfo()
#2 D:\workspaces\ArenaOfGenelogy\library\Zend\Controller\Action.php(516): IndexController->indexAction()
#3 D:\workspaces\ArenaOfGenelogy\library\Zend\Controller\Dispatcher\Standard.php(295): Zend_Controller_Action->dispatch('indexAction')
#4 D:\workspaces\ArenaOfGenelogy\library\Zend\Controller\Front.php(954): Zend_Controller_Dispatcher_Standard->dispatch(Object(Zend_Controller_Request_Http), Object(Zend_Controller_Response_Http))
#5 D:\workspaces\ArenaOfGenelogy\index.php(55): Zend_Controller_Front->dispatch()
#6 {main}
2013-04-15T19:11:59+09:00 ALERT (1): exception 'Zend_Db_Exception' with message 'Adapter name must be specified in a string' in D:\workspaces\ArenaOfGenelogy\library\Zend\Db.php:239
Stack trace:
#0 D:\workspaces\ArenaOfGenelogy\application\models\IndexModel.php(12): Zend_Db::factory(NULL)
#1 D:\workspaces\ArenaOfGenelogy\application\controllers\IndexController.php(22): IndexModel->getIndexInfo()
#2 D:\workspaces\ArenaOfGenelogy\library\Zend\Controller\Action.php(516): IndexController->indexAction()
#3 D:\workspaces\ArenaOfGenelogy\library\Zend\Controller\Dispatcher\Standard.php(295): Zend_Controller_Action->dispatch('indexAction')
#4 D:\workspaces\ArenaOfGenelogy\library\Zend\Controller\Front.php(954): Zend_Controller_Dispatcher_Standard->dispatch(Object(Zend_Controller_Request_Http), Object(Zend_Controller_Response_Http))
#5 D:\workspaces\ArenaOfGenelogy\index.php(55): Zend_Controller_Front->dispatch()
#6 {main}
2013-04-15T19:13:39+09:00 ALERT (1): exception 'Zend_Db_Exception' with message 'Adapter name must be specified in a string' in D:\workspaces\ArenaOfGenelogy\library\Zend\Db.php:239
Stack trace:
#0 D:\workspaces\ArenaOfGenelogy\application\models\IndexModel.php(12): Zend_Db::factory(NULL)
#1 D:\workspaces\ArenaOfGenelogy\application\controllers\IndexController.php(22): IndexModel->getIndexInfo()
#2 D:\workspaces\ArenaOfGenelogy\library\Zend\Controller\Action.php(516): IndexController->indexAction()
#3 D:\workspaces\ArenaOfGenelogy\library\Zend\Controller\Dispatcher\Standard.php(295): Zend_Controller_Action->dispatch('indexAction')
#4 D:\workspaces\ArenaOfGenelogy\library\Zend\Controller\Front.php(954): Zend_Controller_Dispatcher_Standard->dispatch(Object(Zend_Controller_Request_Http), Object(Zend_Controller_Response_Http))
#5 D:\workspaces\ArenaOfGenelogy\index.php(55): Zend_Controller_Front->dispatch()
#6 {main}
2013-04-15T19:15:22+09:00 ALERT (1): exception 'Zend_Db_Exception' with message 'Adapter name must be specified in a string' in D:\workspaces\ArenaOfGenelogy\library\Zend\Db.php:239
Stack trace:
#0 D:\workspaces\ArenaOfGenelogy\application\models\IndexModel.php(12): Zend_Db::factory(NULL)
#1 D:\workspaces\ArenaOfGenelogy\application\controllers\IndexController.php(22): IndexModel->getIndexInfo()
#2 D:\workspaces\ArenaOfGenelogy\library\Zend\Controller\Action.php(516): IndexController->indexAction()
#3 D:\workspaces\ArenaOfGenelogy\library\Zend\Controller\Dispatcher\Standard.php(295): Zend_Controller_Action->dispatch('indexAction')
#4 D:\workspaces\ArenaOfGenelogy\library\Zend\Controller\Front.php(954): Zend_Controller_Dispatcher_Standard->dispatch(Object(Zend_Controller_Request_Http), Object(Zend_Controller_Response_Http))
#5 D:\workspaces\ArenaOfGenelogy\index.php(55): Zend_Controller_Front->dispatch()
#6 {main}
2013-04-15T19:15:40+09:00 ALERT (1): exception 'Zend_Db_Exception' with message 'Adapter name must be specified in a string' in D:\workspaces\ArenaOfGenelogy\library\Zend\Db.php:239
Stack trace:
#0 D:\workspaces\ArenaOfGenelogy\application\models\IndexModel.php(12): Zend_Db::factory(NULL)
#1 D:\workspaces\ArenaOfGenelogy\application\controllers\IndexController.php(23): IndexModel->getIndexInfo()
#2 D:\workspaces\ArenaOfGenelogy\library\Zend\Controller\Action.php(516): IndexController->indexAction()
#3 D:\workspaces\ArenaOfGenelogy\library\Zend\Controller\Dispatcher\Standard.php(295): Zend_Controller_Action->dispatch('indexAction')
#4 D:\workspaces\ArenaOfGenelogy\library\Zend\Controller\Front.php(954): Zend_Controller_Dispatcher_Standard->dispatch(Object(Zend_Controller_Request_Http), Object(Zend_Controller_Response_Http))
#5 D:\workspaces\ArenaOfGenelogy\index.php(55): Zend_Controller_Front->dispatch()
#6 {main}
2013-04-15T19:17:08+09:00 ALERT (1): exception 'Zend_Db_Exception' with message 'Adapter name must be specified in a string' in D:\workspaces\ArenaOfGenelogy\library\Zend\Db.php:239
Stack trace:
#0 D:\workspaces\ArenaOfGenelogy\application\models\IndexModel.php(6): Zend_Db::factory(NULL)
#1 D:\workspaces\ArenaOfGenelogy\application\controllers\IndexController.php(22): IndexModel->getIndexInfo(NULL)
#2 D:\workspaces\ArenaOfGenelogy\library\Zend\Controller\Action.php(516): IndexController->indexAction()
#3 D:\workspaces\ArenaOfGenelogy\library\Zend\Controller\Dispatcher\Standard.php(295): Zend_Controller_Action->dispatch('indexAction')
#4 D:\workspaces\ArenaOfGenelogy\library\Zend\Controller\Front.php(954): Zend_Controller_Dispatcher_Standard->dispatch(Object(Zend_Controller_Request_Http), Object(Zend_Controller_Response_Http))
#5 D:\workspaces\ArenaOfGenelogy\index.php(55): Zend_Controller_Front->dispatch()
#6 {main}
2013-04-15T19:17:28+09:00 ALERT (1): exception 'Zend_Db_Exception' with message 'Adapter name must be specified in a string' in D:\workspaces\ArenaOfGenelogy\library\Zend\Db.php:239
Stack trace:
#0 D:\workspaces\ArenaOfGenelogy\application\models\IndexModel.php(7): Zend_Db::factory(NULL)
#1 D:\workspaces\ArenaOfGenelogy\application\controllers\IndexController.php(22): IndexModel->getIndexInfo(NULL)
#2 D:\workspaces\ArenaOfGenelogy\library\Zend\Controller\Action.php(516): IndexController->indexAction()
#3 D:\workspaces\ArenaOfGenelogy\library\Zend\Controller\Dispatcher\Standard.php(295): Zend_Controller_Action->dispatch('indexAction')
#4 D:\workspaces\ArenaOfGenelogy\library\Zend\Controller\Front.php(954): Zend_Controller_Dispatcher_Standard->dispatch(Object(Zend_Controller_Request_Http), Object(Zend_Controller_Response_Http))
#5 D:\workspaces\ArenaOfGenelogy\index.php(55): Zend_Controller_Front->dispatch()
#6 {main}
2013-04-15T19:17:45+09:00 ALERT (1): exception 'Zend_Db_Exception' with message 'Adapter name must be specified in a string' in D:\workspaces\ArenaOfGenelogy\library\Zend\Db.php:239
Stack trace:
#0 D:\workspaces\ArenaOfGenelogy\application\models\IndexModel.php(7): Zend_Db::factory(NULL)
#1 D:\workspaces\ArenaOfGenelogy\application\controllers\IndexController.php(22): IndexModel->getIndexInfo(NULL)
#2 D:\workspaces\ArenaOfGenelogy\library\Zend\Controller\Action.php(516): IndexController->indexAction()
#3 D:\workspaces\ArenaOfGenelogy\library\Zend\Controller\Dispatcher\Standard.php(295): Zend_Controller_Action->dispatch('indexAction')
#4 D:\workspaces\ArenaOfGenelogy\library\Zend\Controller\Front.php(954): Zend_Controller_Dispatcher_Standard->dispatch(Object(Zend_Controller_Request_Http), Object(Zend_Controller_Response_Http))
#5 D:\workspaces\ArenaOfGenelogy\index.php(55): Zend_Controller_Front->dispatch()
#6 {main}
2013-04-15T19:17:49+09:00 ALERT (1): exception 'Zend_Db_Exception' with message 'Adapter name must be specified in a string' in D:\workspaces\ArenaOfGenelogy\library\Zend\Db.php:239
Stack trace:
#0 D:\workspaces\ArenaOfGenelogy\application\models\IndexModel.php(7): Zend_Db::factory(NULL)
#1 D:\workspaces\ArenaOfGenelogy\application\controllers\IndexController.php(22): IndexModel->getIndexInfo(NULL)
#2 D:\workspaces\ArenaOfGenelogy\library\Zend\Controller\Action.php(516): IndexController->indexAction()
#3 D:\workspaces\ArenaOfGenelogy\library\Zend\Controller\Dispatcher\Standard.php(295): Zend_Controller_Action->dispatch('indexAction')
#4 D:\workspaces\ArenaOfGenelogy\library\Zend\Controller\Front.php(954): Zend_Controller_Dispatcher_Standard->dispatch(Object(Zend_Controller_Request_Http), Object(Zend_Controller_Response_Http))
#5 D:\workspaces\ArenaOfGenelogy\index.php(55): Zend_Controller_Front->dispatch()
#6 {main}
2013-04-15T19:18:27+09:00 ALERT (1): exception 'Zend_Db_Adapter_Exception' with message 'Configuration array must have a key for 'dbname' that names the database instance' in D:\workspaces\ArenaOfGenelogy\library\Zend\Db\Adapter\Abstract.php:287
Stack trace:
#0 D:\workspaces\ArenaOfGenelogy\library\Zend\Db\Adapter\Abstract.php(183): Zend_Db_Adapter_Abstract->_checkRequiredOptions(Array)
#1 D:\workspaces\ArenaOfGenelogy\library\Zend\Db.php(270): Zend_Db_Adapter_Abstract->__construct(Array)
#2 D:\workspaces\ArenaOfGenelogy\application\models\IndexModel.php(7): Zend_Db::factory('Pdo_MySQL')
#3 D:\workspaces\ArenaOfGenelogy\application\controllers\IndexController.php(22): IndexModel->getIndexInfo(NULL)
#4 D:\workspaces\ArenaOfGenelogy\library\Zend\Controller\Action.php(516): IndexController->indexAction()
#5 D:\workspaces\ArenaOfGenelogy\library\Zend\Controller\Dispatcher\Standard.php(295): Zend_Controller_Action->dispatch('indexAction')
#6 D:\workspaces\ArenaOfGenelogy\library\Zend\Controller\Front.php(954): Zend_Controller_Dispatcher_Standard->dispatch(Object(Zend_Controller_Request_Http), Object(Zend_Controller_Response_Http))
#7 D:\workspaces\ArenaOfGenelogy\index.php(55): Zend_Controller_Front->dispatch()
#8 {main}
2013-04-15T19:19:30+09:00 ALERT (1): exception 'Zend_Db_Adapter_Exception' with message 'Configuration array must have a key for 'dbname' that names the database instance' in D:\workspaces\ArenaOfGenelogy\library\Zend\Db\Adapter\Abstract.php:287
Stack trace:
#0 D:\workspaces\ArenaOfGenelogy\library\Zend\Db\Adapter\Abstract.php(183): Zend_Db_Adapter_Abstract->_checkRequiredOptions(Array)
#1 D:\workspaces\ArenaOfGenelogy\library\Zend\Db.php(270): Zend_Db_Adapter_Abstract->__construct(Array)
#2 D:\workspaces\ArenaOfGenelogy\application\models\IndexModel.php(7): Zend_Db::factory('Pdo_MySQL')
#3 D:\workspaces\ArenaOfGenelogy\application\controllers\IndexController.php(22): IndexModel->getIndexInfo(NULL)
#4 D:\workspaces\ArenaOfGenelogy\library\Zend\Controller\Action.php(516): IndexController->indexAction()
#5 D:\workspaces\ArenaOfGenelogy\library\Zend\Controller\Dispatcher\Standard.php(295): Zend_Controller_Action->dispatch('indexAction')
#6 D:\workspaces\ArenaOfGenelogy\library\Zend\Controller\Front.php(954): Zend_Controller_Dispatcher_Standard->dispatch(Object(Zend_Controller_Request_Http), Object(Zend_Controller_Response_Http))
#7 D:\workspaces\ArenaOfGenelogy\index.php(55): Zend_Controller_Front->dispatch()
#8 {main}
2013-04-15T19:19:31+09:00 ALERT (1): exception 'Zend_Db_Adapter_Exception' with message 'Configuration array must have a key for 'dbname' that names the database instance' in D:\workspaces\ArenaOfGenelogy\library\Zend\Db\Adapter\Abstract.php:287
Stack trace:
#0 D:\workspaces\ArenaOfGenelogy\library\Zend\Db\Adapter\Abstract.php(183): Zend_Db_Adapter_Abstract->_checkRequiredOptions(Array)
#1 D:\workspaces\ArenaOfGenelogy\library\Zend\Db.php(270): Zend_Db_Adapter_Abstract->__construct(Array)
#2 D:\workspaces\ArenaOfGenelogy\application\models\IndexModel.php(7): Zend_Db::factory('Pdo_MySQL')
#3 D:\workspaces\ArenaOfGenelogy\application\controllers\IndexController.php(22): IndexModel->getIndexInfo(NULL)
#4 D:\workspaces\ArenaOfGenelogy\library\Zend\Controller\Action.php(516): IndexController->indexAction()
#5 D:\workspaces\ArenaOfGenelogy\library\Zend\Controller\Dispatcher\Standard.php(295): Zend_Controller_Action->dispatch('indexAction')
#6 D:\workspaces\ArenaOfGenelogy\library\Zend\Controller\Front.php(954): Zend_Controller_Dispatcher_Standard->dispatch(Object(Zend_Controller_Request_Http), Object(Zend_Controller_Response_Http))
#7 D:\workspaces\ArenaOfGenelogy\index.php(55): Zend_Controller_Front->dispatch()
#8 {main}
2013-04-15T20:40:23+09:00 ALERT (1): exception 'Zend_Controller_Dispatcher_Exception' with message 'Invalid controller specified (index)' in D:\workspaces\ArenaOfGenelogy\library\Zend\Controller\Dispatcher\Standard.php:248
Stack trace:
#0 D:\workspaces\ArenaOfGenelogy\library\Zend\Controller\Front.php(954): Zend_Controller_Dispatcher_Standard->dispatch(Object(Zend_Controller_Request_Http), Object(Zend_Controller_Response_Http))
#1 D:\workspaces\ArenaOfGenelogy\index.php(60): Zend_Controller_Front->dispatch()
#2 {main}
2013-04-15T20:47:07+09:00 ALERT (1): exception 'Zend_Controller_Dispatcher_Exception' with message 'Invalid controller specified (index)' in D:\workspaces\ArenaOfGenelogy\library\Zend\Controller\Dispatcher\Standard.php:248
Stack trace:
#0 D:\workspaces\ArenaOfGenelogy\library\Zend\Controller\Front.php(954): Zend_Controller_Dispatcher_Standard->dispatch(Object(Zend_Controller_Request_Http), Object(Zend_Controller_Response_Http))
#1 D:\workspaces\ArenaOfGenelogy\index.php(59): Zend_Controller_Front->dispatch()
#2 {main}
2013-04-15T20:49:10+09:00 ALERT (1): exception 'Zend_Controller_Dispatcher_Exception' with message 'Invalid controller specified (index)' in D:\workspaces\ArenaOfGenelogy\library\Zend\Controller\Dispatcher\Standard.php:248
Stack trace:
#0 D:\workspaces\ArenaOfGenelogy\library\Zend\Controller\Front.php(954): Zend_Controller_Dispatcher_Standard->dispatch(Object(Zend_Controller_Request_Http), Object(Zend_Controller_Response_Http))
#1 D:\workspaces\ArenaOfGenelogy\index.php(58): Zend_Controller_Front->dispatch()
#2 {main}
2013-04-15T20:53:19+09:00 ALERT (1): exception 'Zend_Controller_Dispatcher_Exception' with message 'Invalid controller specified (index)' in D:\workspaces\ArenaOfGenelogy\library\Zend\Controller\Dispatcher\Standard.php:248
Stack trace:
#0 D:\workspaces\ArenaOfGenelogy\library\Zend\Controller\Front.php(954): Zend_Controller_Dispatcher_Standard->dispatch(Object(Zend_Controller_Request_Http), Object(Zend_Controller_Response_Http))
#1 D:\workspaces\ArenaOfGenelogy\index.php(61): Zend_Controller_Front->dispatch()
#2 {main}
2013-04-15T20:53:57+09:00 ALERT (1): exception 'Zend_Controller_Dispatcher_Exception' with message 'Invalid controller specified (index)' in D:\workspaces\ArenaOfGenelogy\library\Zend\Controller\Dispatcher\Standard.php:248
Stack trace:
#0 D:\workspaces\ArenaOfGenelogy\library\Zend\Controller\Front.php(954): Zend_Controller_Dispatcher_Standard->dispatch(Object(Zend_Controller_Request_Http), Object(Zend_Controller_Response_Http))
#1 D:\workspaces\ArenaOfGenelogy\index.php(61): Zend_Controller_Front->dispatch()
#2 {main}
2013-04-15T20:55:49+09:00 ALERT (1): exception 'Zend_Controller_Dispatcher_Exception' with message 'Invalid controller specified (index)' in D:\workspaces\ArenaOfGenelogy\library\Zend\Controller\Dispatcher\Standard.php:248
Stack trace:
#0 D:\workspaces\ArenaOfGenelogy\library\Zend\Controller\Front.php(954): Zend_Controller_Dispatcher_Standard->dispatch(Object(Zend_Controller_Request_Http), Object(Zend_Controller_Response_Http))
#1 D:\workspaces\ArenaOfGenelogy\index.php(62): Zend_Controller_Front->dispatch()
#2 {main}
2013-04-15T20:56:33+09:00 ALERT (1): exception 'Zend_Controller_Dispatcher_Exception' with message 'Invalid controller specified (index)' in D:\workspaces\ArenaOfGenelogy\library\Zend\Controller\Dispatcher\Standard.php:248
Stack trace:
#0 D:\workspaces\ArenaOfGenelogy\library\Zend\Controller\Front.php(954): Zend_Controller_Dispatcher_Standard->dispatch(Object(Zend_Controller_Request_Http), Object(Zend_Controller_Response_Http))
#1 D:\workspaces\ArenaOfGenelogy\index.php(62): Zend_Controller_Front->dispatch()
#2 {main}
2013-04-15T20:56:51+09:00 ALERT (1): exception 'Zend_Controller_Dispatcher_Exception' with message 'Invalid controller specified (index)' in D:\workspaces\ArenaOfGenelogy\library\Zend\Controller\Dispatcher\Standard.php:248
Stack trace:
#0 D:\workspaces\ArenaOfGenelogy\library\Zend\Controller\Front.php(954): Zend_Controller_Dispatcher_Standard->dispatch(Object(Zend_Controller_Request_Http), Object(Zend_Controller_Response_Http))
#1 D:\workspaces\ArenaOfGenelogy\index.php(62): Zend_Controller_Front->dispatch()
#2 {main}
2013-04-15T20:57:21+09:00 ALERT (1): exception 'Zend_Controller_Dispatcher_Exception' with message 'Invalid controller specified (index)' in D:\workspaces\ArenaOfGenelogy\library\Zend\Controller\Dispatcher\Standard.php:248
Stack trace:
#0 D:\workspaces\ArenaOfGenelogy\library\Zend\Controller\Front.php(954): Zend_Controller_Dispatcher_Standard->dispatch(Object(Zend_Controller_Request_Http), Object(Zend_Controller_Response_Http))
#1 D:\workspaces\ArenaOfGenelogy\index.php(62): Zend_Controller_Front->dispatch()
#2 {main}
2013-04-15T20:57:44+09:00 ALERT (1): exception 'Zend_Controller_Dispatcher_Exception' with message 'Invalid controller specified (index)' in D:\workspaces\ArenaOfGenelogy\library\Zend\Controller\Dispatcher\Standard.php:248
Stack trace:
#0 D:\workspaces\ArenaOfGenelogy\library\Zend\Controller\Front.php(954): Zend_Controller_Dispatcher_Standard->dispatch(Object(Zend_Controller_Request_Http), Object(Zend_Controller_Response_Http))
#1 D:\workspaces\ArenaOfGenelogy\index.php(62): Zend_Controller_Front->dispatch()
#2 {main}
2013-04-15T20:58:47+09:00 ALERT (1): exception 'Zend_Controller_Dispatcher_Exception' with message 'Invalid controller specified (index)' in D:\workspaces\ArenaOfGenelogy\library\Zend\Controller\Dispatcher\Standard.php:248
Stack trace:
#0 D:\workspaces\ArenaOfGenelogy\library\Zend\Controller\Front.php(954): Zend_Controller_Dispatcher_Standard->dispatch(Object(Zend_Controller_Request_Http), Object(Zend_Controller_Response_Http))
#1 D:\workspaces\ArenaOfGenelogy\index.php(62): Zend_Controller_Front->dispatch()
#2 {main}
2013-04-15T20:59:06+09:00 ALERT (1): exception 'Zend_Controller_Dispatcher_Exception' with message 'Invalid controller specified (index)' in D:\workspaces\ArenaOfGenelogy\library\Zend\Controller\Dispatcher\Standard.php:248
Stack trace:
#0 D:\workspaces\ArenaOfGenelogy\library\Zend\Controller\Front.php(954): Zend_Controller_Dispatcher_Standard->dispatch(Object(Zend_Controller_Request_Http), Object(Zend_Controller_Response_Http))
#1 D:\workspaces\ArenaOfGenelogy\index.php(62): Zend_Controller_Front->dispatch()
#2 {main}
2013-04-15T20:59:19+09:00 ALERT (1): exception 'Zend_Controller_Dispatcher_Exception' with message 'Invalid controller specified (index)' in D:\workspaces\ArenaOfGenelogy\library\Zend\Controller\Dispatcher\Standard.php:248
Stack trace:
#0 D:\workspaces\ArenaOfGenelogy\library\Zend\Controller\Front.php(954): Zend_Controller_Dispatcher_Standard->dispatch(Object(Zend_Controller_Request_Http), Object(Zend_Controller_Response_Http))
#1 D:\workspaces\ArenaOfGenelogy\index.php(62): Zend_Controller_Front->dispatch()
#2 {main}
2013-04-15T20:59:21+09:00 ALERT (1): exception 'Zend_Controller_Dispatcher_Exception' with message 'Invalid controller specified (index)' in D:\workspaces\ArenaOfGenelogy\library\Zend\Controller\Dispatcher\Standard.php:248
Stack trace:
#0 D:\workspaces\ArenaOfGenelogy\library\Zend\Controller\Front.php(954): Zend_Controller_Dispatcher_Standard->dispatch(Object(Zend_Controller_Request_Http), Object(Zend_Controller_Response_Http))
#1 D:\workspaces\ArenaOfGenelogy\index.php(62): Zend_Controller_Front->dispatch()
#2 {main}
2013-04-15T21:00:19+09:00 ALERT (1): exception 'Zend_Controller_Dispatcher_Exception' with message 'Invalid controller specified (index)' in D:\workspaces\ArenaOfGenelogy\library\Zend\Controller\Dispatcher\Standard.php:248
Stack trace:
#0 D:\workspaces\ArenaOfGenelogy\library\Zend\Controller\Front.php(954): Zend_Controller_Dispatcher_Standard->dispatch(Object(Zend_Controller_Request_Http), Object(Zend_Controller_Response_Http))
#1 D:\workspaces\ArenaOfGenelogy\index.php(62): Zend_Controller_Front->dispatch()
#2 {main}
2013-04-15T21:00:20+09:00 ALERT (1): exception 'Zend_Controller_Dispatcher_Exception' with message 'Invalid controller specified (index)' in D:\workspaces\ArenaOfGenelogy\library\Zend\Controller\Dispatcher\Standard.php:248
Stack trace:
#0 D:\workspaces\ArenaOfGenelogy\library\Zend\Controller\Front.php(954): Zend_Controller_Dispatcher_Standard->dispatch(Object(Zend_Controller_Request_Http), Object(Zend_Controller_Response_Http))
#1 D:\workspaces\ArenaOfGenelogy\index.php(62): Zend_Controller_Front->dispatch()
#2 {main}
2013-04-15T21:00:29+09:00 ALERT (1): exception 'Zend_Controller_Dispatcher_Exception' with message 'Invalid controller specified (index)' in D:\workspaces\ArenaOfGenelogy\library\Zend\Controller\Dispatcher\Standard.php:248
Stack trace:
#0 D:\workspaces\ArenaOfGenelogy\library\Zend\Controller\Front.php(954): Zend_Controller_Dispatcher_Standard->dispatch(Object(Zend_Controller_Request_Http), Object(Zend_Controller_Response_Http))
#1 D:\workspaces\ArenaOfGenelogy\index.php(62): Zend_Controller_Front->dispatch()
#2 {main}
2013-04-15T21:00:56+09:00 ALERT (1): exception 'Zend_Controller_Dispatcher_Exception' with message 'Invalid controller specified (index)' in D:\workspaces\ArenaOfGenelogy\library\Zend\Controller\Dispatcher\Standard.php:248
Stack trace:
#0 D:\workspaces\ArenaOfGenelogy\library\Zend\Controller\Front.php(954): Zend_Controller_Dispatcher_Standard->dispatch(Object(Zend_Controller_Request_Http), Object(Zend_Controller_Response_Http))
#1 D:\workspaces\ArenaOfGenelogy\index.php(62): Zend_Controller_Front->dispatch()
#2 {main}
2013-04-15T21:01:34+09:00 ALERT (1): exception 'Zend_Controller_Dispatcher_Exception' with message 'Invalid controller specified (index)' in D:\workspaces\ArenaOfGenelogy\library\Zend\Controller\Dispatcher\Standard.php:248
Stack trace:
#0 D:\workspaces\ArenaOfGenelogy\library\Zend\Controller\Front.php(954): Zend_Controller_Dispatcher_Standard->dispatch(Object(Zend_Controller_Request_Http), Object(Zend_Controller_Response_Http))
#1 D:\workspaces\ArenaOfGenelogy\index.php(62): Zend_Controller_Front->dispatch()
#2 {main}
2013-04-15T21:02:15+09:00 ALERT (1): exception 'Zend_Controller_Dispatcher_Exception' with message 'Invalid controller specified (index)' in D:\workspaces\ArenaOfGenelogy\library\Zend\Controller\Dispatcher\Standard.php:248
Stack trace:
#0 D:\workspaces\ArenaOfGenelogy\library\Zend\Controller\Front.php(954): Zend_Controller_Dispatcher_Standard->dispatch(Object(Zend_Controller_Request_Http), Object(Zend_Controller_Response_Http))
#1 D:\workspaces\ArenaOfGenelogy\index.php(62): Zend_Controller_Front->dispatch()
#2 {main}
2013-04-15T21:02:49+09:00 ALERT (1): exception 'Zend_Controller_Dispatcher_Exception' with message 'Invalid controller specified (index)' in D:\workspaces\ArenaOfGenelogy\library\Zend\Controller\Dispatcher\Standard.php:248
Stack trace:
#0 D:\workspaces\ArenaOfGenelogy\library\Zend\Controller\Front.php(954): Zend_Controller_Dispatcher_Standard->dispatch(Object(Zend_Controller_Request_Http), Object(Zend_Controller_Response_Http))
#1 D:\workspaces\ArenaOfGenelogy\index.php(62): Zend_Controller_Front->dispatch()
#2 {main}
2013-04-15T21:03:21+09:00 ALERT (1): exception 'Zend_Controller_Dispatcher_Exception' with message 'Invalid controller specified (index)' in D:\workspaces\ArenaOfGenelogy\library\Zend\Controller\Dispatcher\Standard.php:248
Stack trace:
#0 D:\workspaces\ArenaOfGenelogy\library\Zend\Controller\Front.php(954): Zend_Controller_Dispatcher_Standard->dispatch(Object(Zend_Controller_Request_Http), Object(Zend_Controller_Response_Http))
#1 D:\workspaces\ArenaOfGenelogy\index.php(62): Zend_Controller_Front->dispatch()
#2 {main}
2013-04-15T21:04:06+09:00 ALERT (1): exception 'Zend_Controller_Dispatcher_Exception' with message 'Invalid controller specified (index)' in D:\workspaces\ArenaOfGenelogy\library\Zend\Controller\Dispatcher\Standard.php:248
Stack trace:
#0 D:\workspaces\ArenaOfGenelogy\library\Zend\Controller\Front.php(954): Zend_Controller_Dispatcher_Standard->dispatch(Object(Zend_Controller_Request_Http), Object(Zend_Controller_Response_Http))
#1 D:\workspaces\ArenaOfGenelogy\index.php(62): Zend_Controller_Front->dispatch()
#2 {main}
2013-04-15T21:05:02+09:00 ALERT (1): exception 'Zend_Controller_Dispatcher_Exception' with message 'Invalid controller specified (test.hello)' in D:\workspaces\ArenaOfGenelogy\library\Zend\Controller\Dispatcher\Standard.php:248
Stack trace:
#0 D:\workspaces\ArenaOfGenelogy\library\Zend\Controller\Front.php(954): Zend_Controller_Dispatcher_Standard->dispatch(Object(Zend_Controller_Request_Http), Object(Zend_Controller_Response_Http))
#1 D:\workspaces\ArenaOfGenelogy\index.php(62): Zend_Controller_Front->dispatch()
#2 {main}
2013-04-15T21:05:17+09:00 ALERT (1): exception 'Zend_Controller_Dispatcher_Exception' with message 'Invalid controller specified (test)' in D:\workspaces\ArenaOfGenelogy\library\Zend\Controller\Dispatcher\Standard.php:248
Stack trace:
#0 D:\workspaces\ArenaOfGenelogy\library\Zend\Controller\Front.php(954): Zend_Controller_Dispatcher_Standard->dispatch(Object(Zend_Controller_Request_Http), Object(Zend_Controller_Response_Http))
#1 D:\workspaces\ArenaOfGenelogy\index.php(62): Zend_Controller_Front->dispatch()
#2 {main}
2013-04-15T21:08:01+09:00 ALERT (1): exception 'Zend_Controller_Dispatcher_Exception' with message 'Invalid controller specified (test)' in D:\workspaces\ArenaOfGenelogy\library\Zend\Controller\Dispatcher\Standard.php:248
Stack trace:
#0 D:\workspaces\ArenaOfGenelogy\library\Zend\Controller\Front.php(954): Zend_Controller_Dispatcher_Standard->dispatch(Object(Zend_Controller_Request_Http), Object(Zend_Controller_Response_Http))
#1 D:\workspaces\ArenaOfGenelogy\index.php(62): Zend_Controller_Front->dispatch()
#2 {main}
2013-04-15T21:08:34+09:00 ALERT (1): exception 'Zend_Controller_Dispatcher_Exception' with message 'Invalid controller specified (test)' in D:\workspaces\ArenaOfGenelogy\library\Zend\Controller\Dispatcher\Standard.php:248
Stack trace:
#0 D:\workspaces\ArenaOfGenelogy\library\Zend\Controller\Front.php(954): Zend_Controller_Dispatcher_Standard->dispatch(Object(Zend_Controller_Request_Http), Object(Zend_Controller_Response_Http))
#1 D:\workspaces\ArenaOfGenelogy\index.php(62): Zend_Controller_Front->dispatch()
#2 {main}
2013-04-15T21:09:12+09:00 ALERT (1): exception 'Zend_Controller_Dispatcher_Exception' with message 'Invalid controller specified (test)' in D:\workspaces\ArenaOfGenelogy\library\Zend\Controller\Dispatcher\Standard.php:248
Stack trace:
#0 D:\workspaces\ArenaOfGenelogy\library\Zend\Controller\Front.php(954): Zend_Controller_Dispatcher_Standard->dispatch(Object(Zend_Controller_Request_Http), Object(Zend_Controller_Response_Http))
#1 D:\workspaces\ArenaOfGenelogy\index.php(62): Zend_Controller_Front->dispatch()
#2 {main}
2013-04-15T21:11:12+09:00 ALERT (1): exception 'Zend_Controller_Dispatcher_Exception' with message 'Invalid controller specified (test)' in D:\workspaces\ArenaOfGenelogy\library\Zend\Controller\Dispatcher\Standard.php:248
Stack trace:
#0 D:\workspaces\ArenaOfGenelogy\library\Zend\Controller\Front.php(954): Zend_Controller_Dispatcher_Standard->dispatch(Object(Zend_Controller_Request_Http), Object(Zend_Controller_Response_Http))
#1 D:\workspaces\ArenaOfGenelogy\index.php(62): Zend_Controller_Front->dispatch()
#2 {main}
2013-04-15T21:13:22+09:00 ALERT (1): exception 'Zend_Db_Exception' with message 'Adapter name must be specified in a string' in D:\workspaces\ArenaOfGenelogy\library\Zend\Db.php:239
Stack trace:
#0 D:\workspaces\ArenaOfGenelogy\application\models\IndexModel.php(6): Zend_Db::factory(NULL)
#1 D:\workspaces\ArenaOfGenelogy\application\controllers\IndexController.php(22): IndexModel->getIndexInfo(NULL)
#2 D:\workspaces\ArenaOfGenelogy\library\Zend\Controller\Action.php(516): IndexController->indexAction()
#3 D:\workspaces\ArenaOfGenelogy\library\Zend\Controller\Dispatcher\Standard.php(295): Zend_Controller_Action->dispatch('indexAction')
#4 D:\workspaces\ArenaOfGenelogy\library\Zend\Controller\Front.php(954): Zend_Controller_Dispatcher_Standard->dispatch(Object(Zend_Controller_Request_Http), Object(Zend_Controller_Response_Http))
#5 D:\workspaces\ArenaOfGenelogy\index.php(62): Zend_Controller_Front->dispatch()
#6 {main}
2013-04-15T21:16:42+09:00 ALERT (1): exception 'Zend_Db_Exception' with message 'Adapter name must be specified in a string' in D:\workspaces\ArenaOfGenelogy\library\Zend\Db.php:239
Stack trace:
#0 D:\workspaces\ArenaOfGenelogy\application\models\IndexModel.php(6): Zend_Db::factory(NULL)
#1 D:\workspaces\ArenaOfGenelogy\application\controllers\IndexController.php(22): IndexModel->getIndexInfo(NULL)
#2 D:\workspaces\ArenaOfGenelogy\library\Zend\Controller\Action.php(516): IndexController->indexAction()
#3 D:\workspaces\ArenaOfGenelogy\library\Zend\Controller\Dispatcher\Standard.php(295): Zend_Controller_Action->dispatch('indexAction')
#4 D:\workspaces\ArenaOfGenelogy\library\Zend\Controller\Front.php(954): Zend_Controller_Dispatcher_Standard->dispatch(Object(Zend_Controller_Request_Http), Object(Zend_Controller_Response_Http))
#5 D:\workspaces\ArenaOfGenelogy\index.php(62): Zend_Controller_Front->dispatch()
#6 {main}
2013-04-15T21:17:17+09:00 ALERT (1): exception 'Zend_Db_Exception' with message 'Adapter name must be specified in a string' in D:\workspaces\ArenaOfGenelogy\library\Zend\Db.php:239
Stack trace:
#0 D:\workspaces\ArenaOfGenelogy\application\models\IndexModel.php(6): Zend_Db::factory(NULL)
#1 D:\workspaces\ArenaOfGenelogy\application\controllers\IndexController.php(22): IndexModel->getIndexInfo(NULL)
#2 D:\workspaces\ArenaOfGenelogy\library\Zend\Controller\Action.php(516): IndexController->indexAction()
#3 D:\workspaces\ArenaOfGenelogy\library\Zend\Controller\Dispatcher\Standard.php(295): Zend_Controller_Action->dispatch('indexAction')
#4 D:\workspaces\ArenaOfGenelogy\library\Zend\Controller\Front.php(954): Zend_Controller_Dispatcher_Standard->dispatch(Object(Zend_Controller_Request_Http), Object(Zend_Controller_Response_Http))
#5 D:\workspaces\ArenaOfGenelogy\index.php(62): Zend_Controller_Front->dispatch()
#6 {main}
2013-04-15T21:23:32+09:00 ALERT (1): exception 'Zend_Db_Exception' with message 'Adapter name must be specified in a string' in D:\workspaces\ArenaOfGenelogy\library\Zend\Db.php:239
Stack trace:
#0 D:\workspaces\ArenaOfGenelogy\application\models\IndexModel.php(6): Zend_Db::factory(NULL)
#1 D:\workspaces\ArenaOfGenelogy\application\controllers\IndexController.php(25): IndexModel->getIndexInfo(NULL)
#2 D:\workspaces\ArenaOfGenelogy\library\Zend\Controller\Action.php(516): IndexController->indexAction()
#3 D:\workspaces\ArenaOfGenelogy\library\Zend\Controller\Dispatcher\Standard.php(295): Zend_Controller_Action->dispatch('indexAction')
#4 D:\workspaces\ArenaOfGenelogy\library\Zend\Controller\Front.php(954): Zend_Controller_Dispatcher_Standard->dispatch(Object(Zend_Controller_Request_Http), Object(Zend_Controller_Response_Http))
#5 D:\workspaces\ArenaOfGenelogy\index.php(62): Zend_Controller_Front->dispatch()
#6 {main}
2013-04-15T21:23:39+09:00 ALERT (1): exception 'Zend_Db_Exception' with message 'Adapter name must be specified in a string' in D:\workspaces\ArenaOfGenelogy\library\Zend\Db.php:239
Stack trace:
#0 D:\workspaces\ArenaOfGenelogy\application\models\IndexModel.php(6): Zend_Db::factory(NULL)
#1 D:\workspaces\ArenaOfGenelogy\application\controllers\IndexController.php(25): IndexModel->getIndexInfo(NULL)
#2 D:\workspaces\ArenaOfGenelogy\library\Zend\Controller\Action.php(516): IndexController->indexAction()
#3 D:\workspaces\ArenaOfGenelogy\library\Zend\Controller\Dispatcher\Standard.php(295): Zend_Controller_Action->dispatch('indexAction')
#4 D:\workspaces\ArenaOfGenelogy\library\Zend\Controller\Front.php(954): Zend_Controller_Dispatcher_Standard->dispatch(Object(Zend_Controller_Request_Http), Object(Zend_Controller_Response_Http))
#5 D:\workspaces\ArenaOfGenelogy\index.php(62): Zend_Controller_Front->dispatch()
#6 {main}
2013-04-15T21:27:56+09:00 ALERT (1): exception 'Zend_Db_Exception' with message 'Adapter parameters must be in an array or a Zend_Config object' in D:\workspaces\ArenaOfGenelogy\library\Zend\Db.php:228
Stack trace:
#0 D:\workspaces\ArenaOfGenelogy\application\models\IndexModel.php(6): Zend_Db::factory(NULL, NULL)
#1 D:\workspaces\ArenaOfGenelogy\application\controllers\IndexController.php(28): IndexModel->getIndexInfo(NULL, NULL)
#2 D:\workspaces\ArenaOfGenelogy\library\Zend\Controller\Action.php(516): IndexController->indexAction()
#3 D:\workspaces\ArenaOfGenelogy\library\Zend\Controller\Dispatcher\Standard.php(295): Zend_Controller_Action->dispatch('indexAction')
#4 D:\workspaces\ArenaOfGenelogy\library\Zend\Controller\Front.php(954): Zend_Controller_Dispatcher_Standard->dispatch(Object(Zend_Controller_Request_Http), Object(Zend_Controller_Response_Http))
#5 D:\workspaces\ArenaOfGenelogy\index.php(62): Zend_Controller_Front->dispatch()
#6 {main}
2013-04-15T21:28:38+09:00 ALERT (1): exception 'Zend_Db_Exception' with message 'Adapter parameters must be in an array or a Zend_Config object' in D:\workspaces\ArenaOfGenelogy\library\Zend\Db.php:228
Stack trace:
#0 D:\workspaces\ArenaOfGenelogy\application\models\IndexModel.php(6): Zend_Db::factory(NULL, NULL)
#1 D:\workspaces\ArenaOfGenelogy\application\controllers\IndexController.php(28): IndexModel->getIndexInfo(NULL, NULL)
#2 D:\workspaces\ArenaOfGenelogy\library\Zend\Controller\Action.php(516): IndexController->indexAction()
#3 D:\workspaces\ArenaOfGenelogy\library\Zend\Controller\Dispatcher\Standard.php(295): Zend_Controller_Action->dispatch('indexAction')
#4 D:\workspaces\ArenaOfGenelogy\library\Zend\Controller\Front.php(954): Zend_Controller_Dispatcher_Standard->dispatch(Object(Zend_Controller_Request_Http), Object(Zend_Controller_Response_Http))
#5 D:\workspaces\ArenaOfGenelogy\index.php(62): Zend_Controller_Front->dispatch()
#6 {main}
2013-04-15T21:28:39+09:00 ALERT (1): exception 'Zend_Db_Exception' with message 'Adapter parameters must be in an array or a Zend_Config object' in D:\workspaces\ArenaOfGenelogy\library\Zend\Db.php:228
Stack trace:
#0 D:\workspaces\ArenaOfGenelogy\application\models\IndexModel.php(6): Zend_Db::factory(NULL, NULL)
#1 D:\workspaces\ArenaOfGenelogy\application\controllers\IndexController.php(28): IndexModel->getIndexInfo(NULL, NULL)
#2 D:\workspaces\ArenaOfGenelogy\library\Zend\Controller\Action.php(516): IndexController->indexAction()
#3 D:\workspaces\ArenaOfGenelogy\library\Zend\Controller\Dispatcher\Standard.php(295): Zend_Controller_Action->dispatch('indexAction')
#4 D:\workspaces\ArenaOfGenelogy\library\Zend\Controller\Front.php(954): Zend_Controller_Dispatcher_Standard->dispatch(Object(Zend_Controller_Request_Http), Object(Zend_Controller_Response_Http))
#5 D:\workspaces\ArenaOfGenelogy\index.php(62): Zend_Controller_Front->dispatch()
#6 {main}
2013-04-15T21:28:40+09:00 ALERT (1): exception 'Zend_Db_Exception' with message 'Adapter parameters must be in an array or a Zend_Config object' in D:\workspaces\ArenaOfGenelogy\library\Zend\Db.php:228
Stack trace:
#0 D:\workspaces\ArenaOfGenelogy\application\models\IndexModel.php(6): Zend_Db::factory(NULL, NULL)
#1 D:\workspaces\ArenaOfGenelogy\application\controllers\IndexController.php(28): IndexModel->getIndexInfo(NULL, NULL)
#2 D:\workspaces\ArenaOfGenelogy\library\Zend\Controller\Action.php(516): IndexController->indexAction()
#3 D:\workspaces\ArenaOfGenelogy\library\Zend\Controller\Dispatcher\Standard.php(295): Zend_Controller_Action->dispatch('indexAction')
#4 D:\workspaces\ArenaOfGenelogy\library\Zend\Controller\Front.php(954): Zend_Controller_Dispatcher_Standard->dispatch(Object(Zend_Controller_Request_Http), Object(Zend_Controller_Response_Http))
#5 D:\workspaces\ArenaOfGenelogy\index.php(62): Zend_Controller_Front->dispatch()
#6 {main}
2013-04-15T21:29:31+09:00 ALERT (1): exception 'Zend_Db_Exception' with message 'Adapter parameters must be in an array or a Zend_Config object' in D:\workspaces\ArenaOfGenelogy\library\Zend\Db.php:228
Stack trace:
#0 D:\workspaces\ArenaOfGenelogy\application\models\IndexModel.php(6): Zend_Db::factory(NULL, NULL)
#1 D:\workspaces\ArenaOfGenelogy\application\controllers\IndexController.php(26): IndexModel->getIndexInfo(NULL, NULL)
#2 D:\workspaces\ArenaOfGenelogy\library\Zend\Controller\Action.php(516): IndexController->indexAction()
#3 D:\workspaces\ArenaOfGenelogy\library\Zend\Controller\Dispatcher\Standard.php(295): Zend_Controller_Action->dispatch('indexAction')
#4 D:\workspaces\ArenaOfGenelogy\library\Zend\Controller\Front.php(954): Zend_Controller_Dispatcher_Standard->dispatch(Object(Zend_Controller_Request_Http), Object(Zend_Controller_Response_Http))
#5 D:\workspaces\ArenaOfGenelogy\index.php(62): Zend_Controller_Front->dispatch()
#6 {main}
2013-04-15T21:29:32+09:00 ALERT (1): exception 'Zend_Db_Exception' with message 'Adapter parameters must be in an array or a Zend_Config object' in D:\workspaces\ArenaOfGenelogy\library\Zend\Db.php:228
Stack trace:
#0 D:\workspaces\ArenaOfGenelogy\application\models\IndexModel.php(6): Zend_Db::factory(NULL, NULL)
#1 D:\workspaces\ArenaOfGenelogy\application\controllers\IndexController.php(26): IndexModel->getIndexInfo(NULL, NULL)
#2 D:\workspaces\ArenaOfGenelogy\library\Zend\Controller\Action.php(516): IndexController->indexAction()
#3 D:\workspaces\ArenaOfGenelogy\library\Zend\Controller\Dispatcher\Standard.php(295): Zend_Controller_Action->dispatch('indexAction')
#4 D:\workspaces\ArenaOfGenelogy\library\Zend\Controller\Front.php(954): Zend_Controller_Dispatcher_Standard->dispatch(Object(Zend_Controller_Request_Http), Object(Zend_Controller_Response_Http))
#5 D:\workspaces\ArenaOfGenelogy\index.php(62): Zend_Controller_Front->dispatch()
#6 {main}
2013-04-15T21:29:56+09:00 ALERT (1): exception 'Zend_Db_Exception' with message 'Adapter parameters must be in an array or a Zend_Config object' in D:\workspaces\ArenaOfGenelogy\library\Zend\Db.php:228
Stack trace:
#0 D:\workspaces\ArenaOfGenelogy\application\models\IndexModel.php(6): Zend_Db::factory(NULL, NULL)
#1 D:\workspaces\ArenaOfGenelogy\application\controllers\IndexController.php(26): IndexModel->getIndexInfo(NULL, NULL)
#2 D:\workspaces\ArenaOfGenelogy\library\Zend\Controller\Action.php(516): IndexController->indexAction()
#3 D:\workspaces\ArenaOfGenelogy\library\Zend\Controller\Dispatcher\Standard.php(295): Zend_Controller_Action->dispatch('indexAction')
#4 D:\workspaces\ArenaOfGenelogy\library\Zend\Controller\Front.php(954): Zend_Controller_Dispatcher_Standard->dispatch(Object(Zend_Controller_Request_Http), Object(Zend_Controller_Response_Http))
#5 D:\workspaces\ArenaOfGenelogy\index.php(62): Zend_Controller_Front->dispatch()
#6 {main}
2013-04-15T21:30:04+09:00 ALERT (1): exception 'Zend_Db_Exception' with message 'Adapter parameters must be in an array or a Zend_Config object' in D:\workspaces\ArenaOfGenelogy\library\Zend\Db.php:228
Stack trace:
#0 D:\workspaces\ArenaOfGenelogy\application\models\IndexModel.php(6): Zend_Db::factory(NULL, NULL)
#1 D:\workspaces\ArenaOfGenelogy\application\controllers\IndexController.php(26): IndexModel->getIndexInfo(NULL, NULL)
#2 D:\workspaces\ArenaOfGenelogy\library\Zend\Controller\Action.php(516): IndexController->indexAction()
#3 D:\workspaces\ArenaOfGenelogy\library\Zend\Controller\Dispatcher\Standard.php(295): Zend_Controller_Action->dispatch('indexAction')
#4 D:\workspaces\ArenaOfGenelogy\library\Zend\Controller\Front.php(954): Zend_Controller_Dispatcher_Standard->dispatch(Object(Zend_Controller_Request_Http), Object(Zend_Controller_Response_Http))
#5 D:\workspaces\ArenaOfGenelogy\index.php(62): Zend_Controller_Front->dispatch()
#6 {main}
2013-04-15T21:30:05+09:00 ALERT (1): exception 'Zend_Db_Exception' with message 'Adapter parameters must be in an array or a Zend_Config object' in D:\workspaces\ArenaOfGenelogy\library\Zend\Db.php:228
Stack trace:
#0 D:\workspaces\ArenaOfGenelogy\application\models\IndexModel.php(6): Zend_Db::factory(NULL, NULL)
#1 D:\workspaces\ArenaOfGenelogy\application\controllers\IndexController.php(26): IndexModel->getIndexInfo(NULL, NULL)
#2 D:\workspaces\ArenaOfGenelogy\library\Zend\Controller\Action.php(516): IndexController->indexAction()
#3 D:\workspaces\ArenaOfGenelogy\library\Zend\Controller\Dispatcher\Standard.php(295): Zend_Controller_Action->dispatch('indexAction')
#4 D:\workspaces\ArenaOfGenelogy\library\Zend\Controller\Front.php(954): Zend_Controller_Dispatcher_Standard->dispatch(Object(Zend_Controller_Request_Http), Object(Zend_Controller_Response_Http))
#5 D:\workspaces\ArenaOfGenelogy\index.php(62): Zend_Controller_Front->dispatch()
#6 {main}
2013-04-15T21:30:29+09:00 ALERT (1): exception 'Zend_Db_Exception' with message 'Adapter parameters must be in an array or a Zend_Config object' in D:\workspaces\ArenaOfGenelogy\library\Zend\Db.php:228
Stack trace:
#0 D:\workspaces\ArenaOfGenelogy\application\models\IndexModel.php(6): Zend_Db::factory(NULL, NULL)
#1 D:\workspaces\ArenaOfGenelogy\application\controllers\IndexController.php(26): IndexModel->getIndexInfo(NULL, NULL)
#2 D:\workspaces\ArenaOfGenelogy\library\Zend\Controller\Action.php(516): IndexController->indexAction()
#3 D:\workspaces\ArenaOfGenelogy\library\Zend\Controller\Dispatcher\Standard.php(295): Zend_Controller_Action->dispatch('indexAction')
#4 D:\workspaces\ArenaOfGenelogy\library\Zend\Controller\Front.php(954): Zend_Controller_Dispatcher_Standard->dispatch(Object(Zend_Controller_Request_Http), Object(Zend_Controller_Response_Http))
#5 D:\workspaces\ArenaOfGenelogy\index.php(62): Zend_Controller_Front->dispatch()
#6 {main}
2013-04-15T21:51:51+09:00 ALERT (1): exception 'Zend_Db_Exception' with message 'Adapter parameters must be in an array or a Zend_Config object' in D:\workspaces\ArenaOfGenelogy\library\Zend\Db.php:228
Stack trace:
#0 D:\workspaces\ArenaOfGenelogy\application\models\IndexModel.php(10): Zend_Db::factory(NULL, NULL)
#1 D:\workspaces\ArenaOfGenelogy\application\controllers\IndexController.php(22): IndexModel->getIndexInfo()
#2 D:\workspaces\ArenaOfGenelogy\library\Zend\Controller\Action.php(516): IndexController->indexAction()
#3 D:\workspaces\ArenaOfGenelogy\library\Zend\Controller\Dispatcher\Standard.php(295): Zend_Controller_Action->dispatch('indexAction')
#4 D:\workspaces\ArenaOfGenelogy\library\Zend\Controller\Front.php(954): Zend_Controller_Dispatcher_Standard->dispatch(Object(Zend_Controller_Request_Http), Object(Zend_Controller_Response_Http))
#5 D:\workspaces\ArenaOfGenelogy\index.php(62): Zend_Controller_Front->dispatch()
#6 {main}
2013-04-15T21:52:19+09:00 ALERT (1): exception 'Zend_Db_Exception' with message 'Adapter name must be specified in a string' in D:\workspaces\ArenaOfGenelogy\library\Zend\Db.php:239
Stack trace:
#0 D:\workspaces\ArenaOfGenelogy\application\models\IndexModel.php(11): Zend_Db::factory(NULL, Array)
#1 D:\workspaces\ArenaOfGenelogy\application\controllers\IndexController.php(22): IndexModel->getIndexInfo()
#2 D:\workspaces\ArenaOfGenelogy\library\Zend\Controller\Action.php(516): IndexController->indexAction()
#3 D:\workspaces\ArenaOfGenelogy\library\Zend\Controller\Dispatcher\Standard.php(295): Zend_Controller_Action->dispatch('indexAction')
#4 D:\workspaces\ArenaOfGenelogy\library\Zend\Controller\Front.php(954): Zend_Controller_Dispatcher_Standard->dispatch(Object(Zend_Controller_Request_Http), Object(Zend_Controller_Response_Http))
#5 D:\workspaces\ArenaOfGenelogy\index.php(62): Zend_Controller_Front->dispatch()
#6 {main}
2013-04-15T21:52:59+09:00 ALERT (1): exception 'Zend_Db_Exception' with message 'Adapter name must be specified in a string' in D:\workspaces\ArenaOfGenelogy\library\Zend\Db.php:239
Stack trace:
#0 D:\workspaces\ArenaOfGenelogy\application\models\IndexModel.php(12): Zend_Db::factory(NULL, Array)
#1 D:\workspaces\ArenaOfGenelogy\application\controllers\IndexController.php(22): IndexModel->getIndexInfo()
#2 D:\workspaces\ArenaOfGenelogy\library\Zend\Controller\Action.php(516): IndexController->indexAction()
#3 D:\workspaces\ArenaOfGenelogy\library\Zend\Controller\Dispatcher\Standard.php(295): Zend_Controller_Action->dispatch('indexAction')
#4 D:\workspaces\ArenaOfGenelogy\library\Zend\Controller\Front.php(954): Zend_Controller_Dispatcher_Standard->dispatch(Object(Zend_Controller_Request_Http), Object(Zend_Controller_Response_Http))
#5 D:\workspaces\ArenaOfGenelogy\index.php(62): Zend_Controller_Front->dispatch()
#6 {main}
2013-04-15T21:53:00+09:00 ALERT (1): exception 'Zend_Db_Exception' with message 'Adapter name must be specified in a string' in D:\workspaces\ArenaOfGenelogy\library\Zend\Db.php:239
Stack trace:
#0 D:\workspaces\ArenaOfGenelogy\application\models\IndexModel.php(12): Zend_Db::factory(NULL, Array)
#1 D:\workspaces\ArenaOfGenelogy\application\controllers\IndexController.php(22): IndexModel->getIndexInfo()
#2 D:\workspaces\ArenaOfGenelogy\library\Zend\Controller\Action.php(516): IndexController->indexAction()
#3 D:\workspaces\ArenaOfGenelogy\library\Zend\Controller\Dispatcher\Standard.php(295): Zend_Controller_Action->dispatch('indexAction')
#4 D:\workspaces\ArenaOfGenelogy\library\Zend\Controller\Front.php(954): Zend_Controller_Dispatcher_Standard->dispatch(Object(Zend_Controller_Request_Http), Object(Zend_Controller_Response_Http))
#5 D:\workspaces\ArenaOfGenelogy\index.php(62): Zend_Controller_Front->dispatch()
#6 {main}
2013-04-15T21:54:37+09:00 ALERT (1): exception 'Zend_Db_Exception' with message 'Adapter name must be specified in a string' in D:\workspaces\ArenaOfGenelogy\library\Zend\Db.php:239
Stack trace:
#0 D:\workspaces\ArenaOfGenelogy\application\models\IndexModel.php(12): Zend_Db::factory(NULL, Array)
#1 D:\workspaces\ArenaOfGenelogy\application\controllers\IndexController.php(22): IndexModel->getIndexInfo()
#2 D:\workspaces\ArenaOfGenelogy\library\Zend\Controller\Action.php(516): IndexController->indexAction()
#3 D:\workspaces\ArenaOfGenelogy\library\Zend\Controller\Dispatcher\Standard.php(295): Zend_Controller_Action->dispatch('indexAction')
#4 D:\workspaces\ArenaOfGenelogy\library\Zend\Controller\Front.php(954): Zend_Controller_Dispatcher_Standard->dispatch(Object(Zend_Controller_Request_Http), Object(Zend_Controller_Response_Http))
#5 D:\workspaces\ArenaOfGenelogy\index.php(62): Zend_Controller_Front->dispatch()
#6 {main}
2013-04-15T21:54:38+09:00 ALERT (1): exception 'Zend_Db_Exception' with message 'Adapter name must be specified in a string' in D:\workspaces\ArenaOfGenelogy\library\Zend\Db.php:239
Stack trace:
#0 D:\workspaces\ArenaOfGenelogy\application\models\IndexModel.php(12): Zend_Db::factory(NULL, Array)
#1 D:\workspaces\ArenaOfGenelogy\application\controllers\IndexController.php(22): IndexModel->getIndexInfo()
#2 D:\workspaces\ArenaOfGenelogy\library\Zend\Controller\Action.php(516): IndexController->indexAction()
#3 D:\workspaces\ArenaOfGenelogy\library\Zend\Controller\Dispatcher\Standard.php(295): Zend_Controller_Action->dispatch('indexAction')
#4 D:\workspaces\ArenaOfGenelogy\library\Zend\Controller\Front.php(954): Zend_Controller_Dispatcher_Standard->dispatch(Object(Zend_Controller_Request_Http), Object(Zend_Controller_Response_Http))
#5 D:\workspaces\ArenaOfGenelogy\index.php(62): Zend_Controller_Front->dispatch()
#6 {main}
2013-04-15T21:55:28+09:00 ALERT (1): exception 'Zend_Db_Exception' with message 'Adapter name must be specified in a string' in D:\workspaces\ArenaOfGenelogy\library\Zend\Db.php:239
Stack trace:
#0 D:\workspaces\ArenaOfGenelogy\application\models\IndexModel.php(12): Zend_Db::factory(NULL, Array)
#1 D:\workspaces\ArenaOfGenelogy\application\controllers\IndexController.php(22): IndexModel->getIndexInfo()
#2 D:\workspaces\ArenaOfGenelogy\library\Zend\Controller\Action.php(516): IndexController->indexAction()
#3 D:\workspaces\ArenaOfGenelogy\library\Zend\Controller\Dispatcher\Standard.php(295): Zend_Controller_Action->dispatch('indexAction')
#4 D:\workspaces\ArenaOfGenelogy\library\Zend\Controller\Front.php(954): Zend_Controller_Dispatcher_Standard->dispatch(Object(Zend_Controller_Request_Http), Object(Zend_Controller_Response_Http))
#5 D:\workspaces\ArenaOfGenelogy\index.php(62): Zend_Controller_Front->dispatch()
#6 {main}
2013-04-15T21:55:29+09:00 ALERT (1): exception 'Zend_Db_Exception' with message 'Adapter name must be specified in a string' in D:\workspaces\ArenaOfGenelogy\library\Zend\Db.php:239
Stack trace:
#0 D:\workspaces\ArenaOfGenelogy\application\models\IndexModel.php(12): Zend_Db::factory(NULL, Array)
#1 D:\workspaces\ArenaOfGenelogy\application\controllers\IndexController.php(22): IndexModel->getIndexInfo()
#2 D:\workspaces\ArenaOfGenelogy\library\Zend\Controller\Action.php(516): IndexController->indexAction()
#3 D:\workspaces\ArenaOfGenelogy\library\Zend\Controller\Dispatcher\Standard.php(295): Zend_Controller_Action->dispatch('indexAction')
#4 D:\workspaces\ArenaOfGenelogy\library\Zend\Controller\Front.php(954): Zend_Controller_Dispatcher_Standard->dispatch(Object(Zend_Controller_Request_Http), Object(Zend_Controller_Response_Http))
#5 D:\workspaces\ArenaOfGenelogy\index.php(62): Zend_Controller_Front->dispatch()
#6 {main}
2013-04-15T21:55:59+09:00 ALERT (1): exception 'Zend_Db_Exception' with message 'Adapter name must be specified in a string' in D:\workspaces\ArenaOfGenelogy\library\Zend\Db.php:239
Stack trace:
#0 D:\workspaces\ArenaOfGenelogy\application\models\IndexModel.php(12): Zend_Db::factory(NULL, Array)
#1 D:\workspaces\ArenaOfGenelogy\application\controllers\IndexController.php(22): IndexModel->getIndexInfo()
#2 D:\workspaces\ArenaOfGenelogy\library\Zend\Controller\Action.php(516): IndexController->indexAction()
#3 D:\workspaces\ArenaOfGenelogy\library\Zend\Controller\Dispatcher\Standard.php(295): Zend_Controller_Action->dispatch('indexAction')
#4 D:\workspaces\ArenaOfGenelogy\library\Zend\Controller\Front.php(954): Zend_Controller_Dispatcher_Standard->dispatch(Object(Zend_Controller_Request_Http), Object(Zend_Controller_Response_Http))
#5 D:\workspaces\ArenaOfGenelogy\index.php(62): Zend_Controller_Front->dispatch()
#6 {main}
2013-04-15T21:56:00+09:00 ALERT (1): exception 'Zend_Db_Exception' with message 'Adapter name must be specified in a string' in D:\workspaces\ArenaOfGenelogy\library\Zend\Db.php:239
Stack trace:
#0 D:\workspaces\ArenaOfGenelogy\application\models\IndexModel.php(12): Zend_Db::factory(NULL, Array)
#1 D:\workspaces\ArenaOfGenelogy\application\controllers\IndexController.php(22): IndexModel->getIndexInfo()
#2 D:\workspaces\ArenaOfGenelogy\library\Zend\Controller\Action.php(516): IndexController->indexAction()
#3 D:\workspaces\ArenaOfGenelogy\library\Zend\Controller\Dispatcher\Standard.php(295): Zend_Controller_Action->dispatch('indexAction')
#4 D:\workspaces\ArenaOfGenelogy\library\Zend\Controller\Front.php(954): Zend_Controller_Dispatcher_Standard->dispatch(Object(Zend_Controller_Request_Http), Object(Zend_Controller_Response_Http))
#5 D:\workspaces\ArenaOfGenelogy\index.php(62): Zend_Controller_Front->dispatch()
#6 {main}
2013-04-15T21:56:09+09:00 ALERT (1): exception 'Zend_Db_Exception' with message 'Adapter name must be specified in a string' in D:\workspaces\ArenaOfGenelogy\library\Zend\Db.php:239
Stack trace:
#0 D:\workspaces\ArenaOfGenelogy\application\models\IndexModel.php(12): Zend_Db::factory(NULL, Array)
#1 D:\workspaces\ArenaOfGenelogy\application\controllers\IndexController.php(22): IndexModel->getIndexInfo()
#2 D:\workspaces\ArenaOfGenelogy\library\Zend\Controller\Action.php(516): IndexController->indexAction()
#3 D:\workspaces\ArenaOfGenelogy\library\Zend\Controller\Dispatcher\Standard.php(295): Zend_Controller_Action->dispatch('indexAction')
#4 D:\workspaces\ArenaOfGenelogy\library\Zend\Controller\Front.php(954): Zend_Controller_Dispatcher_Standard->dispatch(Object(Zend_Controller_Request_Http), Object(Zend_Controller_Response_Http))
#5 D:\workspaces\ArenaOfGenelogy\index.php(62): Zend_Controller_Front->dispatch()
#6 {main}
2013-04-15T21:57:23+09:00 ALERT (1): exception 'Zend_Exception' with message 'File "Zend\Db\Adapter\Pod\Mysql.php" does not exist or class "Zend_Db_Adapter_Pod_Mysql" was not found in the file' in D:\workspaces\ArenaOfGenelogy\library\Zend\Loader.php:99
Stack trace:
#0 D:\workspaces\ArenaOfGenelogy\library\Zend\Db.php(263): Zend_Loader::loadClass('Zend_Db_Adapter...')
#1 D:\workspaces\ArenaOfGenelogy\application\models\IndexModel.php(12): Zend_Db::factory('pod_mysql', Array)
#2 D:\workspaces\ArenaOfGenelogy\application\controllers\IndexController.php(22): IndexModel->getIndexInfo()
#3 D:\workspaces\ArenaOfGenelogy\library\Zend\Controller\Action.php(516): IndexController->indexAction()
#4 D:\workspaces\ArenaOfGenelogy\library\Zend\Controller\Dispatcher\Standard.php(295): Zend_Controller_Action->dispatch('indexAction')
#5 D:\workspaces\ArenaOfGenelogy\library\Zend\Controller\Front.php(954): Zend_Controller_Dispatcher_Standard->dispatch(Object(Zend_Controller_Request_Http), Object(Zend_Controller_Response_Http))
#6 D:\workspaces\ArenaOfGenelogy\index.php(62): Zend_Controller_Front->dispatch()
#7 {main}
2013-04-15T22:05:12+09:00 ALERT (1): exception 'SmartyCompilerException' with message 'Syntax Error in template &quot;D:\workspaces\ArenaofGenelogy\application\views\index\index.tpl&quot;  on line 11 &quot;{if $items.total &amp;gt; 0}&quot;  - Unexpected &quot;
        &quot;, expected one of: &quot;identifier&quot; , &quot;@&quot;' in D:\workspaces\ArenaOfGenelogy\library\Smarty\sysplugins\smarty_internal_templatecompilerbase.php:665
Stack trace:
#0 D:\workspaces\ArenaOfGenelogy\library\Smarty\sysplugins\smarty_internal_templateparser.php(3144): Smarty_Internal_TemplateCompilerBase->trigger_template_error()
#1 D:\workspaces\ArenaOfGenelogy\library\Smarty\sysplugins\smarty_internal_templateparser.php(3209): Smarty_Internal_Templateparser->yy_syntax_error(29, '??        ')
#2 D:\workspaces\ArenaOfGenelogy\library\Smarty\sysplugins\smarty_internal_smartytemplatecompiler.php(105): Smarty_Internal_Templateparser->doParse(29, '??        ')
#3 D:\workspaces\ArenaOfGenelogy\library\Smarty\sysplugins\smarty_internal_templatecompilerbase.php(200): Smarty_Internal_SmartyTemplateCompiler->doCompile('<!DOCTYPE HTML>...')
#4 D:\workspaces\ArenaOfGenelogy\library\Smarty\sysplugins\smarty_internal_template.php(187): Smarty_Internal_TemplateCompilerBase->compileTemplate(Object(Smarty_Internal_Template))
#5 D:\workspaces\ArenaOfGenelogy\library\Smarty\sysplugins\smarty_internal_templatebase.php(164): Smarty_Internal_Template->compileTemplateSource()
#6 D:\workspaces\ArenaOfGenelogy\library\Smarty\Zend_View_Smarty.php(184): Smarty_Internal_TemplateBase->fetch('index/index.tpl')
#7 D:\workspaces\ArenaOfGenelogy\library\Zend\Controller\Action\Helper\ViewRenderer.php(901): Zend_View_Smarty->render('index/index.tpl')
#8 D:\workspaces\ArenaOfGenelogy\library\Zend\Controller\Action\Helper\ViewRenderer.php(922): Zend_Controller_Action_Helper_ViewRenderer->renderScript('index/index.tpl', NULL)
#9 D:\workspaces\ArenaOfGenelogy\library\Zend\Controller\Action\Helper\ViewRenderer.php(961): Zend_Controller_Action_Helper_ViewRenderer->render()
#10 D:\workspaces\ArenaOfGenelogy\library\Zend\Controller\Action\HelperBroker.php(277): Zend_Controller_Action_Helper_ViewRenderer->postDispatch()
#11 D:\workspaces\ArenaOfGenelogy\library\Zend\Controller\Action.php(527): Zend_Controller_Action_HelperBroker->notifyPostDispatch()
#12 D:\workspaces\ArenaOfGenelogy\library\Zend\Controller\Dispatcher\Standard.php(295): Zend_Controller_Action->dispatch('indexAction')
#13 D:\workspaces\ArenaOfGenelogy\library\Zend\Controller\Front.php(954): Zend_Controller_Dispatcher_Standard->dispatch(Object(Zend_Controller_Request_Http), Object(Zend_Controller_Response_Http))
#14 D:\workspaces\ArenaOfGenelogy\index.php(62): Zend_Controller_Front->dispatch()
#15 {main}
