2013-07-20T01:47:58+09:00 ALERT (1): exception 'Zend_Controller_Dispatcher_Exception' with message 'Invalid controller specified (themes)' in /Users/Erlkonig/Documents/Workspace/ArenaOfGenelogy/library/Zend/Controller/Dispatcher/Standard.php:248
Stack trace:
#0 /Users/Erlkonig/Documents/Workspace/ArenaOfGenelogy/library/Zend/Controller/Front.php(954): Zend_Controller_Dispatcher_Standard->dispatch(Object(Zend_Controller_Request_Http), Object(Zend_Controller_Response_Http))
#1 /Users/Erlkonig/Documents/Workspace/ArenaOfGenelogy/index.php(62): Zend_Controller_Front->dispatch()
#2 {main}
2013-07-20T01:48:30+09:00 ALERT (1): exception 'Zend_Controller_Dispatcher_Exception' with message 'Invalid controller specified (themes)' in /Users/Erlkonig/Documents/Workspace/ArenaOfGenelogy/library/Zend/Controller/Dispatcher/Standard.php:248
Stack trace:
#0 /Users/Erlkonig/Documents/Workspace/ArenaOfGenelogy/library/Zend/Controller/Front.php(954): Zend_Controller_Dispatcher_Standard->dispatch(Object(Zend_Controller_Request_Http), Object(Zend_Controller_Response_Http))
#1 /Users/Erlkonig/Documents/Workspace/ArenaOfGenelogy/index.php(62): Zend_Controller_Front->dispatch()
#2 {main}
2013-07-20T01:49:18+09:00 ALERT (1): exception 'Zend_Controller_Dispatcher_Exception' with message 'Invalid controller specified (themes)' in /Users/Erlkonig/Documents/Workspace/ArenaOfGenelogy/library/Zend/Controller/Dispatcher/Standard.php:248
Stack trace:
#0 /Users/Erlkonig/Documents/Workspace/ArenaOfGenelogy/library/Zend/Controller/Front.php(954): Zend_Controller_Dispatcher_Standard->dispatch(Object(Zend_Controller_Request_Http), Object(Zend_Controller_Response_Http))
#1 /Users/Erlkonig/Documents/Workspace/ArenaOfGenelogy/index.php(62): Zend_Controller_Front->dispatch()
#2 {main}
2013-07-20T01:49:38+09:00 ALERT (1): exception 'Zend_Controller_Dispatcher_Exception' with message 'Invalid controller specified (themes)' in /Users/Erlkonig/Documents/Workspace/ArenaOfGenelogy/library/Zend/Controller/Dispatcher/Standard.php:248
Stack trace:
#0 /Users/Erlkonig/Documents/Workspace/ArenaOfGenelogy/library/Zend/Controller/Front.php(954): Zend_Controller_Dispatcher_Standard->dispatch(Object(Zend_Controller_Request_Http), Object(Zend_Controller_Response_Http))
#1 /Users/Erlkonig/Documents/Workspace/ArenaOfGenelogy/index.php(62): Zend_Controller_Front->dispatch()
#2 {main}
2013-07-20T01:50:14+09:00 ALERT (1): exception 'Zend_Controller_Dispatcher_Exception' with message 'Invalid controller specified (themes)' in /Users/Erlkonig/Documents/Workspace/ArenaOfGenelogy/library/Zend/Controller/Dispatcher/Standard.php:248
Stack trace:
#0 /Users/Erlkonig/Documents/Workspace/ArenaOfGenelogy/library/Zend/Controller/Front.php(954): Zend_Controller_Dispatcher_Standard->dispatch(Object(Zend_Controller_Request_Http), Object(Zend_Controller_Response_Http))
#1 /Users/Erlkonig/Documents/Workspace/ArenaOfGenelogy/index.php(62): Zend_Controller_Front->dispatch()
#2 {main}
2013-07-20T01:50:53+09:00 ALERT (1): exception 'Zend_Controller_Dispatcher_Exception' with message 'Invalid controller specified (themes)' in /Users/Erlkonig/Documents/Workspace/ArenaOfGenelogy/library/Zend/Controller/Dispatcher/Standard.php:248
Stack trace:
#0 /Users/Erlkonig/Documents/Workspace/ArenaOfGenelogy/library/Zend/Controller/Front.php(954): Zend_Controller_Dispatcher_Standard->dispatch(Object(Zend_Controller_Request_Http), Object(Zend_Controller_Response_Http))
#1 /Users/Erlkonig/Documents/Workspace/ArenaOfGenelogy/index.php(62): Zend_Controller_Front->dispatch()
#2 {main}
2013-07-20T01:51:31+09:00 ALERT (1): exception 'Zend_Controller_Dispatcher_Exception' with message 'Invalid controller specified (themes)' in /Users/Erlkonig/Documents/Workspace/ArenaOfGenelogy/library/Zend/Controller/Dispatcher/Standard.php:248
Stack trace:
#0 /Users/Erlkonig/Documents/Workspace/ArenaOfGenelogy/library/Zend/Controller/Front.php(954): Zend_Controller_Dispatcher_Standard->dispatch(Object(Zend_Controller_Request_Http), Object(Zend_Controller_Response_Http))
#1 /Users/Erlkonig/Documents/Workspace/ArenaOfGenelogy/index.php(62): Zend_Controller_Front->dispatch()
#2 {main}
2013-07-20T01:51:37+09:00 ALERT (1): exception 'Zend_Controller_Dispatcher_Exception' with message 'Invalid controller specified (themes)' in /Users/Erlkonig/Documents/Workspace/ArenaOfGenelogy/library/Zend/Controller/Dispatcher/Standard.php:248
Stack trace:
#0 /Users/Erlkonig/Documents/Workspace/ArenaOfGenelogy/library/Zend/Controller/Front.php(954): Zend_Controller_Dispatcher_Standard->dispatch(Object(Zend_Controller_Request_Http), Object(Zend_Controller_Response_Http))
#1 /Users/Erlkonig/Documents/Workspace/ArenaOfGenelogy/index.php(62): Zend_Controller_Front->dispatch()
#2 {main}
2013-07-20T01:52:20+09:00 ALERT (1): exception 'Zend_Controller_Dispatcher_Exception' with message 'Invalid controller specified (themes)' in /Users/Erlkonig/Documents/Workspace/ArenaOfGenelogy/library/Zend/Controller/Dispatcher/Standard.php:248
Stack trace:
#0 /Users/Erlkonig/Documents/Workspace/ArenaOfGenelogy/library/Zend/Controller/Front.php(954): Zend_Controller_Dispatcher_Standard->dispatch(Object(Zend_Controller_Request_Http), Object(Zend_Controller_Response_Http))
#1 /Users/Erlkonig/Documents/Workspace/ArenaOfGenelogy/index.php(62): Zend_Controller_Front->dispatch()
#2 {main}
2013-07-20T01:58:51+09:00 ALERT (1): exception 'Zend_Controller_Dispatcher_Exception' with message 'Invalid controller specified (themes)' in /Users/Erlkonig/Documents/Workspace/ArenaOfGenelogy/library/Zend/Controller/Dispatcher/Standard.php:248
Stack trace:
#0 /Users/Erlkonig/Documents/Workspace/ArenaOfGenelogy/library/Zend/Controller/Front.php(954): Zend_Controller_Dispatcher_Standard->dispatch(Object(Zend_Controller_Request_Http), Object(Zend_Controller_Response_Http))
#1 /Users/Erlkonig/Documents/Workspace/ArenaOfGenelogy/index.php(62): Zend_Controller_Front->dispatch()
#2 {main}
2013-07-20T02:00:20+09:00 ALERT (1): exception 'Zend_Controller_Dispatcher_Exception' with message 'Invalid controller specified (themes)' in /Users/Erlkonig/Documents/Workspace/ArenaOfGenelogy/library/Zend/Controller/Dispatcher/Standard.php:248
Stack trace:
#0 /Users/Erlkonig/Documents/Workspace/ArenaOfGenelogy/library/Zend/Controller/Front.php(954): Zend_Controller_Dispatcher_Standard->dispatch(Object(Zend_Controller_Request_Http), Object(Zend_Controller_Response_Http))
#1 /Users/Erlkonig/Documents/Workspace/ArenaOfGenelogy/index.php(62): Zend_Controller_Front->dispatch()
#2 {main}
2013-07-20T02:02:57+09:00 ALERT (1): exception 'Zend_Controller_Dispatcher_Exception' with message 'Invalid controller specified (themes)' in /Users/Erlkonig/Documents/Workspace/ArenaOfGenelogy/library/Zend/Controller/Dispatcher/Standard.php:248
Stack trace:
#0 /Users/Erlkonig/Documents/Workspace/ArenaOfGenelogy/library/Zend/Controller/Front.php(954): Zend_Controller_Dispatcher_Standard->dispatch(Object(Zend_Controller_Request_Http), Object(Zend_Controller_Response_Http))
#1 /Users/Erlkonig/Documents/Workspace/ArenaOfGenelogy/index.php(62): Zend_Controller_Front->dispatch()
#2 {main}
2013-07-20T02:04:22+09:00 ALERT (1): exception 'Zend_Controller_Dispatcher_Exception' with message 'Invalid controller specified (themes)' in /Users/Erlkonig/Documents/Workspace/ArenaOfGenelogy/library/Zend/Controller/Dispatcher/Standard.php:248
Stack trace:
#0 /Users/Erlkonig/Documents/Workspace/ArenaOfGenelogy/library/Zend/Controller/Front.php(954): Zend_Controller_Dispatcher_Standard->dispatch(Object(Zend_Controller_Request_Http), Object(Zend_Controller_Response_Http))
#1 /Users/Erlkonig/Documents/Workspace/ArenaOfGenelogy/index.php(62): Zend_Controller_Front->dispatch()
#2 {main}
2013-07-20T02:04:38+09:00 ALERT (1): exception 'Zend_Controller_Dispatcher_Exception' with message 'Invalid controller specified (themes)' in /Users/Erlkonig/Documents/Workspace/ArenaOfGenelogy/library/Zend/Controller/Dispatcher/Standard.php:248
Stack trace:
#0 /Users/Erlkonig/Documents/Workspace/ArenaOfGenelogy/library/Zend/Controller/Front.php(954): Zend_Controller_Dispatcher_Standard->dispatch(Object(Zend_Controller_Request_Http), Object(Zend_Controller_Response_Http))
#1 /Users/Erlkonig/Documents/Workspace/ArenaOfGenelogy/index.php(62): Zend_Controller_Front->dispatch()
#2 {main}
2013-07-20T02:04:55+09:00 ALERT (1): exception 'Zend_Controller_Dispatcher_Exception' with message 'Invalid controller specified (themes)' in /Users/Erlkonig/Documents/Workspace/ArenaOfGenelogy/library/Zend/Controller/Dispatcher/Standard.php:248
Stack trace:
#0 /Users/Erlkonig/Documents/Workspace/ArenaOfGenelogy/library/Zend/Controller/Front.php(954): Zend_Controller_Dispatcher_Standard->dispatch(Object(Zend_Controller_Request_Http), Object(Zend_Controller_Response_Http))
#1 /Users/Erlkonig/Documents/Workspace/ArenaOfGenelogy/index.php(62): Zend_Controller_Front->dispatch()
#2 {main}
2013-07-20T02:05:58+09:00 ALERT (1): exception 'Zend_Controller_Dispatcher_Exception' with message 'Invalid controller specified (themes)' in /Users/Erlkonig/Documents/Workspace/ArenaOfGenelogy/library/Zend/Controller/Dispatcher/Standard.php:248
Stack trace:
#0 /Users/Erlkonig/Documents/Workspace/ArenaOfGenelogy/library/Zend/Controller/Front.php(954): Zend_Controller_Dispatcher_Standard->dispatch(Object(Zend_Controller_Request_Http), Object(Zend_Controller_Response_Http))
#1 /Users/Erlkonig/Documents/Workspace/ArenaOfGenelogy/index.php(62): Zend_Controller_Front->dispatch()
#2 {main}
2013-07-20T02:11:49+09:00 ALERT (1): exception 'Zend_Controller_Dispatcher_Exception' with message 'Invalid controller specified (themes)' in /Users/Erlkonig/Documents/Workspace/ArenaOfGenelogy/library/Zend/Controller/Dispatcher/Standard.php:248
Stack trace:
#0 /Users/Erlkonig/Documents/Workspace/ArenaOfGenelogy/library/Zend/Controller/Front.php(954): Zend_Controller_Dispatcher_Standard->dispatch(Object(Zend_Controller_Request_Http), Object(Zend_Controller_Response_Http))
#1 /Users/Erlkonig/Documents/Workspace/ArenaOfGenelogy/index.php(62): Zend_Controller_Front->dispatch()
#2 {main}
2013-07-20T02:13:08+09:00 ALERT (1): exception 'Zend_Controller_Dispatcher_Exception' with message 'Invalid controller specified (themes)' in /Users/Erlkonig/Documents/Workspace/ArenaOfGenelogy/library/Zend/Controller/Dispatcher/Standard.php:248
Stack trace:
#0 /Users/Erlkonig/Documents/Workspace/ArenaOfGenelogy/library/Zend/Controller/Front.php(954): Zend_Controller_Dispatcher_Standard->dispatch(Object(Zend_Controller_Request_Http), Object(Zend_Controller_Response_Http))
#1 /Users/Erlkonig/Documents/Workspace/ArenaOfGenelogy/index.php(62): Zend_Controller_Front->dispatch()
#2 {main}
2013-07-20T02:50:03+09:00 ALERT (1): exception 'Zend_Controller_Dispatcher_Exception' with message 'Invalid controller specified (themes)' in /Users/Erlkonig/Documents/Workspace/ArenaOfGenelogy/library/Zend/Controller/Dispatcher/Standard.php:248
Stack trace:
#0 /Users/Erlkonig/Documents/Workspace/ArenaOfGenelogy/library/Zend/Controller/Front.php(954): Zend_Controller_Dispatcher_Standard->dispatch(Object(Zend_Controller_Request_Http), Object(Zend_Controller_Response_Http))
#1 /Users/Erlkonig/Documents/Workspace/ArenaOfGenelogy/index.php(62): Zend_Controller_Front->dispatch()
#2 {main}
2013-07-20T02:50:14+09:00 ALERT (1): exception 'Zend_Controller_Dispatcher_Exception' with message 'Invalid controller specified (themes)' in /Users/Erlkonig/Documents/Workspace/ArenaOfGenelogy/library/Zend/Controller/Dispatcher/Standard.php:248
Stack trace:
#0 /Users/Erlkonig/Documents/Workspace/ArenaOfGenelogy/library/Zend/Controller/Front.php(954): Zend_Controller_Dispatcher_Standard->dispatch(Object(Zend_Controller_Request_Http), Object(Zend_Controller_Response_Http))
#1 /Users/Erlkonig/Documents/Workspace/ArenaOfGenelogy/index.php(62): Zend_Controller_Front->dispatch()
#2 {main}
2013-07-20T02:50:29+09:00 ALERT (1): exception 'Zend_Controller_Dispatcher_Exception' with message 'Invalid controller specified (themes)' in /Users/Erlkonig/Documents/Workspace/ArenaOfGenelogy/library/Zend/Controller/Dispatcher/Standard.php:248
Stack trace:
#0 /Users/Erlkonig/Documents/Workspace/ArenaOfGenelogy/library/Zend/Controller/Front.php(954): Zend_Controller_Dispatcher_Standard->dispatch(Object(Zend_Controller_Request_Http), Object(Zend_Controller_Response_Http))
#1 /Users/Erlkonig/Documents/Workspace/ArenaOfGenelogy/index.php(62): Zend_Controller_Front->dispatch()
#2 {main}
2013-07-20T02:50:51+09:00 ALERT (1): exception 'Zend_Controller_Dispatcher_Exception' with message 'Invalid controller specified (themes)' in /Users/Erlkonig/Documents/Workspace/ArenaOfGenelogy/library/Zend/Controller/Dispatcher/Standard.php:248
Stack trace:
#0 /Users/Erlkonig/Documents/Workspace/ArenaOfGenelogy/library/Zend/Controller/Front.php(954): Zend_Controller_Dispatcher_Standard->dispatch(Object(Zend_Controller_Request_Http), Object(Zend_Controller_Response_Http))
#1 /Users/Erlkonig/Documents/Workspace/ArenaOfGenelogy/index.php(62): Zend_Controller_Front->dispatch()
#2 {main}
2013-07-20T02:51:09+09:00 ALERT (1): exception 'Zend_Controller_Dispatcher_Exception' with message 'Invalid controller specified (themes)' in /Users/Erlkonig/Documents/Workspace/ArenaOfGenelogy/library/Zend/Controller/Dispatcher/Standard.php:248
Stack trace:
#0 /Users/Erlkonig/Documents/Workspace/ArenaOfGenelogy/library/Zend/Controller/Front.php(954): Zend_Controller_Dispatcher_Standard->dispatch(Object(Zend_Controller_Request_Http), Object(Zend_Controller_Response_Http))
#1 /Users/Erlkonig/Documents/Workspace/ArenaOfGenelogy/index.php(62): Zend_Controller_Front->dispatch()
#2 {main}
2013-07-20T02:51:19+09:00 ALERT (1): exception 'Zend_Controller_Dispatcher_Exception' with message 'Invalid controller specified (themes)' in /Users/Erlkonig/Documents/Workspace/ArenaOfGenelogy/library/Zend/Controller/Dispatcher/Standard.php:248
Stack trace:
#0 /Users/Erlkonig/Documents/Workspace/ArenaOfGenelogy/library/Zend/Controller/Front.php(954): Zend_Controller_Dispatcher_Standard->dispatch(Object(Zend_Controller_Request_Http), Object(Zend_Controller_Response_Http))
#1 /Users/Erlkonig/Documents/Workspace/ArenaOfGenelogy/index.php(62): Zend_Controller_Front->dispatch()
#2 {main}
2013-07-20T02:51:42+09:00 ALERT (1): exception 'Zend_Controller_Dispatcher_Exception' with message 'Invalid controller specified (themes)' in /Users/Erlkonig/Documents/Workspace/ArenaOfGenelogy/library/Zend/Controller/Dispatcher/Standard.php:248
Stack trace:
#0 /Users/Erlkonig/Documents/Workspace/ArenaOfGenelogy/library/Zend/Controller/Front.php(954): Zend_Controller_Dispatcher_Standard->dispatch(Object(Zend_Controller_Request_Http), Object(Zend_Controller_Response_Http))
#1 /Users/Erlkonig/Documents/Workspace/ArenaOfGenelogy/index.php(62): Zend_Controller_Front->dispatch()
#2 {main}
2013-07-20T02:52:01+09:00 ALERT (1): exception 'Zend_Controller_Dispatcher_Exception' with message 'Invalid controller specified (themes)' in /Users/Erlkonig/Documents/Workspace/ArenaOfGenelogy/library/Zend/Controller/Dispatcher/Standard.php:248
Stack trace:
#0 /Users/Erlkonig/Documents/Workspace/ArenaOfGenelogy/library/Zend/Controller/Front.php(954): Zend_Controller_Dispatcher_Standard->dispatch(Object(Zend_Controller_Request_Http), Object(Zend_Controller_Response_Http))
#1 /Users/Erlkonig/Documents/Workspace/ArenaOfGenelogy/index.php(62): Zend_Controller_Front->dispatch()
#2 {main}
2013-07-20T02:55:57+09:00 ALERT (1): exception 'Zend_Controller_Dispatcher_Exception' with message 'Invalid controller specified (themes)' in /Users/Erlkonig/Documents/Workspace/ArenaOfGenelogy/library/Zend/Controller/Dispatcher/Standard.php:248
Stack trace:
#0 /Users/Erlkonig/Documents/Workspace/ArenaOfGenelogy/library/Zend/Controller/Front.php(954): Zend_Controller_Dispatcher_Standard->dispatch(Object(Zend_Controller_Request_Http), Object(Zend_Controller_Response_Http))
#1 /Users/Erlkonig/Documents/Workspace/ArenaOfGenelogy/index.php(62): Zend_Controller_Front->dispatch()
#2 {main}
2013-07-20T02:56:08+09:00 ALERT (1): exception 'Zend_Controller_Dispatcher_Exception' with message 'Invalid controller specified (themes)' in /Users/Erlkonig/Documents/Workspace/ArenaOfGenelogy/library/Zend/Controller/Dispatcher/Standard.php:248
Stack trace:
#0 /Users/Erlkonig/Documents/Workspace/ArenaOfGenelogy/library/Zend/Controller/Front.php(954): Zend_Controller_Dispatcher_Standard->dispatch(Object(Zend_Controller_Request_Http), Object(Zend_Controller_Response_Http))
#1 /Users/Erlkonig/Documents/Workspace/ArenaOfGenelogy/index.php(62): Zend_Controller_Front->dispatch()
#2 {main}
2013-07-20T02:57:48+09:00 ALERT (1): exception 'Zend_Controller_Dispatcher_Exception' with message 'Invalid controller specified (themes)' in /Users/Erlkonig/Documents/Workspace/ArenaOfGenelogy/library/Zend/Controller/Dispatcher/Standard.php:248
Stack trace:
#0 /Users/Erlkonig/Documents/Workspace/ArenaOfGenelogy/library/Zend/Controller/Front.php(954): Zend_Controller_Dispatcher_Standard->dispatch(Object(Zend_Controller_Request_Http), Object(Zend_Controller_Response_Http))
#1 /Users/Erlkonig/Documents/Workspace/ArenaOfGenelogy/index.php(62): Zend_Controller_Front->dispatch()
#2 {main}
2013-07-20T03:01:22+09:00 ALERT (1): exception 'Zend_Controller_Dispatcher_Exception' with message 'Invalid controller specified (themes)' in /Users/Erlkonig/Documents/Workspace/ArenaOfGenelogy/library/Zend/Controller/Dispatcher/Standard.php:248
Stack trace:
#0 /Users/Erlkonig/Documents/Workspace/ArenaOfGenelogy/library/Zend/Controller/Front.php(954): Zend_Controller_Dispatcher_Standard->dispatch(Object(Zend_Controller_Request_Http), Object(Zend_Controller_Response_Http))
#1 /Users/Erlkonig/Documents/Workspace/ArenaOfGenelogy/index.php(62): Zend_Controller_Front->dispatch()
#2 {main}
2013-07-20T03:02:13+09:00 ALERT (1): exception 'Zend_Controller_Dispatcher_Exception' with message 'Invalid controller specified (themes)' in /Users/Erlkonig/Documents/Workspace/ArenaOfGenelogy/library/Zend/Controller/Dispatcher/Standard.php:248
Stack trace:
#0 /Users/Erlkonig/Documents/Workspace/ArenaOfGenelogy/library/Zend/Controller/Front.php(954): Zend_Controller_Dispatcher_Standard->dispatch(Object(Zend_Controller_Request_Http), Object(Zend_Controller_Response_Http))
#1 /Users/Erlkonig/Documents/Workspace/ArenaOfGenelogy/index.php(62): Zend_Controller_Front->dispatch()
#2 {main}
2013-07-20T03:02:29+09:00 ALERT (1): exception 'Zend_Controller_Dispatcher_Exception' with message 'Invalid controller specified (themes)' in /Users/Erlkonig/Documents/Workspace/ArenaOfGenelogy/library/Zend/Controller/Dispatcher/Standard.php:248
Stack trace:
#0 /Users/Erlkonig/Documents/Workspace/ArenaOfGenelogy/library/Zend/Controller/Front.php(954): Zend_Controller_Dispatcher_Standard->dispatch(Object(Zend_Controller_Request_Http), Object(Zend_Controller_Response_Http))
#1 /Users/Erlkonig/Documents/Workspace/ArenaOfGenelogy/index.php(62): Zend_Controller_Front->dispatch()
#2 {main}
2013-07-20T03:04:14+09:00 ALERT (1): exception 'Zend_Controller_Dispatcher_Exception' with message 'Invalid controller specified (themes)' in /Users/Erlkonig/Documents/Workspace/ArenaOfGenelogy/library/Zend/Controller/Dispatcher/Standard.php:248
Stack trace:
#0 /Users/Erlkonig/Documents/Workspace/ArenaOfGenelogy/library/Zend/Controller/Front.php(954): Zend_Controller_Dispatcher_Standard->dispatch(Object(Zend_Controller_Request_Http), Object(Zend_Controller_Response_Http))
#1 /Users/Erlkonig/Documents/Workspace/ArenaOfGenelogy/index.php(62): Zend_Controller_Front->dispatch()
#2 {main}
2013-07-20T03:07:50+09:00 ALERT (1): exception 'Zend_Controller_Dispatcher_Exception' with message 'Invalid controller specified (themes)' in /Users/Erlkonig/Documents/Workspace/ArenaOfGenelogy/library/Zend/Controller/Dispatcher/Standard.php:248
Stack trace:
#0 /Users/Erlkonig/Documents/Workspace/ArenaOfGenelogy/library/Zend/Controller/Front.php(954): Zend_Controller_Dispatcher_Standard->dispatch(Object(Zend_Controller_Request_Http), Object(Zend_Controller_Response_Http))
#1 /Users/Erlkonig/Documents/Workspace/ArenaOfGenelogy/index.php(62): Zend_Controller_Front->dispatch()
#2 {main}
2013-07-20T03:24:16+09:00 ALERT (1): exception 'PDOException' with message 'SQLSTATE[HY093]: Invalid parameter number: no parameters were bound' in /Users/Erlkonig/Documents/Workspace/ArenaOfGenelogy/library/Zend/Db/Statement/Pdo.php:228
Stack trace:
#0 /Users/Erlkonig/Documents/Workspace/ArenaOfGenelogy/library/Zend/Db/Statement/Pdo.php(228): PDOStatement->execute(Array)
#1 /Users/Erlkonig/Documents/Workspace/ArenaOfGenelogy/library/Zend/Db/Statement.php(300): Zend_Db_Statement_Pdo->_execute(Array)
#2 /Users/Erlkonig/Documents/Workspace/ArenaOfGenelogy/library/Zend/Db/Adapter/Abstract.php(479): Zend_Db_Statement->execute(Array)
#3 /Users/Erlkonig/Documents/Workspace/ArenaOfGenelogy/library/Zend/Db/Adapter/Pdo/Abstract.php(238): Zend_Db_Adapter_Abstract->query(Object(Zend_Db_Select), Array)
#4 /Users/Erlkonig/Documents/Workspace/ArenaOfGenelogy/library/Zend/Db/Adapter/Abstract.php(755): Zend_Db_Adapter_Pdo_Abstract->query(Object(Zend_Db_Select), Array)
#5 /Users/Erlkonig/Documents/Workspace/ArenaofGenelogy/application/models/AdminModel.php(57): Zend_Db_Adapter_Abstract->fetchRow(Object(Zend_Db_Select))
#6 /Users/Erlkonig/Documents/Workspace/ArenaofGenelogy/application/controllers/AdminController.php(89): AdminModel->getUserInfo(NULL)
#7 /Users/Erlkonig/Documents/Workspace/ArenaOfGenelogy/library/Zend/Controller/Action.php(516): AdminController->editAction()
#8 /Users/Erlkonig/Documents/Workspace/ArenaOfGenelogy/library/Zend/Controller/Dispatcher/Standard.php(295): Zend_Controller_Action->dispatch('editAction')
#9 /Users/Erlkonig/Documents/Workspace/ArenaOfGenelogy/library/Zend/Controller/Front.php(954): Zend_Controller_Dispatcher_Standard->dispatch(Object(Zend_Controller_Request_Http), Object(Zend_Controller_Response_Http))
#10 /Users/Erlkonig/Documents/Workspace/ArenaOfGenelogy/index.php(62): Zend_Controller_Front->dispatch()
#11 {main}

Next exception 'Zend_Db_Statement_Exception' with message 'SQLSTATE[HY093]: Invalid parameter number: no parameters were bound' in /Users/Erlkonig/Documents/Workspace/ArenaOfGenelogy/library/Zend/Db/Statement/Pdo.php:234
Stack trace:
#0 /Users/Erlkonig/Documents/Workspace/ArenaOfGenelogy/library/Zend/Db/Statement.php(300): Zend_Db_Statement_Pdo->_execute(Array)
#1 /Users/Erlkonig/Documents/Workspace/ArenaOfGenelogy/library/Zend/Db/Adapter/Abstract.php(479): Zend_Db_Statement->execute(Array)
#2 /Users/Erlkonig/Documents/Workspace/ArenaOfGenelogy/library/Zend/Db/Adapter/Pdo/Abstract.php(238): Zend_Db_Adapter_Abstract->query(Object(Zend_Db_Select), Array)
#3 /Users/Erlkonig/Documents/Workspace/ArenaOfGenelogy/library/Zend/Db/Adapter/Abstract.php(755): Zend_Db_Adapter_Pdo_Abstract->query(Object(Zend_Db_Select), Array)
#4 /Users/Erlkonig/Documents/Workspace/ArenaofGenelogy/application/models/AdminModel.php(57): Zend_Db_Adapter_Abstract->fetchRow(Object(Zend_Db_Select))
#5 /Users/Erlkonig/Documents/Workspace/ArenaofGenelogy/application/controllers/AdminController.php(89): AdminModel->getUserInfo(NULL)
#6 /Users/Erlkonig/Documents/Workspace/ArenaOfGenelogy/library/Zend/Controller/Action.php(516): AdminController->editAction()
#7 /Users/Erlkonig/Documents/Workspace/ArenaOfGenelogy/library/Zend/Controller/Dispatcher/Standard.php(295): Zend_Controller_Action->dispatch('editAction')
#8 /Users/Erlkonig/Documents/Workspace/ArenaOfGenelogy/library/Zend/Controller/Front.php(954): Zend_Controller_Dispatcher_Standard->dispatch(Object(Zend_Controller_Request_Http), Object(Zend_Controller_Response_Http))
#9 /Users/Erlkonig/Documents/Workspace/ArenaOfGenelogy/index.php(62): Zend_Controller_Front->dispatch()
#10 {main}
2013-07-20T03:24:16+09:00 ALERT (1): exception 'PDOException' with message 'SQLSTATE[HY093]: Invalid parameter number: no parameters were bound' in /Users/Erlkonig/Documents/Workspace/ArenaOfGenelogy/library/Zend/Db/Statement/Pdo.php:228
Stack trace:
#0 /Users/Erlkonig/Documents/Workspace/ArenaOfGenelogy/library/Zend/Db/Statement/Pdo.php(228): PDOStatement->execute(Array)
#1 /Users/Erlkonig/Documents/Workspace/ArenaOfGenelogy/library/Zend/Db/Statement.php(300): Zend_Db_Statement_Pdo->_execute(Array)
#2 /Users/Erlkonig/Documents/Workspace/ArenaOfGenelogy/library/Zend/Db/Adapter/Abstract.php(479): Zend_Db_Statement->execute(Array)
#3 /Users/Erlkonig/Documents/Workspace/ArenaOfGenelogy/library/Zend/Db/Adapter/Pdo/Abstract.php(238): Zend_Db_Adapter_Abstract->query(Object(Zend_Db_Select), Array)
#4 /Users/Erlkonig/Documents/Workspace/ArenaOfGenelogy/library/Zend/Db/Adapter/Abstract.php(755): Zend_Db_Adapter_Pdo_Abstract->query(Object(Zend_Db_Select), Array)
#5 /Users/Erlkonig/Documents/Workspace/ArenaofGenelogy/application/models/AdminModel.php(57): Zend_Db_Adapter_Abstract->fetchRow(Object(Zend_Db_Select))
#6 /Users/Erlkonig/Documents/Workspace/ArenaofGenelogy/application/controllers/AdminController.php(89): AdminModel->getUserInfo(NULL)
#7 /Users/Erlkonig/Documents/Workspace/ArenaOfGenelogy/library/Zend/Controller/Action.php(516): AdminController->editAction()
#8 /Users/Erlkonig/Documents/Workspace/ArenaOfGenelogy/library/Zend/Controller/Dispatcher/Standard.php(295): Zend_Controller_Action->dispatch('editAction')
#9 /Users/Erlkonig/Documents/Workspace/ArenaOfGenelogy/library/Zend/Controller/Front.php(954): Zend_Controller_Dispatcher_Standard->dispatch(Object(Zend_Controller_Request_Http), Object(Zend_Controller_Response_Http))
#10 /Users/Erlkonig/Documents/Workspace/ArenaOfGenelogy/index.php(62): Zend_Controller_Front->dispatch()
#11 {main}

Next exception 'Zend_Db_Statement_Exception' with message 'SQLSTATE[HY093]: Invalid parameter number: no parameters were bound' in /Users/Erlkonig/Documents/Workspace/ArenaOfGenelogy/library/Zend/Db/Statement/Pdo.php:234
Stack trace:
#0 /Users/Erlkonig/Documents/Workspace/ArenaOfGenelogy/library/Zend/Db/Statement.php(300): Zend_Db_Statement_Pdo->_execute(Array)
#1 /Users/Erlkonig/Documents/Workspace/ArenaOfGenelogy/library/Zend/Db/Adapter/Abstract.php(479): Zend_Db_Statement->execute(Array)
#2 /Users/Erlkonig/Documents/Workspace/ArenaOfGenelogy/library/Zend/Db/Adapter/Pdo/Abstract.php(238): Zend_Db_Adapter_Abstract->query(Object(Zend_Db_Select), Array)
#3 /Users/Erlkonig/Documents/Workspace/ArenaOfGenelogy/library/Zend/Db/Adapter/Abstract.php(755): Zend_Db_Adapter_Pdo_Abstract->query(Object(Zend_Db_Select), Array)
#4 /Users/Erlkonig/Documents/Workspace/ArenaofGenelogy/application/models/AdminModel.php(57): Zend_Db_Adapter_Abstract->fetchRow(Object(Zend_Db_Select))
#5 /Users/Erlkonig/Documents/Workspace/ArenaofGenelogy/application/controllers/AdminController.php(89): AdminModel->getUserInfo(NULL)
#6 /Users/Erlkonig/Documents/Workspace/ArenaOfGenelogy/library/Zend/Controller/Action.php(516): AdminController->editAction()
#7 /Users/Erlkonig/Documents/Workspace/ArenaOfGenelogy/library/Zend/Controller/Dispatcher/Standard.php(295): Zend_Controller_Action->dispatch('editAction')
#8 /Users/Erlkonig/Documents/Workspace/ArenaOfGenelogy/library/Zend/Controller/Front.php(954): Zend_Controller_Dispatcher_Standard->dispatch(Object(Zend_Controller_Request_Http), Object(Zend_Controller_Response_Http))
#9 /Users/Erlkonig/Documents/Workspace/ArenaOfGenelogy/index.php(62): Zend_Controller_Front->dispatch()
#10 {main}
2013-07-20T03:26:27+09:00 ALERT (1): exception 'Zend_Controller_Dispatcher_Exception' with message 'Invalid controller specified (themes)' in /Users/Erlkonig/Documents/Workspace/ArenaOfGenelogy/library/Zend/Controller/Dispatcher/Standard.php:248
Stack trace:
#0 /Users/Erlkonig/Documents/Workspace/ArenaOfGenelogy/library/Zend/Controller/Front.php(954): Zend_Controller_Dispatcher_Standard->dispatch(Object(Zend_Controller_Request_Http), Object(Zend_Controller_Response_Http))
#1 /Users/Erlkonig/Documents/Workspace/ArenaOfGenelogy/index.php(62): Zend_Controller_Front->dispatch()
#2 {main}
2013-07-20T03:31:41+09:00 ALERT (1): exception 'Zend_Controller_Dispatcher_Exception' with message 'Invalid controller specified (themes)' in /Users/Erlkonig/Documents/Workspace/ArenaOfGenelogy/library/Zend/Controller/Dispatcher/Standard.php:248
Stack trace:
#0 /Users/Erlkonig/Documents/Workspace/ArenaOfGenelogy/library/Zend/Controller/Front.php(954): Zend_Controller_Dispatcher_Standard->dispatch(Object(Zend_Controller_Request_Http), Object(Zend_Controller_Response_Http))
#1 /Users/Erlkonig/Documents/Workspace/ArenaOfGenelogy/index.php(62): Zend_Controller_Front->dispatch()
#2 {main}
2013-07-20T03:34:35+09:00 ALERT (1): exception 'Zend_Controller_Dispatcher_Exception' with message 'Invalid controller specified (themes)' in /Users/Erlkonig/Documents/Workspace/ArenaOfGenelogy/library/Zend/Controller/Dispatcher/Standard.php:248
Stack trace:
#0 /Users/Erlkonig/Documents/Workspace/ArenaOfGenelogy/library/Zend/Controller/Front.php(954): Zend_Controller_Dispatcher_Standard->dispatch(Object(Zend_Controller_Request_Http), Object(Zend_Controller_Response_Http))
#1 /Users/Erlkonig/Documents/Workspace/ArenaOfGenelogy/index.php(62): Zend_Controller_Front->dispatch()
#2 {main}
2013-07-20T03:35:15+09:00 ALERT (1): exception 'Zend_Controller_Dispatcher_Exception' with message 'Invalid controller specified (themes)' in /Users/Erlkonig/Documents/Workspace/ArenaOfGenelogy/library/Zend/Controller/Dispatcher/Standard.php:248
Stack trace:
#0 /Users/Erlkonig/Documents/Workspace/ArenaOfGenelogy/library/Zend/Controller/Front.php(954): Zend_Controller_Dispatcher_Standard->dispatch(Object(Zend_Controller_Request_Http), Object(Zend_Controller_Response_Http))
#1 /Users/Erlkonig/Documents/Workspace/ArenaOfGenelogy/index.php(62): Zend_Controller_Front->dispatch()
#2 {main}
2013-07-20T03:35:43+09:00 ALERT (1): exception 'Zend_Controller_Dispatcher_Exception' with message 'Invalid controller specified (themes)' in /Users/Erlkonig/Documents/Workspace/ArenaOfGenelogy/library/Zend/Controller/Dispatcher/Standard.php:248
Stack trace:
#0 /Users/Erlkonig/Documents/Workspace/ArenaOfGenelogy/library/Zend/Controller/Front.php(954): Zend_Controller_Dispatcher_Standard->dispatch(Object(Zend_Controller_Request_Http), Object(Zend_Controller_Response_Http))
#1 /Users/Erlkonig/Documents/Workspace/ArenaOfGenelogy/index.php(62): Zend_Controller_Front->dispatch()
#2 {main}
2013-07-20T03:48:12+09:00 ALERT (1): exception 'Zend_Controller_Action_Exception' with message 'Action "list" does not exist and was not trapped in __call()' in /Users/Erlkonig/Documents/Workspace/ArenaOfGenelogy/library/Zend/Controller/Action.php:485
Stack trace:
#0 /Users/Erlkonig/Documents/Workspace/ArenaOfGenelogy/library/Zend/Controller/Action.php(518): Zend_Controller_Action->__call('listAction', Array)
#1 /Users/Erlkonig/Documents/Workspace/ArenaOfGenelogy/library/Zend/Controller/Dispatcher/Standard.php(295): Zend_Controller_Action->dispatch('listAction')
#2 /Users/Erlkonig/Documents/Workspace/ArenaOfGenelogy/library/Zend/Controller/Front.php(954): Zend_Controller_Dispatcher_Standard->dispatch(Object(Zend_Controller_Request_Http), Object(Zend_Controller_Response_Http))
#3 /Users/Erlkonig/Documents/Workspace/ArenaOfGenelogy/index.php(62): Zend_Controller_Front->dispatch()
#4 {main}
2013-07-20T03:48:21+09:00 ALERT (1): exception 'Zend_Controller_Dispatcher_Exception' with message 'Invalid controller specified (themes)' in /Users/Erlkonig/Documents/Workspace/ArenaOfGenelogy/library/Zend/Controller/Dispatcher/Standard.php:248
Stack trace:
#0 /Users/Erlkonig/Documents/Workspace/ArenaOfGenelogy/library/Zend/Controller/Front.php(954): Zend_Controller_Dispatcher_Standard->dispatch(Object(Zend_Controller_Request_Http), Object(Zend_Controller_Response_Http))
#1 /Users/Erlkonig/Documents/Workspace/ArenaOfGenelogy/index.php(62): Zend_Controller_Front->dispatch()
#2 {main}
2013-07-20T03:50:51+09:00 ALERT (1): exception 'Zend_Controller_Dispatcher_Exception' with message 'Invalid controller specified (themes)' in /Users/Erlkonig/Documents/Workspace/ArenaOfGenelogy/library/Zend/Controller/Dispatcher/Standard.php:248
Stack trace:
#0 /Users/Erlkonig/Documents/Workspace/ArenaOfGenelogy/library/Zend/Controller/Front.php(954): Zend_Controller_Dispatcher_Standard->dispatch(Object(Zend_Controller_Request_Http), Object(Zend_Controller_Response_Http))
#1 /Users/Erlkonig/Documents/Workspace/ArenaOfGenelogy/index.php(62): Zend_Controller_Front->dispatch()
#2 {main}
2013-07-20T03:51:17+09:00 ALERT (1): exception 'Zend_Controller_Dispatcher_Exception' with message 'Invalid controller specified (themes)' in /Users/Erlkonig/Documents/Workspace/ArenaOfGenelogy/library/Zend/Controller/Dispatcher/Standard.php:248
Stack trace:
#0 /Users/Erlkonig/Documents/Workspace/ArenaOfGenelogy/library/Zend/Controller/Front.php(954): Zend_Controller_Dispatcher_Standard->dispatch(Object(Zend_Controller_Request_Http), Object(Zend_Controller_Response_Http))
#1 /Users/Erlkonig/Documents/Workspace/ArenaOfGenelogy/index.php(62): Zend_Controller_Front->dispatch()
#2 {main}
2013-07-20T03:55:13+09:00 ALERT (1): exception 'Zend_Controller_Dispatcher_Exception' with message 'Invalid controller specified (themes)' in /Users/Erlkonig/Documents/Workspace/ArenaOfGenelogy/library/Zend/Controller/Dispatcher/Standard.php:248
Stack trace:
#0 /Users/Erlkonig/Documents/Workspace/ArenaOfGenelogy/library/Zend/Controller/Front.php(954): Zend_Controller_Dispatcher_Standard->dispatch(Object(Zend_Controller_Request_Http), Object(Zend_Controller_Response_Http))
#1 /Users/Erlkonig/Documents/Workspace/ArenaOfGenelogy/index.php(62): Zend_Controller_Front->dispatch()
#2 {main}
2013-07-20T04:07:45+09:00 ALERT (1): exception 'Zend_Controller_Dispatcher_Exception' with message 'Invalid controller specified (themes)' in /Users/Erlkonig/Documents/Workspace/ArenaOfGenelogy/library/Zend/Controller/Dispatcher/Standard.php:248
Stack trace:
#0 /Users/Erlkonig/Documents/Workspace/ArenaOfGenelogy/library/Zend/Controller/Front.php(954): Zend_Controller_Dispatcher_Standard->dispatch(Object(Zend_Controller_Request_Http), Object(Zend_Controller_Response_Http))
#1 /Users/Erlkonig/Documents/Workspace/ArenaOfGenelogy/index.php(62): Zend_Controller_Front->dispatch()
#2 {main}
2013-07-20T04:08:26+09:00 ALERT (1): exception 'Zend_Controller_Dispatcher_Exception' with message 'Invalid controller specified (themes)' in /Users/Erlkonig/Documents/Workspace/ArenaOfGenelogy/library/Zend/Controller/Dispatcher/Standard.php:248
Stack trace:
#0 /Users/Erlkonig/Documents/Workspace/ArenaOfGenelogy/library/Zend/Controller/Front.php(954): Zend_Controller_Dispatcher_Standard->dispatch(Object(Zend_Controller_Request_Http), Object(Zend_Controller_Response_Http))
#1 /Users/Erlkonig/Documents/Workspace/ArenaOfGenelogy/index.php(62): Zend_Controller_Front->dispatch()
#2 {main}
2013-07-20T04:08:46+09:00 ALERT (1): exception 'Zend_Controller_Dispatcher_Exception' with message 'Invalid controller specified (themes)' in /Users/Erlkonig/Documents/Workspace/ArenaOfGenelogy/library/Zend/Controller/Dispatcher/Standard.php:248
Stack trace:
#0 /Users/Erlkonig/Documents/Workspace/ArenaOfGenelogy/library/Zend/Controller/Front.php(954): Zend_Controller_Dispatcher_Standard->dispatch(Object(Zend_Controller_Request_Http), Object(Zend_Controller_Response_Http))
#1 /Users/Erlkonig/Documents/Workspace/ArenaOfGenelogy/index.php(62): Zend_Controller_Front->dispatch()
#2 {main}
2013-07-20T04:09:12+09:00 ALERT (1): exception 'Zend_Controller_Dispatcher_Exception' with message 'Invalid controller specified (themes)' in /Users/Erlkonig/Documents/Workspace/ArenaOfGenelogy/library/Zend/Controller/Dispatcher/Standard.php:248
Stack trace:
#0 /Users/Erlkonig/Documents/Workspace/ArenaOfGenelogy/library/Zend/Controller/Front.php(954): Zend_Controller_Dispatcher_Standard->dispatch(Object(Zend_Controller_Request_Http), Object(Zend_Controller_Response_Http))
#1 /Users/Erlkonig/Documents/Workspace/ArenaOfGenelogy/index.php(62): Zend_Controller_Front->dispatch()
#2 {main}
2013-07-20T04:12:46+09:00 ALERT (1): exception 'Zend_Controller_Dispatcher_Exception' with message 'Invalid controller specified (themes)' in /Users/Erlkonig/Documents/Workspace/ArenaOfGenelogy/library/Zend/Controller/Dispatcher/Standard.php:248
Stack trace:
#0 /Users/Erlkonig/Documents/Workspace/ArenaOfGenelogy/library/Zend/Controller/Front.php(954): Zend_Controller_Dispatcher_Standard->dispatch(Object(Zend_Controller_Request_Http), Object(Zend_Controller_Response_Http))
#1 /Users/Erlkonig/Documents/Workspace/ArenaOfGenelogy/index.php(62): Zend_Controller_Front->dispatch()
#2 {main}
2013-07-20T04:14:13+09:00 ALERT (1): exception 'Zend_Controller_Dispatcher_Exception' with message 'Invalid controller specified (themes)' in /Users/Erlkonig/Documents/Workspace/ArenaOfGenelogy/library/Zend/Controller/Dispatcher/Standard.php:248
Stack trace:
#0 /Users/Erlkonig/Documents/Workspace/ArenaOfGenelogy/library/Zend/Controller/Front.php(954): Zend_Controller_Dispatcher_Standard->dispatch(Object(Zend_Controller_Request_Http), Object(Zend_Controller_Response_Http))
#1 /Users/Erlkonig/Documents/Workspace/ArenaOfGenelogy/index.php(62): Zend_Controller_Front->dispatch()
#2 {main}
2013-07-20T04:22:47+09:00 ALERT (1): exception 'Zend_Controller_Dispatcher_Exception' with message 'Invalid controller specified (themes)' in /Users/Erlkonig/Documents/Workspace/ArenaOfGenelogy/library/Zend/Controller/Dispatcher/Standard.php:248
Stack trace:
#0 /Users/Erlkonig/Documents/Workspace/ArenaOfGenelogy/library/Zend/Controller/Front.php(954): Zend_Controller_Dispatcher_Standard->dispatch(Object(Zend_Controller_Request_Http), Object(Zend_Controller_Response_Http))
#1 /Users/Erlkonig/Documents/Workspace/ArenaOfGenelogy/index.php(62): Zend_Controller_Front->dispatch()
#2 {main}
2013-07-20T04:26:52+09:00 ALERT (1): exception 'Zend_Controller_Dispatcher_Exception' with message 'Invalid controller specified (themes)' in /Users/Erlkonig/Documents/Workspace/ArenaOfGenelogy/library/Zend/Controller/Dispatcher/Standard.php:248
Stack trace:
#0 /Users/Erlkonig/Documents/Workspace/ArenaOfGenelogy/library/Zend/Controller/Front.php(954): Zend_Controller_Dispatcher_Standard->dispatch(Object(Zend_Controller_Request_Http), Object(Zend_Controller_Response_Http))
#1 /Users/Erlkonig/Documents/Workspace/ArenaOfGenelogy/index.php(62): Zend_Controller_Front->dispatch()
#2 {main}
2013-07-20T04:26:54+09:00 ALERT (1): exception 'PDOException' with message 'SQLSTATE[HY093]: Invalid parameter number: number of bound variables does not match number of tokens' in /Users/Erlkonig/Documents/Workspace/ArenaOfGenelogy/library/Zend/Db/Statement/Pdo.php:228
Stack trace:
#0 /Users/Erlkonig/Documents/Workspace/ArenaOfGenelogy/library/Zend/Db/Statement/Pdo.php(228): PDOStatement->execute(Array)
#1 /Users/Erlkonig/Documents/Workspace/ArenaOfGenelogy/library/Zend/Db/Statement.php(300): Zend_Db_Statement_Pdo->_execute(Array)
#2 /Users/Erlkonig/Documents/Workspace/ArenaOfGenelogy/library/Zend/Db/Adapter/Abstract.php(479): Zend_Db_Statement->execute(Array)
#3 /Users/Erlkonig/Documents/Workspace/ArenaOfGenelogy/library/Zend/Db/Adapter/Pdo/Abstract.php(238): Zend_Db_Adapter_Abstract->query('UPDATE `user` S...', Array)
#4 /Users/Erlkonig/Documents/Workspace/ArenaOfGenelogy/library/Zend/Db/Adapter/Abstract.php(634): Zend_Db_Adapter_Pdo_Abstract->query('UPDATE `user` S...', Array)
#5 /Users/Erlkonig/Documents/Workspace/ArenaofGenelogy/application/models/AdminModel.php(67): Zend_Db_Adapter_Abstract->update('user', Array, 'user_id = ?', '1')
#6 /Users/Erlkonig/Documents/Workspace/ArenaofGenelogy/application/controllers/AdminController.php(103): AdminModel->userupdate(Array)
#7 /Users/Erlkonig/Documents/Workspace/ArenaOfGenelogy/library/Zend/Controller/Action.php(516): AdminController->userupdateAction()
#8 /Users/Erlkonig/Documents/Workspace/ArenaOfGenelogy/library/Zend/Controller/Dispatcher/Standard.php(295): Zend_Controller_Action->dispatch('userupdateActio...')
#9 /Users/Erlkonig/Documents/Workspace/ArenaOfGenelogy/library/Zend/Controller/Front.php(954): Zend_Controller_Dispatcher_Standard->dispatch(Object(Zend_Controller_Request_Http), Object(Zend_Controller_Response_Http))
#10 /Users/Erlkonig/Documents/Workspace/ArenaOfGenelogy/index.php(62): Zend_Controller_Front->dispatch()
#11 {main}

Next exception 'Zend_Db_Statement_Exception' with message 'SQLSTATE[HY093]: Invalid parameter number: number of bound variables does not match number of tokens' in /Users/Erlkonig/Documents/Workspace/ArenaOfGenelogy/library/Zend/Db/Statement/Pdo.php:234
Stack trace:
#0 /Users/Erlkonig/Documents/Workspace/ArenaOfGenelogy/library/Zend/Db/Statement.php(300): Zend_Db_Statement_Pdo->_execute(Array)
#1 /Users/Erlkonig/Documents/Workspace/ArenaOfGenelogy/library/Zend/Db/Adapter/Abstract.php(479): Zend_Db_Statement->execute(Array)
#2 /Users/Erlkonig/Documents/Workspace/ArenaOfGenelogy/library/Zend/Db/Adapter/Pdo/Abstract.php(238): Zend_Db_Adapter_Abstract->query('UPDATE `user` S...', Array)
#3 /Users/Erlkonig/Documents/Workspace/ArenaOfGenelogy/library/Zend/Db/Adapter/Abstract.php(634): Zend_Db_Adapter_Pdo_Abstract->query('UPDATE `user` S...', Array)
#4 /Users/Erlkonig/Documents/Workspace/ArenaofGenelogy/application/models/AdminModel.php(67): Zend_Db_Adapter_Abstract->update('user', Array, 'user_id = ?', '1')
#5 /Users/Erlkonig/Documents/Workspace/ArenaofGenelogy/application/controllers/AdminController.php(103): AdminModel->userupdate(Array)
#6 /Users/Erlkonig/Documents/Workspace/ArenaOfGenelogy/library/Zend/Controller/Action.php(516): AdminController->userupdateAction()
#7 /Users/Erlkonig/Documents/Workspace/ArenaOfGenelogy/library/Zend/Controller/Dispatcher/Standard.php(295): Zend_Controller_Action->dispatch('userupdateActio...')
#8 /Users/Erlkonig/Documents/Workspace/ArenaOfGenelogy/library/Zend/Controller/Front.php(954): Zend_Controller_Dispatcher_Standard->dispatch(Object(Zend_Controller_Request_Http), Object(Zend_Controller_Response_Http))
#9 /Users/Erlkonig/Documents/Workspace/ArenaOfGenelogy/index.php(62): Zend_Controller_Front->dispatch()
#10 {main}
2013-07-20T04:39:47+09:00 ALERT (1): exception 'Zend_Controller_Action_Exception' with message 'Action "list" does not exist and was not trapped in __call()' in /Users/Erlkonig/Documents/Workspace/ArenaOfGenelogy/library/Zend/Controller/Action.php:485
Stack trace:
#0 /Users/Erlkonig/Documents/Workspace/ArenaOfGenelogy/library/Zend/Controller/Action.php(518): Zend_Controller_Action->__call('listAction', Array)
#1 /Users/Erlkonig/Documents/Workspace/ArenaOfGenelogy/library/Zend/Controller/Dispatcher/Standard.php(295): Zend_Controller_Action->dispatch('listAction')
#2 /Users/Erlkonig/Documents/Workspace/ArenaOfGenelogy/library/Zend/Controller/Front.php(954): Zend_Controller_Dispatcher_Standard->dispatch(Object(Zend_Controller_Request_Http), Object(Zend_Controller_Response_Http))
#3 /Users/Erlkonig/Documents/Workspace/ArenaOfGenelogy/index.php(62): Zend_Controller_Front->dispatch()
#4 {main}
2013-07-20T04:40:03+09:00 ALERT (1): exception 'Zend_Controller_Dispatcher_Exception' with message 'Invalid controller specified (themes)' in /Users/Erlkonig/Documents/Workspace/ArenaOfGenelogy/library/Zend/Controller/Dispatcher/Standard.php:248
Stack trace:
#0 /Users/Erlkonig/Documents/Workspace/ArenaOfGenelogy/library/Zend/Controller/Front.php(954): Zend_Controller_Dispatcher_Standard->dispatch(Object(Zend_Controller_Request_Http), Object(Zend_Controller_Response_Http))
#1 /Users/Erlkonig/Documents/Workspace/ArenaOfGenelogy/index.php(62): Zend_Controller_Front->dispatch()
#2 {main}
2013-07-20T04:41:56+09:00 ALERT (1): exception 'Zend_Controller_Dispatcher_Exception' with message 'Invalid controller specified (themes)' in /Users/Erlkonig/Documents/Workspace/ArenaOfGenelogy/library/Zend/Controller/Dispatcher/Standard.php:248
Stack trace:
#0 /Users/Erlkonig/Documents/Workspace/ArenaOfGenelogy/library/Zend/Controller/Front.php(954): Zend_Controller_Dispatcher_Standard->dispatch(Object(Zend_Controller_Request_Http), Object(Zend_Controller_Response_Http))
#1 /Users/Erlkonig/Documents/Workspace/ArenaOfGenelogy/index.php(62): Zend_Controller_Front->dispatch()
#2 {main}
2013-07-20T04:42:06+09:00 ALERT (1): exception 'Zend_Controller_Dispatcher_Exception' with message 'Invalid controller specified (themes)' in /Users/Erlkonig/Documents/Workspace/ArenaOfGenelogy/library/Zend/Controller/Dispatcher/Standard.php:248
Stack trace:
#0 /Users/Erlkonig/Documents/Workspace/ArenaOfGenelogy/library/Zend/Controller/Front.php(954): Zend_Controller_Dispatcher_Standard->dispatch(Object(Zend_Controller_Request_Http), Object(Zend_Controller_Response_Http))
#1 /Users/Erlkonig/Documents/Workspace/ArenaOfGenelogy/index.php(62): Zend_Controller_Front->dispatch()
#2 {main}
2013-07-20T04:42:35+09:00 ALERT (1): exception 'Zend_Controller_Dispatcher_Exception' with message 'Invalid controller specified (themes)' in /Users/Erlkonig/Documents/Workspace/ArenaOfGenelogy/library/Zend/Controller/Dispatcher/Standard.php:248
Stack trace:
#0 /Users/Erlkonig/Documents/Workspace/ArenaOfGenelogy/library/Zend/Controller/Front.php(954): Zend_Controller_Dispatcher_Standard->dispatch(Object(Zend_Controller_Request_Http), Object(Zend_Controller_Response_Http))
#1 /Users/Erlkonig/Documents/Workspace/ArenaOfGenelogy/index.php(62): Zend_Controller_Front->dispatch()
#2 {main}
2013-07-20T04:42:47+09:00 ALERT (1): exception 'Zend_Controller_Dispatcher_Exception' with message 'Invalid controller specified (themes)' in /Users/Erlkonig/Documents/Workspace/ArenaOfGenelogy/library/Zend/Controller/Dispatcher/Standard.php:248
Stack trace:
#0 /Users/Erlkonig/Documents/Workspace/ArenaOfGenelogy/library/Zend/Controller/Front.php(954): Zend_Controller_Dispatcher_Standard->dispatch(Object(Zend_Controller_Request_Http), Object(Zend_Controller_Response_Http))
#1 /Users/Erlkonig/Documents/Workspace/ArenaOfGenelogy/index.php(62): Zend_Controller_Front->dispatch()
#2 {main}
2013-07-20T04:45:31+09:00 ALERT (1): exception 'SmartyException' with message 'Unable to load template file 'admin-menu' in 'admin/userlist.tpl'' in /Users/Erlkonig/Documents/Workspace/ArenaofGenelogy/library/smarty/sysplugins/smarty_internal_templatebase.php:127
Stack trace:
#0 /Users/Erlkonig/Documents/Workspace/ArenaofGenelogy/library/smarty/sysplugins/smarty_internal_template.php(286): Smarty_Internal_TemplateBase->fetch(NULL, NULL, NULL, NULL, false, false, true)
#1 /Users/Erlkonig/Documents/Workspace/ArenaofGenelogy/cache/templates_c/a5c888975c825c95adb094a5fafc36386bb80188.file.userlist.tpl.php(31): Smarty_Internal_Template->getSubTemplate('admin-menu', NULL, NULL, NULL, NULL, Array, 0)
#2 /Users/Erlkonig/Documents/Workspace/ArenaofGenelogy/library/smarty/sysplugins/smarty_internal_templatebase.php(180): content_51e989f1f00d96_97957038(Object(Smarty_Internal_Template))
#3 /Users/Erlkonig/Documents/Workspace/ArenaofGenelogy/library/smarty/Zend_View_Smarty.php(184): Smarty_Internal_TemplateBase->fetch('admin/userlist....')
#4 /Users/Erlkonig/Documents/Workspace/ArenaOfGenelogy/library/Zend/Controller/Action/Helper/ViewRenderer.php(901): Zend_View_Smarty->render('admin/userlist....')
#5 /Users/Erlkonig/Documents/Workspace/ArenaOfGenelogy/library/Zend/Controller/Action/Helper/ViewRenderer.php(922): Zend_Controller_Action_Helper_ViewRenderer->renderScript('admin/userlist....', NULL)
#6 /Users/Erlkonig/Documents/Workspace/ArenaOfGenelogy/library/Zend/Controller/Action/Helper/ViewRenderer.php(961): Zend_Controller_Action_Helper_ViewRenderer->render()
#7 /Users/Erlkonig/Documents/Workspace/ArenaOfGenelogy/library/Zend/Controller/Action/HelperBroker.php(277): Zend_Controller_Action_Helper_ViewRenderer->postDispatch()
#8 /Users/Erlkonig/Documents/Workspace/ArenaOfGenelogy/library/Zend/Controller/Action.php(527): Zend_Controller_Action_HelperBroker->notifyPostDispatch()
#9 /Users/Erlkonig/Documents/Workspace/ArenaOfGenelogy/library/Zend/Controller/Dispatcher/Standard.php(295): Zend_Controller_Action->dispatch('userlistAction')
#10 /Users/Erlkonig/Documents/Workspace/ArenaOfGenelogy/library/Zend/Controller/Front.php(954): Zend_Controller_Dispatcher_Standard->dispatch(Object(Zend_Controller_Request_Http), Object(Zend_Controller_Response_Http))
#11 /Users/Erlkonig/Documents/Workspace/ArenaOfGenelogy/index.php(62): Zend_Controller_Front->dispatch()
#12 {main}
2013-07-20T04:45:41+09:00 ALERT (1): exception 'SmartyException' with message 'Unable to load template file 'admin-menu.tpl' in 'admin/userlist.tpl'' in /Users/Erlkonig/Documents/Workspace/ArenaofGenelogy/library/smarty/sysplugins/smarty_internal_templatebase.php:127
Stack trace:
#0 /Users/Erlkonig/Documents/Workspace/ArenaofGenelogy/library/smarty/sysplugins/smarty_internal_template.php(286): Smarty_Internal_TemplateBase->fetch(NULL, NULL, NULL, NULL, false, false, true)
#1 /Users/Erlkonig/Documents/Workspace/ArenaofGenelogy/cache/templates_c/a5c888975c825c95adb094a5fafc36386bb80188.file.userlist.tpl.php(31): Smarty_Internal_Template->getSubTemplate('admin-menu.tpl', NULL, NULL, NULL, NULL, Array, 0)
#2 /Users/Erlkonig/Documents/Workspace/ArenaofGenelogy/library/smarty/sysplugins/smarty_internal_templatebase.php(180): content_51e989f1f00d96_97957038(Object(Smarty_Internal_Template))
#3 /Users/Erlkonig/Documents/Workspace/ArenaofGenelogy/library/smarty/Zend_View_Smarty.php(184): Smarty_Internal_TemplateBase->fetch('admin/userlist....')
#4 /Users/Erlkonig/Documents/Workspace/ArenaOfGenelogy/library/Zend/Controller/Action/Helper/ViewRenderer.php(901): Zend_View_Smarty->render('admin/userlist....')
#5 /Users/Erlkonig/Documents/Workspace/ArenaOfGenelogy/library/Zend/Controller/Action/Helper/ViewRenderer.php(922): Zend_Controller_Action_Helper_ViewRenderer->renderScript('admin/userlist....', NULL)
#6 /Users/Erlkonig/Documents/Workspace/ArenaOfGenelogy/library/Zend/Controller/Action/Helper/ViewRenderer.php(961): Zend_Controller_Action_Helper_ViewRenderer->render()
#7 /Users/Erlkonig/Documents/Workspace/ArenaOfGenelogy/library/Zend/Controller/Action/HelperBroker.php(277): Zend_Controller_Action_Helper_ViewRenderer->postDispatch()
#8 /Users/Erlkonig/Documents/Workspace/ArenaOfGenelogy/library/Zend/Controller/Action.php(527): Zend_Controller_Action_HelperBroker->notifyPostDispatch()
#9 /Users/Erlkonig/Documents/Workspace/ArenaOfGenelogy/library/Zend/Controller/Dispatcher/Standard.php(295): Zend_Controller_Action->dispatch('userlistAction')
#10 /Users/Erlkonig/Documents/Workspace/ArenaOfGenelogy/library/Zend/Controller/Front.php(954): Zend_Controller_Dispatcher_Standard->dispatch(Object(Zend_Controller_Request_Http), Object(Zend_Controller_Response_Http))
#11 /Users/Erlkonig/Documents/Workspace/ArenaOfGenelogy/index.php(62): Zend_Controller_Front->dispatch()
#12 {main}
2013-07-20T04:46:18+09:00 ALERT (1): exception 'SmartyCompilerException' with message 'Syntax Error in template &quot;/Users/Erlkonig/Documents/Workspace/ArenaofGenelogy/application/views/admin/userlist.tpl&quot;  on line 2 &quot;{include file=admin-menu.tpl}&quot;  - Unexpected &quot;.&quot;, expected one of: &quot;}&quot; , &quot; &quot; , ATTR' in /Users/Erlkonig/Documents/Workspace/ArenaofGenelogy/library/smarty/sysplugins/smarty_internal_templatecompilerbase.php:665
Stack trace:
#0 /Users/Erlkonig/Documents/Workspace/ArenaofGenelogy/library/smarty/sysplugins/smarty_internal_templateparser.php(3144): Smarty_Internal_TemplateCompilerBase->trigger_template_error()
#1 /Users/Erlkonig/Documents/Workspace/ArenaofGenelogy/library/smarty/sysplugins/smarty_internal_templateparser.php(3209): Smarty_Internal_Templateparser->yy_syntax_error(59, '.')
#2 /Users/Erlkonig/Documents/Workspace/ArenaofGenelogy/library/smarty/sysplugins/smarty_internal_smartytemplatecompiler.php(105): Smarty_Internal_Templateparser->doParse(59, '.')
#3 /Users/Erlkonig/Documents/Workspace/ArenaofGenelogy/library/smarty/sysplugins/smarty_internal_templatecompilerbase.php(200): Smarty_Internal_SmartyTemplateCompiler->doCompile('{include file=$...')
#4 /Users/Erlkonig/Documents/Workspace/ArenaofGenelogy/library/smarty/sysplugins/smarty_internal_template.php(187): Smarty_Internal_TemplateCompilerBase->compileTemplate(Object(Smarty_Internal_Template))
#5 /Users/Erlkonig/Documents/Workspace/ArenaofGenelogy/library/smarty/sysplugins/smarty_internal_templatebase.php(164): Smarty_Internal_Template->compileTemplateSource()
#6 /Users/Erlkonig/Documents/Workspace/ArenaofGenelogy/library/smarty/Zend_View_Smarty.php(184): Smarty_Internal_TemplateBase->fetch('admin/userlist....')
#7 /Users/Erlkonig/Documents/Workspace/ArenaOfGenelogy/library/Zend/Controller/Action/Helper/ViewRenderer.php(901): Zend_View_Smarty->render('admin/userlist....')
#8 /Users/Erlkonig/Documents/Workspace/ArenaOfGenelogy/library/Zend/Controller/Action/Helper/ViewRenderer.php(922): Zend_Controller_Action_Helper_ViewRenderer->renderScript('admin/userlist....', NULL)
#9 /Users/Erlkonig/Documents/Workspace/ArenaOfGenelogy/library/Zend/Controller/Action/Helper/ViewRenderer.php(961): Zend_Controller_Action_Helper_ViewRenderer->render()
#10 /Users/Erlkonig/Documents/Workspace/ArenaOfGenelogy/library/Zend/Controller/Action/HelperBroker.php(277): Zend_Controller_Action_Helper_ViewRenderer->postDispatch()
#11 /Users/Erlkonig/Documents/Workspace/ArenaOfGenelogy/library/Zend/Controller/Action.php(527): Zend_Controller_Action_HelperBroker->notifyPostDispatch()
#12 /Users/Erlkonig/Documents/Workspace/ArenaOfGenelogy/library/Zend/Controller/Dispatcher/Standard.php(295): Zend_Controller_Action->dispatch('userlistAction')
#13 /Users/Erlkonig/Documents/Workspace/ArenaOfGenelogy/library/Zend/Controller/Front.php(954): Zend_Controller_Dispatcher_Standard->dispatch(Object(Zend_Controller_Request_Http), Object(Zend_Controller_Response_Http))
#14 /Users/Erlkonig/Documents/Workspace/ArenaOfGenelogy/index.php(62): Zend_Controller_Front->dispatch()
#15 {main}
2013-07-20T04:47:12+09:00 ALERT (1): exception 'SmartyException' with message 'Unable to load template file 'admin-menu.tpl' in 'admin/userlist.tpl'' in /Users/Erlkonig/Documents/Workspace/ArenaofGenelogy/library/smarty/sysplugins/smarty_internal_templatebase.php:127
Stack trace:
#0 /Users/Erlkonig/Documents/Workspace/ArenaofGenelogy/library/smarty/sysplugins/smarty_internal_template.php(286): Smarty_Internal_TemplateBase->fetch(NULL, NULL, NULL, NULL, false, false, true)
#1 /Users/Erlkonig/Documents/Workspace/ArenaofGenelogy/cache/templates_c/a5c888975c825c95adb094a5fafc36386bb80188.file.userlist.tpl.php(31): Smarty_Internal_Template->getSubTemplate('admin-menu.tpl', NULL, NULL, NULL, NULL, Array, 0)
#2 /Users/Erlkonig/Documents/Workspace/ArenaofGenelogy/library/smarty/sysplugins/smarty_internal_templatebase.php(180): content_51e989f1f00d96_97957038(Object(Smarty_Internal_Template))
#3 /Users/Erlkonig/Documents/Workspace/ArenaofGenelogy/library/smarty/Zend_View_Smarty.php(184): Smarty_Internal_TemplateBase->fetch('admin/userlist....')
#4 /Users/Erlkonig/Documents/Workspace/ArenaOfGenelogy/library/Zend/Controller/Action/Helper/ViewRenderer.php(901): Zend_View_Smarty->render('admin/userlist....')
#5 /Users/Erlkonig/Documents/Workspace/ArenaOfGenelogy/library/Zend/Controller/Action/Helper/ViewRenderer.php(922): Zend_Controller_Action_Helper_ViewRenderer->renderScript('admin/userlist....', NULL)
#6 /Users/Erlkonig/Documents/Workspace/ArenaOfGenelogy/library/Zend/Controller/Action/Helper/ViewRenderer.php(961): Zend_Controller_Action_Helper_ViewRenderer->render()
#7 /Users/Erlkonig/Documents/Workspace/ArenaOfGenelogy/library/Zend/Controller/Action/HelperBroker.php(277): Zend_Controller_Action_Helper_ViewRenderer->postDispatch()
#8 /Users/Erlkonig/Documents/Workspace/ArenaOfGenelogy/library/Zend/Controller/Action.php(527): Zend_Controller_Action_HelperBroker->notifyPostDispatch()
#9 /Users/Erlkonig/Documents/Workspace/ArenaOfGenelogy/library/Zend/Controller/Dispatcher/Standard.php(295): Zend_Controller_Action->dispatch('userlistAction')
#10 /Users/Erlkonig/Documents/Workspace/ArenaOfGenelogy/library/Zend/Controller/Front.php(954): Zend_Controller_Dispatcher_Standard->dispatch(Object(Zend_Controller_Request_Http), Object(Zend_Controller_Response_Http))
#11 /Users/Erlkonig/Documents/Workspace/ArenaOfGenelogy/index.php(62): Zend_Controller_Front->dispatch()
#12 {main}
2013-07-20T04:47:30+09:00 ALERT (1): exception 'SmartyException' with message 'Unable to load template file 'admin-menu.tpl' in 'admin/userlist.tpl'' in /Users/Erlkonig/Documents/Workspace/ArenaofGenelogy/library/smarty/sysplugins/smarty_internal_templatebase.php:127
Stack trace:
#0 /Users/Erlkonig/Documents/Workspace/ArenaofGenelogy/library/smarty/sysplugins/smarty_internal_template.php(286): Smarty_Internal_TemplateBase->fetch(NULL, NULL, NULL, NULL, false, false, true)
#1 /Users/Erlkonig/Documents/Workspace/ArenaofGenelogy/cache/templates_c/a5c888975c825c95adb094a5fafc36386bb80188.file.userlist.tpl.php(31): Smarty_Internal_Template->getSubTemplate('admin-menu.tpl', NULL, NULL, NULL, NULL, Array, 0)
#2 /Users/Erlkonig/Documents/Workspace/ArenaofGenelogy/library/smarty/sysplugins/smarty_internal_templatebase.php(180): content_51e989f1f00d96_97957038(Object(Smarty_Internal_Template))
#3 /Users/Erlkonig/Documents/Workspace/ArenaofGenelogy/library/smarty/Zend_View_Smarty.php(184): Smarty_Internal_TemplateBase->fetch('admin/userlist....')
#4 /Users/Erlkonig/Documents/Workspace/ArenaOfGenelogy/library/Zend/Controller/Action/Helper/ViewRenderer.php(901): Zend_View_Smarty->render('admin/userlist....')
#5 /Users/Erlkonig/Documents/Workspace/ArenaOfGenelogy/library/Zend/Controller/Action/Helper/ViewRenderer.php(922): Zend_Controller_Action_Helper_ViewRenderer->renderScript('admin/userlist....', NULL)
#6 /Users/Erlkonig/Documents/Workspace/ArenaOfGenelogy/library/Zend/Controller/Action/Helper/ViewRenderer.php(961): Zend_Controller_Action_Helper_ViewRenderer->render()
#7 /Users/Erlkonig/Documents/Workspace/ArenaOfGenelogy/library/Zend/Controller/Action/HelperBroker.php(277): Zend_Controller_Action_Helper_ViewRenderer->postDispatch()
#8 /Users/Erlkonig/Documents/Workspace/ArenaOfGenelogy/library/Zend/Controller/Action.php(527): Zend_Controller_Action_HelperBroker->notifyPostDispatch()
#9 /Users/Erlkonig/Documents/Workspace/ArenaOfGenelogy/library/Zend/Controller/Dispatcher/Standard.php(295): Zend_Controller_Action->dispatch('userlistAction')
#10 /Users/Erlkonig/Documents/Workspace/ArenaOfGenelogy/library/Zend/Controller/Front.php(954): Zend_Controller_Dispatcher_Standard->dispatch(Object(Zend_Controller_Request_Http), Object(Zend_Controller_Response_Http))
#11 /Users/Erlkonig/Documents/Workspace/ArenaOfGenelogy/index.php(62): Zend_Controller_Front->dispatch()
#12 {main}
2013-07-20T04:47:57+09:00 ALERT (1): exception 'SmartyException' with message 'Unable to load template file '../themes/layout/admin-menu.tpl' in 'admin/userlist.tpl'' in /Users/Erlkonig/Documents/Workspace/ArenaofGenelogy/library/smarty/sysplugins/smarty_internal_templatebase.php:127
Stack trace:
#0 /Users/Erlkonig/Documents/Workspace/ArenaofGenelogy/library/smarty/sysplugins/smarty_internal_template.php(286): Smarty_Internal_TemplateBase->fetch(NULL, NULL, NULL, NULL, false, false, true)
#1 /Users/Erlkonig/Documents/Workspace/ArenaofGenelogy/cache/templates_c/a5c888975c825c95adb094a5fafc36386bb80188.file.userlist.tpl.php(31): Smarty_Internal_Template->getSubTemplate('../themes/layou...', NULL, NULL, NULL, NULL, Array, 0)
#2 /Users/Erlkonig/Documents/Workspace/ArenaofGenelogy/library/smarty/sysplugins/smarty_internal_templatebase.php(180): content_51e989f1f00d96_97957038(Object(Smarty_Internal_Template))
#3 /Users/Erlkonig/Documents/Workspace/ArenaofGenelogy/library/smarty/Zend_View_Smarty.php(184): Smarty_Internal_TemplateBase->fetch('admin/userlist....')
#4 /Users/Erlkonig/Documents/Workspace/ArenaOfGenelogy/library/Zend/Controller/Action/Helper/ViewRenderer.php(901): Zend_View_Smarty->render('admin/userlist....')
#5 /Users/Erlkonig/Documents/Workspace/ArenaOfGenelogy/library/Zend/Controller/Action/Helper/ViewRenderer.php(922): Zend_Controller_Action_Helper_ViewRenderer->renderScript('admin/userlist....', NULL)
#6 /Users/Erlkonig/Documents/Workspace/ArenaOfGenelogy/library/Zend/Controller/Action/Helper/ViewRenderer.php(961): Zend_Controller_Action_Helper_ViewRenderer->render()
#7 /Users/Erlkonig/Documents/Workspace/ArenaOfGenelogy/library/Zend/Controller/Action/HelperBroker.php(277): Zend_Controller_Action_Helper_ViewRenderer->postDispatch()
#8 /Users/Erlkonig/Documents/Workspace/ArenaOfGenelogy/library/Zend/Controller/Action.php(527): Zend_Controller_Action_HelperBroker->notifyPostDispatch()
#9 /Users/Erlkonig/Documents/Workspace/ArenaOfGenelogy/library/Zend/Controller/Dispatcher/Standard.php(295): Zend_Controller_Action->dispatch('userlistAction')
#10 /Users/Erlkonig/Documents/Workspace/ArenaOfGenelogy/library/Zend/Controller/Front.php(954): Zend_Controller_Dispatcher_Standard->dispatch(Object(Zend_Controller_Request_Http), Object(Zend_Controller_Response_Http))
#11 /Users/Erlkonig/Documents/Workspace/ArenaOfGenelogy/index.php(62): Zend_Controller_Front->dispatch()
#12 {main}
2013-07-20T04:48:06+09:00 ALERT (1): exception 'SmartyException' with message 'Unable to load template file '../themes/layout/admin-menu.tpl' in 'admin/userlist.tpl'' in /Users/Erlkonig/Documents/Workspace/ArenaofGenelogy/library/smarty/sysplugins/smarty_internal_templatebase.php:127
Stack trace:
#0 /Users/Erlkonig/Documents/Workspace/ArenaofGenelogy/library/smarty/sysplugins/smarty_internal_template.php(286): Smarty_Internal_TemplateBase->fetch(NULL, NULL, NULL, NULL, false, false, true)
#1 /Users/Erlkonig/Documents/Workspace/ArenaofGenelogy/cache/templates_c/a5c888975c825c95adb094a5fafc36386bb80188.file.userlist.tpl.php(31): Smarty_Internal_Template->getSubTemplate('../themes/layou...', NULL, NULL, NULL, NULL, Array, 0)
#2 /Users/Erlkonig/Documents/Workspace/ArenaofGenelogy/library/smarty/sysplugins/smarty_internal_templatebase.php(180): content_51e989f1f00d96_97957038(Object(Smarty_Internal_Template))
#3 /Users/Erlkonig/Documents/Workspace/ArenaofGenelogy/library/smarty/Zend_View_Smarty.php(184): Smarty_Internal_TemplateBase->fetch('admin/userlist....')
#4 /Users/Erlkonig/Documents/Workspace/ArenaOfGenelogy/library/Zend/Controller/Action/Helper/ViewRenderer.php(901): Zend_View_Smarty->render('admin/userlist....')
#5 /Users/Erlkonig/Documents/Workspace/ArenaOfGenelogy/library/Zend/Controller/Action/Helper/ViewRenderer.php(922): Zend_Controller_Action_Helper_ViewRenderer->renderScript('admin/userlist....', NULL)
#6 /Users/Erlkonig/Documents/Workspace/ArenaOfGenelogy/library/Zend/Controller/Action/Helper/ViewRenderer.php(961): Zend_Controller_Action_Helper_ViewRenderer->render()
#7 /Users/Erlkonig/Documents/Workspace/ArenaOfGenelogy/library/Zend/Controller/Action/HelperBroker.php(277): Zend_Controller_Action_Helper_ViewRenderer->postDispatch()
#8 /Users/Erlkonig/Documents/Workspace/ArenaOfGenelogy/library/Zend/Controller/Action.php(527): Zend_Controller_Action_HelperBroker->notifyPostDispatch()
#9 /Users/Erlkonig/Documents/Workspace/ArenaOfGenelogy/library/Zend/Controller/Dispatcher/Standard.php(295): Zend_Controller_Action->dispatch('userlistAction')
#10 /Users/Erlkonig/Documents/Workspace/ArenaOfGenelogy/library/Zend/Controller/Front.php(954): Zend_Controller_Dispatcher_Standard->dispatch(Object(Zend_Controller_Request_Http), Object(Zend_Controller_Response_Http))
#11 /Users/Erlkonig/Documents/Workspace/ArenaOfGenelogy/index.php(62): Zend_Controller_Front->dispatch()
#12 {main}
2013-07-20T04:49:38+09:00 ALERT (1): exception 'SmartyException' with message 'Unable to load template file '../themes/layout/admin-menu.tpl' in 'admin/userlist.tpl'' in /Users/Erlkonig/Documents/Workspace/ArenaofGenelogy/library/smarty/sysplugins/smarty_internal_templatebase.php:127
Stack trace:
#0 /Users/Erlkonig/Documents/Workspace/ArenaofGenelogy/library/smarty/sysplugins/smarty_internal_template.php(286): Smarty_Internal_TemplateBase->fetch(NULL, NULL, NULL, NULL, false, false, true)
#1 /Users/Erlkonig/Documents/Workspace/ArenaofGenelogy/cache/templates_c/a5c888975c825c95adb094a5fafc36386bb80188.file.userlist.tpl.php(31): Smarty_Internal_Template->getSubTemplate('../themes/layou...', NULL, NULL, NULL, NULL, Array, 0)
#2 /Users/Erlkonig/Documents/Workspace/ArenaofGenelogy/library/smarty/sysplugins/smarty_internal_templatebase.php(180): content_51e989f1f00d96_97957038(Object(Smarty_Internal_Template))
#3 /Users/Erlkonig/Documents/Workspace/ArenaofGenelogy/library/smarty/Zend_View_Smarty.php(184): Smarty_Internal_TemplateBase->fetch('admin/userlist....')
#4 /Users/Erlkonig/Documents/Workspace/ArenaOfGenelogy/library/Zend/Controller/Action/Helper/ViewRenderer.php(901): Zend_View_Smarty->render('admin/userlist....')
#5 /Users/Erlkonig/Documents/Workspace/ArenaOfGenelogy/library/Zend/Controller/Action/Helper/ViewRenderer.php(922): Zend_Controller_Action_Helper_ViewRenderer->renderScript('admin/userlist....', NULL)
#6 /Users/Erlkonig/Documents/Workspace/ArenaOfGenelogy/library/Zend/Controller/Action/Helper/ViewRenderer.php(961): Zend_Controller_Action_Helper_ViewRenderer->render()
#7 /Users/Erlkonig/Documents/Workspace/ArenaOfGenelogy/library/Zend/Controller/Action/HelperBroker.php(277): Zend_Controller_Action_Helper_ViewRenderer->postDispatch()
#8 /Users/Erlkonig/Documents/Workspace/ArenaOfGenelogy/library/Zend/Controller/Action.php(527): Zend_Controller_Action_HelperBroker->notifyPostDispatch()
#9 /Users/Erlkonig/Documents/Workspace/ArenaOfGenelogy/library/Zend/Controller/Dispatcher/Standard.php(295): Zend_Controller_Action->dispatch('userlistAction')
#10 /Users/Erlkonig/Documents/Workspace/ArenaOfGenelogy/library/Zend/Controller/Front.php(954): Zend_Controller_Dispatcher_Standard->dispatch(Object(Zend_Controller_Request_Http), Object(Zend_Controller_Response_Http))
#11 /Users/Erlkonig/Documents/Workspace/ArenaOfGenelogy/index.php(62): Zend_Controller_Front->dispatch()
#12 {main}
2013-07-20T04:56:59+09:00 ALERT (1): exception 'Zend_Controller_Dispatcher_Exception' with message 'Invalid controller specified (themes)' in /Users/Erlkonig/Documents/Workspace/ArenaOfGenelogy/library/Zend/Controller/Dispatcher/Standard.php:248
Stack trace:
#0 /Users/Erlkonig/Documents/Workspace/ArenaOfGenelogy/library/Zend/Controller/Front.php(954): Zend_Controller_Dispatcher_Standard->dispatch(Object(Zend_Controller_Request_Http), Object(Zend_Controller_Response_Http))
#1 /Users/Erlkonig/Documents/Workspace/ArenaOfGenelogy/index.php(62): Zend_Controller_Front->dispatch()
#2 {main}
2013-07-20T04:57:10+09:00 ALERT (1): exception 'Zend_Controller_Dispatcher_Exception' with message 'Invalid controller specified (themes)' in /Users/Erlkonig/Documents/Workspace/ArenaOfGenelogy/library/Zend/Controller/Dispatcher/Standard.php:248
Stack trace:
#0 /Users/Erlkonig/Documents/Workspace/ArenaOfGenelogy/library/Zend/Controller/Front.php(954): Zend_Controller_Dispatcher_Standard->dispatch(Object(Zend_Controller_Request_Http), Object(Zend_Controller_Response_Http))
#1 /Users/Erlkonig/Documents/Workspace/ArenaOfGenelogy/index.php(62): Zend_Controller_Front->dispatch()
#2 {main}
2013-07-20T04:57:39+09:00 ALERT (1): exception 'Zend_Controller_Dispatcher_Exception' with message 'Invalid controller specified (themes)' in /Users/Erlkonig/Documents/Workspace/ArenaOfGenelogy/library/Zend/Controller/Dispatcher/Standard.php:248
Stack trace:
#0 /Users/Erlkonig/Documents/Workspace/ArenaOfGenelogy/library/Zend/Controller/Front.php(954): Zend_Controller_Dispatcher_Standard->dispatch(Object(Zend_Controller_Request_Http), Object(Zend_Controller_Response_Http))
#1 /Users/Erlkonig/Documents/Workspace/ArenaOfGenelogy/index.php(62): Zend_Controller_Front->dispatch()
#2 {main}
2013-07-20T04:57:50+09:00 ALERT (1): exception 'Zend_Controller_Dispatcher_Exception' with message 'Invalid controller specified (themes)' in /Users/Erlkonig/Documents/Workspace/ArenaOfGenelogy/library/Zend/Controller/Dispatcher/Standard.php:248
Stack trace:
#0 /Users/Erlkonig/Documents/Workspace/ArenaOfGenelogy/library/Zend/Controller/Front.php(954): Zend_Controller_Dispatcher_Standard->dispatch(Object(Zend_Controller_Request_Http), Object(Zend_Controller_Response_Http))
#1 /Users/Erlkonig/Documents/Workspace/ArenaOfGenelogy/index.php(62): Zend_Controller_Front->dispatch()
#2 {main}
2013-07-20T05:05:17+09:00 ALERT (1): exception 'SmartyCompilerException' with message 'Syntax Error in template &quot;/Users/Erlkonig/Documents/Workspace/ArenaofGenelogy/themes/layout/admin-status.tpl&quot;  on line 2 &quot;you login as {$admin}. {a href=&amp;quot;logout&amp;quot;&amp;gt;logout&amp;lt;/a&amp;gt;&quot;  - Unexpected &quot;/&quot;' in /Users/Erlkonig/Documents/Workspace/ArenaofGenelogy/library/smarty/sysplugins/smarty_internal_templatecompilerbase.php:665
Stack trace:
#0 /Users/Erlkonig/Documents/Workspace/ArenaofGenelogy/library/smarty/sysplugins/smarty_internal_templateparser.php(3144): Smarty_Internal_TemplateCompilerBase->trigger_template_error()
#1 /Users/Erlkonig/Documents/Workspace/ArenaofGenelogy/library/smarty/sysplugins/smarty_internal_templateparser.php(3209): Smarty_Internal_Templateparser->yy_syntax_error(40, '/')
#2 /Users/Erlkonig/Documents/Workspace/ArenaofGenelogy/library/smarty/sysplugins/smarty_internal_smartytemplatecompiler.php(105): Smarty_Internal_Templateparser->doParse(40, '/')
#3 /Users/Erlkonig/Documents/Workspace/ArenaofGenelogy/library/smarty/sysplugins/smarty_internal_templatecompilerbase.php(200): Smarty_Internal_SmartyTemplateCompiler->doCompile('<div>?    you l...')
#4 /Users/Erlkonig/Documents/Workspace/ArenaofGenelogy/library/smarty/sysplugins/smarty_internal_template.php(187): Smarty_Internal_TemplateCompilerBase->compileTemplate(Object(Smarty_Internal_Template))
#5 /Users/Erlkonig/Documents/Workspace/ArenaofGenelogy/library/smarty/sysplugins/smarty_internal_templatebase.php(155): Smarty_Internal_Template->compileTemplateSource()
#6 /Users/Erlkonig/Documents/Workspace/ArenaofGenelogy/library/smarty/sysplugins/smarty_internal_template.php(286): Smarty_Internal_TemplateBase->fetch(NULL, NULL, NULL, NULL, false, false, true)
#7 /Users/Erlkonig/Documents/Workspace/ArenaofGenelogy/cache/templates_c/a5c888975c825c95adb094a5fafc36386bb80188.file.userlist.tpl.php(33): Smarty_Internal_Template->getSubTemplate('/Users/Erlkonig...', NULL, NULL, NULL, NULL, Array, 0)
#8 /Users/Erlkonig/Documents/Workspace/ArenaofGenelogy/library/smarty/sysplugins/smarty_internal_templatebase.php(180): content_51e989f1f00d96_97957038(Object(Smarty_Internal_Template))
#9 /Users/Erlkonig/Documents/Workspace/ArenaofGenelogy/library/smarty/Zend_View_Smarty.php(184): Smarty_Internal_TemplateBase->fetch('admin/userlist....')
#10 /Users/Erlkonig/Documents/Workspace/ArenaOfGenelogy/library/Zend/Controller/Action/Helper/ViewRenderer.php(901): Zend_View_Smarty->render('admin/userlist....')
#11 /Users/Erlkonig/Documents/Workspace/ArenaOfGenelogy/library/Zend/Controller/Action/Helper/ViewRenderer.php(922): Zend_Controller_Action_Helper_ViewRenderer->renderScript('admin/userlist....', NULL)
#12 /Users/Erlkonig/Documents/Workspace/ArenaOfGenelogy/library/Zend/Controller/Action/Helper/ViewRenderer.php(961): Zend_Controller_Action_Helper_ViewRenderer->render()
#13 /Users/Erlkonig/Documents/Workspace/ArenaOfGenelogy/library/Zend/Controller/Action/HelperBroker.php(277): Zend_Controller_Action_Helper_ViewRenderer->postDispatch()
#14 /Users/Erlkonig/Documents/Workspace/ArenaOfGenelogy/library/Zend/Controller/Action.php(527): Zend_Controller_Action_HelperBroker->notifyPostDispatch()
#15 /Users/Erlkonig/Documents/Workspace/ArenaOfGenelogy/library/Zend/Controller/Dispatcher/Standard.php(295): Zend_Controller_Action->dispatch('userlistAction')
#16 /Users/Erlkonig/Documents/Workspace/ArenaOfGenelogy/library/Zend/Controller/Front.php(954): Zend_Controller_Dispatcher_Standard->dispatch(Object(Zend_Controller_Request_Http), Object(Zend_Controller_Response_Http))
#17 /Users/Erlkonig/Documents/Workspace/ArenaOfGenelogy/index.php(62): Zend_Controller_Front->dispatch()
#18 {main}
2013-07-20T05:10:02+09:00 ALERT (1): exception 'SmartyCompilerException' with message 'Syntax Error in template &quot;/Users/Erlkonig/Documents/Workspace/ArenaofGenelogy/themes/layout/admin-status.tpl&quot;  on line 2 &quot;you login as {$admin}. {a href=&amp;quot;logout&amp;quot;&amp;gt;logout&amp;lt;/a&amp;gt;&quot;  - Unexpected &quot;/&quot;' in /Users/Erlkonig/Documents/Workspace/ArenaofGenelogy/library/smarty/sysplugins/smarty_internal_templatecompilerbase.php:665
Stack trace:
#0 /Users/Erlkonig/Documents/Workspace/ArenaofGenelogy/library/smarty/sysplugins/smarty_internal_templateparser.php(3144): Smarty_Internal_TemplateCompilerBase->trigger_template_error()
#1 /Users/Erlkonig/Documents/Workspace/ArenaofGenelogy/library/smarty/sysplugins/smarty_internal_templateparser.php(3209): Smarty_Internal_Templateparser->yy_syntax_error(40, '/')
#2 /Users/Erlkonig/Documents/Workspace/ArenaofGenelogy/library/smarty/sysplugins/smarty_internal_smartytemplatecompiler.php(105): Smarty_Internal_Templateparser->doParse(40, '/')
#3 /Users/Erlkonig/Documents/Workspace/ArenaofGenelogy/library/smarty/sysplugins/smarty_internal_templatecompilerbase.php(200): Smarty_Internal_SmartyTemplateCompiler->doCompile('<div>?    you l...')
#4 /Users/Erlkonig/Documents/Workspace/ArenaofGenelogy/library/smarty/sysplugins/smarty_internal_template.php(187): Smarty_Internal_TemplateCompilerBase->compileTemplate(Object(Smarty_Internal_Template))
#5 /Users/Erlkonig/Documents/Workspace/ArenaofGenelogy/library/smarty/sysplugins/smarty_internal_templatebase.php(155): Smarty_Internal_Template->compileTemplateSource()
#6 /Users/Erlkonig/Documents/Workspace/ArenaofGenelogy/library/smarty/sysplugins/smarty_internal_template.php(286): Smarty_Internal_TemplateBase->fetch(NULL, NULL, NULL, NULL, false, false, true)
#7 /Users/Erlkonig/Documents/Workspace/ArenaofGenelogy/cache/templates_c/a5c888975c825c95adb094a5fafc36386bb80188.file.userlist.tpl.php(33): Smarty_Internal_Template->getSubTemplate('/Users/Erlkonig...', NULL, NULL, NULL, NULL, Array, 0)
#8 /Users/Erlkonig/Documents/Workspace/ArenaofGenelogy/library/smarty/sysplugins/smarty_internal_templatebase.php(180): content_51e989f1f00d96_97957038(Object(Smarty_Internal_Template))
#9 /Users/Erlkonig/Documents/Workspace/ArenaofGenelogy/library/smarty/Zend_View_Smarty.php(184): Smarty_Internal_TemplateBase->fetch('admin/userlist....')
#10 /Users/Erlkonig/Documents/Workspace/ArenaOfGenelogy/library/Zend/Controller/Action/Helper/ViewRenderer.php(901): Zend_View_Smarty->render('admin/userlist....')
#11 /Users/Erlkonig/Documents/Workspace/ArenaOfGenelogy/library/Zend/Controller/Action/Helper/ViewRenderer.php(922): Zend_Controller_Action_Helper_ViewRenderer->renderScript('admin/userlist....', NULL)
#12 /Users/Erlkonig/Documents/Workspace/ArenaOfGenelogy/library/Zend/Controller/Action/Helper/ViewRenderer.php(961): Zend_Controller_Action_Helper_ViewRenderer->render()
#13 /Users/Erlkonig/Documents/Workspace/ArenaOfGenelogy/library/Zend/Controller/Action/HelperBroker.php(277): Zend_Controller_Action_Helper_ViewRenderer->postDispatch()
#14 /Users/Erlkonig/Documents/Workspace/ArenaOfGenelogy/library/Zend/Controller/Action.php(527): Zend_Controller_Action_HelperBroker->notifyPostDispatch()
#15 /Users/Erlkonig/Documents/Workspace/ArenaOfGenelogy/library/Zend/Controller/Dispatcher/Standard.php(295): Zend_Controller_Action->dispatch('userlistAction')
#16 /Users/Erlkonig/Documents/Workspace/ArenaOfGenelogy/library/Zend/Controller/Front.php(954): Zend_Controller_Dispatcher_Standard->dispatch(Object(Zend_Controller_Request_Http), Object(Zend_Controller_Response_Http))
#17 /Users/Erlkonig/Documents/Workspace/ArenaOfGenelogy/index.php(62): Zend_Controller_Front->dispatch()
#18 {main}
2013-07-20T05:19:27+09:00 ALERT (1): exception 'Zend_Controller_Action_Exception' with message 'Action "luserlist" does not exist and was not trapped in __call()' in /Users/Erlkonig/Documents/Workspace/ArenaOfGenelogy/library/Zend/Controller/Action.php:485
Stack trace:
#0 /Users/Erlkonig/Documents/Workspace/ArenaOfGenelogy/library/Zend/Controller/Action.php(518): Zend_Controller_Action->__call('luserlistAction', Array)
#1 /Users/Erlkonig/Documents/Workspace/ArenaOfGenelogy/library/Zend/Controller/Dispatcher/Standard.php(295): Zend_Controller_Action->dispatch('luserlistAction')
#2 /Users/Erlkonig/Documents/Workspace/ArenaOfGenelogy/library/Zend/Controller/Front.php(954): Zend_Controller_Dispatcher_Standard->dispatch(Object(Zend_Controller_Request_Http), Object(Zend_Controller_Response_Http))
#3 /Users/Erlkonig/Documents/Workspace/ArenaOfGenelogy/index.php(62): Zend_Controller_Front->dispatch()
#4 {main}
2013-07-20T05:34:14+09:00 ALERT (1): exception 'Zend_Controller_Action_Exception' with message 'Method "displayError" does not exist and was not trapped in __call()' in /Users/Erlkonig/Documents/Workspace/ArenaOfGenelogy/library/Zend/Controller/Action.php:488
Stack trace:
#0 /Users/Erlkonig/Documents/Workspace/ArenaofGenelogy/application/controllers/AdminController.php(78): Zend_Controller_Action->__call('displayError', Array)
#1 /Users/Erlkonig/Documents/Workspace/ArenaofGenelogy/application/controllers/AdminController.php(78): AdminController->displayError(Object(Zend_Controller_Action_Exception))
#2 /Users/Erlkonig/Documents/Workspace/ArenaOfGenelogy/library/Zend/Controller/Action.php(516): AdminController->authAction()
#3 /Users/Erlkonig/Documents/Workspace/ArenaOfGenelogy/library/Zend/Controller/Dispatcher/Standard.php(295): Zend_Controller_Action->dispatch('authAction')
#4 /Users/Erlkonig/Documents/Workspace/ArenaOfGenelogy/library/Zend/Controller/Front.php(954): Zend_Controller_Dispatcher_Standard->dispatch(Object(Zend_Controller_Request_Http), Object(Zend_Controller_Response_Http))
#5 /Users/Erlkonig/Documents/Workspace/ArenaOfGenelogy/index.php(62): Zend_Controller_Front->dispatch()
#6 {main}
2013-07-20T05:36:33+09:00 ALERT (1): exception 'Zend_Controller_Action_Exception' with message 'Method "displayError" does not exist and was not trapped in __call()' in /Users/Erlkonig/Documents/Workspace/ArenaOfGenelogy/library/Zend/Controller/Action.php:488
Stack trace:
#0 /Users/Erlkonig/Documents/Workspace/ArenaofGenelogy/application/controllers/AdminController.php(80): Zend_Controller_Action->__call('displayError', Array)
#1 /Users/Erlkonig/Documents/Workspace/ArenaofGenelogy/application/controllers/AdminController.php(80): AdminController->displayError(Object(Zend_Controller_Action_Exception))
#2 /Users/Erlkonig/Documents/Workspace/ArenaOfGenelogy/library/Zend/Controller/Action.php(516): AdminController->authAction()
#3 /Users/Erlkonig/Documents/Workspace/ArenaOfGenelogy/library/Zend/Controller/Dispatcher/Standard.php(295): Zend_Controller_Action->dispatch('authAction')
#4 /Users/Erlkonig/Documents/Workspace/ArenaOfGenelogy/library/Zend/Controller/Front.php(954): Zend_Controller_Dispatcher_Standard->dispatch(Object(Zend_Controller_Request_Http), Object(Zend_Controller_Response_Http))
#5 /Users/Erlkonig/Documents/Workspace/ArenaOfGenelogy/index.php(62): Zend_Controller_Front->dispatch()
#6 {main}
2013-07-20T05:37:47+09:00 ALERT (1): exception 'Zend_Controller_Action_Exception' with message 'Method "displayError" does not exist and was not trapped in __call()' in /Users/Erlkonig/Documents/Workspace/ArenaOfGenelogy/library/Zend/Controller/Action.php:488
Stack trace:
#0 /Users/Erlkonig/Documents/Workspace/ArenaofGenelogy/application/controllers/AdminController.php(81): Zend_Controller_Action->__call('displayError', Array)
#1 /Users/Erlkonig/Documents/Workspace/ArenaofGenelogy/application/controllers/AdminController.php(81): AdminController->displayError(Object(Zend_Controller_Action_Exception))
#2 /Users/Erlkonig/Documents/Workspace/ArenaOfGenelogy/library/Zend/Controller/Action.php(516): AdminController->authAction()
#3 /Users/Erlkonig/Documents/Workspace/ArenaOfGenelogy/library/Zend/Controller/Dispatcher/Standard.php(295): Zend_Controller_Action->dispatch('authAction')
#4 /Users/Erlkonig/Documents/Workspace/ArenaOfGenelogy/library/Zend/Controller/Front.php(954): Zend_Controller_Dispatcher_Standard->dispatch(Object(Zend_Controller_Request_Http), Object(Zend_Controller_Response_Http))
#5 /Users/Erlkonig/Documents/Workspace/ArenaOfGenelogy/index.php(62): Zend_Controller_Front->dispatch()
#6 {main}
