2013-08-30T15:09:57+09:00 ALERT (1): exception 'Zend_Controller_Dispatcher_Exception' with message 'Invalid controller specified (themes)' in /Users/Erlkonig/Documents/Workspace/ArenaOfGenelogy/library/Zend/Controller/Dispatcher/Standard.php:248
Stack trace:
#0 /Users/Erlkonig/Documents/Workspace/ArenaOfGenelogy/library/Zend/Controller/Front.php(954): Zend_Controller_Dispatcher_Standard->dispatch(Object(Zend_Controller_Request_Http), Object(Zend_Controller_Response_Http))
#1 /Users/Erlkonig/Documents/Workspace/ArenaOfGenelogy/index.php(62): Zend_Controller_Front->dispatch()
#2 {main}
2013-08-30T15:10:05+09:00 ALERT (1): exception 'Zend_Controller_Dispatcher_Exception' with message 'Invalid controller specified (themes)' in /Users/Erlkonig/Documents/Workspace/ArenaOfGenelogy/library/Zend/Controller/Dispatcher/Standard.php:248
Stack trace:
#0 /Users/Erlkonig/Documents/Workspace/ArenaOfGenelogy/library/Zend/Controller/Front.php(954): Zend_Controller_Dispatcher_Standard->dispatch(Object(Zend_Controller_Request_Http), Object(Zend_Controller_Response_Http))
#1 /Users/Erlkonig/Documents/Workspace/ArenaOfGenelogy/index.php(62): Zend_Controller_Front->dispatch()
#2 {main}
2013-08-30T15:11:23+09:00 ALERT (1): exception 'Zend_Controller_Dispatcher_Exception' with message 'Invalid controller specified (themes)' in /Users/Erlkonig/Documents/Workspace/ArenaOfGenelogy/library/Zend/Controller/Dispatcher/Standard.php:248
Stack trace:
#0 /Users/Erlkonig/Documents/Workspace/ArenaOfGenelogy/library/Zend/Controller/Front.php(954): Zend_Controller_Dispatcher_Standard->dispatch(Object(Zend_Controller_Request_Http), Object(Zend_Controller_Response_Http))
#1 /Users/Erlkonig/Documents/Workspace/ArenaOfGenelogy/index.php(62): Zend_Controller_Front->dispatch()
#2 {main}
2013-08-30T15:11:36+09:00 ALERT (1): exception 'Zend_Controller_Dispatcher_Exception' with message 'Invalid controller specified (themes)' in /Users/Erlkonig/Documents/Workspace/ArenaOfGenelogy/library/Zend/Controller/Dispatcher/Standard.php:248
Stack trace:
#0 /Users/Erlkonig/Documents/Workspace/ArenaOfGenelogy/library/Zend/Controller/Front.php(954): Zend_Controller_Dispatcher_Standard->dispatch(Object(Zend_Controller_Request_Http), Object(Zend_Controller_Response_Http))
#1 /Users/Erlkonig/Documents/Workspace/ArenaOfGenelogy/index.php(62): Zend_Controller_Front->dispatch()
#2 {main}
2013-08-30T22:11:30+09:00 ALERT (1): exception 'Zend_Controller_Dispatcher_Exception' with message 'Invalid controller specified (themes)' in /Users/Erlkonig/Documents/Workspace/ArenaOfGenelogy/library/Zend/Controller/Dispatcher/Standard.php:248
Stack trace:
#0 /Users/Erlkonig/Documents/Workspace/ArenaOfGenelogy/library/Zend/Controller/Front.php(954): Zend_Controller_Dispatcher_Standard->dispatch(Object(Zend_Controller_Request_Http), Object(Zend_Controller_Response_Http))
#1 /Users/Erlkonig/Documents/Workspace/ArenaOfGenelogy/index.php(62): Zend_Controller_Front->dispatch()
#2 {main}
