2013-04-26T09:19:50+09:00 ALERT (1): exception 'SmartyCompilerException' with message 'Syntax Error in template &quot;D:\workspaces\ArenaofGenelogy\application\views\index\index.tpl&quot;  on line 2 &quot;{!--{include file=$header.'header.tpl' title='Main Page'}&quot;  - Unexpected &quot;--&quot;' in D:\workspaces\ArenaOfGenelogy\library\Smarty\sysplugins\smarty_internal_templatecompilerbase.php:665
Stack trace:
#0 D:\workspaces\ArenaOfGenelogy\library\Smarty\sysplugins\smarty_internal_templateparser.php(3144): Smarty_Internal_TemplateCompilerBase->trigger_template_error()
#1 D:\workspaces\ArenaOfGenelogy\library\Smarty\sysplugins\smarty_internal_templateparser.php(3209): Smarty_Internal_Templateparser->yy_syntax_error(25, '--')
#2 D:\workspaces\ArenaOfGenelogy\library\Smarty\sysplugins\smarty_internal_smartytemplatecompiler.php(105): Smarty_Internal_Templateparser->doParse(25, '--')
#3 D:\workspaces\ArenaOfGenelogy\library\Smarty\sysplugins\smarty_internal_templatecompilerbase.php(200): Smarty_Internal_SmartyTemplateCompiler->doCompile('{$header|@var_d...')
#4 D:\workspaces\ArenaOfGenelogy\library\Smarty\sysplugins\smarty_internal_template.php(187): Smarty_Internal_TemplateCompilerBase->compileTemplate(Object(Smarty_Internal_Template))
#5 D:\workspaces\ArenaOfGenelogy\library\Smarty\sysplugins\smarty_internal_templatebase.php(164): Smarty_Internal_Template->compileTemplateSource()
#6 D:\workspaces\ArenaOfGenelogy\library\Smarty\Zend_View_Smarty.php(184): Smarty_Internal_TemplateBase->fetch('index/index.tpl')
#7 D:\workspaces\ArenaOfGenelogy\library\Zend\Controller\Action\Helper\ViewRenderer.php(901): Zend_View_Smarty->render('index/index.tpl')
#8 D:\workspaces\ArenaOfGenelogy\library\Zend\Controller\Action\Helper\ViewRenderer.php(922): Zend_Controller_Action_Helper_ViewRenderer->renderScript('index/index.tpl', NULL)
#9 D:\workspaces\ArenaOfGenelogy\library\Zend\Controller\Action\Helper\ViewRenderer.php(961): Zend_Controller_Action_Helper_ViewRenderer->render()
#10 D:\workspaces\ArenaOfGenelogy\library\Zend\Controller\Action\HelperBroker.php(277): Zend_Controller_Action_Helper_ViewRenderer->postDispatch()
#11 D:\workspaces\ArenaOfGenelogy\library\Zend\Controller\Action.php(527): Zend_Controller_Action_HelperBroker->notifyPostDispatch()
#12 D:\workspaces\ArenaOfGenelogy\library\Zend\Controller\Dispatcher\Standard.php(295): Zend_Controller_Action->dispatch('indexAction')
#13 D:\workspaces\ArenaOfGenelogy\library\Zend\Controller\Front.php(954): Zend_Controller_Dispatcher_Standard->dispatch(Object(Zend_Controller_Request_Http), Object(Zend_Controller_Response_Http))
#14 D:\workspaces\ArenaOfGenelogy\index.php(62): Zend_Controller_Front->dispatch()
#15 {main}
2013-04-26T09:29:45+09:00 ALERT (1): exception 'SmartyCompilerException' with message 'Syntax Error in template &quot;D:\workspaces\ArenaofGenelogy\application\views\index\index.tpl&quot;  on line 2 &quot;{!--{include file=$header.'header.tpl' title='Main Page'}&quot;  - Unexpected &quot;--&quot;' in D:\workspaces\ArenaOfGenelogy\library\Smarty\sysplugins\smarty_internal_templatecompilerbase.php:665
Stack trace:
#0 D:\workspaces\ArenaOfGenelogy\library\Smarty\sysplugins\smarty_internal_templateparser.php(3144): Smarty_Internal_TemplateCompilerBase->trigger_template_error()
#1 D:\workspaces\ArenaOfGenelogy\library\Smarty\sysplugins\smarty_internal_templateparser.php(3209): Smarty_Internal_Templateparser->yy_syntax_error(25, '--')
#2 D:\workspaces\ArenaOfGenelogy\library\Smarty\sysplugins\smarty_internal_smartytemplatecompiler.php(105): Smarty_Internal_Templateparser->doParse(25, '--')
#3 D:\workspaces\ArenaOfGenelogy\library\Smarty\sysplugins\smarty_internal_templatecompilerbase.php(200): Smarty_Internal_SmartyTemplateCompiler->doCompile('{$header|var_du...')
#4 D:\workspaces\ArenaOfGenelogy\library\Smarty\sysplugins\smarty_internal_template.php(187): Smarty_Internal_TemplateCompilerBase->compileTemplate(Object(Smarty_Internal_Template))
#5 D:\workspaces\ArenaOfGenelogy\library\Smarty\sysplugins\smarty_internal_templatebase.php(164): Smarty_Internal_Template->compileTemplateSource()
#6 D:\workspaces\ArenaOfGenelogy\library\Smarty\Zend_View_Smarty.php(184): Smarty_Internal_TemplateBase->fetch('index/index.tpl')
#7 D:\workspaces\ArenaOfGenelogy\library\Zend\Controller\Action\Helper\ViewRenderer.php(901): Zend_View_Smarty->render('index/index.tpl')
#8 D:\workspaces\ArenaOfGenelogy\library\Zend\Controller\Action\Helper\ViewRenderer.php(922): Zend_Controller_Action_Helper_ViewRenderer->renderScript('index/index.tpl', NULL)
#9 D:\workspaces\ArenaOfGenelogy\library\Zend\Controller\Action\Helper\ViewRenderer.php(961): Zend_Controller_Action_Helper_ViewRenderer->render()
#10 D:\workspaces\ArenaOfGenelogy\library\Zend\Controller\Action\HelperBroker.php(277): Zend_Controller_Action_Helper_ViewRenderer->postDispatch()
#11 D:\workspaces\ArenaOfGenelogy\library\Zend\Controller\Action.php(527): Zend_Controller_Action_HelperBroker->notifyPostDispatch()
#12 D:\workspaces\ArenaOfGenelogy\library\Zend\Controller\Dispatcher\Standard.php(295): Zend_Controller_Action->dispatch('indexAction')
#13 D:\workspaces\ArenaOfGenelogy\library\Zend\Controller\Front.php(954): Zend_Controller_Dispatcher_Standard->dispatch(Object(Zend_Controller_Request_Http), Object(Zend_Controller_Response_Http))
#14 D:\workspaces\ArenaOfGenelogy\index.php(62): Zend_Controller_Front->dispatch()
#15 {main}
2013-04-26T09:29:46+09:00 ALERT (1): exception 'SmartyCompilerException' with message 'Syntax Error in template &quot;D:\workspaces\ArenaofGenelogy\application\views\index\index.tpl&quot;  on line 2 &quot;{!--{include file=$header.'header.tpl' title='Main Page'}&quot;  - Unexpected &quot;--&quot;' in D:\workspaces\ArenaOfGenelogy\library\Smarty\sysplugins\smarty_internal_templatecompilerbase.php:665
Stack trace:
#0 D:\workspaces\ArenaOfGenelogy\library\Smarty\sysplugins\smarty_internal_templateparser.php(3144): Smarty_Internal_TemplateCompilerBase->trigger_template_error()
#1 D:\workspaces\ArenaOfGenelogy\library\Smarty\sysplugins\smarty_internal_templateparser.php(3209): Smarty_Internal_Templateparser->yy_syntax_error(25, '--')
#2 D:\workspaces\ArenaOfGenelogy\library\Smarty\sysplugins\smarty_internal_smartytemplatecompiler.php(105): Smarty_Internal_Templateparser->doParse(25, '--')
#3 D:\workspaces\ArenaOfGenelogy\library\Smarty\sysplugins\smarty_internal_templatecompilerbase.php(200): Smarty_Internal_SmartyTemplateCompiler->doCompile('{$header|var_du...')
#4 D:\workspaces\ArenaOfGenelogy\library\Smarty\sysplugins\smarty_internal_template.php(187): Smarty_Internal_TemplateCompilerBase->compileTemplate(Object(Smarty_Internal_Template))
#5 D:\workspaces\ArenaOfGenelogy\library\Smarty\sysplugins\smarty_internal_templatebase.php(164): Smarty_Internal_Template->compileTemplateSource()
#6 D:\workspaces\ArenaOfGenelogy\library\Smarty\Zend_View_Smarty.php(184): Smarty_Internal_TemplateBase->fetch('index/index.tpl')
#7 D:\workspaces\ArenaOfGenelogy\library\Zend\Controller\Action\Helper\ViewRenderer.php(901): Zend_View_Smarty->render('index/index.tpl')
#8 D:\workspaces\ArenaOfGenelogy\library\Zend\Controller\Action\Helper\ViewRenderer.php(922): Zend_Controller_Action_Helper_ViewRenderer->renderScript('index/index.tpl', NULL)
#9 D:\workspaces\ArenaOfGenelogy\library\Zend\Controller\Action\Helper\ViewRenderer.php(961): Zend_Controller_Action_Helper_ViewRenderer->render()
#10 D:\workspaces\ArenaOfGenelogy\library\Zend\Controller\Action\HelperBroker.php(277): Zend_Controller_Action_Helper_ViewRenderer->postDispatch()
#11 D:\workspaces\ArenaOfGenelogy\library\Zend\Controller\Action.php(527): Zend_Controller_Action_HelperBroker->notifyPostDispatch()
#12 D:\workspaces\ArenaOfGenelogy\library\Zend\Controller\Dispatcher\Standard.php(295): Zend_Controller_Action->dispatch('indexAction')
#13 D:\workspaces\ArenaOfGenelogy\library\Zend\Controller\Front.php(954): Zend_Controller_Dispatcher_Standard->dispatch(Object(Zend_Controller_Request_Http), Object(Zend_Controller_Response_Http))
#14 D:\workspaces\ArenaOfGenelogy\index.php(62): Zend_Controller_Front->dispatch()
#15 {main}
2013-04-26T09:29:47+09:00 ALERT (1): exception 'SmartyCompilerException' with message 'Syntax Error in template &quot;D:\workspaces\ArenaofGenelogy\application\views\index\index.tpl&quot;  on line 2 &quot;{!--{include file=$header.'header.tpl' title='Main Page'}&quot;  - Unexpected &quot;--&quot;' in D:\workspaces\ArenaOfGenelogy\library\Smarty\sysplugins\smarty_internal_templatecompilerbase.php:665
Stack trace:
#0 D:\workspaces\ArenaOfGenelogy\library\Smarty\sysplugins\smarty_internal_templateparser.php(3144): Smarty_Internal_TemplateCompilerBase->trigger_template_error()
#1 D:\workspaces\ArenaOfGenelogy\library\Smarty\sysplugins\smarty_internal_templateparser.php(3209): Smarty_Internal_Templateparser->yy_syntax_error(25, '--')
#2 D:\workspaces\ArenaOfGenelogy\library\Smarty\sysplugins\smarty_internal_smartytemplatecompiler.php(105): Smarty_Internal_Templateparser->doParse(25, '--')
#3 D:\workspaces\ArenaOfGenelogy\library\Smarty\sysplugins\smarty_internal_templatecompilerbase.php(200): Smarty_Internal_SmartyTemplateCompiler->doCompile('{$header|var_du...')
#4 D:\workspaces\ArenaOfGenelogy\library\Smarty\sysplugins\smarty_internal_template.php(187): Smarty_Internal_TemplateCompilerBase->compileTemplate(Object(Smarty_Internal_Template))
#5 D:\workspaces\ArenaOfGenelogy\library\Smarty\sysplugins\smarty_internal_templatebase.php(164): Smarty_Internal_Template->compileTemplateSource()
#6 D:\workspaces\ArenaOfGenelogy\library\Smarty\Zend_View_Smarty.php(184): Smarty_Internal_TemplateBase->fetch('index/index.tpl')
#7 D:\workspaces\ArenaOfGenelogy\library\Zend\Controller\Action\Helper\ViewRenderer.php(901): Zend_View_Smarty->render('index/index.tpl')
#8 D:\workspaces\ArenaOfGenelogy\library\Zend\Controller\Action\Helper\ViewRenderer.php(922): Zend_Controller_Action_Helper_ViewRenderer->renderScript('index/index.tpl', NULL)
#9 D:\workspaces\ArenaOfGenelogy\library\Zend\Controller\Action\Helper\ViewRenderer.php(961): Zend_Controller_Action_Helper_ViewRenderer->render()
#10 D:\workspaces\ArenaOfGenelogy\library\Zend\Controller\Action\HelperBroker.php(277): Zend_Controller_Action_Helper_ViewRenderer->postDispatch()
#11 D:\workspaces\ArenaOfGenelogy\library\Zend\Controller\Action.php(527): Zend_Controller_Action_HelperBroker->notifyPostDispatch()
#12 D:\workspaces\ArenaOfGenelogy\library\Zend\Controller\Dispatcher\Standard.php(295): Zend_Controller_Action->dispatch('indexAction')
#13 D:\workspaces\ArenaOfGenelogy\library\Zend\Controller\Front.php(954): Zend_Controller_Dispatcher_Standard->dispatch(Object(Zend_Controller_Request_Http), Object(Zend_Controller_Response_Http))
#14 D:\workspaces\ArenaOfGenelogy\index.php(62): Zend_Controller_Front->dispatch()
#15 {main}
2013-04-26T09:29:48+09:00 ALERT (1): exception 'SmartyCompilerException' with message 'Syntax Error in template &quot;D:\workspaces\ArenaofGenelogy\application\views\index\index.tpl&quot;  on line 2 &quot;{!--{include file=$header.'header.tpl' title='Main Page'}&quot;  - Unexpected &quot;--&quot;' in D:\workspaces\ArenaOfGenelogy\library\Smarty\sysplugins\smarty_internal_templatecompilerbase.php:665
Stack trace:
#0 D:\workspaces\ArenaOfGenelogy\library\Smarty\sysplugins\smarty_internal_templateparser.php(3144): Smarty_Internal_TemplateCompilerBase->trigger_template_error()
#1 D:\workspaces\ArenaOfGenelogy\library\Smarty\sysplugins\smarty_internal_templateparser.php(3209): Smarty_Internal_Templateparser->yy_syntax_error(25, '--')
#2 D:\workspaces\ArenaOfGenelogy\library\Smarty\sysplugins\smarty_internal_smartytemplatecompiler.php(105): Smarty_Internal_Templateparser->doParse(25, '--')
#3 D:\workspaces\ArenaOfGenelogy\library\Smarty\sysplugins\smarty_internal_templatecompilerbase.php(200): Smarty_Internal_SmartyTemplateCompiler->doCompile('{$header|var_du...')
#4 D:\workspaces\ArenaOfGenelogy\library\Smarty\sysplugins\smarty_internal_template.php(187): Smarty_Internal_TemplateCompilerBase->compileTemplate(Object(Smarty_Internal_Template))
#5 D:\workspaces\ArenaOfGenelogy\library\Smarty\sysplugins\smarty_internal_templatebase.php(164): Smarty_Internal_Template->compileTemplateSource()
#6 D:\workspaces\ArenaOfGenelogy\library\Smarty\Zend_View_Smarty.php(184): Smarty_Internal_TemplateBase->fetch('index/index.tpl')
#7 D:\workspaces\ArenaOfGenelogy\library\Zend\Controller\Action\Helper\ViewRenderer.php(901): Zend_View_Smarty->render('index/index.tpl')
#8 D:\workspaces\ArenaOfGenelogy\library\Zend\Controller\Action\Helper\ViewRenderer.php(922): Zend_Controller_Action_Helper_ViewRenderer->renderScript('index/index.tpl', NULL)
#9 D:\workspaces\ArenaOfGenelogy\library\Zend\Controller\Action\Helper\ViewRenderer.php(961): Zend_Controller_Action_Helper_ViewRenderer->render()
#10 D:\workspaces\ArenaOfGenelogy\library\Zend\Controller\Action\HelperBroker.php(277): Zend_Controller_Action_Helper_ViewRenderer->postDispatch()
#11 D:\workspaces\ArenaOfGenelogy\library\Zend\Controller\Action.php(527): Zend_Controller_Action_HelperBroker->notifyPostDispatch()
#12 D:\workspaces\ArenaOfGenelogy\library\Zend\Controller\Dispatcher\Standard.php(295): Zend_Controller_Action->dispatch('indexAction')
#13 D:\workspaces\ArenaOfGenelogy\library\Zend\Controller\Front.php(954): Zend_Controller_Dispatcher_Standard->dispatch(Object(Zend_Controller_Request_Http), Object(Zend_Controller_Response_Http))
#14 D:\workspaces\ArenaOfGenelogy\index.php(62): Zend_Controller_Front->dispatch()
#15 {main}
2013-04-26T09:32:37+09:00 ALERT (1): exception 'SmartyCompilerException' with message 'Syntax Error in template &quot;D:\workspaces\ArenaofGenelogy\application\views\index\index.tpl&quot;  on line 2 &quot;{!--{include file=$header.'header.tpl' title='Main Page'}&quot;  - Unexpected &quot;--&quot;' in D:\workspaces\ArenaOfGenelogy\library\Smarty\sysplugins\smarty_internal_templatecompilerbase.php:665
Stack trace:
#0 D:\workspaces\ArenaOfGenelogy\library\Smarty\sysplugins\smarty_internal_templateparser.php(3144): Smarty_Internal_TemplateCompilerBase->trigger_template_error()
#1 D:\workspaces\ArenaOfGenelogy\library\Smarty\sysplugins\smarty_internal_templateparser.php(3209): Smarty_Internal_Templateparser->yy_syntax_error(25, '--')
#2 D:\workspaces\ArenaOfGenelogy\library\Smarty\sysplugins\smarty_internal_smartytemplatecompiler.php(105): Smarty_Internal_Templateparser->doParse(25, '--')
#3 D:\workspaces\ArenaOfGenelogy\library\Smarty\sysplugins\smarty_internal_templatecompilerbase.php(200): Smarty_Internal_SmartyTemplateCompiler->doCompile('{$header|var_du...')
#4 D:\workspaces\ArenaOfGenelogy\library\Smarty\sysplugins\smarty_internal_template.php(187): Smarty_Internal_TemplateCompilerBase->compileTemplate(Object(Smarty_Internal_Template))
#5 D:\workspaces\ArenaOfGenelogy\library\Smarty\sysplugins\smarty_internal_templatebase.php(164): Smarty_Internal_Template->compileTemplateSource()
#6 D:\workspaces\ArenaOfGenelogy\library\Smarty\Zend_View_Smarty.php(184): Smarty_Internal_TemplateBase->fetch('index/index.tpl')
#7 D:\workspaces\ArenaOfGenelogy\library\Zend\Controller\Action\Helper\ViewRenderer.php(901): Zend_View_Smarty->render('index/index.tpl')
#8 D:\workspaces\ArenaOfGenelogy\library\Zend\Controller\Action\Helper\ViewRenderer.php(922): Zend_Controller_Action_Helper_ViewRenderer->renderScript('index/index.tpl', NULL)
#9 D:\workspaces\ArenaOfGenelogy\library\Zend\Controller\Action\Helper\ViewRenderer.php(961): Zend_Controller_Action_Helper_ViewRenderer->render()
#10 D:\workspaces\ArenaOfGenelogy\library\Zend\Controller\Action\HelperBroker.php(277): Zend_Controller_Action_Helper_ViewRenderer->postDispatch()
#11 D:\workspaces\ArenaOfGenelogy\library\Zend\Controller\Action.php(527): Zend_Controller_Action_HelperBroker->notifyPostDispatch()
#12 D:\workspaces\ArenaOfGenelogy\library\Zend\Controller\Dispatcher\Standard.php(295): Zend_Controller_Action->dispatch('indexAction')
#13 D:\workspaces\ArenaOfGenelogy\library\Zend\Controller\Front.php(954): Zend_Controller_Dispatcher_Standard->dispatch(Object(Zend_Controller_Request_Http), Object(Zend_Controller_Response_Http))
#14 D:\workspaces\ArenaOfGenelogy\index.php(62): Zend_Controller_Front->dispatch()
#15 {main}
2013-04-26T09:32:38+09:00 ALERT (1): exception 'SmartyCompilerException' with message 'Syntax Error in template &quot;D:\workspaces\ArenaofGenelogy\application\views\index\index.tpl&quot;  on line 2 &quot;{!--{include file=$header.'header.tpl' title='Main Page'}&quot;  - Unexpected &quot;--&quot;' in D:\workspaces\ArenaOfGenelogy\library\Smarty\sysplugins\smarty_internal_templatecompilerbase.php:665
Stack trace:
#0 D:\workspaces\ArenaOfGenelogy\library\Smarty\sysplugins\smarty_internal_templateparser.php(3144): Smarty_Internal_TemplateCompilerBase->trigger_template_error()
#1 D:\workspaces\ArenaOfGenelogy\library\Smarty\sysplugins\smarty_internal_templateparser.php(3209): Smarty_Internal_Templateparser->yy_syntax_error(25, '--')
#2 D:\workspaces\ArenaOfGenelogy\library\Smarty\sysplugins\smarty_internal_smartytemplatecompiler.php(105): Smarty_Internal_Templateparser->doParse(25, '--')
#3 D:\workspaces\ArenaOfGenelogy\library\Smarty\sysplugins\smarty_internal_templatecompilerbase.php(200): Smarty_Internal_SmartyTemplateCompiler->doCompile('{$header|var_du...')
#4 D:\workspaces\ArenaOfGenelogy\library\Smarty\sysplugins\smarty_internal_template.php(187): Smarty_Internal_TemplateCompilerBase->compileTemplate(Object(Smarty_Internal_Template))
#5 D:\workspaces\ArenaOfGenelogy\library\Smarty\sysplugins\smarty_internal_templatebase.php(164): Smarty_Internal_Template->compileTemplateSource()
#6 D:\workspaces\ArenaOfGenelogy\library\Smarty\Zend_View_Smarty.php(184): Smarty_Internal_TemplateBase->fetch('index/index.tpl')
#7 D:\workspaces\ArenaOfGenelogy\library\Zend\Controller\Action\Helper\ViewRenderer.php(901): Zend_View_Smarty->render('index/index.tpl')
#8 D:\workspaces\ArenaOfGenelogy\library\Zend\Controller\Action\Helper\ViewRenderer.php(922): Zend_Controller_Action_Helper_ViewRenderer->renderScript('index/index.tpl', NULL)
#9 D:\workspaces\ArenaOfGenelogy\library\Zend\Controller\Action\Helper\ViewRenderer.php(961): Zend_Controller_Action_Helper_ViewRenderer->render()
#10 D:\workspaces\ArenaOfGenelogy\library\Zend\Controller\Action\HelperBroker.php(277): Zend_Controller_Action_Helper_ViewRenderer->postDispatch()
#11 D:\workspaces\ArenaOfGenelogy\library\Zend\Controller\Action.php(527): Zend_Controller_Action_HelperBroker->notifyPostDispatch()
#12 D:\workspaces\ArenaOfGenelogy\library\Zend\Controller\Dispatcher\Standard.php(295): Zend_Controller_Action->dispatch('indexAction')
#13 D:\workspaces\ArenaOfGenelogy\library\Zend\Controller\Front.php(954): Zend_Controller_Dispatcher_Standard->dispatch(Object(Zend_Controller_Request_Http), Object(Zend_Controller_Response_Http))
#14 D:\workspaces\ArenaOfGenelogy\index.php(62): Zend_Controller_Front->dispatch()
#15 {main}
2013-04-26T09:32:48+09:00 ALERT (1): exception 'SmartyCompilerException' with message 'Syntax Error in template &quot;D:\workspaces\ArenaofGenelogy\application\views\index\index.tpl&quot;  on line 2 &quot;{!--{include file=$header.'header.tpl' title='Main Page'}&quot;  - Unexpected &quot;--&quot;' in D:\workspaces\ArenaOfGenelogy\library\Smarty\sysplugins\smarty_internal_templatecompilerbase.php:665
Stack trace:
#0 D:\workspaces\ArenaOfGenelogy\library\Smarty\sysplugins\smarty_internal_templateparser.php(3144): Smarty_Internal_TemplateCompilerBase->trigger_template_error()
#1 D:\workspaces\ArenaOfGenelogy\library\Smarty\sysplugins\smarty_internal_templateparser.php(3209): Smarty_Internal_Templateparser->yy_syntax_error(25, '--')
#2 D:\workspaces\ArenaOfGenelogy\library\Smarty\sysplugins\smarty_internal_smartytemplatecompiler.php(105): Smarty_Internal_Templateparser->doParse(25, '--')
#3 D:\workspaces\ArenaOfGenelogy\library\Smarty\sysplugins\smarty_internal_templatecompilerbase.php(200): Smarty_Internal_SmartyTemplateCompiler->doCompile('{$header|var_du...')
#4 D:\workspaces\ArenaOfGenelogy\library\Smarty\sysplugins\smarty_internal_template.php(187): Smarty_Internal_TemplateCompilerBase->compileTemplate(Object(Smarty_Internal_Template))
#5 D:\workspaces\ArenaOfGenelogy\library\Smarty\sysplugins\smarty_internal_templatebase.php(164): Smarty_Internal_Template->compileTemplateSource()
#6 D:\workspaces\ArenaOfGenelogy\library\Smarty\Zend_View_Smarty.php(184): Smarty_Internal_TemplateBase->fetch('index/index.tpl')
#7 D:\workspaces\ArenaOfGenelogy\library\Zend\Controller\Action\Helper\ViewRenderer.php(901): Zend_View_Smarty->render('index/index.tpl')
#8 D:\workspaces\ArenaOfGenelogy\library\Zend\Controller\Action\Helper\ViewRenderer.php(922): Zend_Controller_Action_Helper_ViewRenderer->renderScript('index/index.tpl', NULL)
#9 D:\workspaces\ArenaOfGenelogy\library\Zend\Controller\Action\Helper\ViewRenderer.php(961): Zend_Controller_Action_Helper_ViewRenderer->render()
#10 D:\workspaces\ArenaOfGenelogy\library\Zend\Controller\Action\HelperBroker.php(277): Zend_Controller_Action_Helper_ViewRenderer->postDispatch()
#11 D:\workspaces\ArenaOfGenelogy\library\Zend\Controller\Action.php(527): Zend_Controller_Action_HelperBroker->notifyPostDispatch()
#12 D:\workspaces\ArenaOfGenelogy\library\Zend\Controller\Dispatcher\Standard.php(295): Zend_Controller_Action->dispatch('indexAction')
#13 D:\workspaces\ArenaOfGenelogy\library\Zend\Controller\Front.php(954): Zend_Controller_Dispatcher_Standard->dispatch(Object(Zend_Controller_Request_Http), Object(Zend_Controller_Response_Http))
#14 D:\workspaces\ArenaOfGenelogy\index.php(62): Zend_Controller_Front->dispatch()
#15 {main}
2013-04-26T09:32:49+09:00 ALERT (1): exception 'SmartyCompilerException' with message 'Syntax Error in template &quot;D:\workspaces\ArenaofGenelogy\application\views\index\index.tpl&quot;  on line 2 &quot;{!--{include file=$header.'header.tpl' title='Main Page'}&quot;  - Unexpected &quot;--&quot;' in D:\workspaces\ArenaOfGenelogy\library\Smarty\sysplugins\smarty_internal_templatecompilerbase.php:665
Stack trace:
#0 D:\workspaces\ArenaOfGenelogy\library\Smarty\sysplugins\smarty_internal_templateparser.php(3144): Smarty_Internal_TemplateCompilerBase->trigger_template_error()
#1 D:\workspaces\ArenaOfGenelogy\library\Smarty\sysplugins\smarty_internal_templateparser.php(3209): Smarty_Internal_Templateparser->yy_syntax_error(25, '--')
#2 D:\workspaces\ArenaOfGenelogy\library\Smarty\sysplugins\smarty_internal_smartytemplatecompiler.php(105): Smarty_Internal_Templateparser->doParse(25, '--')
#3 D:\workspaces\ArenaOfGenelogy\library\Smarty\sysplugins\smarty_internal_templatecompilerbase.php(200): Smarty_Internal_SmartyTemplateCompiler->doCompile('{$header|var_du...')
#4 D:\workspaces\ArenaOfGenelogy\library\Smarty\sysplugins\smarty_internal_template.php(187): Smarty_Internal_TemplateCompilerBase->compileTemplate(Object(Smarty_Internal_Template))
#5 D:\workspaces\ArenaOfGenelogy\library\Smarty\sysplugins\smarty_internal_templatebase.php(164): Smarty_Internal_Template->compileTemplateSource()
#6 D:\workspaces\ArenaOfGenelogy\library\Smarty\Zend_View_Smarty.php(184): Smarty_Internal_TemplateBase->fetch('index/index.tpl')
#7 D:\workspaces\ArenaOfGenelogy\library\Zend\Controller\Action\Helper\ViewRenderer.php(901): Zend_View_Smarty->render('index/index.tpl')
#8 D:\workspaces\ArenaOfGenelogy\library\Zend\Controller\Action\Helper\ViewRenderer.php(922): Zend_Controller_Action_Helper_ViewRenderer->renderScript('index/index.tpl', NULL)
#9 D:\workspaces\ArenaOfGenelogy\library\Zend\Controller\Action\Helper\ViewRenderer.php(961): Zend_Controller_Action_Helper_ViewRenderer->render()
#10 D:\workspaces\ArenaOfGenelogy\library\Zend\Controller\Action\HelperBroker.php(277): Zend_Controller_Action_Helper_ViewRenderer->postDispatch()
#11 D:\workspaces\ArenaOfGenelogy\library\Zend\Controller\Action.php(527): Zend_Controller_Action_HelperBroker->notifyPostDispatch()
#12 D:\workspaces\ArenaOfGenelogy\library\Zend\Controller\Dispatcher\Standard.php(295): Zend_Controller_Action->dispatch('indexAction')
#13 D:\workspaces\ArenaOfGenelogy\library\Zend\Controller\Front.php(954): Zend_Controller_Dispatcher_Standard->dispatch(Object(Zend_Controller_Request_Http), Object(Zend_Controller_Response_Http))
#14 D:\workspaces\ArenaOfGenelogy\index.php(62): Zend_Controller_Front->dispatch()
#15 {main}
2013-04-26T09:33:07+09:00 ALERT (1): exception 'SmartyCompilerException' with message 'Syntax Error in template &quot;D:\workspaces\ArenaofGenelogy\application\views\index\index.tpl&quot;  on line 2 &quot;{!--{include file=$header.'header.tpl' title='Main Page'}&quot;  - Unexpected &quot;--&quot;' in D:\workspaces\ArenaOfGenelogy\library\Smarty\sysplugins\smarty_internal_templatecompilerbase.php:665
Stack trace:
#0 D:\workspaces\ArenaOfGenelogy\library\Smarty\sysplugins\smarty_internal_templateparser.php(3144): Smarty_Internal_TemplateCompilerBase->trigger_template_error()
#1 D:\workspaces\ArenaOfGenelogy\library\Smarty\sysplugins\smarty_internal_templateparser.php(3209): Smarty_Internal_Templateparser->yy_syntax_error(25, '--')
#2 D:\workspaces\ArenaOfGenelogy\library\Smarty\sysplugins\smarty_internal_smartytemplatecompiler.php(105): Smarty_Internal_Templateparser->doParse(25, '--')
#3 D:\workspaces\ArenaOfGenelogy\library\Smarty\sysplugins\smarty_internal_templatecompilerbase.php(200): Smarty_Internal_SmartyTemplateCompiler->doCompile('{$header|@var_d...')
#4 D:\workspaces\ArenaOfGenelogy\library\Smarty\sysplugins\smarty_internal_template.php(187): Smarty_Internal_TemplateCompilerBase->compileTemplate(Object(Smarty_Internal_Template))
#5 D:\workspaces\ArenaOfGenelogy\library\Smarty\sysplugins\smarty_internal_templatebase.php(164): Smarty_Internal_Template->compileTemplateSource()
#6 D:\workspaces\ArenaOfGenelogy\library\Smarty\Zend_View_Smarty.php(184): Smarty_Internal_TemplateBase->fetch('index/index.tpl')
#7 D:\workspaces\ArenaOfGenelogy\library\Zend\Controller\Action\Helper\ViewRenderer.php(901): Zend_View_Smarty->render('index/index.tpl')
#8 D:\workspaces\ArenaOfGenelogy\library\Zend\Controller\Action\Helper\ViewRenderer.php(922): Zend_Controller_Action_Helper_ViewRenderer->renderScript('index/index.tpl', NULL)
#9 D:\workspaces\ArenaOfGenelogy\library\Zend\Controller\Action\Helper\ViewRenderer.php(961): Zend_Controller_Action_Helper_ViewRenderer->render()
#10 D:\workspaces\ArenaOfGenelogy\library\Zend\Controller\Action\HelperBroker.php(277): Zend_Controller_Action_Helper_ViewRenderer->postDispatch()
#11 D:\workspaces\ArenaOfGenelogy\library\Zend\Controller\Action.php(527): Zend_Controller_Action_HelperBroker->notifyPostDispatch()
#12 D:\workspaces\ArenaOfGenelogy\library\Zend\Controller\Dispatcher\Standard.php(295): Zend_Controller_Action->dispatch('indexAction')
#13 D:\workspaces\ArenaOfGenelogy\library\Zend\Controller\Front.php(954): Zend_Controller_Dispatcher_Standard->dispatch(Object(Zend_Controller_Request_Http), Object(Zend_Controller_Response_Http))
#14 D:\workspaces\ArenaOfGenelogy\index.php(62): Zend_Controller_Front->dispatch()
#15 {main}
2013-04-26T09:33:08+09:00 ALERT (1): exception 'SmartyCompilerException' with message 'Syntax Error in template &quot;D:\workspaces\ArenaofGenelogy\application\views\index\index.tpl&quot;  on line 2 &quot;{!--{include file=$header.'header.tpl' title='Main Page'}&quot;  - Unexpected &quot;--&quot;' in D:\workspaces\ArenaOfGenelogy\library\Smarty\sysplugins\smarty_internal_templatecompilerbase.php:665
Stack trace:
#0 D:\workspaces\ArenaOfGenelogy\library\Smarty\sysplugins\smarty_internal_templateparser.php(3144): Smarty_Internal_TemplateCompilerBase->trigger_template_error()
#1 D:\workspaces\ArenaOfGenelogy\library\Smarty\sysplugins\smarty_internal_templateparser.php(3209): Smarty_Internal_Templateparser->yy_syntax_error(25, '--')
#2 D:\workspaces\ArenaOfGenelogy\library\Smarty\sysplugins\smarty_internal_smartytemplatecompiler.php(105): Smarty_Internal_Templateparser->doParse(25, '--')
#3 D:\workspaces\ArenaOfGenelogy\library\Smarty\sysplugins\smarty_internal_templatecompilerbase.php(200): Smarty_Internal_SmartyTemplateCompiler->doCompile('{$header|@var_d...')
#4 D:\workspaces\ArenaOfGenelogy\library\Smarty\sysplugins\smarty_internal_template.php(187): Smarty_Internal_TemplateCompilerBase->compileTemplate(Object(Smarty_Internal_Template))
#5 D:\workspaces\ArenaOfGenelogy\library\Smarty\sysplugins\smarty_internal_templatebase.php(164): Smarty_Internal_Template->compileTemplateSource()
#6 D:\workspaces\ArenaOfGenelogy\library\Smarty\Zend_View_Smarty.php(184): Smarty_Internal_TemplateBase->fetch('index/index.tpl')
#7 D:\workspaces\ArenaOfGenelogy\library\Zend\Controller\Action\Helper\ViewRenderer.php(901): Zend_View_Smarty->render('index/index.tpl')
#8 D:\workspaces\ArenaOfGenelogy\library\Zend\Controller\Action\Helper\ViewRenderer.php(922): Zend_Controller_Action_Helper_ViewRenderer->renderScript('index/index.tpl', NULL)
#9 D:\workspaces\ArenaOfGenelogy\library\Zend\Controller\Action\Helper\ViewRenderer.php(961): Zend_Controller_Action_Helper_ViewRenderer->render()
#10 D:\workspaces\ArenaOfGenelogy\library\Zend\Controller\Action\HelperBroker.php(277): Zend_Controller_Action_Helper_ViewRenderer->postDispatch()
#11 D:\workspaces\ArenaOfGenelogy\library\Zend\Controller\Action.php(527): Zend_Controller_Action_HelperBroker->notifyPostDispatch()
#12 D:\workspaces\ArenaOfGenelogy\library\Zend\Controller\Dispatcher\Standard.php(295): Zend_Controller_Action->dispatch('indexAction')
#13 D:\workspaces\ArenaOfGenelogy\library\Zend\Controller\Front.php(954): Zend_Controller_Dispatcher_Standard->dispatch(Object(Zend_Controller_Request_Http), Object(Zend_Controller_Response_Http))
#14 D:\workspaces\ArenaOfGenelogy\index.php(62): Zend_Controller_Front->dispatch()
#15 {main}
2013-04-26T09:33:09+09:00 ALERT (1): exception 'SmartyCompilerException' with message 'Syntax Error in template &quot;D:\workspaces\ArenaofGenelogy\application\views\index\index.tpl&quot;  on line 2 &quot;{!--{include file=$header.'header.tpl' title='Main Page'}&quot;  - Unexpected &quot;--&quot;' in D:\workspaces\ArenaOfGenelogy\library\Smarty\sysplugins\smarty_internal_templatecompilerbase.php:665
Stack trace:
#0 D:\workspaces\ArenaOfGenelogy\library\Smarty\sysplugins\smarty_internal_templateparser.php(3144): Smarty_Internal_TemplateCompilerBase->trigger_template_error()
#1 D:\workspaces\ArenaOfGenelogy\library\Smarty\sysplugins\smarty_internal_templateparser.php(3209): Smarty_Internal_Templateparser->yy_syntax_error(25, '--')
#2 D:\workspaces\ArenaOfGenelogy\library\Smarty\sysplugins\smarty_internal_smartytemplatecompiler.php(105): Smarty_Internal_Templateparser->doParse(25, '--')
#3 D:\workspaces\ArenaOfGenelogy\library\Smarty\sysplugins\smarty_internal_templatecompilerbase.php(200): Smarty_Internal_SmartyTemplateCompiler->doCompile('{$header|@var_d...')
#4 D:\workspaces\ArenaOfGenelogy\library\Smarty\sysplugins\smarty_internal_template.php(187): Smarty_Internal_TemplateCompilerBase->compileTemplate(Object(Smarty_Internal_Template))
#5 D:\workspaces\ArenaOfGenelogy\library\Smarty\sysplugins\smarty_internal_templatebase.php(164): Smarty_Internal_Template->compileTemplateSource()
#6 D:\workspaces\ArenaOfGenelogy\library\Smarty\Zend_View_Smarty.php(184): Smarty_Internal_TemplateBase->fetch('index/index.tpl')
#7 D:\workspaces\ArenaOfGenelogy\library\Zend\Controller\Action\Helper\ViewRenderer.php(901): Zend_View_Smarty->render('index/index.tpl')
#8 D:\workspaces\ArenaOfGenelogy\library\Zend\Controller\Action\Helper\ViewRenderer.php(922): Zend_Controller_Action_Helper_ViewRenderer->renderScript('index/index.tpl', NULL)
#9 D:\workspaces\ArenaOfGenelogy\library\Zend\Controller\Action\Helper\ViewRenderer.php(961): Zend_Controller_Action_Helper_ViewRenderer->render()
#10 D:\workspaces\ArenaOfGenelogy\library\Zend\Controller\Action\HelperBroker.php(277): Zend_Controller_Action_Helper_ViewRenderer->postDispatch()
#11 D:\workspaces\ArenaOfGenelogy\library\Zend\Controller\Action.php(527): Zend_Controller_Action_HelperBroker->notifyPostDispatch()
#12 D:\workspaces\ArenaOfGenelogy\library\Zend\Controller\Dispatcher\Standard.php(295): Zend_Controller_Action->dispatch('indexAction')
#13 D:\workspaces\ArenaOfGenelogy\library\Zend\Controller\Front.php(954): Zend_Controller_Dispatcher_Standard->dispatch(Object(Zend_Controller_Request_Http), Object(Zend_Controller_Response_Http))
#14 D:\workspaces\ArenaOfGenelogy\index.php(62): Zend_Controller_Front->dispatch()
#15 {main}
2013-04-26T09:35:19+09:00 ALERT (1): exception 'SmartyCompilerException' with message 'Syntax Error in template &quot;D:\workspaces\ArenaofGenelogy\application\views\index\index.tpl&quot;  on line 2 &quot;{!--{include file=$header.'header.tpl' title='Main Page'}&quot;  - Unexpected &quot;--&quot;' in D:\workspaces\ArenaOfGenelogy\library\Smarty\sysplugins\smarty_internal_templatecompilerbase.php:665
Stack trace:
#0 D:\workspaces\ArenaOfGenelogy\library\Smarty\sysplugins\smarty_internal_templateparser.php(3144): Smarty_Internal_TemplateCompilerBase->trigger_template_error()
#1 D:\workspaces\ArenaOfGenelogy\library\Smarty\sysplugins\smarty_internal_templateparser.php(3209): Smarty_Internal_Templateparser->yy_syntax_error(25, '--')
#2 D:\workspaces\ArenaOfGenelogy\library\Smarty\sysplugins\smarty_internal_smartytemplatecompiler.php(105): Smarty_Internal_Templateparser->doParse(25, '--')
#3 D:\workspaces\ArenaOfGenelogy\library\Smarty\sysplugins\smarty_internal_templatecompilerbase.php(200): Smarty_Internal_SmartyTemplateCompiler->doCompile('??{!--{include ...')
#4 D:\workspaces\ArenaOfGenelogy\library\Smarty\sysplugins\smarty_internal_template.php(187): Smarty_Internal_TemplateCompilerBase->compileTemplate(Object(Smarty_Internal_Template))
#5 D:\workspaces\ArenaOfGenelogy\library\Smarty\sysplugins\smarty_internal_templatebase.php(164): Smarty_Internal_Template->compileTemplateSource()
#6 D:\workspaces\ArenaOfGenelogy\library\Smarty\Zend_View_Smarty.php(184): Smarty_Internal_TemplateBase->fetch('index/index.tpl')
#7 D:\workspaces\ArenaOfGenelogy\library\Zend\Controller\Action\Helper\ViewRenderer.php(901): Zend_View_Smarty->render('index/index.tpl')
#8 D:\workspaces\ArenaOfGenelogy\library\Zend\Controller\Action\Helper\ViewRenderer.php(922): Zend_Controller_Action_Helper_ViewRenderer->renderScript('index/index.tpl', NULL)
#9 D:\workspaces\ArenaOfGenelogy\library\Zend\Controller\Action\Helper\ViewRenderer.php(961): Zend_Controller_Action_Helper_ViewRenderer->render()
#10 D:\workspaces\ArenaOfGenelogy\library\Zend\Controller\Action\HelperBroker.php(277): Zend_Controller_Action_Helper_ViewRenderer->postDispatch()
#11 D:\workspaces\ArenaOfGenelogy\library\Zend\Controller\Action.php(527): Zend_Controller_Action_HelperBroker->notifyPostDispatch()
#12 D:\workspaces\ArenaOfGenelogy\library\Zend\Controller\Dispatcher\Standard.php(295): Zend_Controller_Action->dispatch('indexAction')
#13 D:\workspaces\ArenaOfGenelogy\library\Zend\Controller\Front.php(954): Zend_Controller_Dispatcher_Standard->dispatch(Object(Zend_Controller_Request_Http), Object(Zend_Controller_Response_Http))
#14 D:\workspaces\ArenaOfGenelogy\index.php(62): Zend_Controller_Front->dispatch()
#15 {main}
2013-04-26T09:35:20+09:00 ALERT (1): exception 'SmartyCompilerException' with message 'Syntax Error in template &quot;D:\workspaces\ArenaofGenelogy\application\views\index\index.tpl&quot;  on line 2 &quot;{!--{include file=$header.'header.tpl' title='Main Page'}&quot;  - Unexpected &quot;--&quot;' in D:\workspaces\ArenaOfGenelogy\library\Smarty\sysplugins\smarty_internal_templatecompilerbase.php:665
Stack trace:
#0 D:\workspaces\ArenaOfGenelogy\library\Smarty\sysplugins\smarty_internal_templateparser.php(3144): Smarty_Internal_TemplateCompilerBase->trigger_template_error()
#1 D:\workspaces\ArenaOfGenelogy\library\Smarty\sysplugins\smarty_internal_templateparser.php(3209): Smarty_Internal_Templateparser->yy_syntax_error(25, '--')
#2 D:\workspaces\ArenaOfGenelogy\library\Smarty\sysplugins\smarty_internal_smartytemplatecompiler.php(105): Smarty_Internal_Templateparser->doParse(25, '--')
#3 D:\workspaces\ArenaOfGenelogy\library\Smarty\sysplugins\smarty_internal_templatecompilerbase.php(200): Smarty_Internal_SmartyTemplateCompiler->doCompile('??{!--{include ...')
#4 D:\workspaces\ArenaOfGenelogy\library\Smarty\sysplugins\smarty_internal_template.php(187): Smarty_Internal_TemplateCompilerBase->compileTemplate(Object(Smarty_Internal_Template))
#5 D:\workspaces\ArenaOfGenelogy\library\Smarty\sysplugins\smarty_internal_templatebase.php(164): Smarty_Internal_Template->compileTemplateSource()
#6 D:\workspaces\ArenaOfGenelogy\library\Smarty\Zend_View_Smarty.php(184): Smarty_Internal_TemplateBase->fetch('index/index.tpl')
#7 D:\workspaces\ArenaOfGenelogy\library\Zend\Controller\Action\Helper\ViewRenderer.php(901): Zend_View_Smarty->render('index/index.tpl')
#8 D:\workspaces\ArenaOfGenelogy\library\Zend\Controller\Action\Helper\ViewRenderer.php(922): Zend_Controller_Action_Helper_ViewRenderer->renderScript('index/index.tpl', NULL)
#9 D:\workspaces\ArenaOfGenelogy\library\Zend\Controller\Action\Helper\ViewRenderer.php(961): Zend_Controller_Action_Helper_ViewRenderer->render()
#10 D:\workspaces\ArenaOfGenelogy\library\Zend\Controller\Action\HelperBroker.php(277): Zend_Controller_Action_Helper_ViewRenderer->postDispatch()
#11 D:\workspaces\ArenaOfGenelogy\library\Zend\Controller\Action.php(527): Zend_Controller_Action_HelperBroker->notifyPostDispatch()
#12 D:\workspaces\ArenaOfGenelogy\library\Zend\Controller\Dispatcher\Standard.php(295): Zend_Controller_Action->dispatch('indexAction')
#13 D:\workspaces\ArenaOfGenelogy\library\Zend\Controller\Front.php(954): Zend_Controller_Dispatcher_Standard->dispatch(Object(Zend_Controller_Request_Http), Object(Zend_Controller_Response_Http))
#14 D:\workspaces\ArenaOfGenelogy\index.php(62): Zend_Controller_Front->dispatch()
#15 {main}
2013-04-26T09:36:07+09:00 ALERT (1): exception 'SmartyCompilerException' with message 'Syntax Error in template &quot;D:\workspaces\ArenaofGenelogy\application\views\index\index.tpl&quot;  on line 2 &quot;{include file=$header.'header.tpl' title='Main Page'}&quot;  - Unexpected &quot;'header.tpl'&quot;, expected one of: &quot;{&quot; , &quot;$&quot; , &quot;identifier&quot; , INTEGER' in D:\workspaces\ArenaOfGenelogy\library\Smarty\sysplugins\smarty_internal_templatecompilerbase.php:665
Stack trace:
#0 D:\workspaces\ArenaOfGenelogy\library\Smarty\sysplugins\smarty_internal_templateparser.php(3144): Smarty_Internal_TemplateCompilerBase->trigger_template_error()
#1 D:\workspaces\ArenaOfGenelogy\library\Smarty\sysplugins\smarty_internal_templateparser.php(3209): Smarty_Internal_Templateparser->yy_syntax_error(60, ''header.tpl'')
#2 D:\workspaces\ArenaOfGenelogy\library\Smarty\sysplugins\smarty_internal_smartytemplatecompiler.php(105): Smarty_Internal_Templateparser->doParse(60, ''header.tpl'')
#3 D:\workspaces\ArenaOfGenelogy\library\Smarty\sysplugins\smarty_internal_templatecompilerbase.php(200): Smarty_Internal_SmartyTemplateCompiler->doCompile('{$header|@var_d...')
#4 D:\workspaces\ArenaOfGenelogy\library\Smarty\sysplugins\smarty_internal_template.php(187): Smarty_Internal_TemplateCompilerBase->compileTemplate(Object(Smarty_Internal_Template))
#5 D:\workspaces\ArenaOfGenelogy\library\Smarty\sysplugins\smarty_internal_templatebase.php(164): Smarty_Internal_Template->compileTemplateSource()
#6 D:\workspaces\ArenaOfGenelogy\library\Smarty\Zend_View_Smarty.php(184): Smarty_Internal_TemplateBase->fetch('index/index.tpl')
#7 D:\workspaces\ArenaOfGenelogy\library\Zend\Controller\Action\Helper\ViewRenderer.php(901): Zend_View_Smarty->render('index/index.tpl')
#8 D:\workspaces\ArenaOfGenelogy\library\Zend\Controller\Action\Helper\ViewRenderer.php(922): Zend_Controller_Action_Helper_ViewRenderer->renderScript('index/index.tpl', NULL)
#9 D:\workspaces\ArenaOfGenelogy\library\Zend\Controller\Action\Helper\ViewRenderer.php(961): Zend_Controller_Action_Helper_ViewRenderer->render()
#10 D:\workspaces\ArenaOfGenelogy\library\Zend\Controller\Action\HelperBroker.php(277): Zend_Controller_Action_Helper_ViewRenderer->postDispatch()
#11 D:\workspaces\ArenaOfGenelogy\library\Zend\Controller\Action.php(527): Zend_Controller_Action_HelperBroker->notifyPostDispatch()
#12 D:\workspaces\ArenaOfGenelogy\library\Zend\Controller\Dispatcher\Standard.php(295): Zend_Controller_Action->dispatch('indexAction')
#13 D:\workspaces\ArenaOfGenelogy\library\Zend\Controller\Front.php(954): Zend_Controller_Dispatcher_Standard->dispatch(Object(Zend_Controller_Request_Http), Object(Zend_Controller_Response_Http))
#14 D:\workspaces\ArenaOfGenelogy\index.php(62): Zend_Controller_Front->dispatch()
#15 {main}
2013-04-26T09:37:18+09:00 ALERT (1): exception 'SmartyCompilerException' with message 'Syntax Error in template &quot;D:\workspaces\ArenaofGenelogy\application\views\index\index.tpl&quot;  on line 2 &quot;{include file=$header.'header.tpl' title='Main Page'}&quot;  - Unexpected &quot;'header.tpl'&quot;, expected one of: &quot;{&quot; , &quot;$&quot; , &quot;identifier&quot; , INTEGER' in D:\workspaces\ArenaOfGenelogy\library\Smarty\sysplugins\smarty_internal_templatecompilerbase.php:665
Stack trace:
#0 D:\workspaces\ArenaOfGenelogy\library\Smarty\sysplugins\smarty_internal_templateparser.php(3144): Smarty_Internal_TemplateCompilerBase->trigger_template_error()
#1 D:\workspaces\ArenaOfGenelogy\library\Smarty\sysplugins\smarty_internal_templateparser.php(3209): Smarty_Internal_Templateparser->yy_syntax_error(60, ''header.tpl'')
#2 D:\workspaces\ArenaOfGenelogy\library\Smarty\sysplugins\smarty_internal_smartytemplatecompiler.php(105): Smarty_Internal_Templateparser->doParse(60, ''header.tpl'')
#3 D:\workspaces\ArenaOfGenelogy\library\Smarty\sysplugins\smarty_internal_templatecompilerbase.php(200): Smarty_Internal_SmartyTemplateCompiler->doCompile('{$header|@var_d...')
#4 D:\workspaces\ArenaOfGenelogy\library\Smarty\sysplugins\smarty_internal_template.php(187): Smarty_Internal_TemplateCompilerBase->compileTemplate(Object(Smarty_Internal_Template))
#5 D:\workspaces\ArenaOfGenelogy\library\Smarty\sysplugins\smarty_internal_templatebase.php(164): Smarty_Internal_Template->compileTemplateSource()
#6 D:\workspaces\ArenaOfGenelogy\library\Smarty\Zend_View_Smarty.php(184): Smarty_Internal_TemplateBase->fetch('index/index.tpl')
#7 D:\workspaces\ArenaOfGenelogy\library\Zend\Controller\Action\Helper\ViewRenderer.php(901): Zend_View_Smarty->render('index/index.tpl')
#8 D:\workspaces\ArenaOfGenelogy\library\Zend\Controller\Action\Helper\ViewRenderer.php(922): Zend_Controller_Action_Helper_ViewRenderer->renderScript('index/index.tpl', NULL)
#9 D:\workspaces\ArenaOfGenelogy\library\Zend\Controller\Action\Helper\ViewRenderer.php(961): Zend_Controller_Action_Helper_ViewRenderer->render()
#10 D:\workspaces\ArenaOfGenelogy\library\Zend\Controller\Action\HelperBroker.php(277): Zend_Controller_Action_Helper_ViewRenderer->postDispatch()
#11 D:\workspaces\ArenaOfGenelogy\library\Zend\Controller\Action.php(527): Zend_Controller_Action_HelperBroker->notifyPostDispatch()
#12 D:\workspaces\ArenaOfGenelogy\library\Zend\Controller\Dispatcher\Standard.php(295): Zend_Controller_Action->dispatch('indexAction')
#13 D:\workspaces\ArenaOfGenelogy\library\Zend\Controller\Front.php(954): Zend_Controller_Dispatcher_Standard->dispatch(Object(Zend_Controller_Request_Http), Object(Zend_Controller_Response_Http))
#14 D:\workspaces\ArenaOfGenelogy\index.php(62): Zend_Controller_Front->dispatch()
#15 {main}
2013-04-26T10:07:35+09:00 ALERT (1): exception 'SmartyCompilerException' with message 'Syntax Error in template &quot;D:\workspaces\ArenaofGenelogy\application\views\index\index.tpl&quot;  on line 2 &quot;{include file=$header.'header.tpl' title='Main Page'}&quot;  - Unexpected &quot;'header.tpl'&quot;, expected one of: &quot;{&quot; , &quot;$&quot; , &quot;identifier&quot; , INTEGER' in D:\workspaces\ArenaOfGenelogy\library\Smarty\sysplugins\smarty_internal_templatecompilerbase.php:665
Stack trace:
#0 D:\workspaces\ArenaOfGenelogy\library\Smarty\sysplugins\smarty_internal_templateparser.php(3144): Smarty_Internal_TemplateCompilerBase->trigger_template_error()
#1 D:\workspaces\ArenaOfGenelogy\library\Smarty\sysplugins\smarty_internal_templateparser.php(3209): Smarty_Internal_Templateparser->yy_syntax_error(60, ''header.tpl'')
#2 D:\workspaces\ArenaOfGenelogy\library\Smarty\sysplugins\smarty_internal_smartytemplatecompiler.php(105): Smarty_Internal_Templateparser->doParse(60, ''header.tpl'')
#3 D:\workspaces\ArenaOfGenelogy\library\Smarty\sysplugins\smarty_internal_templatecompilerbase.php(200): Smarty_Internal_SmartyTemplateCompiler->doCompile('{$header|@var_d...')
#4 D:\workspaces\ArenaOfGenelogy\library\Smarty\sysplugins\smarty_internal_template.php(187): Smarty_Internal_TemplateCompilerBase->compileTemplate(Object(Smarty_Internal_Template))
#5 D:\workspaces\ArenaOfGenelogy\library\Smarty\sysplugins\smarty_internal_templatebase.php(164): Smarty_Internal_Template->compileTemplateSource()
#6 D:\workspaces\ArenaOfGenelogy\library\Smarty\Zend_View_Smarty.php(184): Smarty_Internal_TemplateBase->fetch('index/index.tpl')
#7 D:\workspaces\ArenaOfGenelogy\library\Zend\Controller\Action\Helper\ViewRenderer.php(901): Zend_View_Smarty->render('index/index.tpl')
#8 D:\workspaces\ArenaOfGenelogy\library\Zend\Controller\Action\Helper\ViewRenderer.php(922): Zend_Controller_Action_Helper_ViewRenderer->renderScript('index/index.tpl', NULL)
#9 D:\workspaces\ArenaOfGenelogy\library\Zend\Controller\Action\Helper\ViewRenderer.php(961): Zend_Controller_Action_Helper_ViewRenderer->render()
#10 D:\workspaces\ArenaOfGenelogy\library\Zend\Controller\Action\HelperBroker.php(277): Zend_Controller_Action_Helper_ViewRenderer->postDispatch()
#11 D:\workspaces\ArenaOfGenelogy\library\Zend\Controller\Action.php(527): Zend_Controller_Action_HelperBroker->notifyPostDispatch()
#12 D:\workspaces\ArenaOfGenelogy\library\Zend\Controller\Dispatcher\Standard.php(295): Zend_Controller_Action->dispatch('indexAction')
#13 D:\workspaces\ArenaOfGenelogy\library\Zend\Controller\Front.php(954): Zend_Controller_Dispatcher_Standard->dispatch(Object(Zend_Controller_Request_Http), Object(Zend_Controller_Response_Http))
#14 D:\workspaces\ArenaOfGenelogy\index.php(62): Zend_Controller_Front->dispatch()
#15 {main}
2013-04-26T10:08:20+09:00 ALERT (1): exception 'SmartyCompilerException' with message 'Syntax Error in template &quot;D:\workspaces\ArenaofGenelogy\application\views\index\index.tpl&quot;  on line 2 &quot;{include file=$header.'header.tpl' title='Main Page'}&quot;  - Unexpected &quot;'header.tpl'&quot;, expected one of: &quot;{&quot; , &quot;$&quot; , &quot;identifier&quot; , INTEGER' in D:\workspaces\ArenaOfGenelogy\library\Smarty\sysplugins\smarty_internal_templatecompilerbase.php:665
Stack trace:
#0 D:\workspaces\ArenaOfGenelogy\library\Smarty\sysplugins\smarty_internal_templateparser.php(3144): Smarty_Internal_TemplateCompilerBase->trigger_template_error()
#1 D:\workspaces\ArenaOfGenelogy\library\Smarty\sysplugins\smarty_internal_templateparser.php(3209): Smarty_Internal_Templateparser->yy_syntax_error(60, ''header.tpl'')
#2 D:\workspaces\ArenaOfGenelogy\library\Smarty\sysplugins\smarty_internal_smartytemplatecompiler.php(105): Smarty_Internal_Templateparser->doParse(60, ''header.tpl'')
#3 D:\workspaces\ArenaOfGenelogy\library\Smarty\sysplugins\smarty_internal_templatecompilerbase.php(200): Smarty_Internal_SmartyTemplateCompiler->doCompile('{$header|@var_d...')
#4 D:\workspaces\ArenaOfGenelogy\library\Smarty\sysplugins\smarty_internal_template.php(187): Smarty_Internal_TemplateCompilerBase->compileTemplate(Object(Smarty_Internal_Template))
#5 D:\workspaces\ArenaOfGenelogy\library\Smarty\sysplugins\smarty_internal_templatebase.php(164): Smarty_Internal_Template->compileTemplateSource()
#6 D:\workspaces\ArenaOfGenelogy\library\Smarty\Zend_View_Smarty.php(184): Smarty_Internal_TemplateBase->fetch('index/index.tpl')
#7 D:\workspaces\ArenaOfGenelogy\library\Zend\Controller\Action\Helper\ViewRenderer.php(901): Zend_View_Smarty->render('index/index.tpl')
#8 D:\workspaces\ArenaOfGenelogy\library\Zend\Controller\Action\Helper\ViewRenderer.php(922): Zend_Controller_Action_Helper_ViewRenderer->renderScript('index/index.tpl', NULL)
#9 D:\workspaces\ArenaOfGenelogy\library\Zend\Controller\Action\Helper\ViewRenderer.php(961): Zend_Controller_Action_Helper_ViewRenderer->render()
#10 D:\workspaces\ArenaOfGenelogy\library\Zend\Controller\Action\HelperBroker.php(277): Zend_Controller_Action_Helper_ViewRenderer->postDispatch()
#11 D:\workspaces\ArenaOfGenelogy\library\Zend\Controller\Action.php(527): Zend_Controller_Action_HelperBroker->notifyPostDispatch()
#12 D:\workspaces\ArenaOfGenelogy\library\Zend\Controller\Dispatcher\Standard.php(295): Zend_Controller_Action->dispatch('indexAction')
#13 D:\workspaces\ArenaOfGenelogy\library\Zend\Controller\Front.php(954): Zend_Controller_Dispatcher_Standard->dispatch(Object(Zend_Controller_Request_Http), Object(Zend_Controller_Response_Http))
#14 D:\workspaces\ArenaOfGenelogy\index.php(62): Zend_Controller_Front->dispatch()
#15 {main}
2013-04-26T10:13:35+09:00 ALERT (1): exception 'SmartyCompilerException' with message 'Syntax Error in template &quot;D:\workspaces\ArenaofGenelogy\application\views\index\index.tpl&quot;  on line 2 &quot;{include file=$header.'header.tpl' title='Main Page'}&quot;  - Unexpected &quot;'header.tpl'&quot;, expected one of: &quot;{&quot; , &quot;$&quot; , &quot;identifier&quot; , INTEGER' in D:\workspaces\ArenaOfGenelogy\library\Smarty\sysplugins\smarty_internal_templatecompilerbase.php:665
Stack trace:
#0 D:\workspaces\ArenaOfGenelogy\library\Smarty\sysplugins\smarty_internal_templateparser.php(3144): Smarty_Internal_TemplateCompilerBase->trigger_template_error()
#1 D:\workspaces\ArenaOfGenelogy\library\Smarty\sysplugins\smarty_internal_templateparser.php(3209): Smarty_Internal_Templateparser->yy_syntax_error(60, ''header.tpl'')
#2 D:\workspaces\ArenaOfGenelogy\library\Smarty\sysplugins\smarty_internal_smartytemplatecompiler.php(105): Smarty_Internal_Templateparser->doParse(60, ''header.tpl'')
#3 D:\workspaces\ArenaOfGenelogy\library\Smarty\sysplugins\smarty_internal_templatecompilerbase.php(200): Smarty_Internal_SmartyTemplateCompiler->doCompile('{$header|@var_d...')
#4 D:\workspaces\ArenaOfGenelogy\library\Smarty\sysplugins\smarty_internal_template.php(187): Smarty_Internal_TemplateCompilerBase->compileTemplate(Object(Smarty_Internal_Template))
#5 D:\workspaces\ArenaOfGenelogy\library\Smarty\sysplugins\smarty_internal_templatebase.php(164): Smarty_Internal_Template->compileTemplateSource()
#6 D:\workspaces\ArenaOfGenelogy\library\Smarty\Zend_View_Smarty.php(184): Smarty_Internal_TemplateBase->fetch('index/index.tpl')
#7 D:\workspaces\ArenaOfGenelogy\library\Zend\Controller\Action\Helper\ViewRenderer.php(901): Zend_View_Smarty->render('index/index.tpl')
#8 D:\workspaces\ArenaOfGenelogy\library\Zend\Controller\Action\Helper\ViewRenderer.php(922): Zend_Controller_Action_Helper_ViewRenderer->renderScript('index/index.tpl', NULL)
#9 D:\workspaces\ArenaOfGenelogy\library\Zend\Controller\Action\Helper\ViewRenderer.php(961): Zend_Controller_Action_Helper_ViewRenderer->render()
#10 D:\workspaces\ArenaOfGenelogy\library\Zend\Controller\Action\HelperBroker.php(277): Zend_Controller_Action_Helper_ViewRenderer->postDispatch()
#11 D:\workspaces\ArenaOfGenelogy\library\Zend\Controller\Action.php(527): Zend_Controller_Action_HelperBroker->notifyPostDispatch()
#12 D:\workspaces\ArenaOfGenelogy\library\Zend\Controller\Dispatcher\Standard.php(295): Zend_Controller_Action->dispatch('indexAction')
#13 D:\workspaces\ArenaOfGenelogy\library\Zend\Controller\Front.php(954): Zend_Controller_Dispatcher_Standard->dispatch(Object(Zend_Controller_Request_Http), Object(Zend_Controller_Response_Http))
#14 D:\workspaces\ArenaOfGenelogy\index.php(62): Zend_Controller_Front->dispatch()
#15 {main}
2013-04-26T10:13:45+09:00 ALERT (1): exception 'SmartyCompilerException' with message 'Syntax Error in template &quot;D:\workspaces\ArenaofGenelogy\application\views\index\index.tpl&quot;  on line 2 &quot;{include file=$header.'header.tpl' title='Main Page'}&quot;  - Unexpected &quot;'header.tpl'&quot;, expected one of: &quot;{&quot; , &quot;$&quot; , &quot;identifier&quot; , INTEGER' in D:\workspaces\ArenaOfGenelogy\library\Smarty\sysplugins\smarty_internal_templatecompilerbase.php:665
Stack trace:
#0 D:\workspaces\ArenaOfGenelogy\library\Smarty\sysplugins\smarty_internal_templateparser.php(3144): Smarty_Internal_TemplateCompilerBase->trigger_template_error()
#1 D:\workspaces\ArenaOfGenelogy\library\Smarty\sysplugins\smarty_internal_templateparser.php(3209): Smarty_Internal_Templateparser->yy_syntax_error(60, ''header.tpl'')
#2 D:\workspaces\ArenaOfGenelogy\library\Smarty\sysplugins\smarty_internal_smartytemplatecompiler.php(105): Smarty_Internal_Templateparser->doParse(60, ''header.tpl'')
#3 D:\workspaces\ArenaOfGenelogy\library\Smarty\sysplugins\smarty_internal_templatecompilerbase.php(200): Smarty_Internal_SmartyTemplateCompiler->doCompile('{$header|@var_d...')
#4 D:\workspaces\ArenaOfGenelogy\library\Smarty\sysplugins\smarty_internal_template.php(187): Smarty_Internal_TemplateCompilerBase->compileTemplate(Object(Smarty_Internal_Template))
#5 D:\workspaces\ArenaOfGenelogy\library\Smarty\sysplugins\smarty_internal_templatebase.php(164): Smarty_Internal_Template->compileTemplateSource()
#6 D:\workspaces\ArenaOfGenelogy\library\Smarty\Zend_View_Smarty.php(184): Smarty_Internal_TemplateBase->fetch('index/index.tpl')
#7 D:\workspaces\ArenaOfGenelogy\library\Zend\Controller\Action\Helper\ViewRenderer.php(901): Zend_View_Smarty->render('index/index.tpl')
#8 D:\workspaces\ArenaOfGenelogy\library\Zend\Controller\Action\Helper\ViewRenderer.php(922): Zend_Controller_Action_Helper_ViewRenderer->renderScript('index/index.tpl', NULL)
#9 D:\workspaces\ArenaOfGenelogy\library\Zend\Controller\Action\Helper\ViewRenderer.php(961): Zend_Controller_Action_Helper_ViewRenderer->render()
#10 D:\workspaces\ArenaOfGenelogy\library\Zend\Controller\Action\HelperBroker.php(277): Zend_Controller_Action_Helper_ViewRenderer->postDispatch()
#11 D:\workspaces\ArenaOfGenelogy\library\Zend\Controller\Action.php(527): Zend_Controller_Action_HelperBroker->notifyPostDispatch()
#12 D:\workspaces\ArenaOfGenelogy\library\Zend\Controller\Dispatcher\Standard.php(295): Zend_Controller_Action->dispatch('indexAction')
#13 D:\workspaces\ArenaOfGenelogy\library\Zend\Controller\Front.php(954): Zend_Controller_Dispatcher_Standard->dispatch(Object(Zend_Controller_Request_Http), Object(Zend_Controller_Response_Http))
#14 D:\workspaces\ArenaOfGenelogy\index.php(62): Zend_Controller_Front->dispatch()
#15 {main}
2013-04-26T10:28:58+09:00 ALERT (1): exception 'Zend_Exception' with message 'No entry is registered for key 'global_acl'' in D:\workspaces\ArenaOfGenelogy\library\Zend\Registry.php:147
Stack trace:
#0 D:\workspaces\ArenaOfGenelogy\application\controllers\AdminController.php(26): Zend_Registry::get('global_acl')
#1 D:\workspaces\ArenaOfGenelogy\library\Zend\Controller\Action.php(516): AdminController->indexAction()
#2 D:\workspaces\ArenaOfGenelogy\library\Zend\Controller\Dispatcher\Standard.php(295): Zend_Controller_Action->dispatch('indexAction')
#3 D:\workspaces\ArenaOfGenelogy\library\Zend\Controller\Front.php(954): Zend_Controller_Dispatcher_Standard->dispatch(Object(Zend_Controller_Request_Http), Object(Zend_Controller_Response_Http))
#4 D:\workspaces\ArenaOfGenelogy\index.php(62): Zend_Controller_Front->dispatch()
#5 {main}
2013-04-26T10:37:20+09:00 ALERT (1): exception 'Zend_Exception' with message 'No entry is registered for key 'global_acl'' in D:\workspaces\ArenaOfGenelogy\library\Zend\Registry.php:147
Stack trace:
#0 D:\workspaces\ArenaOfGenelogy\application\controllers\AdminController.php(28): Zend_Registry::get('global_acl')
#1 D:\workspaces\ArenaOfGenelogy\library\Zend\Controller\Action.php(516): AdminController->indexAction()
#2 D:\workspaces\ArenaOfGenelogy\library\Zend\Controller\Dispatcher\Standard.php(295): Zend_Controller_Action->dispatch('indexAction')
#3 D:\workspaces\ArenaOfGenelogy\library\Zend\Controller\Front.php(954): Zend_Controller_Dispatcher_Standard->dispatch(Object(Zend_Controller_Request_Http), Object(Zend_Controller_Response_Http))
#4 D:\workspaces\ArenaOfGenelogy\index.php(62): Zend_Controller_Front->dispatch()
#5 {main}
2013-04-26T10:37:21+09:00 ALERT (1): exception 'Zend_Exception' with message 'No entry is registered for key 'global_acl'' in D:\workspaces\ArenaOfGenelogy\library\Zend\Registry.php:147
Stack trace:
#0 D:\workspaces\ArenaOfGenelogy\application\controllers\AdminController.php(28): Zend_Registry::get('global_acl')
#1 D:\workspaces\ArenaOfGenelogy\library\Zend\Controller\Action.php(516): AdminController->indexAction()
#2 D:\workspaces\ArenaOfGenelogy\library\Zend\Controller\Dispatcher\Standard.php(295): Zend_Controller_Action->dispatch('indexAction')
#3 D:\workspaces\ArenaOfGenelogy\library\Zend\Controller\Front.php(954): Zend_Controller_Dispatcher_Standard->dispatch(Object(Zend_Controller_Request_Http), Object(Zend_Controller_Response_Http))
#4 D:\workspaces\ArenaOfGenelogy\index.php(62): Zend_Controller_Front->dispatch()
#5 {main}
2013-04-26T10:37:31+09:00 ALERT (1): exception 'SmartyException' with message 'Missing template name' in D:\workspaces\ArenaOfGenelogy\library\Smarty\sysplugins\smarty_internal_template.php:634
Stack trace:
#0 D:\workspaces\ArenaOfGenelogy\library\Smarty\sysplugins\smarty_internal_templatebase.php(117): Smarty_Internal_Template->__get('source')
#1 D:\workspaces\ArenaOfGenelogy\library\Smarty\sysplugins\smarty_internal_template.php(286): Smarty_Internal_TemplateBase->fetch(NULL, NULL, NULL, NULL, false, false, true)
#2 D:\workspaces\ArenaOfGenelogy\cache\templates_c\e14ff771383473240c32c81b37f43ba1e6158985.file.login.tpl.php(27): Smarty_Internal_Template->getSubTemplate(NULL, NULL, NULL, NULL, NULL, Array, 0)
#3 D:\workspaces\ArenaOfGenelogy\library\Smarty\sysplugins\smarty_internal_templatebase.php(180): content_5179da5bd58511_50640619(Object(Smarty_Internal_Template))
#4 D:\workspaces\ArenaOfGenelogy\library\Smarty\Zend_View_Smarty.php(184): Smarty_Internal_TemplateBase->fetch('admin/login.tpl')
#5 D:\workspaces\ArenaOfGenelogy\library\Zend\Controller\Action\Helper\ViewRenderer.php(901): Zend_View_Smarty->render('admin/login.tpl')
#6 D:\workspaces\ArenaOfGenelogy\library\Zend\Controller\Action\Helper\ViewRenderer.php(922): Zend_Controller_Action_Helper_ViewRenderer->renderScript('admin/login.tpl', NULL)
#7 D:\workspaces\ArenaOfGenelogy\library\Zend\Controller\Action\Helper\ViewRenderer.php(961): Zend_Controller_Action_Helper_ViewRenderer->render()
#8 D:\workspaces\ArenaOfGenelogy\library\Zend\Controller\Action\HelperBroker.php(277): Zend_Controller_Action_Helper_ViewRenderer->postDispatch()
#9 D:\workspaces\ArenaOfGenelogy\library\Zend\Controller\Action.php(527): Zend_Controller_Action_HelperBroker->notifyPostDispatch()
#10 D:\workspaces\ArenaOfGenelogy\library\Zend\Controller\Dispatcher\Standard.php(295): Zend_Controller_Action->dispatch('loginAction')
#11 D:\workspaces\ArenaOfGenelogy\library\Zend\Controller\Front.php(954): Zend_Controller_Dispatcher_Standard->dispatch(Object(Zend_Controller_Request_Http), Object(Zend_Controller_Response_Http))
#12 D:\workspaces\ArenaOfGenelogy\index.php(62): Zend_Controller_Front->dispatch()
#13 {main}
2013-04-26T10:44:52+09:00 ALERT (1): exception 'Zend_Controller_Dispatcher_Exception' with message 'Invalid controller specified (admin.css)' in D:\workspaces\ArenaOfGenelogy\library\Zend\Controller\Dispatcher\Standard.php:248
Stack trace:
#0 D:\workspaces\ArenaOfGenelogy\library\Zend\Controller\Front.php(954): Zend_Controller_Dispatcher_Standard->dispatch(Object(Zend_Controller_Request_Http), Object(Zend_Controller_Response_Http))
#1 D:\workspaces\ArenaOfGenelogy\index.php(62): Zend_Controller_Front->dispatch()
#2 {main}
2013-04-26T10:46:24+09:00 ALERT (1): exception 'Zend_Controller_Dispatcher_Exception' with message 'Invalid controller specified (admin.css)' in D:\workspaces\ArenaOfGenelogy\library\Zend\Controller\Dispatcher\Standard.php:248
Stack trace:
#0 D:\workspaces\ArenaOfGenelogy\library\Zend\Controller\Front.php(954): Zend_Controller_Dispatcher_Standard->dispatch(Object(Zend_Controller_Request_Http), Object(Zend_Controller_Response_Http))
#1 D:\workspaces\ArenaOfGenelogy\index.php(62): Zend_Controller_Front->dispatch()
#2 {main}
2013-04-26T11:19:37+09:00 ALERT (1): exception 'SmartyException' with message 'Unable to load template file 'D:\workspaces\ArenaOfGenelogy\themes/themes/layout/header.tpl' in 'admin/login.tpl'' in D:\workspaces\ArenaOfGenelogy\library\Smarty\sysplugins\smarty_internal_templatebase.php:127
Stack trace:
#0 D:\workspaces\ArenaOfGenelogy\library\Smarty\sysplugins\smarty_internal_template.php(286): Smarty_Internal_TemplateBase->fetch(NULL, NULL, NULL, NULL, false, false, true)
#1 D:\workspaces\ArenaOfGenelogy\cache\templates_c\e14ff771383473240c32c81b37f43ba1e6158985.file.login.tpl.php(27): Smarty_Internal_Template->getSubTemplate('D:\workspaces\A...', NULL, NULL, NULL, NULL, Array, 0)
#2 D:\workspaces\ArenaOfGenelogy\library\Smarty\sysplugins\smarty_internal_templatebase.php(180): content_5179da5bd58511_50640619(Object(Smarty_Internal_Template))
#3 D:\workspaces\ArenaOfGenelogy\library\Smarty\Zend_View_Smarty.php(184): Smarty_Internal_TemplateBase->fetch('admin/login.tpl')
#4 D:\workspaces\ArenaOfGenelogy\library\Zend\Controller\Action\Helper\ViewRenderer.php(901): Zend_View_Smarty->render('admin/login.tpl')
#5 D:\workspaces\ArenaOfGenelogy\library\Zend\Controller\Action\Helper\ViewRenderer.php(922): Zend_Controller_Action_Helper_ViewRenderer->renderScript('admin/login.tpl', NULL)
#6 D:\workspaces\ArenaOfGenelogy\library\Zend\Controller\Action\Helper\ViewRenderer.php(961): Zend_Controller_Action_Helper_ViewRenderer->render()
#7 D:\workspaces\ArenaOfGenelogy\library\Zend\Controller\Action\HelperBroker.php(277): Zend_Controller_Action_Helper_ViewRenderer->postDispatch()
#8 D:\workspaces\ArenaOfGenelogy\library\Zend\Controller\Action.php(527): Zend_Controller_Action_HelperBroker->notifyPostDispatch()
#9 D:\workspaces\ArenaOfGenelogy\library\Zend\Controller\Dispatcher\Standard.php(295): Zend_Controller_Action->dispatch('loginAction')
#10 D:\workspaces\ArenaOfGenelogy\library\Zend\Controller\Front.php(954): Zend_Controller_Dispatcher_Standard->dispatch(Object(Zend_Controller_Request_Http), Object(Zend_Controller_Response_Http))
#11 D:\workspaces\ArenaOfGenelogy\index.php(62): Zend_Controller_Front->dispatch()
#12 {main}
2013-04-26T11:20:05+09:00 ALERT (1): exception 'SmartyException' with message 'Unable to load template file 'D:\workspaces\ArenaOfGenelogy\themes/themes/layout/header.tpl' in 'admin/login.tpl'' in D:\workspaces\ArenaOfGenelogy\library\Smarty\sysplugins\smarty_internal_templatebase.php:127
Stack trace:
#0 D:\workspaces\ArenaOfGenelogy\library\Smarty\sysplugins\smarty_internal_template.php(286): Smarty_Internal_TemplateBase->fetch(NULL, NULL, NULL, NULL, false, false, true)
#1 D:\workspaces\ArenaOfGenelogy\cache\templates_c\e14ff771383473240c32c81b37f43ba1e6158985.file.login.tpl.php(27): Smarty_Internal_Template->getSubTemplate('D:\workspaces\A...', NULL, NULL, NULL, NULL, Array, 0)
#2 D:\workspaces\ArenaOfGenelogy\library\Smarty\sysplugins\smarty_internal_templatebase.php(180): content_5179da5bd58511_50640619(Object(Smarty_Internal_Template))
#3 D:\workspaces\ArenaOfGenelogy\library\Smarty\Zend_View_Smarty.php(184): Smarty_Internal_TemplateBase->fetch('admin/login.tpl')
#4 D:\workspaces\ArenaOfGenelogy\library\Zend\Controller\Action\Helper\ViewRenderer.php(901): Zend_View_Smarty->render('admin/login.tpl')
#5 D:\workspaces\ArenaOfGenelogy\library\Zend\Controller\Action\Helper\ViewRenderer.php(922): Zend_Controller_Action_Helper_ViewRenderer->renderScript('admin/login.tpl', NULL)
#6 D:\workspaces\ArenaOfGenelogy\library\Zend\Controller\Action\Helper\ViewRenderer.php(961): Zend_Controller_Action_Helper_ViewRenderer->render()
#7 D:\workspaces\ArenaOfGenelogy\library\Zend\Controller\Action\HelperBroker.php(277): Zend_Controller_Action_Helper_ViewRenderer->postDispatch()
#8 D:\workspaces\ArenaOfGenelogy\library\Zend\Controller\Action.php(527): Zend_Controller_Action_HelperBroker->notifyPostDispatch()
#9 D:\workspaces\ArenaOfGenelogy\library\Zend\Controller\Dispatcher\Standard.php(295): Zend_Controller_Action->dispatch('loginAction')
#10 D:\workspaces\ArenaOfGenelogy\library\Zend\Controller\Front.php(954): Zend_Controller_Dispatcher_Standard->dispatch(Object(Zend_Controller_Request_Http), Object(Zend_Controller_Response_Http))
#11 D:\workspaces\ArenaOfGenelogy\index.php(62): Zend_Controller_Front->dispatch()
#12 {main}
2013-04-26T22:29:36+09:00 ALERT (1): exception 'SmartyException' with message 'Unable to load template file 'admin/auth.tpl'' in D:\workspaces\ArenaOfGenelogy\library\Smarty\sysplugins\smarty_internal_templatebase.php:127
Stack trace:
#0 D:\workspaces\ArenaOfGenelogy\library\Smarty\Zend_View_Smarty.php(184): Smarty_Internal_TemplateBase->fetch('admin/auth.tpl')
#1 D:\workspaces\ArenaOfGenelogy\library\Zend\Controller\Action\Helper\ViewRenderer.php(901): Zend_View_Smarty->render('admin/auth.tpl')
#2 D:\workspaces\ArenaOfGenelogy\library\Zend\Controller\Action\Helper\ViewRenderer.php(922): Zend_Controller_Action_Helper_ViewRenderer->renderScript('admin/auth.tpl', NULL)
#3 D:\workspaces\ArenaOfGenelogy\library\Zend\Controller\Action\Helper\ViewRenderer.php(961): Zend_Controller_Action_Helper_ViewRenderer->render()
#4 D:\workspaces\ArenaOfGenelogy\library\Zend\Controller\Action\HelperBroker.php(277): Zend_Controller_Action_Helper_ViewRenderer->postDispatch()
#5 D:\workspaces\ArenaOfGenelogy\library\Zend\Controller\Action.php(527): Zend_Controller_Action_HelperBroker->notifyPostDispatch()
#6 D:\workspaces\ArenaOfGenelogy\library\Zend\Controller\Dispatcher\Standard.php(295): Zend_Controller_Action->dispatch('authAction')
#7 D:\workspaces\ArenaOfGenelogy\library\Zend\Controller\Front.php(954): Zend_Controller_Dispatcher_Standard->dispatch(Object(Zend_Controller_Request_Http), Object(Zend_Controller_Response_Http))
#8 D:\workspaces\ArenaOfGenelogy\index.php(62): Zend_Controller_Front->dispatch()
#9 {main}
2013-04-26T23:44:14+09:00 ALERT (1): exception 'Zend_Exception' with message 'No entry is registered for key 'global_acl'' in D:\workspaces\ArenaOfGenelogy\library\Zend\Registry.php:147
Stack trace:
#0 D:\workspaces\ArenaOfGenelogy\application\controllers\AdminController.php(39): Zend_Registry::get('global_acl')
#1 D:\workspaces\ArenaOfGenelogy\library\Zend\Controller\Action.php(516): AdminController->indexAction()
#2 D:\workspaces\ArenaOfGenelogy\library\Zend\Controller\Dispatcher\Standard.php(295): Zend_Controller_Action->dispatch('indexAction')
#3 D:\workspaces\ArenaOfGenelogy\library\Zend\Controller\Front.php(954): Zend_Controller_Dispatcher_Standard->dispatch(Object(Zend_Controller_Request_Http), Object(Zend_Controller_Response_Http))
#4 D:\workspaces\ArenaOfGenelogy\index.php(62): Zend_Controller_Front->dispatch()
#5 {main}
2013-04-26T23:48:51+09:00 ALERT (1): exception 'Zend_Exception' with message 'No entry is registered for key 'global_acl'' in D:\workspaces\ArenaOfGenelogy\library\Zend\Registry.php:147
Stack trace:
#0 D:\workspaces\ArenaOfGenelogy\application\controllers\AdminController.php(39): Zend_Registry::get('global_acl')
#1 D:\workspaces\ArenaOfGenelogy\library\Zend\Controller\Action.php(516): AdminController->indexAction()
#2 D:\workspaces\ArenaOfGenelogy\library\Zend\Controller\Dispatcher\Standard.php(295): Zend_Controller_Action->dispatch('indexAction')
#3 D:\workspaces\ArenaOfGenelogy\library\Zend\Controller\Front.php(954): Zend_Controller_Dispatcher_Standard->dispatch(Object(Zend_Controller_Request_Http), Object(Zend_Controller_Response_Http))
#4 D:\workspaces\ArenaOfGenelogy\index.php(62): Zend_Controller_Front->dispatch()
#5 {main}
